
================================================================
======== txAdmin Starting - 5/9/2023, 9:03:26 AM                
================================================================

================================================================
======== Log Rotated - 5/9/2023, 9:03:26 AM                     
================================================================
[09:04:19] [Narchy] logged in via in-game ui
[09:36:35] [Narchy] logged in from via NUI iframe
[09:36:45] [Narchy] removedbc

================================================================
======== txAdmin Starting - 5/9/2023, 9:45:28 AM                
================================================================

================================================================
======== txAdmin Starting - 5/9/2023, 10:01:02 AM               
================================================================

================================================================
======== txAdmin Starting - 5/9/2023, 10:14:49 AM               
================================================================
[10:22:58] [PaulJoych] logged in from 176.237.0.176 via password
[10:23:07] [PaulJoych] RESTART SERVER

================================================================
======== txAdmin Starting - 5/9/2023, 3:39:55 PM                
================================================================

================================================================
======== txAdmin Starting - 5/9/2023, 4:40:58 PM                
================================================================
[17:17:13] [Alex] logged in from 182.253.183.10 via password
[17:17:20] [Alex] ensure zones
[17:17:21] [Alex] ensure zones
[17:17:24] [Alex] ensure zone
[17:17:29] [PaulJoych] logged in from 88.246.194.216 via password
[17:18:33] [Alex] ensure zones
[17:18:37] [Alex] ensure zone

================================================================
======== txAdmin Starting - 5/9/2023, 5:53:34 PM                
================================================================
[17:54:27] [Narchy] logged in via in-game ui
[18:26:09] [Narchy] logged in from via NUI iframe
[18:26:20] [Narchy] RESTART SERVER
[18:27:21] [Narchy] logged in via in-game ui
[18:55:08] [ryl_nc4] logged in via in-game ui
[19:04:52] [Narchy] Adding admin 'royal_superb0yz'.
[19:04:52] [Narchy] logged in via in-game ui
[19:04:52] [royal_superb0yz] logged in via in-game ui
[19:04:55] [Narchy] logged in via in-game ui
[19:04:55] [royal_superb0yz] logged in via in-game ui
[19:09:29] [Narchy] logged in from via NUI iframe
[19:09:35] [Narchy] RESTART SERVER
[19:10:26] [royal_superb0yz] logged in via in-game ui
[19:12:38] [Narchy] logged in via in-game ui
[19:31:11] [Narchy] logged in from via NUI iframe
[19:31:24] [Narchy] RESTART SERVER
