
================================================================
======== txAdmin Starting - 5/10/2023, 3:01:34 AM               
================================================================

================================================================
======== Log Rotated - 5/10/2023, 3:01:34 AM                    
================================================================

================================================================
======== txAdmin Starting - 5/10/2023, 7:25:22 AM               
================================================================
[07:25:45] [PaulJoych] logged in from 88.246.194.216 via password
[07:30:39] [PaulJoych] Changing discordBot settings.
[07:30:42] [PaulJoych] Changing discordBot settings.
[07:35:11] [PaulJoych] Changing discordBot settings.
[07:39:49] [PaulJoych] RESTART SERVER

================================================================
======== txAdmin Starting - 5/10/2023, 8:53:38 AM               
================================================================
[08:56:26] [royalakai] logged in via in-game ui
[08:56:42] [royal_k4le] logged in via in-game ui
[08:57:16] [ryl_nc4] logged in via in-game ui
[08:57:41] [royal_k4le] logged in from via NUI iframe
[08:59:50] [ryl_nc4] logged in from via NUI iframe
[08:59:53] [royalakai] logged in from via NUI iframe
[09:04:11] [royal_superb0yz] logged in via in-game ui
[09:07:53] [PaulJoych] logged in from 88.246.194.216 via password
[09:11:12] [PaulJoych] ensure vindig
[09:11:20] [PaulJoych] ensure vindigg
[09:11:34] [PaulJoych] ensure vidigg
[09:13:06] [PaulJoych] Sending announcement: Ada yang bisa cek richpresent nya?
[09:13:54] [royal_k4le] logged in via in-game ui
[09:16:14] [PaulJoych] ensure vidigg
[09:24:12] [PaulJoych] Sending announcement: Restart bentar
[09:24:15] [PaulJoych] RESTART SERVER
[09:31:12] [royal_k4le] logged in via in-game ui

================================================================
======== txAdmin Starting - 5/10/2023, 9:55:07 AM               
================================================================
[09:55:56] [royal_k4le] logged in via in-game ui
[10:06:23] [PaulJoych] logged in from 88.246.194.216 via password
[10:06:31] [PaulJoych] refresh
[10:06:35] [PaulJoych] ensure logs
[10:07:16] [PaulJoych] ensure logs
[10:08:22] [PaulJoych] ensure logs
[10:10:23] [royal_k4le] logged in from via NUI iframe
[10:10:47] [PaulJoych] ensure logs
[10:18:37] [PaulJoych] DM to #1: Lagi ngetes apa di ingame
[10:20:25] [royal_k4le] RESTART SERVER
[10:28:51] [PaulJoych] ensure vidigg

================================================================
======== txAdmin Starting - 5/10/2023, 11:01:03 AM              
================================================================
[11:05:41] [royalakai] logged in via in-game ui
[11:08:02] [royal_k4le] logged in via in-game ui
[11:09:08] [royalakai] logged in from via NUI iframe
[11:21:05] [royal_superb0yz] logged in via in-game ui
[11:22:52] [royal_k4le] logged in from via NUI iframe
[11:23:18] [royal_k4le] RESTART SERVER
[11:24:11] [royal_k4le] logged in via in-game ui
[11:26:41] [royalakai] logged in via in-game ui
[11:28:07] [royal_superb0yz] logged in via in-game ui
[11:33:26] [ryl_nc4] logged in via in-game ui
[11:33:59] [PaulJoych] logged in from 88.246.194.216 via password
[11:34:25] [PaulJoych] refresh
[11:34:33] [PaulJoych] ensure guard
[11:35:12] [PaulJoych] refresh
[11:35:22] [PaulJoych] ensure guard
[11:36:16] [PaulJoych] refresh
[11:36:20] [PaulJoych] ensure guard
[11:42:32] [royalakai] logged in via in-game ui
[11:47:06] [PaulJoych] ensure guard
[11:50:18] [ryl_nc4] logged in via in-game ui
[11:55:36] [royalakai] logged in from via NUI iframe
[12:02:55] [royal_superb0yz] logged in via in-game ui
[12:06:53] [ryl_nc4] logged in from via NUI iframe
[12:08:44] [royal_k4le] RESTART SERVER
[12:10:22] [royal_k4le] logged in via in-game ui
[12:15:21] [royal_k4le] logged in via in-game ui
[12:15:23] [royalakai] logged in via in-game ui
[12:21:45] [royal_superb0yz] logged in via in-game ui
[12:21:52] [Narchy] logged in via in-game ui
[12:30:15] [Narchy] logged in via in-game ui
[12:31:34] [Bocil] logged in via in-game ui
[12:37:53] [Bocil] logged in from via NUI iframe
[13:11:06] [Narchy] logged in from via NUI iframe
[13:11:38] [Narchy] removedbc
[13:11:52] [Bocil] Changing own password.
[13:11:52] [Narchy] logged in via in-game ui
[13:11:52] [Bocil] logged in via in-game ui
[13:11:53] [Narchy] logged in via in-game ui
[13:11:53] [Bocil] logged in via in-game ui
[13:12:05] [Narchy] logged in from via NUI iframe
[13:12:05] [Bocil] logged in from via NUI iframe
[13:12:14] [Narchy] RESTART SERVER
[13:18:30] [Bocil] logged in via in-game ui
[13:19:15] [royal_k4le] logged in via in-game ui
[13:19:25] [ryl_nc4] logged in via in-game ui
[13:19:29] [royalakai] logged in via in-game ui
[13:28:17] [PaulJoych] ensure guard
[13:28:59] [ryl_nc4] logged in via in-game ui
[13:31:09] [ryl_nc4] logged in via in-game ui
[13:35:12] [ryl_nc4] logged in via in-game ui
[13:41:58] [royal_superb0yz] logged in via in-game ui
[14:01:24] [royal_k4le] RESTART SERVER

================================================================
======== txAdmin Starting - 5/10/2023, 8:20:33 PM               
================================================================
[20:21:27] [Narchy] logged in via in-game ui
[20:24:02] [Narchy] logged in via in-game ui
[20:24:40] [PaulJoych] logged in from 88.246.194.216 via password
[20:27:45] [PaulJoych] ensure guard
[20:29:24] [PaulJoych] ensure guard
[20:29:42] [PaulJoych] ensure guard
[20:29:58] [PaulJoych] ensure guard
[20:35:15] [PaulJoych] ensure guard
[20:38:30] [PaulJoych] ensure guard
[20:41:00] [Narchy] logged in via in-game ui
[20:46:33] [PaulJoych] ensure guard
[20:52:47] [Narchy] logged in via in-game ui
[20:55:31] [PaulJoych] ensure guard
[20:55:40] [PaulJoych] ensure guard
[20:56:54] [PaulJoych] ensure guard
[20:57:13] [PaulJoych] ensure guard
[21:01:20] [PaulJoych] ensure guard
[21:02:17] [PaulJoych] ensure chat
[21:02:22] [PaulJoych] ensure guard
[21:02:31] [PaulJoych] ensure chat
[21:02:32] [PaulJoych] ensure guard
[21:02:33] [PaulJoych] ensure guard
[21:02:38] [PaulJoych] ensure chat
[21:02:42] [PaulJoych] ensure chat
[21:03:14] [PaulJoych] ensure guard
[21:05:07] [PaulJoych] ensure guard
[21:05:33] [Narchy] logged in via in-game ui
[21:13:10] [PaulJoych] ensure guard
[21:13:23] [PaulJoych] ensure guard
[21:14:36] [Narchy] logged in via in-game ui
[21:22:45] [Narchy] logged in via in-game ui
[21:25:50] [PaulJoych] ensure guard
[21:28:17] [Narchy] logged in via in-game ui
[21:28:56] [PaulJoych] ensure guard
[21:33:11] [PaulJoych] ensure guard
[21:33:26] [PaulJoych] ensure guard
[21:34:24] [Narchy] logged in via in-game ui
[21:35:02] [Narchy] logged in via in-game ui
[21:44:10] [PaulJoych] ensure guard
[21:44:39] [Narchy] logged in via in-game ui
[21:48:20] [Narchy] logged in via in-game ui
[21:48:56] [PaulJoych] ensure guard
[21:49:30] [PaulJoych] ensure guard
[21:57:19] [PaulJoych] ensure guard
[21:57:35] [PaulJoych] ensure guard
