
================================================================
======== txAdmin Starting - 5/7/2023, 7:32:05 AM                
================================================================

================================================================
======== Log Rotated - 5/7/2023, 7:32:05 AM                     
================================================================
[07:34:47] [royaljordan] logged in via in-game ui
[07:49:14] [royaljordan] logged in from via NUI iframe
[07:50:42] [royaljordan] Changing own password.
[07:50:42] [royaljordan] logged in via in-game ui
[07:50:50] [royaljordan] logged in via in-game ui
[07:50:50] [royaljordan] logged in from via NUI iframe

================================================================
======== txAdmin Starting - 5/7/2023, 11:31:25 AM               
================================================================
[11:32:18] [Narchy] logged in via in-game ui
[11:33:08] [Narchy] logged in from via NUI iframe
[11:33:40] [Narchy] Adding admin 'royalakai'.
[11:33:40] [Narchy] logged in via in-game ui
[11:33:40] [royalakai] logged in via in-game ui
[11:33:45] [Narchy] logged in from via NUI iframe
[11:33:54] [Narchy] logged in via in-game ui
[11:33:54] [royalakai] logged in via in-game ui
[11:38:24] [Narchy] logged in from via NUI iframe
[11:38:40] [Narchy] Adding admin 'ryl_nc4'.
[11:38:40] [Narchy] logged in via in-game ui
[11:38:40] [ryl_nc4] logged in via in-game ui
[11:38:40] [royalakai] logged in via in-game ui
[11:38:45] [Narchy] logged in from via NUI iframe
[11:38:54] [Narchy] logged in via in-game ui
[11:38:54] [royalakai] logged in via in-game ui
[11:38:54] [ryl_nc4] logged in via in-game ui
[11:41:35] [royal_k4le] logged in via in-game ui
[11:41:51] [Narchy] logged in from via NUI iframe
[11:46:21] [Narchy] setgroup 1 superadmin
[11:46:34] [ryl_nc4] logged in from via NUI iframe
[11:46:45] [royalakai] Warned #3: TOLOL LU
