
================================================================
======== txAdmin Starting - 5/13/2023, 5:32:04 AM               
================================================================

================================================================
======== Log Rotated - 5/13/2023, 5:32:04 AM                    
================================================================
[05:36:38] [royalakai] logged in via in-game ui
[05:38:42] [royal_dnarteb_ing] logged in via in-game ui
[05:43:11] [royalakai] logged in from via NUI iframe
[05:51:03] [royal_dnarteb_ing] logged in from via NUI iframe
[06:16:38] [royalakai] RESTART SERVER
[06:18:51] [royalakai] logged in via in-game ui
[06:19:29] [royal_dnarteb_ing] logged in via in-game ui
[06:24:13] [royal_dnarteb_ing] logged in from via NUI iframe
[06:24:27] [royalakai] RESTART SERVER
[06:25:32] [royalakai] logged in via in-game ui
[06:26:19] [royal_dnarteb_ing] logged in via in-game ui
[07:09:13] [royalakai] RESTART SERVER
[07:11:44] [royalakai] logged in via in-game ui
[07:12:06] [royal_dnarteb_ing] logged in via in-game ui
[07:50:21] [royal_nc4] logged in via in-game ui
[08:00:46] [royalakai] RESTART SERVER
[08:03:39] [royalakai] logged in via in-game ui
[08:08:22] [royal_nc4] logged in via in-game ui

================================================================
======== txAdmin Starting - 5/13/2023, 8:17:20 AM               
================================================================
[08:18:15] [royal_dnarteb_ing] logged in via in-game ui
[08:18:32] [royalakai] logged in via in-game ui
[08:20:26] [royal_nc4] logged in via in-game ui
[08:24:24] [royalakai] logged in from via NUI iframe

================================================================
======== txAdmin Starting - 5/13/2023, 8:39:03 AM               
================================================================
[08:40:06] [PaulJoych] logged in from 88.246.194.216 via password
[08:42:32] [PaulJoych] resmon
[09:41:23] [royalakai] logged in via in-game ui
[09:44:14] [royal_dnarteb_ing] logged in via in-game ui
[09:47:45] [royal_nc4] logged in via in-game ui
[09:50:10] [royal_k4le] logged in via in-game ui
[09:55:04] [PaulJoych] stop guard
[10:00:43] [royal_dnarteb_ing] logged in from via NUI iframe
[10:00:58] [royal_nc4] logged in from via NUI iframe
[10:01:47] [royal_k4le] logged in from via NUI iframe
[10:09:41] [Narchy] logged in via in-game ui
[10:11:36] [Narchy] logged in from via NUI iframe
[10:12:27] [PaulJoych] ensure guard
[10:12:42] [royal_dnarteb_ing] logged in via in-game ui
[10:24:37] [royalakai] logged in from via NUI iframe
[10:24:48] [royalakai] RESTART SERVER
[10:26:33] [royal_k4le] logged in via in-game ui
[10:26:41] [royal_superb0yz] logged in via in-game ui
[10:27:07] [royalakai] logged in via in-game ui
[10:27:53] [royal_dnarteb_ing] logged in via in-game ui
[10:29:47] [royal_nc4] logged in via in-game ui
[10:36:17] [royal_k4le] Warned #21: woi
[10:54:18] [royalakai] logged in via in-game ui
[10:55:19] [royal_nc4] Warned #32: CHEAT
[10:58:18] [royal_superb0yz] logged in from via NUI iframe
[11:01:27] [royalakai] logged in via in-game ui
[11:07:15] [royalakai] RESTART SERVER
[11:12:27] [royal_dnarteb_ing] logged in via in-game ui
[11:12:28] [royalakai] logged in via in-game ui
[11:13:09] [royalakai] RESTART SERVER
[11:15:05] [royal_dnarteb_ing] logged in via in-game ui
[11:15:23] [royalakai] logged in via in-game ui
[11:54:15] [royalakai] RESTART SERVER

================================================================
======== txAdmin Starting - 5/13/2023, 4:54:34 PM               
================================================================
[16:56:23] [royalakai] logged in via in-game ui
[16:56:33] [royal_superb0yz] logged in via in-game ui
[16:57:14] [royalakai] logged in from via NUI iframe
[16:57:20] [royalakai] RESTART SERVER
[16:58:18] [royal_k4le] logged in via in-game ui
[16:59:04] [royalakai] logged in via in-game ui
[17:00:21] [royal_nc4] logged in via in-game ui
[17:00:26] [royal_superb0yz] logged in via in-game ui
[17:01:58] [royal_nc4] logged in from via NUI iframe
[17:06:57] [royal_superb0yz] logged in from via NUI iframe
[17:07:38] [royal_superb0yz] Banned <steam:1100001462062ac;license:ef18433b27f5f0c3e232e10fd655bf5c7a017e91;discord:811521173753561088>: LU KONTOL
[17:08:17] [royal_superb0yz] Warned #5: HAYOLO
[17:08:22] [royal_superb0yz] DM to #5: HAYOLO
