
================================================================
======== txAdmin Starting - 4/29/2023, 3:05:47 PM               
================================================================

================================================================
======== Log Rotated - 4/29/2023, 3:05:47 PM                    
================================================================
[15:06:05] [Alex] logged in from 182.253.183.9 via password
[15:21:03] [Alex] refresh
[15:21:11] [Alex] ensure vidigg
[15:31:20] [Alex] ensure vidigg
[15:32:15] [Alex] ensure vidigg
[15:37:11] [Alex] RESTART SERVER
[15:38:44] [Alex] refresh
[15:38:47] [Alex] ensure vidigg
[16:28:36] [Alex] RESTART SERVER
[16:30:23] [Alex] ensure vidigg
[16:35:02] [Alex] refresh
[16:35:04] [Alex] ensure vidigg
[16:36:00] [Alex] ensure vidigg
[16:37:00] [Alex] ensure vidigg
[16:38:34] [Alex] ensure vidigg
[16:38:59] [Alex] ensure vidigg
[16:48:36] [Alex] ensure vidigg
[16:50:42] [Alex] ensure vidigg
[16:56:40] [Alex] ensure vidigg
[16:57:37] [Alex] ensure vidigg
[16:59:43] [Alex] ensure
[16:59:46] [Alex] ensure vidigg
[17:00:49] [Alex] ensure vidigg
[17:01:25] [Alex] ensure vidigg
[17:02:54] [Alex] ensure vidigg
[17:04:51] [Alex] ensure vidigg
[17:05:05] [Alex] RESTART SERVER
[03:58:14] [Alex] refresh
[03:58:17] [Alex] ensure vidigg
[03:59:07] [Alex] ensure vidigg
[04:01:29] [Alex] ensure vidigg
[04:03:18] [Alex] ensure vidigg
[04:04:39] [Alex] ensure vidigg
[04:08:40] [Alex] ensure vidigg
[04:10:15] [Alex] ensure vidigg
[04:11:12] [Alex] ensure vidigg
[04:11:23] [Alex] ensure vidigg
[04:13:11] [Alex] ensure vidigg
[04:13:24] [Alex] ensure vidigg

================================================================
======== txAdmin Starting - 4/30/2023, 8:48:05 AM               
================================================================
[09:18:18] [Alex] logged in from 182.4.101.218 via password
[09:24:47] [Jordans] logged in from 202.46.68.87 via password
[09:24:54] [Jordans] RESTART SERVER
[09:25:42] [Jordans] Changing own password.
[09:28:12] [Jordans] removedbc
[09:28:18] [Jordans] removedb
[09:28:42] [Jordans] RESTART SERVER
[09:38:01] [Alex] logged in from 182.4.101.218 via password
[09:38:12] [Alex] refresh
[09:38:15] [Alex] ensure vidigg
[09:40:21] [Alex] ensure vidigg
[09:40:38] [Alex] ensure vidigg
[09:40:51] [Alex] ensure vidigg
[09:42:15] [Alex] ensure vidigg
[09:43:56] [Alex] ensure vidigg
[09:44:00] [Alex] ensure vidigg
[09:44:50] [Alex] ensure vidigg
[09:45:30] [Jordans] removedbc
[09:48:13] [Alex] ensure vidigg
[09:49:32] [Alex] RESTART SERVER
[10:02:34] [Alex] STOP SERVER
[10:02:43] [Alex] START SERVER
[10:05:00] [PaulJoych] logged in from 104.28.244.149 via password
