
================================================================
======== txAdmin Starting - 5/11/2023, 8:10:32 AM               
================================================================

================================================================
======== Log Rotated - 5/11/2023, 8:10:32 AM                    
================================================================
[08:13:47] [royalakai] logged in via in-game ui
[08:14:30] [royal_k4le] logged in via in-game ui
[08:17:14] [royal_superb0yz] logged in via in-game ui
[08:17:39] [royal_k4le] logged in from via NUI iframe

================================================================
======== txAdmin Starting - 5/11/2023, 10:02:34 AM              
================================================================
[10:04:15] [royal_k4le] logged in via in-game ui
[10:04:41] [royal_k4le] logged in from via NUI iframe
[10:04:46] [royal_k4le] RESTART SERVER
[10:06:24] [royal_k4le] logged in via in-game ui
[10:23:49] [royalakai] logged in via in-game ui
[10:31:22] [PaulJoych] logged in from 178.246.174.170 via password
[10:33:54] [PaulJoych] ensure guard
[10:36:22] [PaulJoych] sets sv_pureLevel 1
[10:36:28] [PaulJoych] set sv_pureLevel 1
[10:40:49] [PaulJoych] sv_pureLevel 1
[10:43:11] [PaulJoych] ensure guard
[10:59:20] [royal_k4le] RESTART SERVER

================================================================
======== txAdmin Starting - 5/11/2023, 12:05:47 PM              
================================================================
[12:07:16] [royal_k4le] logged in via in-game ui
[12:08:39] [royal_k4le] logged in from via NUI iframe
[12:08:46] [royal_k4le] RESTART SERVER
[12:09:39] [royal_k4le] logged in via in-game ui
[12:20:03] [PaulJoych] logged in from 178.246.174.170 via password
[12:31:52] [royalakai] logged in via in-game ui
[12:34:54] [royal_superb0yz] logged in via in-game ui
[12:46:45] [ryl_nc4] logged in via in-game ui
[12:47:10] [ryl_nc4] logged in from via NUI iframe
[13:05:29] [royal_k4le] Warned #40: hey
[13:06:04] [royal_k4le] logged in from via NUI iframe
[13:06:09] [royal_k4le] RESTART SERVER
[13:09:02] [royalakai] logged in via in-game ui
[13:09:43] [ryl_nc4] logged in via in-game ui
[13:13:12] [ryl_nc4] logged in via in-game ui
[13:14:00] [royal_k4le] logged in via in-game ui
[13:17:33] [royal_superb0yz] logged in via in-game ui
[13:23:06] [royalakai] logged in from via NUI iframe
[13:24:40] [Narchy] logged in via in-game ui
[13:25:27] [Narchy] logged in from via NUI iframe
[13:25:55] [Narchy] Deleting user 'ryl_nc4'.
[13:25:55] [Narchy] logged in via in-game ui
[13:25:56] [royal_superb0yz] logged in via in-game ui
[13:25:56] [royal_k4le] logged in via in-game ui
[13:25:56] [royalakai] logged in via in-game ui
[13:26:04] [Narchy] logged in from via NUI iframe
[13:26:09] [Narchy] logged in via in-game ui
[13:26:09] [royal_superb0yz] logged in via in-game ui
[13:26:09] [royal_k4le] logged in via in-game ui
[13:26:09] [royalakai] logged in via in-game ui
[13:26:25] [Narchy] logged in from via NUI iframe
[13:27:25] [Narchy] Adding admin 'royal_nc4'.
[13:27:25] [Narchy] logged in via in-game ui
[13:27:25] [royal_superb0yz] logged in via in-game ui
[13:27:25] [royal_k4le] logged in via in-game ui
[13:27:25] [royal_nc4] logged in via in-game ui
[13:27:25] [royalakai] logged in via in-game ui
[13:27:39] [Narchy] logged in via in-game ui
[13:27:39] [royal_superb0yz] logged in via in-game ui
[13:27:39] [royal_k4le] logged in via in-game ui
[13:27:39] [royal_nc4] logged in via in-game ui
[13:27:39] [royalakai] logged in via in-game ui
[13:27:48] [Narchy] logged in from via NUI iframe
[13:28:43] [Narchy] Adding admin 'royalrexmuknet'.
[13:28:43] [royalrexmuknet] logged in via in-game ui
[13:28:43] [royal_superb0yz] logged in via in-game ui
[13:28:43] [royal_k4le] logged in via in-game ui
[13:28:43] [Narchy] logged in via in-game ui
[13:28:43] [royal_nc4] logged in via in-game ui
[13:28:43] [royalakai] logged in via in-game ui
[13:28:53] [Narchy] logged in from via NUI iframe
[13:28:54] [royalrexmuknet] logged in via in-game ui
[13:28:54] [Narchy] logged in via in-game ui
[13:28:54] [royal_nc4] logged in via in-game ui
[13:28:54] [royal_superb0yz] logged in via in-game ui
[13:28:54] [royal_k4le] logged in via in-game ui
[13:28:54] [royalakai] logged in via in-game ui
[13:29:21] [Narchy] logged in from via NUI iframe
[13:32:35] [Narchy] Adding admin 'royal_dnarteb_ing'.
[13:32:35] [Narchy] logged in via in-game ui
[13:32:35] [royal_nc4] logged in via in-game ui
[13:32:35] [royal_dnarteb_ing] logged in via in-game ui
[13:32:35] [royalakai] logged in via in-game ui
[13:32:40] [Narchy] logged in via in-game ui
[13:32:40] [royal_nc4] logged in via in-game ui
[13:32:40] [royal_dnarteb_ing] logged in via in-game ui
[13:32:40] [royalakai] logged in via in-game ui
[13:32:53] [Narchy] logged in from via NUI iframe
[13:33:09] [royalrexmuknet] logged in via in-game ui
[13:37:24] [royalrexmuknet] logged in from via NUI iframe
[13:38:27] [royalrexmuknet] Changing own password.
[13:38:27] [royalrexmuknet] logged in via in-game ui
[13:38:27] [Narchy] logged in via in-game ui
[13:38:27] [royal_nc4] logged in via in-game ui
[13:38:27] [royal_dnarteb_ing] logged in via in-game ui
[13:38:27] [royalakai] logged in via in-game ui
[13:38:40] [royalrexmuknet] logged in via in-game ui
[13:38:40] [Narchy] logged in via in-game ui
[13:38:40] [royal_nc4] logged in via in-game ui
[13:38:40] [royal_dnarteb_ing] logged in via in-game ui
[13:38:40] [royalakai] logged in via in-game ui
[13:39:16] [royal_superb0yz] logged in via in-game ui
[13:39:16] [royal_superb0yz] logged in via in-game ui
[13:39:16] [royal_superb0yz] logged in via in-game ui
[13:39:56] [royal_superb0yz] logged in from via NUI iframe
[13:42:26] [Narchy] logged in from via NUI iframe
[13:42:57] [royal_k4le] logged in via in-game ui
[13:45:13] [royalrexmuknet] logged in from via NUI iframe
[13:46:15] [royal_dnarteb_ing] logged in from via NUI iframe
[13:51:42] [royal_k4le] logged in from via NUI iframe
[13:51:47] [royal_k4le] RESTART SERVER

================================================================
======== txAdmin Starting - 5/11/2023, 2:46:03 PM               
================================================================

================================================================
======== txAdmin Starting - 5/11/2023, 3:42:46 PM               
================================================================
[17:42:07] [Narchy] logged in via in-game ui
[17:42:36] [Narchy] logged in from via NUI iframe
[17:42:41] [Narchy] RESTART SERVER
[17:44:16] [Narchy] logged in via in-game ui
[17:47:36] [royaljordan] logged in via in-game ui
