
================================================================
======== txAdmin Starting - 5/15/2023, 2:33:39 AM               
================================================================

================================================================
======== Log Rotated - 5/15/2023, 2:33:39 AM                    
================================================================
[04:42:56] [royal_dnarteb_ing] logged in via in-game ui
[04:46:13] [royal_dnarteb_ing] logged in from via NUI iframe
[04:55:33] [royalakai] logged in via in-game ui
[05:11:52] [royal_dnarteb_ing] logged in from via NUI iframe

================================================================
======== txAdmin Starting - 5/15/2023, 5:47:15 AM               
================================================================
[05:49:11] [royalakai] logged in via in-game ui
[05:50:27] [royal_dnarteb_ing] logged in via in-game ui
[05:57:24] [royal_dnarteb_ing] logged in via in-game ui
[06:03:34] [royalakai] logged in from via NUI iframe
[06:03:41] [royalakai] STOP SERVER

================================================================
======== txAdmin Starting - 5/15/2023, 7:52:04 AM               
================================================================
[07:53:39] [royalakai] logged in via in-game ui
[07:57:21] [royal_dnarteb_ing] logged in via in-game ui
[08:05:07] [royal_nc4] logged in via in-game ui
[08:05:47] [royal_nc4] logged in from via NUI iframe
[08:06:53] [royal_dnarteb_ing] logged in from via NUI iframe
[08:38:42] [royalakai] logged in from via NUI iframe
[08:39:08] [royalakai] RESTART SERVER
[08:42:00] [royal_dnarteb_ing] logged in via in-game ui
[08:42:18] [royal_nc4] logged in via in-game ui
[08:42:29] [royalakai] logged in via in-game ui
[08:44:38] [Bocil] logged in via in-game ui
[08:45:38] [royal_dnarteb_ing] Kicked #32: silahkan mengganti nickname anda
[08:47:06] [Bocil] logged in via in-game ui
[08:53:03] [royalakai] Warned #43: AKU SAYANG KAMU
[09:17:50] [royalakai] logged in via in-game ui
[09:27:52] [royal_dnarteb_ing] RESTART SERVER
[09:29:46] [royal_dnarteb_ing] logged in via in-game ui
[09:30:11] [royal_nc4] logged in via in-game ui
[09:30:56] [Bocil] logged in via in-game ui
[09:34:49] [royalakai] logged in via in-game ui
[09:40:23] [royalakai] logged in via in-game ui
[09:42:10] [royalrexmuknet] logged in via in-game ui
[09:58:44] [royalrexmuknet] logged in from via NUI iframe
[10:11:14] [royalrexmuknet] Banned <steam:11000011817c410>: Cheating
[10:12:03] [royalrexmuknet] Banned <steam:1100001375d53db>: cheating
[10:13:08] [royal_nc4] Revoked ARQA-93MB
[10:13:21] [royal_dnarteb_ing] RESTART SERVER
[10:17:43] [PaulJoych] logged in from 88.246.194.216 via password
[10:18:25] [royal_dnarteb_ing] logged in via in-game ui
[10:20:05] [Bocil] logged in via in-game ui
[10:20:43] [royalakai] logged in via in-game ui
[10:26:34] [PaulJoych] Banned <steam:11000014b630155>: Cheating
[10:27:25] [royal_nc4] logged in via in-game ui
[10:31:57] [royalrexmuknet] logged in via in-game ui
[11:05:53] [royal_dnarteb_ing] RESTART SERVER
[11:08:31] [royalakai] logged in via in-game ui
[11:10:29] [royal_dnarteb_ing] logged in via in-game ui
[11:13:25] [Bocil] logged in via in-game ui
[11:16:45] [PaulJoych] add_principal identifier.steam:11000010d5b13b9 group.admin
[11:16:49] [PaulJoych] add_principal identifier.steam:11000010d5b13b9 group.admin
[11:16:52] [royal_k4le] logged in via in-game ui
[11:20:12] [royal_dnarteb_ing] logged in via in-game ui
[11:20:17] [royal_k4le] logged in via in-game ui
[11:20:43] [Bocil] logged in via in-game ui
[11:20:51] [royalrexmuknet] logged in via in-game ui
[11:20:59] [royalakai] logged in via in-game ui
[11:32:21] [Bocil] logged in via in-game ui
[11:57:48] [royal_dnarteb_ing] RESTART SERVER
[11:59:34] [royal_dnarteb_ing] logged in via in-game ui
[11:59:46] [royalakai] logged in via in-game ui
[12:00:29] [royal_k4le] logged in via in-game ui
[12:01:24] [royal_k4le] logged in from via NUI iframe
[12:01:43] [Bocil] logged in via in-game ui
[12:07:52] [royalrexmuknet] logged in via in-game ui
[12:16:05] [royal_superb0yz] logged in via in-game ui
[12:26:13] [royal_superb0yz] logged in via in-game ui
[12:32:16] [royal_dnarteb_ing] logged in via in-game ui
[12:39:50] [royalakai] RESTART SERVER
[12:43:56] [royalakai] logged in via in-game ui
[12:51:21] [royalakai] RESTART SERVER
[12:54:12] [royalakai] logged in via in-game ui
[13:08:24] [royalakai] logged in via in-game ui

================================================================
======== txAdmin Starting - 5/15/2023, 1:46:15 PM               
================================================================

================================================================
======== txAdmin Starting - 5/15/2023, 2:24:56 PM               
================================================================
[14:27:49] [royal_nc4] logged in via in-game ui
[14:27:54] [royal_dnarteb_ing] logged in via in-game ui
[14:32:07] [PaulJoych] logged in from 88.246.194.216 via password
[14:32:19] [PaulJoych] refresh
[14:32:30] [PaulJoych] ensure vidigg
[14:33:21] [PaulJoych] Sending announcement: cmdnya /czone trus masukin koordinatnya 
[14:33:46] [PaulJoych] Sending announcement: Klo bisa ke dc aja sambil live in
[14:34:26] [royal_dnarteb_ing] logged in from via NUI iframe
[14:36:48] [PaulJoych] ensure vidigg
[14:39:25] [PaulJoych] ensure vidigg
[14:39:46] [PaulJoych] refresh
[14:39:48] [PaulJoych] ensure zone
[14:39:57] [PaulJoych] ensure guard
[14:40:43] [PaulJoych] ensure zone
[14:40:46] [royal_dnarteb_ing] logged in via in-game ui
[14:42:25] [PaulJoych] ensure zone
[14:42:34] [royal_nc4] logged in via in-game ui
[14:42:41] [PaulJoych] ensure zone
[14:43:20] [PaulJoych] ensure zone
[14:43:25] [PaulJoych] czone 0 0 0
[14:43:37] [PaulJoych] ensure guard
[14:43:40] [PaulJoych] ensure guard
[14:43:43] [PaulJoych] stop guard
[14:43:45] [PaulJoych] ensure zone
[14:43:48] [PaulJoych] czone 0 0 0
[14:44:13] [PaulJoych] ensure zone
[14:44:16] [PaulJoych] czone 0 0 0
[14:44:44] [PaulJoych] ensure zone
[14:44:56] [PaulJoych] czone 0 0 0
[14:45:40] [PaulJoych] ensure zone
[14:45:44] [PaulJoych] czone 0 0 0
[14:46:26] [PaulJoych] ensure zone
[14:46:32] [PaulJoych] ensure zone
[14:46:49] [PaulJoych] czone 0 0 0
[14:47:44] [PaulJoych] refresh
[14:47:46] [PaulJoych] ensure zone
[14:47:52] [PaulJoych] czone 0 0 0
[14:48:28] [PaulJoych] RESTART SERVER
[14:48:51] [PaulJoych] RESTART SERVER
[14:49:48] [royal_dnarteb_ing] logged in via in-game ui
[14:49:58] [royal_nc4] logged in via in-game ui
[15:04:29] [PaulJoych] ensure zone
[15:05:07] [PaulJoych] czone 0 0 0
[15:06:16] [PaulJoych] ensure zone
[15:06:19] [PaulJoych] czone 0 0 0
[15:06:35] [PaulJoych] RESTART SERVER
[15:07:32] [royal_dnarteb_ing] logged in via in-game ui
[15:15:51] [royal_dnarteb_ing] logged in from via NUI iframe
[15:21:29] [PaulJoych] RESTART SERVER
[15:21:57] [PaulJoych] RESTART SERVER
[15:25:06] [royal_dnarteb_ing] logged in via in-game ui
[15:29:33] [PaulJoych] ensure zone
[15:29:41] [PaulJoych] ensure zone
[15:29:43] [PaulJoych] czone 0 0 0
[15:30:40] [PaulJoych] ensure zone
[15:30:54] [PaulJoych] stop guard
[15:30:57] [PaulJoych] ensure zone
[15:32:12] [royal_dnarteb_ing] logged in via in-game ui
[15:32:33] [PaulJoych] ensure zone
[15:32:37] [PaulJoych] czone 0 0 0
[15:34:45] [PaulJoych] ensure zone
[15:34:49] [PaulJoych] czone 0 0 0
[15:37:27] [PaulJoych] ensure zone
[15:37:36] [PaulJoych] maz
[15:37:42] [PaulJoych] mulaizonec
[15:38:43] [PaulJoych] ensure zone
[15:38:55] [PaulJoych] mulaizona
[15:39:10] [PaulJoych] ensure zone
[15:39:11] [PaulJoych] mulaizonec

================================================================
======== txAdmin Starting - 5/15/2023, 9:32:43 PM               
================================================================
