
================================================================
======== txAdmin Starting - 4/15/2023, 5:46:33 PM               
================================================================
[17:47:26] [PaulJoych] created admins file
[17:47:45] [PaulJoych] Changing global/fxserver settings via setup stepper.
[17:48:40] [PaulJoych] RESTART SERVER
[17:50:16] [PaulJoych] RESTART SERVER
[17:50:56] [PaulJoych] Changing fxRunner settings.
[17:51:23] [PaulJoych] RESTART SERVER
[17:54:06] [PaulJoych] RESTART SERVER
[17:54:55] [PaulJoych] RESTART SERVER
[18:00:28] [PaulJoych] gasc
[18:05:05] [PaulJoych] gasc
[18:09:41] [PaulJoych] revive 1
[18:09:48] [PaulJoych] revive 2
[18:14:32] [PaulJoych] Halo test 1 2 3
[18:14:42] [PaulJoych] Sending announcement: Test 1 2 3 4
[18:15:04] [PaulJoych] revive 1
[18:15:12] [PaulJoych] revive 1
[18:16:36] [PaulJoych] RESTART SERVER
[18:33:21] [PaulJoych] brforce 1
[18:33:26] [PaulJoych] brforce 2
[18:37:53] [PaulJoych] brforce 3
[18:37:56] [PaulJoych] brforce 4
[18:40:51] [PaulJoych] brforce 4
[18:43:36] [PaulJoych] lbr
[18:43:56] [PaulJoych] brpc
[18:46:13] [PaulJoych] Sending announcement: Restart bentar yak
[18:46:20] [PaulJoych] RESTART SERVER
[18:58:34] [PaulJoych] logged in via in-game ui
[19:00:25] [PaulJoych] brforce 5
[19:01:33] [PaulJoych] giveadmin 5 admin
[19:02:50] [PaulJoych] brbc
[19:02:55] [PaulJoych] brpc
[19:03:06] [PaulJoych] brpc
[19:03:19] [PaulJoych] brpc 0
[19:03:33] [PaulJoych] brpc
[19:03:40] [PaulJoych] pggoc
[19:21:03] [PaulJoych] stopredzonec
[19:21:09] [PaulJoych] RESTART SERVER
[19:44:04] [PaulJoych] Sending announcement: Restart bentar buat menu admin bisa langsung masuk
[19:44:12] [PaulJoych] RESTART SERVER
[19:47:25] [PaulJoych] logged in from 88.246.198.250 via password
[20:12:06] [PaulJoych] RESTART SERVER
[20:13:12] [MONITOR] Restarting server (server close detected).
[20:14:28] [MONITOR] Restarting server (server close detected).
[20:15:48] [MONITOR] Restarting server (server close detected).
[20:17:12] [MONITOR] Restarting server (server close detected).
[20:18:43] [MONITOR] Restarting server (server close detected).
[20:20:17] [MONITOR] Restarting server (server close detected).
[20:21:58] [MONITOR] Restarting server (server close detected).
[20:23:43] [MONITOR] Restarting server (server close detected).
[20:25:32] [MONITOR] Restarting server (server close detected).
[20:27:23] [MONITOR] Restarting server (server close detected).
[20:29:17] [MONITOR] Restarting server (server close detected).
[20:31:13] [MONITOR] Restarting server (server close detected).
[20:33:07] [MONITOR] Restarting server (server close detected).
[20:35:02] [MONITOR] Restarting server (server close detected).
[20:36:58] [MONITOR] Restarting server (server close detected).
[20:38:52] [MONITOR] Restarting server (server close detected).
[20:40:48] [MONITOR] Restarting server (server close detected).
[20:42:42] [MONITOR] Restarting server (server close detected).
[20:44:37] [MONITOR] Restarting server (server close detected).
[20:46:33] [MONITOR] Restarting server (server close detected).
[20:48:27] [MONITOR] Restarting server (server close detected).
[20:50:22] [MONITOR] Restarting server (server close detected).
[20:52:18] [MONITOR] Restarting server (server close detected).
[20:54:12] [MONITOR] Restarting server (server close detected).
[20:56:08] [MONITOR] Restarting server (server close detected).
[20:58:03] [MONITOR] Restarting server (server close detected).
[20:59:57] [MONITOR] Restarting server (server close detected).
[21:01:53] [MONITOR] Restarting server (server close detected).
[21:03:47] [MONITOR] Restarting server (server close detected).
[21:05:42] [MONITOR] Restarting server (server close detected).
[21:07:38] [MONITOR] Restarting server (server close detected).
[21:09:32] [MONITOR] Restarting server (server close detected).
[21:11:27] [MONITOR] Restarting server (server close detected).
[21:13:23] [MONITOR] Restarting server (server close detected).
[21:15:17] [MONITOR] Restarting server (server close detected).
[21:17:12] [MONITOR] Restarting server (server close detected).
[21:19:08] [MONITOR] Restarting server (server close detected).
[21:21:02] [MONITOR] Restarting server (server close detected).
[21:22:58] [MONITOR] Restarting server (server close detected).
[21:24:52] [MONITOR] Restarting server (server close detected).
[21:26:47] [MONITOR] Restarting server (server close detected).
[21:28:43] [MONITOR] Restarting server (server close detected).
[21:30:37] [MONITOR] Restarting server (server close detected).
[21:32:33] [MONITOR] Restarting server (server close detected).
[21:34:28] [MONITOR] Restarting server (server close detected).
[21:36:22] [MONITOR] Restarting server (server close detected).
[21:38:18] [MONITOR] Restarting server (server close detected).
[21:40:12] [MONITOR] Restarting server (server close detected).
[21:42:07] [MONITOR] Restarting server (server close detected).
[21:44:03] [MONITOR] Restarting server (server close detected).
[21:45:57] [MONITOR] Restarting server (server close detected).
[21:47:52] [MONITOR] Restarting server (server close detected).
[21:49:48] [MONITOR] Restarting server (server close detected).
[21:51:42] [MONITOR] Restarting server (server close detected).
[21:53:38] [MONITOR] Restarting server (server close detected).
[21:55:32] [MONITOR] Restarting server (server close detected).
[21:57:27] [MONITOR] Restarting server (server close detected).
[21:59:23] [MONITOR] Restarting server (server close detected).
[22:01:17] [MONITOR] Restarting server (server close detected).
[22:03:13] [MONITOR] Restarting server (server close detected).
[22:05:07] [MONITOR] Restarting server (server close detected).
[22:07:02] [MONITOR] Restarting server (server close detected).
[22:08:58] [MONITOR] Restarting server (server close detected).
[22:10:52] [MONITOR] Restarting server (server close detected).
[22:12:48] [MONITOR] Restarting server (server close detected).
[22:14:44] [MONITOR] Restarting server (server close detected).
[22:16:38] [MONITOR] Restarting server (server close detected).
[22:18:34] [MONITOR] Restarting server (server close detected).
[22:20:28] [MONITOR] Restarting server (server close detected).
[22:22:23] [MONITOR] Restarting server (server close detected).
[22:24:19] [MONITOR] Restarting server (server close detected).
[22:26:13] [MONITOR] Restarting server (server close detected).
[22:28:09] [MONITOR] Restarting server (server close detected).
[22:30:03] [MONITOR] Restarting server (server close detected).
[22:31:59] [MONITOR] Restarting server (server close detected).
[22:33:54] [MONITOR] Restarting server (server close detected).
[22:35:48] [MONITOR] Restarting server (server close detected).
[22:59:09] [PaulJoych] RESTART SERVER
[12:02:19] [PaulJoych] logged in via in-game ui
[12:03:17] [PaulJoych] brforce 12
[12:06:37] [PaulJoych] revive 12
[12:08:00] [PaulJoych] revive 12
[12:09:08] [PaulJoych] revive 12
[12:09:30] [PaulJoych] revive 12
[12:15:35] [PaulJoych] revive 12
[12:22:00] [PaulJoych] revive 12
[12:22:29] [PaulJoych] ensure zone
[12:23:22] [PaulJoych] mulaizone
[12:29:24] [PaulJoych] revive 12
[12:32:33] [PaulJoych] revive 12
[12:33:16] [PaulJoych] revive 12
[12:35:19] [PaulJoych] revive 12
[12:51:30] [PaulJoych] RESTART SERVER
[11:13:41] [PaulJoych] logged in from 104.28.244.148 via password
[11:13:48] [PaulJoych] RESTART SERVER
[11:21:19] [PaulJoych] RESTART SERVER
[11:24:53] [PaulJoych] RESTART SERVER
[11:25:48] [PaulJoych] RESTART SERVER
[13:06:42] [PaulJoych] RESTART SERVER
[13:07:37] [PaulJoych] START SERVER
[13:12:11] [PaulJoych] RESTART SERVER
[13:12:26] [PaulJoych] START SERVER
[19:12:29] [PaulJoych] logged in from 104.28.212.148 via password
[19:12:36] [PaulJoych] RESTART SERVER

================================================================
======== txAdmin Starting - 4/27/2023, 1:16:23 PM               
================================================================

================================================================
======== txAdmin Starting - 4/27/2023, 1:17:06 PM               
================================================================

================================================================
======== txAdmin Starting - 4/27/2023, 1:17:33 PM               
================================================================
[13:18:01] [PaulJoych] logged in from 88.246.198.250 via password
[13:48:21] [PaulJoych] START SERVER
[13:49:51] [PaulJoych] Changing fxRunner settings.
[13:50:13] [PaulJoych] START SERVER
[13:50:35] [PaulJoych] RESTART SERVER
[13:54:43] [PaulJoych] Adding admin 'Bocil'.
[13:54:43] [Bocil] logged in via in-game ui
[13:54:53] [Bocil] logged in via in-game ui
[14:01:01] [Bocil] logged in via in-game ui
[14:03:29] [PaulJoych] RESTART SERVER
[14:04:27] [Bocil] logged in via in-game ui
[14:12:21] [Bocil] logged in via in-game ui
[14:22:17] [PaulJoych] refresh
[14:22:28] [PaulJoych] ensure NoDriveBy
[14:36:27] [PaulJoych] RESTART SERVER
[14:37:32] [PaulJoych] RESTART SERVER
[14:38:33] [Bocil] logged in via in-game ui
[14:55:36] [PaulJoych] RESTART SERVER
[14:57:06] [Bocil] logged in via in-game ui
[15:41:36] [PaulJoych] RESTART SERVER
[15:54:08] [Bocil] logged in via in-game ui
[15:57:50] [PaulJoych] RESTART SERVER
[15:58:54] [Bocil] logged in via in-game ui
[15:59:41] [PaulJoych] refresh
[15:59:46] [PaulJoych] esnure vd-logo
[15:59:52] [PaulJoych] ensure vd-logo
[15:59:56] [PaulJoych] refresh
[15:59:59] [PaulJoych] ensure vd-logo
[16:01:09] [PaulJoych] refresh
[16:01:13] [PaulJoych] ensure vd-logo
[16:02:35] [PaulJoych] refresh
[16:02:37] [PaulJoych] refresh
[16:02:44] [PaulJoych] ensure vd-logo
[16:02:49] [PaulJoych] esnure vd-logo
[16:02:56] [PaulJoych] ensure vd-logo
[16:03:53] [PaulJoych] refresh
[16:03:55] [PaulJoych] ensure vd-logo
[16:04:36] [PaulJoych] RESTART SERVER
[16:06:53] [Bocil] logged in via in-game ui
[16:07:37] [PaulJoych] ensure vd-logo
[16:09:32] [PaulJoych] ensure "vidigg"
[16:10:32] [PaulJoych] ensure "vidigg"
[16:13:02] [PaulJoych] Adding admin 'Alex'.
[16:13:03] [Bocil] logged in via in-game ui
[16:13:04] [Bocil] logged in via in-game ui
[16:13:24] [Alex] logged in from 182.253.183.14 via password
[16:13:32] [Alex] Changing own password.
[16:13:32] [Bocil] logged in via in-game ui
[16:13:34] [Bocil] logged in via in-game ui
[16:13:43] [Alex] ensure "vd-logo"
[16:13:52] [Alex] refresh
[16:14:18] [Alex] ensure "vd-logo"
[16:18:06] [Alex] stop "vd-logo"
[16:18:17] [Alex] refresh
[16:18:23] [Alex] ensure "vd-logo"
[16:18:36] [Alex] refresh
[16:18:39] [Alex] restart vd-logo
[16:19:18] [Alex] RESTART SERVER
[16:20:17] [Bocil] logged in via in-game ui
[16:21:49] [Alex] refresh
[16:21:53] [Alex] restart vd-logo
[16:22:25] [Alex] refresh
[16:23:12] [Alex] refresh
[16:23:16] [Alex] refresh
[16:23:31] [Alex] refresh
[16:23:59] [Alex] stop "vd-logo"
[16:24:04] [Alex] refresh
[16:30:17] [Alex] refresh
[16:31:43] [Alex] refresh
[16:31:55] [Alex] ensure jd_logo-main
[16:31:57] [Alex] ls
[16:31:59] [Alex] cd
[16:32:02] [Alex] refresh
[16:32:07] [Alex] RESTART SERVER
[16:32:13] [Alex] RESTART SERVER
[16:35:21] [Alex] refresh
[16:35:25] [Alex] refresh
[16:35:28] [Alex] RESTART SERVER
[16:35:37] [Alex] refresh
[16:35:39] [Alex] refresh
[16:35:39] [Alex] refresh
[16:35:41] [Alex] refresh
[16:35:56] [Alex] start gif_logo-master
[16:37:03] [Alex] refresh
[16:38:25] [Alex] RESTART SERVER
[16:38:29] [Alex] refresh
[16:40:22] [Alex] refresh
[16:40:23] [Bocil] logged in via in-game ui
[16:40:30] [Alex] ensure gif_logo-master
[16:43:26] [PaulJoych] ensure "vidigg"
[16:45:17] [Alex] stop "vd-logo"
[16:45:39] [Alex] refresh
[16:45:47] [Alex] ensure vd-logo
[16:46:10] [Alex] stop vd-logo
[16:47:50] [Alex] refresh
[16:47:52] [Alex] ensure vd-logo
[16:48:29] [Alex] RESTART SERVER
[16:49:27] [Bocil] logged in via in-game ui
[16:50:23] [Alex] refresh
[16:50:43] [Alex] ensure "vd-logo"
[16:50:54] [Alex] restart vd-logo
[16:51:40] [Alex] stop "vd-logo"
[16:52:29] [Alex] refresh
[16:52:33] [Alex] ensure vd-logo
[16:53:09] [Alex] ensure vd-logo
[16:56:15] [Alex] refresh
[16:56:33] [Alex] refresh
[16:56:35] [Alex] ensure vd-logo
[16:57:33] [Alex] stop vd-logo
[16:57:47] [Alex] refresh
[16:57:50] [Alex] ensure vd-logo
[17:00:08] [Alex] stop vd-logo
[17:00:20] [Alex] refresh
[17:00:23] [Alex] ensure vd-logo
[17:05:57] [Alex] ensure vd-logo
[17:06:19] [Alex] ensure vd-logo
[17:06:45] [Alex] ensure vd-logo
[17:08:21] [Alex] ensure vd-logo
[17:09:53] [Alex] ensure vd-logo
[17:12:08] [Alex] ensure vd-logo
[17:14:17] [Alex] ensure vd-logo
[17:14:40] [Alex] ensure vd-logo
[17:16:37] [Alex] ensure vd-logo
[17:17:44] [Alex] ensure vd-logo
[17:19:32] [Alex] ensure vd-logo
[17:20:14] [Alex] ensure vd-logo
[17:20:33] [Alex] ensure vd-logo
[17:20:56] [Alex] ensure vd-logo
[17:21:26] [Alex] ensure vd-logo
[17:22:22] [Alex] ensure vd-logo
[17:22:59] [Alex] ensure vd-logo
[17:44:37] [PaulJoych] Adding admin 'Jordans'.
[17:46:27] [Jordans] logged in from 202.46.68.87 via password
[17:46:35] [PaulJoych] remove dbc
[17:46:41] [PaulJoych] removedbc
[17:47:06] [PaulJoych] RESTART SERVER
[17:48:19] [Bocil] logged in via in-game ui
