
================================================================
======== txAdmin Starting - 5/14/2023, 4:15:59 AM               
================================================================

================================================================
======== Log Rotated - 5/14/2023, 4:15:59 AM                    
================================================================
[04:18:42] [royal_k4le] logged in via in-game ui
[04:22:26] [royal_nc4] logged in via in-game ui
[04:29:20] [royal_nc4] logged in from via NUI iframe
[04:40:55] [royal_k4le] logged in via in-game ui
[05:02:03] [royal_k4le] logged in from via NUI iframe
[05:02:30] [royal_k4le] RESTART SERVER
[05:07:13] [royal_k4le] logged in via in-game ui
[05:09:25] [royal_nc4] logged in via in-game ui
[05:26:59] [royal_nc4] logged in via in-game ui
[05:35:09] [royal_dnarteb_ing] logged in via in-game ui
[05:35:58] [royal_dnarteb_ing] logged in from via NUI iframe
[05:39:57] [royal_k4le] RESTART SERVER
[05:41:13] [royal_k4le] logged in via in-game ui
[05:44:58] [royal_nc4] logged in via in-game ui
[05:47:19] [royal_dnarteb_ing] logged in via in-game ui
[06:26:06] [royal_nc4] logged in via in-game ui
[06:29:24] [royal_k4le] RESTART SERVER
[06:37:54] [royalakai] logged in via in-game ui
[06:39:28] [royal_dnarteb_ing] logged in via in-game ui
[06:39:44] [royal_nc4] logged in via in-game ui
[06:41:20] [royal_k4le] logged in via in-game ui
[06:42:27] [royalakai] logged in from via NUI iframe
[06:59:25] [royal_nc4] logged in via in-game ui
[07:14:00] [royal_nc4] Warned #99: ncaa#0001
[07:20:33] [royalakai] RESTART SERVER
[07:24:39] [royalakai] logged in via in-game ui
[07:32:28] [royal_nc4] logged in via in-game ui
[07:34:26] [royal_k4le] logged in via in-game ui
[07:34:39] [royal_dnarteb_ing] logged in via in-game ui
[07:54:01] [royalakai] Kicked #57: LOS DOLLL
[07:56:39] [royalakai] Kicked #51: BACA RULES NGABB !!!
[08:14:22] [royalakai] RESTART SERVER
[08:16:40] [royalakai] logged in via in-game ui
[08:18:20] [royal_dnarteb_ing] logged in via in-game ui
[08:55:46] [royalakai] RESTART SERVER
[08:57:19] [royalakai] logged in via in-game ui
[08:59:18] [royal_nc4] logged in via in-game ui
[08:59:44] [royal_dnarteb_ing] logged in via in-game ui
[09:47:36] [royalakai] RESTART SERVER
[09:49:23] [royalakai] logged in via in-game ui
[09:49:56] [royal_dnarteb_ing] logged in via in-game ui
[10:07:58] [royal_dnarteb_ing] logged in via in-game ui
[10:08:40] [royal_dnarteb_ing] logged in from via NUI iframe
[10:08:55] [royal_dnarteb_ing] RESTART SERVER
[10:10:20] [royal_dnarteb_ing] logged in via in-game ui
[10:12:48] [royalakai] logged in via in-game ui
[10:17:47] [royalakai] Banned <steam:11000014f56cb34>: Cheating
[10:29:33] [royalrexmuknet] logged in via in-game ui
[10:49:45] [royalakai] RESTART SERVER
[10:51:31] [royalakai] logged in via in-game ui
[10:51:40] [royal_dnarteb_ing] logged in via in-game ui
[10:52:37] [royalakai] RESTART SERVER
[10:53:37] [royalakai] logged in via in-game ui
[10:54:12] [royal_dnarteb_ing] logged in via in-game ui
[10:55:17] [royalrexmuknet] logged in via in-game ui
[11:00:48] [royal_k4le] logged in via in-game ui
[11:02:26] [royal_k4le] logged in via in-game ui
[11:05:11] [royalrexmuknet] Warned #2: a
[11:16:53] [royalrexmuknet] logged in from via NUI iframe
[11:33:32] [royal_superb0yz] logged in via in-game ui
[11:36:12] [royalrexmuknet] DM to #2: leave crew kai biar ga ketauan
[11:36:43] [royalakai] DM to #23: keliatan apaan
[11:43:34] [royalakai] RESTART SERVER
[11:44:48] [royalakai] logged in via in-game ui
[11:45:10] [royalakai] RESTART SERVER
[11:46:45] [royalakai] logged in via in-game ui
[11:48:04] [royal_dnarteb_ing] logged in via in-game ui
[11:57:22] [royal_k4le] logged in via in-game ui
[11:58:28] [royal_superb0yz] logged in via in-game ui
[12:00:28] [royalrexmuknet] logged in via in-game ui
[12:00:32] [royal_nc4] logged in via in-game ui
[12:13:57] [royal_superb0yz] logged in via in-game ui
[12:32:27] [royalrexmuknet] STOP SERVER

================================================================
======== txAdmin Starting - 5/14/2023, 12:35:10 PM              
================================================================
[12:36:18] [royalakai] logged in via in-game ui
[12:37:11] [royal_superb0yz] logged in via in-game ui
[12:37:19] [royal_dnarteb_ing] logged in via in-game ui
[12:41:39] [royal_k4le] logged in via in-game ui
[12:43:30] [royalrexmuknet] logged in via in-game ui
[12:45:45] [royal_nc4] logged in via in-game ui
[12:51:56] [royal_nc4] logged in via in-game ui
[12:54:56] [royal_nc4] logged in from via NUI iframe
[13:01:04] [royal_superb0yz] logged in from via NUI iframe
[13:01:24] [royalakai] logged in from via NUI iframe
[13:01:39] [royalrexmuknet] logged in from via NUI iframe
[13:01:52] [royal_nc4] logged in from via NUI iframe
[13:28:05] [royalakai] RESTART SERVER

================================================================
======== txAdmin Starting - 5/14/2023, 3:09:34 PM               
================================================================
[15:12:23] [PaulJoych] logged in from 88.246.194.216 via password
[15:14:07] [royal_k4le] logged in via in-game ui
[15:20:29] [royal_nc4] logged in via in-game ui
[15:20:42] [royal_nc4] logged in from via NUI iframe
[15:33:50] [PaulJoych] ensure ox_lib
[15:34:10] [PaulJoych] RESTART SERVER
[15:35:15] [royalakai] logged in via in-game ui
[15:35:46] [royal_k4le] logged in via in-game ui
[15:40:17] [royal_nc4] logged in via in-game ui
[15:41:38] [PaulJoych] stop guard
[15:41:45] [PaulJoych] ensure ox_lib
[15:42:12] [PaulJoych] RESTART SERVER
[15:43:35] [royal_k4le] logged in via in-game ui
[15:43:45] [royal_nc4] logged in via in-game ui
[15:46:12] [PaulJoych] RESTART SERVER
[15:47:11] [royal_k4le] logged in via in-game ui
[15:52:34] [royalakai] logged in via in-game ui
[15:55:20] [PaulJoych] RESTART SERVER
[15:56:15] [royal_k4le] logged in via in-game ui
[15:58:34] [royalakai] logged in via in-game ui
[16:01:59] [PaulJoych] RESTART SERVER
[16:03:12] [royal_k4le] logged in via in-game ui
[16:06:48] [royalakai] logged in via in-game ui
[16:15:47] [PaulJoych] vidigg
[16:15:52] [PaulJoych] ensure vidigg
[16:16:33] [PaulJoych] RESTART SERVER
[16:17:39] [royalakai] logged in via in-game ui
[16:18:13] [royal_k4le] logged in via in-game ui
[16:23:08] [royal_superb0yz] logged in via in-game ui
