
================================================================
======== txAdmin Starting - 5/6/2023, 8:03:28 AM                
================================================================

================================================================
======== Log Rotated - 5/6/2023, 8:03:28 AM                     
================================================================

================================================================
======== txAdmin Starting - 5/6/2023, 12:42:41 PM               
================================================================
[13:06:49] [Alex] logged in from 182.2.44.248 via password
[13:06:58] [Alex] RESTART SERVER
[13:15:20] [Narchy] logged in via in-game ui
[13:16:56] [Alex] restart vidigg
[13:21:20] [Alex] restart vidigg
[13:21:26] [Alex] ensure vidigg
[13:29:20] [Alex] restart vidigg
[13:41:06] [Alex] RESTART SERVER
[13:43:10] [Narchy] logged in via in-game ui
[13:47:49] [Narchy] logged in from via NUI iframe
[13:48:24] [Narchy] /removedbc
[13:48:29] [Narchy] removedbc
[13:48:56] [Narchy] Changing own password.
[13:48:56] [Narchy] logged in via in-game ui
[13:48:59] [Narchy] logged in via in-game ui
[13:49:15] [Narchy] logged in from via NUI iframe
[13:50:33] [Alex] ensure adminmenu
[13:50:52] [Alex] ensure vidigg
[13:51:06] [Alex] ensure adminmenu
[13:51:22] [Alex] RESTART SERVER
[13:52:20] [Narchy] logged in via in-game ui
[14:04:29] [Alex] ensure vidigg
[14:06:27] [Alex] ensure zone
[14:09:29] [Alex] ensure adminmenu
[14:09:32] [Alex] ensure zone
[14:19:19] [Narchy] removedbc
[14:19:25] [Narchy] removedb
[14:19:30] [Narchy] RESTART SERVER
[14:20:24] [Narchy] logged in via in-game ui
[14:22:53] [Narchy] gas
[14:23:01] [Narchy] gasc
[14:42:48] [Narchy] Adding admin 'royal_k4le'.
[14:42:48] [royal_k4le] logged in via in-game ui
[14:42:48] [Narchy] logged in via in-game ui
[14:43:00] [royal_k4le] logged in via in-game ui
[14:43:00] [Narchy] logged in via in-game ui
[14:43:19] [Narchy] logged in from via NUI iframe
[14:43:46] [royal_k4le] logged in via in-game ui
[14:45:57] [Narchy] RESTART SERVER
[14:46:49] [royal_k4le] logged in via in-game ui
[14:46:53] [Narchy] logged in via in-game ui
[14:51:57] [Narchy] Deleting user 'Jordans'.
[14:51:57] [Narchy] logged in via in-game ui
[14:51:57] [royal_k4le] logged in via in-game ui
[14:52:01] [Narchy] logged in via in-game ui
[14:52:01] [royal_k4le] logged in via in-game ui
[14:52:07] [Narchy] logged in from via NUI iframe
[14:52:52] [Narchy] Adding admin 'royaljordan'.
[14:52:52] [royal_k4le] logged in via in-game ui
[14:52:52] [Narchy] logged in via in-game ui
[14:52:52] [royaljordan] logged in via in-game ui
[14:53:01] [Narchy] logged in via in-game ui
[14:53:01] [royal_k4le] logged in via in-game ui
[14:53:01] [royaljordan] logged in via in-game ui
[14:58:15] [Narchy] logged in from via NUI iframe
[15:00:07] [Narchy] Sending announcement: restart dl
[15:00:11] [Narchy] RESTART SERVER
[15:01:21] [royal_k4le] logged in via in-game ui
[15:01:30] [Narchy] logged in via in-game ui
[15:02:12] [royaljordan] logged in via in-game ui
[15:10:39] [Narchy] logged in via in-game ui
[15:42:10] [Narchy] removedbc

================================================================
======== txAdmin Starting - 5/6/2023, 4:28:46 PM                
================================================================
[16:32:28] [Alex] logged in from 182.2.37.187 via password
[16:32:35] [Alex] RESTART SERVER
[16:36:33] [Alex] RESTART SERVER
[16:38:36] [Alex] RESTART SERVER
[16:40:22] [Narchy] logged in via in-game ui
[16:42:18] [Alex] refresh
[16:42:25] [Alex] ensure gif_logo-master
[16:43:32] [Alex] ensure gif_logo-master
[16:44:50] [Alex] ensure gif_logo-master
[16:45:03] [Alex] ensure gif_logo-master
[16:45:12] [Alex] ensure gif_logo-master
[16:45:22] [Alex] ensure gif_logo-master
[16:46:25] [Alex] ensure gif_logo-master
[16:46:42] [Alex] stop "vd-logo"
[16:48:11] [Alex] ensure vd-aliv
[16:48:12] [Alex] eensure vd-aliv
[16:48:15] [Alex] ensure vd-alive
[16:48:27] [Alex] ensure vd-aliv
[16:48:31] [Alex] ensure vd-alive
[16:49:54] [Alex] ensure vd-alive
[16:50:19] [Alex] ensure vd-alive
[16:50:29] [Alex] ensure vd-alive
[16:50:39] [Alex] ensure vd-alive
[16:50:50] [Alex] ensure vd-alive
[16:51:09] [Alex] ensure vd-alive
[16:51:30] [Alex] ensure vd-alive
[16:52:00] [Alex] ensure vd-alive
[16:52:25] [Alex] ensure vd-alive
[16:53:46] [Alex] ensure vd-hud
[16:54:28] [Alex] ensure vidigg
[16:55:45] [Alex] ensure vd-alive
[16:56:19] [Alex] ensure vidigg
[16:56:43] [Alex] ensure vidigg
[16:58:07] [Alex] ensure vidigg
[16:58:25] [Narchy] logged in from via NUI iframe
[16:58:37] [Alex] ensure vidigg
[16:59:01] [Alex] ensure vidigg
[16:59:26] [Alex] ensure vidigg
[17:00:46] [Alex] ensure vidigg
[17:01:47] [Narchy] logged in via in-game ui
[17:03:50] [Alex] ensure vd-alive
[17:06:12] [Alex] ensure vd-alive
[17:06:21] [Alex] ensure vd-alive
[17:08:23] [Alex] ensure vidigg
[17:08:40] [Alex] ensure vidigg
[17:17:30] [Alex] ensure vd-alive
[17:17:47] [Alex] ensure vd-alive
[17:17:59] [Alex] ensure vd-alive
[17:18:07] [Alex] ensure vd-alive
[17:18:14] [Alex] ensure vd-alive
[17:18:27] [Alex] ensure vd-alive
[17:18:44] [Alex] ensure vd-alive
[17:20:56] [Alex] ensure gif-logo-master
[17:21:37] [Alex] ensure gif-logo-master
[17:21:49] [Alex] ensure gif_logo-master
[17:22:07] [Alex] ensure gif_logo-master
[17:22:26] [Alex] ensure gif_logo-master
[17:22:34] [Alex] ensure gif_logo-master
[17:22:54] [Alex] ensure gif_logo-master
[17:23:03] [Alex] ensure gif_logo-master
[17:24:26] [Alex] refresh
[17:24:29] [Alex] ensure vd-chat
[17:24:31] [Alex] stop chat
[17:24:46] [Alex] start chat
[17:25:36] [Alex] stop "chat"
[17:25:46] [Alex] RESTART SERVER
[17:26:12] [Alex] stop "chat"
[17:28:52] [Alex] RESTART SERVER
[17:29:07] [Alex] RESTART SERVER
[17:30:09] [Narchy] logged in via in-game ui
[17:36:42] [Alex] ensure vd-alive
[17:37:34] [Alex] ensure vd-alive
[17:37:58] [Alex] ensure vd-alive
[17:38:34] [Alex] ensure vd-alive
[17:39:02] [Alex] ensure vd-alive
[17:39:13] [Alex] ensure vd-alive
[17:39:33] [Alex] ensure vd-alive
[17:39:41] [Alex] ensure vd-alive
[17:39:51] [Alex] ensure vd-alive
[17:40:02] [Alex] ensure vd-alive
[17:40:09] [Alex] ensure vd-alive
[17:40:31] [Alex] ensure vd-alive
[17:40:40] [Alex] ensure vd-alive
[17:40:56] [Alex] ensure vd-alive
[17:41:06] [Alex] ensure vd-alive
[17:51:08] [Alex] setgroup 1 superadmin
[17:55:03] [Alex] ensure vidigg
[17:58:12] [Alex] STOP SERVER
[18:04:46] [Alex] START SERVER
[18:07:44] [Alex] RESTART SERVER
[18:08:41] [Narchy] logged in via in-game ui
[18:12:53] [Alex] ensure zone
[18:24:24] [Alex] ensure zone
[18:25:41] [Alex] ensure vd-crew
[18:25:55] [Alex] ensure vd-crew
[18:40:30] [Narchy] removedb
[18:40:39] [Narchy] removedbc
[18:40:51] [Narchy] gas
[18:40:54] [Narchy] gasc
[18:41:40] [Narchy] RESTART SERVER

================================================================
======== txAdmin Starting - 5/6/2023, 7:54:24 PM                
================================================================
[19:55:16] [Narchy] logged in via in-game ui
[19:56:22] [Narchy] logged in from via NUI iframe
[19:56:41] [Narchy] Adding admin 'ghoxbntg_lovecean'.
[19:56:41] [Narchy] logged in via in-game ui
[19:56:41] [ghoxbntg_lovecean] logged in via in-game ui
[19:56:46] [Narchy] logged in from via NUI iframe
[19:56:54] [Narchy] logged in via in-game ui
[19:56:54] [ghoxbntg_lovecean] logged in via in-game ui
[20:10:18] [Narchy] logged in from via NUI iframe
[20:10:40] [Narchy] Deleting user 'ghoxbntg_lovecean'.
[20:10:41] [Narchy] logged in via in-game ui
[20:10:44] [Narchy] logged in from via NUI iframe
[20:10:54] [Narchy] logged in via in-game ui
[20:10:55] [Narchy] logged in from via NUI iframe
[20:11:12] [Narchy] RESTART SERVER
