
================================================================
======== txAdmin Starting - 5/12/2023, 3:24:59 AM               
================================================================

================================================================
======== Log Rotated - 5/12/2023, 3:24:59 AM                    
================================================================

================================================================
======== txAdmin Starting - 5/12/2023, 7:44:27 AM               
================================================================
[07:46:17] [royaljordan] logged in via in-game ui
[07:55:20] [royaljordan] logged in from via NUI iframe
[08:03:32] [royaljordan] logged in via in-game ui
[08:09:47] [royalrexmuknet] logged in via in-game ui
[08:13:30] [royalakai] logged in via in-game ui
[08:26:26] [royalakai] logged in from via NUI iframe
[08:31:17] [royalakai] logged in via in-game ui
[08:33:00] [royalakai] RESTART SERVER
[08:34:12] [royaljordan] logged in via in-game ui
[08:34:53] [royalakai] logged in via in-game ui
[08:36:21] [royalakai] RESTART SERVER
[08:38:54] [Narchy] logged in via in-game ui
[08:39:02] [royalakai] logged in via in-game ui
[08:39:47] [Narchy] logged in from via NUI iframe
[08:40:12] [Narchy] Editing user 'royaljordan'.
[08:40:12] [Narchy] logged in via in-game ui
[08:40:12] [royalakai] logged in via in-game ui
[08:40:16] [Narchy] logged in via in-game ui
[08:40:16] [royalakai] logged in via in-game ui
[08:40:18] [Narchy] logged in from via NUI iframe
[08:40:19] [royalrexmuknet] logged in via in-game ui
[08:40:20] [royalrexmuknet] logged in via in-game ui
[08:40:20] [royalrexmuknet] logged in via in-game ui
[08:40:32] [royaljordan] logged in via in-game ui
[08:40:33] [royaljordan] logged in via in-game ui
[08:40:33] [royaljordan] logged in via in-game ui
[08:46:55] [royal_superb0yz] logged in via in-game ui
[08:53:49] [royal_superb0yz] logged in from via NUI iframe
[08:56:11] [royalrexmuknet] logged in from via NUI iframe
[08:56:49] [royaljordan] logged in from via NUI iframe
[09:07:40] [royalrexmuknet] DM to #38: a
[09:09:25] [royalakai] logged in via in-game ui
[09:17:04] [Narchy] Editing user 'royalrexmuknet'.
[09:17:04] [Narchy] logged in via in-game ui
[09:17:04] [royalrexmuknet] logged in via in-game ui
[09:17:04] [royaljordan] logged in via in-game ui
[09:17:04] [royalakai] logged in via in-game ui
[09:17:05] [royal_superb0yz] logged in via in-game ui
[09:17:17] [Narchy] logged in via in-game ui
[09:17:17] [royaljordan] logged in via in-game ui
[09:17:17] [royal_superb0yz] logged in via in-game ui
[09:17:17] [royalrexmuknet] logged in via in-game ui
[09:17:17] [royalakai] logged in via in-game ui
[09:20:41] [royalakai] logged in from via NUI iframe
[09:20:47] [royalakai] RESTART SERVER
[09:22:43] [royalakai] logged in via in-game ui
[09:23:47] [royaljordan] logged in via in-game ui
[09:24:10] [royal_superb0yz] logged in via in-game ui
[09:25:10] [royalrexmuknet] logged in via in-game ui
[09:27:36] [royal_superb0yz] logged in via in-game ui
[09:45:10] [Narchy] logged in via in-game ui
[10:01:27] [royal_superb0yz] logged in from via NUI iframe
[10:04:56] [royalakai] RESTART SERVER
[10:07:51] [royaljordan] logged in via in-game ui
[10:08:21] [royalakai] logged in via in-game ui
[10:12:18] [royalrexmuknet] logged in via in-game ui
[10:20:28] [royal_nc4] logged in via in-game ui
[10:25:47] [royal_superb0yz] logged in via in-game ui
[10:31:00] [royalrexmuknet] logged in from via NUI iframe
[10:36:05] [royalrexmuknet] logged in from via NUI iframe
[10:36:22] [royal_nc4] logged in from via NUI iframe
[10:40:08] [PaulJoych] logged in from 178.240.45.15 via password
[10:56:24] [royaljordan] logged in from via NUI iframe
[10:56:34] [royaljordan] RESTART SERVER

================================================================
======== txAdmin Starting - 5/12/2023, 12:16:41 PM              
================================================================

================================================================
======== txAdmin Starting - 5/12/2023, 12:25:26 PM              
================================================================
[12:27:40] [royaljordan] logged in via in-game ui

================================================================
======== txAdmin Starting - 5/12/2023, 1:54:27 PM               
================================================================
[13:56:22] [royaljordan] logged in via in-game ui
[14:02:59] [royaljordan] logged in from via NUI iframe
[14:03:05] [royaljordan] RESTART SERVER
