
================================================================
======== Log Rotated - 4/16/2023, 12:00:00 AM                   
================================================================
[                 cmd] Access denied for command list_aces.
[    script:EasyAdmin] 
[    script:EasyAdmin] --------------------------------------------------------------------------
[    script:EasyAdmin] 
[    script:EasyAdmin] EasyAdmin (EasyAdmin) is outdated.
[    script:EasyAdmin] Newest Version: 7.0
[    script:EasyAdmin] Your Version: 6.91
[    script:EasyAdmin] Please update it from https://github.com/Blumlaut/EasyAdmin/releases/tag/7.0
[    script:EasyAdmin] 
[    script:EasyAdmin] --------------------------------------------------------------------------
[ citizen-server-impl] sync thread hitch warning: timer interval of 101 milliseconds
[ citizen-server-impl] server thread hitch warning: timer interval of 215 milliseconds
[ citizen-server-impl] sync thread hitch warning: timer interval of 180 milliseconds
[ citizen-server-impl] server thread hitch warning: timer interval of 227 milliseconds
[ citizen-server-impl] network thread hitch warning: timer interval of 185 milliseconds
[ citizen-server-impl] server thread hitch warning: timer interval of 166 milliseconds
[ citizen-server-impl] sync thread hitch warning: timer interval of 204 milliseconds
[                 cmd] Access denied for command list_aces.
[    script:EasyAdmin] 
[    script:EasyAdmin] --------------------------------------------------------------------------
[    script:EasyAdmin] 
[    script:EasyAdmin] EasyAdmin (EasyAdmin) is outdated.
[    script:EasyAdmin] Newest Version: 7.0
[    script:EasyAdmin] Your Version: 6.91
[    script:EasyAdmin] Please update it from https://github.com/Blumlaut/EasyAdmin/releases/tag/7.0
[    script:EasyAdmin] 
[    script:EasyAdmin] --------------------------------------------------------------------------
[ citizen-server-impl] server thread hitch warning: timer interval of 263 milliseconds
[ citizen-server-impl] sync thread hitch warning: timer interval of 175 milliseconds
[ citizen-server-impl] server thread hitch warning: timer interval of 169 milliseconds
[ citizen-server-impl] sync thread hitch warning: timer interval of 192 milliseconds
[ citizen-server-impl] network thread hitch warning: timer interval of 189 milliseconds
[ citizen-server-impl] sync thread hitch warning: timer interval of 149 milliseconds
[ citizen-server-impl] server thread hitch warning: timer interval of 229 milliseconds
[ citizen-server-impl] sync thread hitch warning: timer interval of 104 milliseconds
[ citizen-server-impl] server thread hitch warning: timer interval of 216 milliseconds
[ citizen-server-impl] server thread hitch warning: timer interval of 205 milliseconds
[                 cmd] Access denied for command list_aces.
[    script:EasyAdmin] 
[    script:EasyAdmin] --------------------------------------------------------------------------
[    script:EasyAdmin] 
[    script:EasyAdmin] EasyAdmin (EasyAdmin) is outdated.
[    script:EasyAdmin] Newest Version: 7.0
[    script:EasyAdmin] Your Version: 6.91
[    script:EasyAdmin] Please update it from https://github.com/Blumlaut/EasyAdmin/releases/tag/7.0
[    script:EasyAdmin] 
[    script:EasyAdmin] --------------------------------------------------------------------------
[ citizen-server-impl] sync thread hitch warning: timer interval of 148 milliseconds
[ citizen-server-impl] server thread hitch warning: timer interval of 151 milliseconds
[ citizen-server-impl] sync thread hitch warning: timer interval of 178 milliseconds
[ citizen-server-impl] network thread hitch warning: timer interval of 167 milliseconds
[ citizen-server-impl] network thread hitch warning: timer interval of 200 milliseconds
[ citizen-server-impl] sync thread hitch warning: timer interval of 157 milliseconds
[ citizen-server-impl] server thread hitch warning: timer interval of 203 milliseconds
[ citizen-server-impl] sync thread hitch warning: timer interval of 120 milliseconds
[ citizen-server-impl] network thread hitch warning: timer interval of 164 milliseconds
[ citizen-server-impl] sync thread hitch warning: timer interval of 174 milliseconds
[ citizen-server-impl] server thread hitch warning: timer interval of 172 milliseconds
[                 cmd] Access denied for command list_aces.
[    script:EasyAdmin] 
[    script:EasyAdmin] --------------------------------------------------------------------------
[    script:EasyAdmin] 
[    script:EasyAdmin] EasyAdmin (EasyAdmin) is outdated.
[    script:EasyAdmin] Newest Version: 7.0
[    script:EasyAdmin] Your Version: 6.91
[    script:EasyAdmin] Please update it from https://github.com/Blumlaut/EasyAdmin/releases/tag/7.0
[    script:EasyAdmin] 
[    script:EasyAdmin] --------------------------------------------------------------------------
[ citizen-server-impl] sync thread hitch warning: timer interval of 189 milliseconds
[ citizen-server-impl] network thread hitch warning: timer interval of 189 milliseconds
[ citizen-server-impl] server thread hitch warning: timer interval of 200 milliseconds
[ citizen-server-impl] sync thread hitch warning: timer interval of 166 milliseconds
[ citizen-server-impl] server thread hitch warning: timer interval of 166 milliseconds
[ citizen-server-impl] sync thread hitch warning: timer interval of 171 milliseconds
[ citizen-server-impl] server thread hitch warning: timer interval of 183 milliseconds
[ citizen-server-impl] network thread hitch warning: timer interval of 192 milliseconds
[ citizen-server-impl] network thread hitch warning: timer interval of 186 milliseconds
[ citizen-server-impl] sync thread hitch warning: timer interval of 202 milliseconds
[ citizen-server-impl] server thread hitch warning: timer interval of 183 milliseconds
[ citizen-server-impl] sync thread hitch warning: timer interval of 103 milliseconds
[ citizen-server-impl] server thread hitch warning: timer interval of 228 milliseconds
[ citizen-server-impl] network thread hitch warning: timer interval of 195 milliseconds
[ citizen-server-impl] sync thread hitch warning: timer interval of 158 milliseconds
[ citizen-server-impl] server thread hitch warning: timer interval of 162 milliseconds
[ citizen-server-impl] server thread hitch warning: timer interval of 208 milliseconds
[                 cmd] Access denied for command list_aces.
[    script:EasyAdmin] 
[    script:EasyAdmin] --------------------------------------------------------------------------
[    script:EasyAdmin] 
[    script:EasyAdmin] EasyAdmin (EasyAdmin) is outdated.
[    script:EasyAdmin] Newest Version: 7.0
[    script:EasyAdmin] Your Version: 6.91
[    script:EasyAdmin] Please update it from https://github.com/Blumlaut/EasyAdmin/releases/tag/7.0
[    script:EasyAdmin] 
[    script:EasyAdmin] --------------------------------------------------------------------------
[ citizen-server-impl] network thread hitch warning: timer interval of 191 milliseconds
[ citizen-server-impl] server thread hitch warning: timer interval of 238 milliseconds
[ citizen-server-impl] sync thread hitch warning: timer interval of 170 milliseconds
[ citizen-server-impl] server thread hitch warning: timer interval of 173 milliseconds
[ citizen-server-impl] network thread hitch warning: timer interval of 177 milliseconds
[ citizen-server-impl] sync thread hitch warning: timer interval of 144 milliseconds
[ citizen-server-impl] server thread hitch warning: timer interval of 199 milliseconds
[ citizen-server-impl] sync thread hitch warning: timer interval of 136 milliseconds
[ citizen-server-impl] server thread hitch warning: timer interval of 213 milliseconds
[ citizen-server-impl] network thread hitch warning: timer interval of 181 milliseconds
[ citizen-server-impl] server thread hitch warning: timer interval of 201 milliseconds
[ citizen-server-impl] network thread hitch warning: timer interval of 163 milliseconds
[                 cmd] Access denied for command list_aces.
[    script:EasyAdmin] 
[    script:EasyAdmin] --------------------------------------------------------------------------
[    script:EasyAdmin] 
[    script:EasyAdmin] EasyAdmin (EasyAdmin) is outdated.
[    script:EasyAdmin] Newest Version: 7.0
[    script:EasyAdmin] Your Version: 6.91
[    script:EasyAdmin] Please update it from https://github.com/Blumlaut/EasyAdmin/releases/tag/7.0
[    script:EasyAdmin] 
[    script:EasyAdmin] --------------------------------------------------------------------------
[ citizen-server-impl] server thread hitch warning: timer interval of 171 milliseconds
[ citizen-server-impl] network thread hitch warning: timer interval of 166 milliseconds
[ citizen-server-impl] sync thread hitch warning: timer interval of 175 milliseconds
[ citizen-server-impl] sync thread hitch warning: timer interval of 138 milliseconds
[ citizen-server-impl] sync thread hitch warning: timer interval of 137 milliseconds
[ citizen-server-impl] server thread hitch warning: timer interval of 171 milliseconds
[ citizen-server-impl] sync thread hitch warning: timer interval of 173 milliseconds
[ citizen-server-impl] server thread hitch warning: timer interval of 175 milliseconds
[ citizen-server-impl] network thread hitch warning: timer interval of 175 milliseconds
[ citizen-server-impl] sync thread hitch warning: timer interval of 157 milliseconds
[ citizen-server-impl] sync thread hitch warning: timer interval of 105 milliseconds
[ citizen-server-impl] sync thread hitch warning: timer interval of 110 milliseconds
[ citizen-server-impl] sync thread hitch warning: timer interval of 120 milliseconds
[ citizen-server-impl] server thread hitch warning: timer interval of 172 milliseconds
[ citizen-server-impl] sync thread hitch warning: timer interval of 101 milliseconds
[ citizen-server-impl] network thread hitch warning: timer interval of 161 milliseconds
[ citizen-server-impl] server thread hitch warning: timer interval of 165 milliseconds
[                 cmd] Access denied for command list_aces.
[    script:EasyAdmin] 
[    script:EasyAdmin] --------------------------------------------------------------------------
[    script:EasyAdmin] 
[    script:EasyAdmin] EasyAdmin (EasyAdmin) is outdated.
[    script:EasyAdmin] Newest Version: 7.0
[    script:EasyAdmin] Your Version: 6.91
[    script:EasyAdmin] Please update it from https://github.com/Blumlaut/EasyAdmin/releases/tag/7.0
[    script:EasyAdmin] 
[    script:EasyAdmin] --------------------------------------------------------------------------
[ citizen-server-impl] sync thread hitch warning: timer interval of 165 milliseconds
[ citizen-server-impl] server thread hitch warning: timer interval of 196 milliseconds
[ citizen-server-impl] network thread hitch warning: timer interval of 169 milliseconds
[ citizen-server-impl] network thread hitch warning: timer interval of 177 milliseconds
[ citizen-server-impl] sync thread hitch warning: timer interval of 126 milliseconds
[ citizen-server-impl] server thread hitch warning: timer interval of 193 milliseconds
[ citizen-server-impl] sync thread hitch warning: timer interval of 118 milliseconds
[ citizen-server-impl] server thread hitch warning: timer interval of 155 milliseconds
[ citizen-server-impl] sync thread hitch warning: timer interval of 108 milliseconds
[ citizen-server-impl] server thread hitch warning: timer interval of 205 milliseconds
[ citizen-server-impl] network thread hitch warning: timer interval of 181 milliseconds
[ citizen-server-impl] sync thread hitch warning: timer interval of 202 milliseconds
[ citizen-server-impl] sync thread hitch warning: timer interval of 122 milliseconds
[ citizen-server-impl] sync thread hitch warning: timer interval of 141 milliseconds
[ citizen-server-impl] server thread hitch warning: timer interval of 218 milliseconds
[                 cmd] Access denied for command list_aces.
[    script:EasyAdmin] 
[    script:EasyAdmin] --------------------------------------------------------------------------
[    script:EasyAdmin] 
[    script:EasyAdmin] EasyAdmin (EasyAdmin) is outdated.
[    script:EasyAdmin] Newest Version: 7.0
[    script:EasyAdmin] Your Version: 6.91
[    script:EasyAdmin] Please update it from https://github.com/Blumlaut/EasyAdmin/releases/tag/7.0
[    script:EasyAdmin] 
[    script:EasyAdmin] --------------------------------------------------------------------------
[ citizen-server-impl] sync thread hitch warning: timer interval of 124 milliseconds
[ citizen-server-impl] server thread hitch warning: timer interval of 219 milliseconds
[ citizen-server-impl] sync thread hitch warning: timer interval of 122 milliseconds
[ citizen-server-impl] server thread hitch warning: timer interval of 189 milliseconds
[ citizen-server-impl] sync thread hitch warning: timer interval of 158 milliseconds
[ citizen-server-impl] server thread hitch warning: timer interval of 201 milliseconds
[ citizen-server-impl] sync thread hitch warning: timer interval of 149 milliseconds
[ citizen-server-impl] server thread hitch warning: timer interval of 169 milliseconds
[ citizen-server-impl] sync thread hitch warning: timer interval of 174 milliseconds
[ citizen-server-impl] server thread hitch warning: timer interval of 192 milliseconds
[ citizen-server-impl] network thread hitch warning: timer interval of 175 milliseconds
[ citizen-server-impl] network thread hitch warning: timer interval of 168 milliseconds
[ citizen-server-impl] sync thread hitch warning: timer interval of 146 milliseconds
[                 cmd] Access denied for command list_aces.
[    script:EasyAdmin] 
[    script:EasyAdmin] --------------------------------------------------------------------------
[    script:EasyAdmin] 
[    script:EasyAdmin] EasyAdmin (EasyAdmin) is outdated.
[    script:EasyAdmin] Newest Version: 7.0
[    script:EasyAdmin] Your Version: 6.91
[    script:EasyAdmin] Please update it from https://github.com/Blumlaut/EasyAdmin/releases/tag/7.0
[    script:EasyAdmin] 
[    script:EasyAdmin] --------------------------------------------------------------------------
[ citizen-server-impl] sync thread hitch warning: timer interval of 131 milliseconds
[ citizen-server-impl] sync thread hitch warning: timer interval of 173 milliseconds
[ citizen-server-impl] server thread hitch warning: timer interval of 175 milliseconds
[ citizen-server-impl] sync thread hitch warning: timer interval of 181 milliseconds
[ citizen-server-impl] network thread hitch warning: timer interval of 182 milliseconds
[ citizen-server-impl] sync thread hitch warning: timer interval of 107 milliseconds
[ citizen-server-impl] sync thread hitch warning: timer interval of 130 milliseconds
[ citizen-server-impl] server thread hitch warning: timer interval of 158 milliseconds
[ citizen-server-impl] sync thread hitch warning: timer interval of 160 milliseconds
[ citizen-server-impl] network thread hitch warning: timer interval of 163 milliseconds
[ citizen-server-impl] network thread hitch warning: timer interval of 158 milliseconds
[ citizen-server-impl] server thread hitch warning: timer interval of 187 milliseconds
[ citizen-server-impl] sync thread hitch warning: timer interval of 143 milliseconds
[ citizen-server-impl] sync thread hitch warning: timer interval of 126 milliseconds
[ citizen-server-impl] server thread hitch warning: timer interval of 210 milliseconds
[                 cmd] Access denied for command list_aces.
[    script:EasyAdmin] 
[    script:EasyAdmin] --------------------------------------------------------------------------
[    script:EasyAdmin] 
[    script:EasyAdmin] EasyAdmin (EasyAdmin) is outdated.
[    script:EasyAdmin] Newest Version: 7.0
[    script:EasyAdmin] Your Version: 6.91
[    script:EasyAdmin] Please update it from https://github.com/Blumlaut/EasyAdmin/releases/tag/7.0
[    script:EasyAdmin] 
[    script:EasyAdmin] --------------------------------------------------------------------------
[ citizen-server-impl] server thread hitch warning: timer interval of 172 milliseconds
[ citizen-server-impl] sync thread hitch warning: timer interval of 156 milliseconds
[ citizen-server-impl] network thread hitch warning: timer interval of 155 milliseconds
[ citizen-server-impl] server thread hitch warning: timer interval of 180 milliseconds
[ citizen-server-impl] sync thread hitch warning: timer interval of 101 milliseconds
[ citizen-server-impl] server thread hitch warning: timer interval of 224 milliseconds
[ citizen-server-impl] network thread hitch warning: timer interval of 152 milliseconds
[ citizen-server-impl] sync thread hitch warning: timer interval of 144 milliseconds
[ citizen-server-impl] network thread hitch warning: timer interval of 188 milliseconds
[ citizen-server-impl] sync thread hitch warning: timer interval of 139 milliseconds
[ citizen-server-impl] server thread hitch warning: timer interval of 212 milliseconds
[ citizen-server-impl] sync thread hitch warning: timer interval of 134 milliseconds
[ citizen-server-impl] network thread hitch warning: timer interval of 176 milliseconds
[ citizen-server-impl] sync thread hitch warning: timer interval of 189 milliseconds
[ citizen-server-impl] server thread hitch warning: timer interval of 187 milliseconds
[ citizen-server-impl] sync thread hitch warning: timer interval of 128 milliseconds
[                 cmd] Access denied for command list_aces.
[    script:EasyAdmin] 
[    script:EasyAdmin] --------------------------------------------------------------------------
[    script:EasyAdmin] 
[    script:EasyAdmin] EasyAdmin (EasyAdmin) is outdated.
[    script:EasyAdmin] Newest Version: 7.0
[    script:EasyAdmin] Your Version: 6.91
[    script:EasyAdmin] Please update it from https://github.com/Blumlaut/EasyAdmin/releases/tag/7.0
[    script:EasyAdmin] 
[    script:EasyAdmin] --------------------------------------------------------------------------
[ citizen-server-impl] network thread hitch warning: timer interval of 174 milliseconds
[ citizen-server-impl] sync thread hitch warning: timer interval of 176 milliseconds
[ citizen-server-impl] server thread hitch warning: timer interval of 218 milliseconds
[ citizen-server-impl] network thread hitch warning: timer interval of 165 milliseconds
[ citizen-server-impl] server thread hitch warning: timer interval of 153 milliseconds
[ citizen-server-impl] network thread hitch warning: timer interval of 178 milliseconds
[ citizen-server-impl] sync thread hitch warning: timer interval of 132 milliseconds
[ citizen-server-impl] server thread hitch warning: timer interval of 210 milliseconds
[ citizen-server-impl] server thread hitch warning: timer interval of 187 milliseconds
[ citizen-server-impl] sync thread hitch warning: timer interval of 187 milliseconds
[ citizen-server-impl] sync thread hitch warning: timer interval of 174 milliseconds
[ citizen-server-impl] server thread hitch warning: timer interval of 214 milliseconds
[ citizen-server-impl] network thread hitch warning: timer interval of 189 milliseconds
[ citizen-server-impl] sync thread hitch warning: timer interval of 173 milliseconds
[ citizen-server-impl] network thread hitch warning: timer interval of 177 milliseconds
[ citizen-server-impl] server thread hitch warning: timer interval of 205 milliseconds
[ citizen-server-impl] sync thread hitch warning: timer interval of 189 milliseconds
[ citizen-server-impl] network thread hitch warning: timer interval of 188 milliseconds
[ citizen-server-impl] server thread hitch warning: timer interval of 151 milliseconds
[ citizen-server-impl] sync thread hitch warning: timer interval of 161 milliseconds
[ citizen-server-impl] network thread hitch warning: timer interval of 169 milliseconds
[ citizen-server-impl] server thread hitch warning: timer interval of 180 milliseconds
[ citizen-server-impl] network thread hitch warning: timer interval of 178 milliseconds
[ citizen-server-impl] server thread hitch warning: timer interval of 180 milliseconds
[ citizen-server-impl] sync thread hitch warning: timer interval of 177 milliseconds
[                 cmd] Access denied for command list_aces.
[    script:EasyAdmin] 
[    script:EasyAdmin] --------------------------------------------------------------------------
[    script:EasyAdmin] 
[    script:EasyAdmin] EasyAdmin (EasyAdmin) is outdated.
[    script:EasyAdmin] Newest Version: 7.0
[    script:EasyAdmin] Your Version: 6.91
[    script:EasyAdmin] Please update it from https://github.com/Blumlaut/EasyAdmin/releases/tag/7.0
[    script:EasyAdmin] 
[    script:EasyAdmin] --------------------------------------------------------------------------
[ citizen-server-impl] sync thread hitch warning: timer interval of 116 milliseconds
[ citizen-server-impl] server thread hitch warning: timer interval of 190 milliseconds
[ citizen-server-impl] sync thread hitch warning: timer interval of 127 milliseconds
[ citizen-server-impl] network thread hitch warning: timer interval of 183 milliseconds
[ citizen-server-impl] server thread hitch warning: timer interval of 187 milliseconds
[ citizen-server-impl] network thread hitch warning: timer interval of 154 milliseconds
[ citizen-server-impl] network thread hitch warning: timer interval of 180 milliseconds
[ citizen-server-impl] sync thread hitch warning: timer interval of 175 milliseconds
[ citizen-server-impl] server thread hitch warning: timer interval of 184 milliseconds
[ citizen-server-impl] network thread hitch warning: timer interval of 182 milliseconds
[ citizen-server-impl] server thread hitch warning: timer interval of 192 milliseconds
[ citizen-server-impl] sync thread hitch warning: timer interval of 184 milliseconds
[ citizen-server-impl] server thread hitch warning: timer interval of 181 milliseconds
[ citizen-server-impl] sync thread hitch warning: timer interval of 173 milliseconds
[ citizen-server-impl] server thread hitch warning: timer interval of 181 milliseconds
[ script:connectqueue] QUEUE: GHOxPREDATOR - Narchy[steam:110000113950df1] was placed 1/1 in queue
[ script:connectqueue] QUEUE: GHOxPREDATOR - Narchy[steam:110000113950df1] is loading into the server
[      script:vd_core] [INFO] Player "GHOxPREDATOR - Narchy" has connected to the server. ID: 3
[       script:vidigg] SCRIPT ERROR: @vidigg/server/sv_dumpster.lua:31: attempt to index a nil value
[ citizen-server-impl] network thread hitch warning: timer interval of 156 milliseconds
[ citizen-server-impl] server thread hitch warning: timer interval of 217 milliseconds
[ citizen-server-impl] sync thread hitch warning: timer interval of 160 milliseconds
[ citizen-server-impl] server thread hitch warning: timer interval of 228 milliseconds
[ citizen-server-impl] network thread hitch warning: timer interval of 188 milliseconds
[      script:vd_core] [INFO] Saved 1 player over 0.0 ms
[ citizen-server-impl] sync thread hitch warning: timer interval of 106 milliseconds
[ citizen-server-impl] network thread hitch warning: timer interval of 196 milliseconds
[ citizen-server-impl] sync thread hitch warning: timer interval of 107 milliseconds
[ citizen-server-impl] server thread hitch warning: timer interval of 234 milliseconds
[ script:connectqueue] QUEUE: ROYAL- superB0yz[steam:11000014386afd0] was placed 1/1 in queue
[ script:connectqueue] QUEUE: ROYAL- superB0yz[steam:11000014386afd0] is loading into the server
[ script:connectqueue] QUEUE: RoyaL-Ackaiii#MUKNET[steam:1100001462062ac] was placed 1/1 in queue
[ script:connectqueue] QUEUE: RoyaL-Ackaiii#MUKNET[steam:1100001462062ac] is loading into the server
[      script:vd_core] [INFO] Player "ROYAL- superB0yz" has connected to the server. ID: 4
[ script:connectqueue] QUEUE: Royal-Jordan[steam:1100001487bfdfc] was placed 1/1 in queue
[ script:connectqueue] QUEUE: Royal-Jordan[steam:1100001487bfdfc] is loading into the server
[ script:connectqueue] QUEUE: RoyaL - Ncaa.[steam:110000144e17d77] was placed 1/1 in queue
[ script:connectqueue] QUEUE: RoyaL - Ncaa.[steam:110000144e17d77] is loading into the server
[      script:vd_core] [INFO] Player "RoyaL-Ackaiii#MUKNET" has connected to the server. ID: 5
[ script:connectqueue] QUEUE: ING - dnarteB #ROYAL[steam:11000013441b8f1] was placed 1/1 in queue
[ script:connectqueue] QUEUE: ING - dnarteB #ROYAL[steam:11000013441b8f1] is loading into the server
[ script:connectqueue] QUEUE: RoyaL - K4LE [steam:11000010d5b13b9] was placed 1/1 in queue
[ script:connectqueue] QUEUE: RoyaL - K4LE [steam:11000010d5b13b9] is loading into the server
[    c-scripting-core] InvokeNative: execution failed: Argument at index 0 was null.
[       script:vidigg] SCRIPT ERROR: Execution of native 000000006e31e993 in script host failed: Argument at index 0 was null.
[       script:vidigg] > handler (@vidigg/server/sv_notifkill.lua:55)
[      script:vd_core] [INFO] Player "RoyaL - Ncaa." has connected to the server. ID: 7
[      script:vd_core] [INFO] Player "Royal-Jordan" has connected to the server. ID: 6
[      script:vd_core] [INFO] Player "ING - dnarteB #ROYAL" has connected to the server. ID: 8
[      script:vd_core] [INFO] Saved player "ING - dnarteB #ROYAL"
[      script:vd_core] [INFO] Player "RoyaL - K4LE " has connected to the server. ID: 9
[         script:chat] GHOxPREDATOR - Narchy: dah semua ?
[         script:chat] ROYAL- superB0yz: udah bg
[         script:chat] GHOxPREDATOR - Narchy: turun d redzone ya
[         script:chat] RoyaL - Ncaa.: ulang
[ script:connectqueue] QUEUE: ING - dnarteB #ROYAL[steam:11000013441b8f1] was placed 1/1 in queue
[ script:connectqueue] QUEUE: ING - dnarteB #ROYAL[steam:11000013441b8f1] is loading into the server
[       script:vidigg] SCRIPT ERROR: @vidigg/server/sv_dumpster.lua:31: attempt to index a nil value
[      script:vd_core] [INFO] Player "ING - dnarteB #ROYAL" has connected to the server. ID: 10
[    c-scripting-core] InvokeNative: execution failed: Argument at index 0 was null.
[       script:vidigg] SCRIPT ERROR: Execution of native 000000006e31e993 in script host failed: Argument at index 0 was null.
[       script:vidigg] > handler (@vidigg/server/sv_notifkill.lua:55)
[    c-scripting-core] InvokeNative: execution failed: Argument at index 0 was null.
[       script:vidigg] SCRIPT ERROR: Execution of native 000000006e31e993 in script host failed: Argument at index 0 was null.
[       script:vidigg] > handler (@vidigg/server/sv_notifkill.lua:55)
[         script:chat] GHOxPREDATOR - Narchy: coba yg mati tungguin sampe dc
[                 cmd] Access denied for command revive.
[ citizen-server-impl] server thread hitch warning: timer interval of 208 milliseconds
[ citizen-server-impl] network thread hitch warning: timer interval of 202 milliseconds
[ citizen-server-impl] sync thread hitch warning: timer interval of 193 milliseconds
[      script:vd_core] [INFO] Saved player "Royal-Jordan"
[                 cmd] Access denied for command list_aces.
[    script:EasyAdmin] 
[    script:EasyAdmin] --------------------------------------------------------------------------
[    script:EasyAdmin] 
[    script:EasyAdmin] EasyAdmin (EasyAdmin) is outdated.
[    script:EasyAdmin] Newest Version: 7.0
[    script:EasyAdmin] Your Version: 6.91
[    script:EasyAdmin] Please update it from https://github.com/Blumlaut/EasyAdmin/releases/tag/7.0
[    script:EasyAdmin] 
[    script:EasyAdmin] --------------------------------------------------------------------------
[      script:vd_core] [INFO] Saved 6 players over 0.0 ms
[ script:connectqueue] QUEUE: Royal-Jordan[steam:1100001487bfdfc] was placed 1/1 in queue
[ script:connectqueue] QUEUE: Royal-Jordan[steam:1100001487bfdfc] is loading into the server
[      script:vd_core] [INFO] Player "Royal-Jordan" has connected to the server. ID: 11
[ script:connectqueue] QUEUE: Sloouxy[steam:110000141340320] was placed 1/1 in queue
[ script:connectqueue] QUEUE: Sloouxy[steam:110000141340320] is loading into the server
[    c-scripting-core] InvokeNative: execution failed: Argument at index 0 was null.
[       script:vidigg] SCRIPT ERROR: Execution of native 000000006e31e993 in script host failed: Argument at index 0 was null.
[       script:vidigg] > handler (@vidigg/server/sv_notifkill.lua:55)
[      script:vd_core] [INFO] Player "Sloouxy" has connected to the server. ID: 12
[         script:chat] GHOxPREDATOR - Narchy: ngurang kan ?
[         script:chat] ROYAL- superB0yz: iya
[         script:chat] ROYAL- superB0yz: ngurang
[         script:chat] Royal-Jordan: ngurang kalau keluar kota
[         script:chat] GHOxPREDATOR - Narchy: memang gitu jor
[       script:vidigg] SCRIPT ERROR: @vidigg/server/sv_dumpster.lua:31: attempt to index a nil value
> brforce 12
[    c-scripting-core] InvokeNative: execution failed: Argument at index 0 was null.
[       script:vidigg] SCRIPT ERROR: Execution of native 000000006e31e993 in script host failed: Argument at index 0 was null.
[       script:vidigg] > handler (@vidigg/server/sv_notifkill.lua:55)
[       script:vidigg] SCRIPT ERROR: @vidigg/server/sv_dumpster.lua:31: attempt to index a nil value
[    c-scripting-core] InvokeNative: execution failed: Argument at index 0 was null.
[       script:vidigg] SCRIPT ERROR: Execution of native 000000006e31e993 in script host failed: Argument at index 0 was null.
[       script:vidigg] > handler (@vidigg/server/sv_notifkill.lua:55)
[    c-scripting-core] InvokeNative: execution failed: Argument at index 0 was null.
[       script:vidigg] SCRIPT ERROR: Execution of native 000000006e31e993 in script host failed: Argument at index 0 was null.
[       script:vidigg] > handler (@vidigg/server/sv_notifkill.lua:55)
[         script:chat] Royal-Jordan: ok
[    c-scripting-core] InvokeNative: execution failed: Argument at index 0 was null.
[       script:vidigg] SCRIPT ERROR: Execution of native 000000006e31e993 in script host failed: Argument at index 0 was null.
[       script:vidigg] > handler (@vidigg/server/sv_notifkill.lua:55)
[       script:vidigg] SCRIPT ERROR: @vidigg/server/sv_dumpster.lua:31: attempt to index a nil value
[       script:vidigg] SCRIPT ERROR: @vidigg/server/sv_dumpster.lua:31: attempt to index a nil value
[      script:vd_core] [INFO] Saved player "RoyaL-Ackaiii#MUKNET"
[       script:vidigg] SCRIPT ERROR: @vidigg/server/sv_dumpster.lua:31: attempt to index a nil value
[       script:vidigg] SCRIPT ERROR: @vidigg/server/sv_dumpster.lua:31: attempt to index a nil value
[ citizen-server-impl] network thread hitch warning: timer interval of 162 milliseconds
[ citizen-server-impl] server thread hitch warning: timer interval of 196 milliseconds
[ citizen-server-impl] sync thread hitch warning: timer interval of 177 milliseconds
[    script:adminmenu] false
[    c-scripting-core] InvokeNative: execution failed: Argument at index 0 was null.
[       script:vidigg] SCRIPT ERROR: Execution of native 000000006e31e993 in script host failed: Argument at index 0 was null.
[       script:vidigg] > handler (@vidigg/server/sv_notifkill.lua:55)
[ script:connectqueue] QUEUE: RoyaL-Ackaiii#MUKNET[steam:1100001462062ac] was placed 1/1 in queue
[ script:connectqueue] QUEUE: RoyaL-Ackaiii#MUKNET[steam:1100001462062ac] is loading into the server
[      script:vd_core] [INFO] Player "RoyaL-Ackaiii#MUKNET" has connected to the server. ID: 13
[       script:vidigg] SCRIPT ERROR: @vidigg/server/sv_dumpster.lua:31: attempt to index a nil value
[                 cmd] Access denied for command revive.
> revive 12
[    c-scripting-core] InvokeNative: execution failed: Argument at index 0 was null.
[       script:vidigg] SCRIPT ERROR: Execution of native 000000006e31e993 in script host failed: Argument at index 0 was null.
[       script:vidigg] > handler (@vidigg/server/sv_notifkill.lua:55)
[    c-scripting-core] InvokeNative: execution failed: Argument at index 0 was null.
[       script:vidigg] SCRIPT ERROR: Execution of native 000000006e31e993 in script host failed: Argument at index 0 was null.
[       script:vidigg] > handler (@vidigg/server/sv_notifkill.lua:55)
[       script:vidigg] SCRIPT ERROR: @vidigg/server/sv_dumpster.lua:31: attempt to index a nil value
[    c-scripting-core] InvokeNative: execution failed: Argument at index 0 was null.
[       script:vidigg] SCRIPT ERROR: Execution of native 000000006e31e993 in script host failed: Argument at index 0 was null.
[       script:vidigg] > handler (@vidigg/server/sv_notifkill.lua:55)
> revive 12
> revive 12
> revive 12
[ citizen-server-impl] sync thread hitch warning: timer interval of 191 milliseconds
[      script:vd_core] [INFO] Saved 8 players over 0.0 ms
[    c-scripting-core] InvokeNative: execution failed: Argument at index 0 was null.
[       script:vidigg] SCRIPT ERROR: Execution of native 000000006e31e993 in script host failed: Argument at index 0 was null.
[       script:vidigg] > handler (@vidigg/server/sv_notifkill.lua:55)
[    c-scripting-core] InvokeNative: execution failed: Argument at index 0 was null.
[       script:vidigg] SCRIPT ERROR: Execution of native 000000006e31e993 in script host failed: Argument at index 0 was null.
[       script:vidigg] > handler (@vidigg/server/sv_notifkill.lua:55)
[      script:vd_core] [ERROR] Tried to spawn invalid vehicle - bf40!
[      script:vd_core] SCRIPT ERROR: @vd_core/server/onesync.lua:71: attempt to call a nil value (global 'CreateVehicleServerSetter')
[      script:vd_core] > ? (@vd_core/server/onesync.lua:71)
[      script:vd_core] > handler (@vd_core/server/common.lua:92)
> revive 12
[ citizen-server-impl] network thread hitch warning: timer interval of 173 milliseconds
[ citizen-server-impl] sync thread hitch warning: timer interval of 175 milliseconds
[ citizen-server-impl] server thread hitch warning: timer interval of 209 milliseconds
[      script:vd_core] [INFO] Saved player "RoyaL - K4LE "
[      script:vd_core] [INFO] Saved player "ING - dnarteB #ROYAL"
[    c-scripting-core] InvokeNative: execution failed: Argument at index 0 was null.
[       script:vidigg] SCRIPT ERROR: Execution of native 000000006e31e993 in script host failed: Argument at index 0 was null.
[       script:vidigg] > handler (@vidigg/server/sv_notifkill.lua:55)
[    c-scripting-core] InvokeNative: execution failed: Argument at index 0 was null.
[       script:vidigg] SCRIPT ERROR: Execution of native 000000006e31e993 in script host failed: Argument at index 0 was null.
[       script:vidigg] > handler (@vidigg/server/sv_notifkill.lua:55)
[    c-scripting-core] InvokeNative: execution failed: Argument at index 0 was null.
[       script:vidigg] SCRIPT ERROR: Execution of native 000000006e31e993 in script host failed: Argument at index 0 was null.
[       script:vidigg] > handler (@vidigg/server/sv_notifkill.lua:55)
[      script:vd_core] [INFO] Saved 6 players over 0.0 ms
[      script:vd_core] [INFO] Saved player "RoyaL - Ncaa."
[ citizen-server-impl] server thread hitch warning: timer interval of 190 milliseconds
[ citizen-server-impl] sync thread hitch warning: timer interval of 191 milliseconds
[    script:adminmenu] SCRIPT ERROR: @adminmenu/server/server.lua:154: No such export Inventory in resource ox_inventory
[    c-scripting-core] InvokeNative: execution failed: Argument at index 0 was null.
[       script:vidigg] SCRIPT ERROR: Execution of native 000000006e31e993 in script host failed: Argument at index 0 was null.
[       script:vidigg] > handler (@vidigg/server/sv_notifkill.lua:55)
[    c-scripting-core] InvokeNative: execution failed: Argument at index 0 was null.
[       script:vidigg] SCRIPT ERROR: Execution of native 000000006e31e993 in script host failed: Argument at index 0 was null.
[       script:vidigg] > handler (@vidigg/server/sv_notifkill.lua:55)
> revive 12
[    c-scripting-core] Creating script environments for zone
[      script:vd_core] [WARNING] Command "mulaizone" already registered, overriding command
[ citizen-server-impl] Started resource zone
[                 cmd] Argument count mismatch (passed 2, wanted 1)
> ensure zone
[ citizen-server-impl] Stopping resource zone
[    c-scripting-core] Creating script environments for zone
[      script:vd_core] [WARNING] Command "mulaizone" already registered, overriding command
[ citizen-server-impl] Started resource zone
> mulaizone
[      script:vd_core] [WARNING] Command Cannot be executed from console
[    c-scripting-core] InvokeNative: execution failed: Argument at index 0 was null.
[       script:vidigg] SCRIPT ERROR: Execution of native 000000006e31e993 in script host failed: Argument at index 0 was null.
[       script:vidigg] > handler (@vidigg/server/sv_notifkill.lua:55)
[    c-scripting-core] InvokeNative: execution failed: Argument at index 0 was null.
[       script:vidigg] SCRIPT ERROR: Execution of native 000000006e31e993 in script host failed: Argument at index 0 was null.
[       script:vidigg] > handler (@vidigg/server/sv_notifkill.lua:55)
[ citizen-server-impl] server thread hitch warning: timer interval of 184 milliseconds
[ citizen-server-impl] network thread hitch warning: timer interval of 184 milliseconds
[ citizen-server-impl] sync thread hitch warning: timer interval of 183 milliseconds
[    c-scripting-core] InvokeNative: execution failed: Argument at index 0 was null.
[       script:vidigg] SCRIPT ERROR: Execution of native 000000006e31e993 in script host failed: Argument at index 0 was null.
[       script:vidigg] > handler (@vidigg/server/sv_notifkill.lua:55)
> revive 12
[      script:vd_core] [INFO] Saved 5 players over 0.0 ms
[    c-scripting-core] InvokeNative: execution failed: Argument at index 0 was null.
[       script:vidigg] SCRIPT ERROR: Execution of native 000000006e31e993 in script host failed: Argument at index 0 was null.
[       script:vidigg] > handler (@vidigg/server/sv_notifkill.lua:55)
[ citizen-server-impl] server thread hitch warning: timer interval of 188 milliseconds
[ citizen-server-impl] network thread hitch warning: timer interval of 185 milliseconds
[ citizen-server-impl] sync thread hitch warning: timer interval of 159 milliseconds
[    c-scripting-core] InvokeNative: execution failed: Argument at index 0 was null.
[       script:vidigg] SCRIPT ERROR: Execution of native 000000006e31e993 in script host failed: Argument at index 0 was null.
[       script:vidigg] > handler (@vidigg/server/sv_notifkill.lua:55)
[    c-scripting-core] InvokeNative: execution failed: Argument at index 0 was null.
[       script:vidigg] SCRIPT ERROR: Execution of native 000000006e31e993 in script host failed: Argument at index 0 was null.
[       script:vidigg] > handler (@vidigg/server/sv_notifkill.lua:55)
> revive 12
[    c-scripting-core] InvokeNative: execution failed: Argument at index 0 was null.
[       script:vidigg] SCRIPT ERROR: Execution of native 000000006e31e993 in script host failed: Argument at index 0 was null.
[       script:vidigg] > handler (@vidigg/server/sv_notifkill.lua:55)
> revive 12
[    c-scripting-core] InvokeNative: execution failed: Argument at index 0 was null.
[       script:vidigg] SCRIPT ERROR: Execution of native 000000006e31e993 in script host failed: Argument at index 0 was null.
[       script:vidigg] > handler (@vidigg/server/sv_notifkill.lua:55)
[    c-scripting-core] InvokeNative: execution failed: Argument at index 0 was null.
[       script:vidigg] SCRIPT ERROR: Execution of native 000000006e31e993 in script host failed: Argument at index 0 was null.
[       script:vidigg] > handler (@vidigg/server/sv_notifkill.lua:55)
> revive 12
[    c-scripting-core] InvokeNative: execution failed: Argument at index 0 was null.
[       script:vidigg] SCRIPT ERROR: Execution of native 000000006e31e993 in script host failed: Argument at index 0 was null.
[       script:vidigg] > handler (@vidigg/server/sv_notifkill.lua:55)
[      script:vd_core] [INFO] Saved player "ROYAL- superB0yz"
[ script:connectqueue] QUEUE: ROYAL- superB0yz[steam:11000014386afd0] was placed 1/1 in queue
[ script:connectqueue] QUEUE: ROYAL- superB0yz[steam:11000014386afd0] is loading into the server
[      script:vd_core] [INFO] Saved player "RoyaL-Ackaiii#MUKNET"
[      script:vd_core] [INFO] Player "ROYAL- superB0yz" has connected to the server. ID: 14
[ citizen-server-impl] sync thread hitch warning: timer interval of 164 milliseconds
[ citizen-server-impl] server thread hitch warning: timer interval of 238 milliseconds
[ script:connectqueue] QUEUE: RoyaL-Ackaiii#MUKNET[steam:1100001462062ac] was placed 1/1 in queue
[ script:connectqueue] QUEUE: RoyaL-Ackaiii#MUKNET[steam:1100001462062ac] is loading into the server
[      script:vd_core] [INFO] Player "RoyaL-Ackaiii#MUKNET" has connected to the server. ID: 15
[      script:vd_core] [INFO] Saved 5 players over 0.0 ms
[    c-scripting-core] InvokeNative: execution failed: Argument at index 0 was null.
[       script:vidigg] SCRIPT ERROR: Execution of native 000000006e31e993 in script host failed: Argument at index 0 was null.
[       script:vidigg] > handler (@vidigg/server/sv_notifkill.lua:55)
[ citizen-server-impl] network thread hitch warning: timer interval of 167 milliseconds
[ citizen-server-impl] server thread hitch warning: timer interval of 200 milliseconds
[ citizen-server-impl] sync thread hitch warning: timer interval of 187 milliseconds
[      script:vd_core] [INFO] Saved player "RoyaL-Ackaiii#MUKNET"
[         script:chat] Royal-Jordan: terlau lama nar ngurangnya
[         script:chat] GHOxPREDATOR - Narchy: record coba
[         script:chat] Royal-Jordan: ga ngurang malah ini 
[    c-scripting-core] InvokeNative: execution failed: Argument at index 0 was null.
[       script:vidigg] SCRIPT ERROR: Execution of native 000000006e31e993 in script host failed: Argument at index 0 was null.
[       script:vidigg] > handler (@vidigg/server/sv_notifkill.lua:55)
[         script:chat] GHOxPREDATOR - Narchy: ni upi mati
[    script:adminmenu] 3	1
[    script:adminmenu] 3	7
[       script:vidigg] SCRIPT ERROR: @vidigg/server/sv_dumpster.lua:82: attempt to index a nil value
[         script:chat] Royal-Jordan: goto 3
[         script:chat] Royal-Jordan: go to 3
[    c-scripting-core] InvokeNative: execution failed: Argument at index 0 was null.
[       script:vidigg] SCRIPT ERROR: Execution of native 000000006e31e993 in script host failed: Argument at index 0 was null.
[       script:vidigg] > handler (@vidigg/server/sv_notifkill.lua:55)
[ citizen-server-impl] network thread hitch warning: timer interval of 159 milliseconds
[ citizen-server-impl] server thread hitch warning: timer interval of 183 milliseconds
[ citizen-server-impl] sync thread hitch warning: timer interval of 160 milliseconds
[    c-scripting-core] InvokeNative: execution failed: Argument at index 0 was null.
[       script:vidigg] SCRIPT ERROR: Execution of native 000000006e31e993 in script host failed: Argument at index 0 was null.
[       script:vidigg] > handler (@vidigg/server/sv_notifkill.lua:55)
[    c-scripting-core] InvokeNative: execution failed: Argument at index 0 was null.
[       script:vidigg] SCRIPT ERROR: Execution of native 000000006e31e993 in script host failed: Argument at index 0 was null.
[       script:vidigg] > handler (@vidigg/server/sv_notifkill.lua:55)
[      script:vd_core] [INFO] Saved 4 players over 0.0 ms
> txaEvent "serverShuttingDown" "{＂delay＂:5000,＂author＂:＂PaulJoych＂,＂message＂:＂Server restarting (requested by PaulJoych).＂}"
[      script:monitor] Server shutdown imminent. Kicking all players.
[      script:vd_core] [INFO] Saved player "ROYAL- superB0yz"
[      script:vd_core] [INFO] Saved player "GHOxPREDATOR - Narchy"
[      script:vd_core] [INFO] Saved player "Sloouxy"
[      script:vd_core] [INFO] Saved player "Royal-Jordan"
[      script:vd_core] [INFO] Saved 4 players over 0.0 ms
[ citizen-server-impl] sync thread hitch warning: timer interval of 169 milliseconds

================================================================
======== FXServer Starting - 4/16/2023, 12:52:26 PM             
================================================================
[    c-scripting-core] Creating script environments for _cfx_internal
[ citizen-server-impl] Scanning resources.
[ citizen-server-impl] Found 37 resources.
[          svadhesive] Authenticating server license key...
[          svadhesive] Server license key authentication succeeded. Welcome!
[ citizen-server-impl] Couldn't find resource sessionmanager.
[    c-scripting-core] Creating script environments for monitor
[      script:monitor] [txAdminClient] Version 4.17.1 starting...
[ citizen-server-impl] Started resource monitor
[    c-scripting-core] Creating script environments for ox_lib
[ citizen-server-impl] Started resource ox_lib
[    c-scripting-core] Creating script environments for yarn
[ citizen-server-impl] Started resource yarn
[    c-scripting-core] Creating script environments for EasyAdmin
[    script:EasyAdmin] 
[    script:EasyAdmin]  _______ _______ _______ __   __ _______ ______  _______ _____ __   _
[    script:EasyAdmin]  |______ |_____| |______   \_/   |_____| |     \ |  |  |   |   | \  |
[    script:EasyAdmin]  |______ |     | ______|    |    |     | |_____/ |  |  | __|__ |  \_|
[    script:EasyAdmin]                            Version 6.91
[ citizen-server-impl] Started resource EasyAdmin
[    c-scripting-core] Creating script environments for oxmysql
[ citizen-server-impl] Started resource oxmysql
[ citizen-server-impl] Started resource spawnmanager
[    c-scripting-core] Creating script environments for vd_core
[ citizen-server-impl] Started resource vd_core
[    c-scripting-core] Creating script environments for menu
[ citizen-server-impl] Started resource menu
[ citizen-server-impl] Started resource menuv
[    c-scripting-core] Creating script environments for vd-crew
[ citizen-server-impl] Started resource vd-crew
[ citizen-server-impl] Started resource vd_icon
[    c-scripting-core] Creating script environments for PolyZone
[ citizen-server-impl] Started resource PolyZone
[    c-scripting-core] Creating script environments for adminmenu
[ citizen-server-impl] Started resource adminmenu
[ citizen-server-impl] Started resource cmps
[    c-scripting-core] Creating script environments for connectqueue
[ script:connectqueue] QUEUE:  [connectqueue] Disabling hardcap 
[ citizen-server-impl] Started resource connectqueue
[    c-scripting-core] Creating script environments for coords
[ citizen-server-impl] Started resource coords
[    c-scripting-core] Creating script environments for illenium-appearance
[ citizen-server-impl] Started resource illenium-appearance
[    c-scripting-core] Creating script environments for ox_target
[ citizen-server-impl] Started resource ox_target
[    c-scripting-core] Creating script environments for topkill
[ citizen-server-impl] Started resource topkill
[    c-scripting-core] Creating script environments for vd-alive
[ citizen-server-impl] Started resource vd-alive
[ citizen-server-impl] Started resource vd-assets
[ citizen-server-impl] Started resource vd-hud
[    c-scripting-core] Creating script environments for vd-inv
[ citizen-server-impl] Started resource vd-inv
[    c-scripting-core] Creating script environments for vd-kf
[ citizen-server-impl] Started resource vd-kf
[ citizen-server-impl] Started resource vd-loadsc
[ citizen-server-impl] Started resource vd-notif
[    c-scripting-core] Creating script environments for vd-radial
[ citizen-server-impl] Started resource vd-radial
[    c-scripting-core] Creating script environments for vd-rev
[ citizen-server-impl] Started resource vd-rev
[    c-scripting-core] Creating script environments for vd-walk
[ citizen-server-impl] Started resource vd-walk
[ citizen-server-impl] Started resource vd_crosshair
[    c-scripting-core] Creating script environments for vidigg
[ citizen-server-impl] Started resource vidigg
[    c-scripting-core] Creating script environments for zone
[ citizen-server-impl] Started resource zone
[    c-scripting-core] Creating script environments for pma-voice
[ citizen-server-impl] Started resource pma-voice
[ citizen-server-impl] Couldn't find resource sessionmanager.
[    c-scripting-core] Creating script environments for webpack
[ citizen-server-impl] Started resource webpack
[    c-scripting-core] Creating script environments for screenshot-basic
[ citizen-server-impl] Started resource screenshot-basic
[    c-scripting-core] Creating script environments for chat
[ citizen-server-impl] Started resource chat
(node:71317) ExperimentalWarning: stream/web is an experimental feature. This feature could change at any time
(Use `FXServer --trace-warnings ...` to show where the warning was created)
[      script:monitor] [txAdminClient] Threads and commands set up. All Ready.
[                 cmd] Access denied for command list_aces.
[      script:oxmysql] Database server connection established!
[      script:oxmysql] An update is available for oxmysql (current version: 2.5.4)
[      script:oxmysql] https://github.com/overextended/oxmysql/releases/tag/v2.6.0
[      script:vd_core] [INFO] ESX Legacy 1.9.2 initialized!
[ citizen-server-impl]         fff                          
[ citizen-server-impl]   cccc ff   xx  xx     rr rr    eee  
[ citizen-server-impl] cc     ffff   xx       rrr  r ee   e 
[ citizen-server-impl] cc     ff     xx   ... rr     eeeee  
[ citizen-server-impl]  ccccc ff   xx  xx ... rr      eeeee 
[ citizen-server-impl]                                      
[ citizen-server-impl] Authenticated with cfx.re Nucleus: https://alexandro-hd-5qoga6.users.cfx.re/
[       script:ox_lib] An update is available for ox_lib (current version: 3.0.0)
[       script:ox_lib] https://github.com/overextended/ox_lib/releases/tag/v3.1.4
[ script:connectqueue] QUEUE: ROYAL- superB0yz[steam:11000014386afd0] was placed 1/1 in queue
[ script:connectqueue] QUEUE: Royal-Jordan[steam:1100001487bfdfc] was placed 2/2 in queue
[ citizen-server-impl] sync thread hitch warning: timer interval of 118 milliseconds
[ citizen-server-impl] network thread hitch warning: timer interval of 180 milliseconds
[ citizen-server-impl] server thread hitch warning: timer interval of 217 milliseconds
[ script:connectqueue] QUEUE: ROYAL- superB0yz[steam:11000014386afd0] is loading into the server
[ script:connectqueue] QUEUE: Royal-Jordan[steam:1100001487bfdfc] is loading into the server
[      script:vd_core] [INFO] Player "ROYAL- superB0yz" has connected to the server. ID: 1
[ script:connectqueue] QUEUE: RoyaL-Ackaiii#MUKNET[steam:1100001462062ac] was placed 1/1 in queue
[ script:connectqueue] QUEUE: RoyaL-Ackaiii#MUKNET[steam:1100001462062ac] is loading into the server
[      script:vd_core] [INFO] Player "RoyaL-Ackaiii#MUKNET" has connected to the server. ID: 2
[ script:connectqueue] QUEUE: Royal-Jordan[steam:1100001487bfdfc] was removed from the connecting queue because they timed out
[ citizen-server-impl] sync thread hitch warning: timer interval of 123 milliseconds
[ citizen-server-impl] server thread hitch warning: timer interval of 173 milliseconds
[      script:vd_core] [INFO] Saved player "RoyaL-Ackaiii#MUKNET"
[      script:vd_core] [INFO] Saved 1 player over 0.0 ms
[      script:vd_core] [INFO] Saved player "ROYAL- superB0yz"
[ citizen-server-impl] sync thread hitch warning: timer interval of 163 milliseconds
[ citizen-server-impl] network thread hitch warning: timer interval of 169 milliseconds
[ citizen-server-impl] server thread hitch warning: timer interval of 204 milliseconds
[ citizen-server-impl] network thread hitch warning: timer interval of 178 milliseconds
[ citizen-server-impl] sync thread hitch warning: timer interval of 141 milliseconds
[ citizen-server-impl] server thread hitch warning: timer interval of 158 milliseconds
[ citizen-server-impl] sync thread hitch warning: timer interval of 106 milliseconds
[ citizen-server-impl] network thread hitch warning: timer interval of 171 milliseconds
[ citizen-server-impl] sync thread hitch warning: timer interval of 175 milliseconds
[ citizen-server-impl] server thread hitch warning: timer interval of 223 milliseconds
[ citizen-server-impl] network thread hitch warning: timer interval of 182 milliseconds
[ citizen-server-impl] sync thread hitch warning: timer interval of 105 milliseconds
[ citizen-server-impl] server thread hitch warning: timer interval of 194 milliseconds
[ citizen-server-impl] sync thread hitch warning: timer interval of 185 milliseconds
[ citizen-server-impl] network thread hitch warning: timer interval of 184 milliseconds
[                 cmd] Access denied for command list_aces.
[    script:EasyAdmin] 
[    script:EasyAdmin] --------------------------------------------------------------------------
[    script:EasyAdmin] 
[    script:EasyAdmin] EasyAdmin (EasyAdmin) is outdated.
[    script:EasyAdmin] Newest Version: 7.0
[    script:EasyAdmin] Your Version: 6.91
[    script:EasyAdmin] Please update it from https://github.com/Blumlaut/EasyAdmin/releases/tag/7.0
[    script:EasyAdmin] 
[    script:EasyAdmin] --------------------------------------------------------------------------
[ citizen-server-impl] sync thread hitch warning: timer interval of 160 milliseconds
[ citizen-server-impl] network thread hitch warning: timer interval of 206 milliseconds
[ citizen-server-impl] server thread hitch warning: timer interval of 218 milliseconds
[ citizen-server-impl] server thread hitch warning: timer interval of 201 milliseconds
[ citizen-server-impl] sync thread hitch warning: timer interval of 192 milliseconds
[ citizen-server-impl] network thread hitch warning: timer interval of 185 milliseconds
[ citizen-server-impl] server thread hitch warning: timer interval of 219 milliseconds
[ citizen-server-impl] network thread hitch warning: timer interval of 171 milliseconds
[ citizen-server-impl] server thread hitch warning: timer interval of 221 milliseconds
[ citizen-server-impl] sync thread hitch warning: timer interval of 146 milliseconds
[ citizen-server-impl] sync thread hitch warning: timer interval of 166 milliseconds
[ citizen-server-impl] server thread hitch warning: timer interval of 200 milliseconds
[ citizen-server-impl] sync thread hitch warning: timer interval of 118 milliseconds
[ citizen-server-impl] server thread hitch warning: timer interval of 192 milliseconds
[ citizen-server-impl] sync thread hitch warning: timer interval of 117 milliseconds
[ citizen-server-impl] sync thread hitch warning: timer interval of 160 milliseconds
[ citizen-server-impl] server thread hitch warning: timer interval of 217 milliseconds
[ citizen-server-impl] network thread hitch warning: timer interval of 162 milliseconds
[ citizen-server-impl] sync thread hitch warning: timer interval of 124 milliseconds
[ citizen-server-impl] server thread hitch warning: timer interval of 183 milliseconds
[ citizen-server-impl] network thread hitch warning: timer interval of 163 milliseconds
[ citizen-server-impl] network thread hitch warning: timer interval of 175 milliseconds
[ citizen-server-impl] sync thread hitch warning: timer interval of 118 milliseconds
[                 cmd] Access denied for command list_aces.
[    script:EasyAdmin] 
[    script:EasyAdmin] --------------------------------------------------------------------------
[    script:EasyAdmin] 
[    script:EasyAdmin] EasyAdmin (EasyAdmin) is outdated.
[    script:EasyAdmin] Newest Version: 7.0
[    script:EasyAdmin] Your Version: 6.91
[    script:EasyAdmin] Please update it from https://github.com/Blumlaut/EasyAdmin/releases/tag/7.0
[    script:EasyAdmin] 
[    script:EasyAdmin] --------------------------------------------------------------------------
[ citizen-server-impl] sync thread hitch warning: timer interval of 170 milliseconds
[ citizen-server-impl] network thread hitch warning: timer interval of 198 milliseconds
[ citizen-server-impl] network thread hitch warning: timer interval of 181 milliseconds
[ citizen-server-impl] sync thread hitch warning: timer interval of 170 milliseconds
[ citizen-server-impl] server thread hitch warning: timer interval of 208 milliseconds
[ citizen-server-impl] sync thread hitch warning: timer interval of 103 milliseconds
[ citizen-server-impl] network thread hitch warning: timer interval of 153 milliseconds
[ citizen-server-impl] network thread hitch warning: timer interval of 175 milliseconds
[ citizen-server-impl] sync thread hitch warning: timer interval of 180 milliseconds
[ citizen-server-impl] sync thread hitch warning: timer interval of 162 milliseconds
[ citizen-server-impl] sync thread hitch warning: timer interval of 103 milliseconds
[ citizen-server-impl] server thread hitch warning: timer interval of 203 milliseconds
[ citizen-server-impl] network thread hitch warning: timer interval of 181 milliseconds
[ script:connectqueue] QUEUE: Royal-Jordan[steam:1100001487bfdfc] was placed 1/1 in queue
[ script:connectqueue] QUEUE: Royal-Jordan[steam:1100001487bfdfc] is loading into the server
[       script:vidigg] SCRIPT ERROR: @vidigg/server/sv_lootbag.lua:14: attempt to index a nil value (local 'xPlayer')
[ script:connectqueue] QUEUE: Royal-Jordan[steam:1100001487bfdfc] was removed from the connecting queue because they timed out
[ citizen-server-impl] server thread hitch warning: timer interval of 165 milliseconds
[ citizen-server-impl] sync thread hitch warning: timer interval of 113 milliseconds
[                 cmd] Access denied for command list_aces.
[    script:EasyAdmin] 
[    script:EasyAdmin] --------------------------------------------------------------------------
[    script:EasyAdmin] 
[    script:EasyAdmin] EasyAdmin (EasyAdmin) is outdated.
[    script:EasyAdmin] Newest Version: 7.0
[    script:EasyAdmin] Your Version: 6.91
[    script:EasyAdmin] Please update it from https://github.com/Blumlaut/EasyAdmin/releases/tag/7.0
[    script:EasyAdmin] 
[    script:EasyAdmin] --------------------------------------------------------------------------
[ citizen-server-impl] sync thread hitch warning: timer interval of 196 milliseconds
[ citizen-server-impl] network thread hitch warning: timer interval of 198 milliseconds
[ citizen-server-impl] server thread hitch warning: timer interval of 186 milliseconds
[ citizen-server-impl] server thread hitch warning: timer interval of 210 milliseconds
[ citizen-server-impl] sync thread hitch warning: timer interval of 163 milliseconds
[ citizen-server-impl] network thread hitch warning: timer interval of 171 milliseconds
[ citizen-server-impl] sync thread hitch warning: timer interval of 174 milliseconds
[ citizen-server-impl] server thread hitch warning: timer interval of 200 milliseconds
[ citizen-server-impl] network thread hitch warning: timer interval of 185 milliseconds
[ citizen-server-impl] server thread hitch warning: timer interval of 181 milliseconds
[ citizen-server-impl] sync thread hitch warning: timer interval of 189 milliseconds
[ citizen-server-impl] network thread hitch warning: timer interval of 177 milliseconds
[ citizen-server-impl] server thread hitch warning: timer interval of 221 milliseconds
[ citizen-server-impl] sync thread hitch warning: timer interval of 178 milliseconds
[ citizen-server-impl] sync thread hitch warning: timer interval of 171 milliseconds
[ citizen-server-impl] network thread hitch warning: timer interval of 191 milliseconds
[ citizen-server-impl] server thread hitch warning: timer interval of 218 milliseconds
[ citizen-server-impl] sync thread hitch warning: timer interval of 149 milliseconds
[                 cmd] Access denied for command list_aces.
[    script:EasyAdmin] 
[    script:EasyAdmin] --------------------------------------------------------------------------
[    script:EasyAdmin] 
[    script:EasyAdmin] EasyAdmin (EasyAdmin) is outdated.
[    script:EasyAdmin] Newest Version: 7.0
[    script:EasyAdmin] Your Version: 6.91
[    script:EasyAdmin] Please update it from https://github.com/Blumlaut/EasyAdmin/releases/tag/7.0
[    script:EasyAdmin] 
[    script:EasyAdmin] --------------------------------------------------------------------------
[ citizen-server-impl] network thread hitch warning: timer interval of 176 milliseconds
[ citizen-server-impl] sync thread hitch warning: timer interval of 129 milliseconds
[ citizen-server-impl] sync thread hitch warning: timer interval of 150 milliseconds
[ citizen-server-impl] network thread hitch warning: timer interval of 184 milliseconds
[ citizen-server-impl] server thread hitch warning: timer interval of 220 milliseconds
[ citizen-server-impl] sync thread hitch warning: timer interval of 166 milliseconds
[ citizen-server-impl] network thread hitch warning: timer interval of 172 milliseconds
[ citizen-server-impl] server thread hitch warning: timer interval of 209 milliseconds
[ citizen-server-impl] network thread hitch warning: timer interval of 162 milliseconds
[ citizen-server-impl] sync thread hitch warning: timer interval of 161 milliseconds
[ citizen-server-impl] server thread hitch warning: timer interval of 204 milliseconds
[ citizen-server-impl] server thread hitch warning: timer interval of 154 milliseconds
[ citizen-server-impl] sync thread hitch warning: timer interval of 166 milliseconds
[ citizen-server-impl] sync thread hitch warning: timer interval of 157 milliseconds
[ citizen-server-impl] server thread hitch warning: timer interval of 168 milliseconds
[ citizen-server-impl] network thread hitch warning: timer interval of 158 milliseconds
[                 cmd] Access denied for command list_aces.
[    script:EasyAdmin] 
[    script:EasyAdmin] --------------------------------------------------------------------------
[    script:EasyAdmin] 
[    script:EasyAdmin] EasyAdmin (EasyAdmin) is outdated.
[    script:EasyAdmin] Newest Version: 7.0
[    script:EasyAdmin] Your Version: 6.91
[    script:EasyAdmin] Please update it from https://github.com/Blumlaut/EasyAdmin/releases/tag/7.0
[    script:EasyAdmin] 
[    script:EasyAdmin] --------------------------------------------------------------------------
[ citizen-server-impl] server thread hitch warning: timer interval of 177 milliseconds
[ citizen-server-impl] sync thread hitch warning: timer interval of 132 milliseconds
[ citizen-server-impl] sync thread hitch warning: timer interval of 120 milliseconds
[ citizen-server-impl] network thread hitch warning: timer interval of 182 milliseconds
[ citizen-server-impl] server thread hitch warning: timer interval of 176 milliseconds
[ citizen-server-impl] sync thread hitch warning: timer interval of 194 milliseconds
[ citizen-server-impl] network thread hitch warning: timer interval of 193 milliseconds
[ citizen-server-impl] sync thread hitch warning: timer interval of 129 milliseconds
[ citizen-server-impl] sync thread hitch warning: timer interval of 140 milliseconds
[ citizen-server-impl] sync thread hitch warning: timer interval of 186 milliseconds
[ citizen-server-impl] server thread hitch warning: timer interval of 159 milliseconds
[ citizen-server-impl] sync thread hitch warning: timer interval of 187 milliseconds
[ citizen-server-impl] server thread hitch warning: timer interval of 163 milliseconds
[                 cmd] Access denied for command list_aces.
[    script:EasyAdmin] 
[    script:EasyAdmin] --------------------------------------------------------------------------
[    script:EasyAdmin] 
[    script:EasyAdmin] EasyAdmin (EasyAdmin) is outdated.
[    script:EasyAdmin] Newest Version: 7.0
[    script:EasyAdmin] Your Version: 6.91
[    script:EasyAdmin] Please update it from https://github.com/Blumlaut/EasyAdmin/releases/tag/7.0
[    script:EasyAdmin] 
[    script:EasyAdmin] --------------------------------------------------------------------------
[ citizen-server-impl] sync thread hitch warning: timer interval of 199 milliseconds
[ citizen-server-impl] network thread hitch warning: timer interval of 201 milliseconds
[ citizen-server-impl] server thread hitch warning: timer interval of 160 milliseconds
[ citizen-server-impl] sync thread hitch warning: timer interval of 135 milliseconds
[ citizen-server-impl] server thread hitch warning: timer interval of 178 milliseconds
[ citizen-server-impl] server thread hitch warning: timer interval of 226 milliseconds
[ citizen-server-impl] sync thread hitch warning: timer interval of 185 milliseconds
[ citizen-server-impl] server thread hitch warning: timer interval of 200 milliseconds
[ citizen-server-impl] network thread hitch warning: timer interval of 206 milliseconds
[ citizen-server-impl] server thread hitch warning: timer interval of 240 milliseconds
[ citizen-server-impl] sync thread hitch warning: timer interval of 220 milliseconds
[ citizen-server-impl] network thread hitch warning: timer interval of 216 milliseconds
[ citizen-server-impl] server thread hitch warning: timer interval of 207 milliseconds
[ citizen-server-impl] sync thread hitch warning: timer interval of 151 milliseconds
[ citizen-server-impl] network thread hitch warning: timer interval of 151 milliseconds
[ citizen-server-impl] server thread hitch warning: timer interval of 198 milliseconds
[                 cmd] Access denied for command list_aces.
[    script:EasyAdmin] 
[    script:EasyAdmin] --------------------------------------------------------------------------
[    script:EasyAdmin] 
[    script:EasyAdmin] EasyAdmin (EasyAdmin) is outdated.
[    script:EasyAdmin] Newest Version: 7.0
[    script:EasyAdmin] Your Version: 6.91
[    script:EasyAdmin] Please update it from https://github.com/Blumlaut/EasyAdmin/releases/tag/7.0
[    script:EasyAdmin] 
[    script:EasyAdmin] --------------------------------------------------------------------------
[ citizen-server-impl] server thread hitch warning: timer interval of 195 milliseconds
[ citizen-server-impl] sync thread hitch warning: timer interval of 194 milliseconds
[ citizen-server-impl] network thread hitch warning: timer interval of 203 milliseconds
[                 cmd] Access denied for command list_aces.
[    script:EasyAdmin] 
[    script:EasyAdmin] --------------------------------------------------------------------------
[    script:EasyAdmin] 
[    script:EasyAdmin] EasyAdmin (EasyAdmin) is outdated.
[    script:EasyAdmin] Newest Version: 7.0
[    script:EasyAdmin] Your Version: 6.91
[    script:EasyAdmin] Please update it from https://github.com/Blumlaut/EasyAdmin/releases/tag/7.0
[    script:EasyAdmin] 
[    script:EasyAdmin] --------------------------------------------------------------------------
[ citizen-server-impl] sync thread hitch warning: timer interval of 119 milliseconds
[                 cmd] Access denied for command list_aces.
[    script:EasyAdmin] 
[    script:EasyAdmin] --------------------------------------------------------------------------
[    script:EasyAdmin] 
[    script:EasyAdmin] EasyAdmin (EasyAdmin) is outdated.
[    script:EasyAdmin] Newest Version: 7.0
[    script:EasyAdmin] Your Version: 6.91
[    script:EasyAdmin] Please update it from https://github.com/Blumlaut/EasyAdmin/releases/tag/7.0
[    script:EasyAdmin] 
[    script:EasyAdmin] --------------------------------------------------------------------------
[ citizen-server-impl] sync thread hitch warning: timer interval of 197 milliseconds
[ citizen-server-impl] server thread hitch warning: timer interval of 235 milliseconds
[ citizen-server-impl] network thread hitch warning: timer interval of 198 milliseconds
[ citizen-server-impl] server thread hitch warning: timer interval of 168 milliseconds
[ citizen-server-impl] sync thread hitch warning: timer interval of 166 milliseconds
[ citizen-server-impl] network thread hitch warning: timer interval of 186 milliseconds
[ citizen-server-impl] server thread hitch warning: timer interval of 195 milliseconds
[                 cmd] Access denied for command list_aces.
[    script:EasyAdmin] 
[    script:EasyAdmin] --------------------------------------------------------------------------
[    script:EasyAdmin] 
[    script:EasyAdmin] EasyAdmin (EasyAdmin) is outdated.
[    script:EasyAdmin] Newest Version: 7.0
[    script:EasyAdmin] Your Version: 6.91
[    script:EasyAdmin] Please update it from https://github.com/Blumlaut/EasyAdmin/releases/tag/7.0
[    script:EasyAdmin] 
[    script:EasyAdmin] --------------------------------------------------------------------------
[ citizen-server-impl] network thread hitch warning: timer interval of 163 milliseconds
[ citizen-server-impl] sync thread hitch warning: timer interval of 192 milliseconds
[ citizen-server-impl] sync thread hitch warning: timer interval of 118 milliseconds
[ citizen-server-impl] network thread hitch warning: timer interval of 205 milliseconds
[ citizen-server-impl] server thread hitch warning: timer interval of 237 milliseconds
[                 cmd] Access denied for command list_aces.
[    script:EasyAdmin] 
[    script:EasyAdmin] --------------------------------------------------------------------------
[    script:EasyAdmin] 
[    script:EasyAdmin] EasyAdmin (EasyAdmin) is outdated.
[    script:EasyAdmin] Newest Version: 7.0
[    script:EasyAdmin] Your Version: 6.91
[    script:EasyAdmin] Please update it from https://github.com/Blumlaut/EasyAdmin/releases/tag/7.0
[    script:EasyAdmin] 
[    script:EasyAdmin] --------------------------------------------------------------------------
