
================================================================
======== Log Rotated - 5/7/2023, 7:32:05 AM                     
================================================================

================================================================
======== FXServer Starting - 5/7/2023, 7:32:08 AM               
================================================================
[                 cmd] Argument count mismatch (passed 5, wanted 2)
[    c-scripting-core] Creating script environments for _cfx_internal
[ citizen-server-impl] Scanning resources.
[ citizen-server-impl] Found 38 resources.
[ citizen-server-impl] Some resources have an outdated resource manifest:
[ citizen-server-impl]     - gif_logo-master
[ citizen-server-impl] 
[ citizen-server-impl] Please update these resources.
[          svadhesive] Authenticating server license key...
[          svadhesive] Server license key authentication succeeded. Welcome!
[ citizen-server-impl] Couldn't find resource sessionmanager.
[    c-scripting-core] Creating script environments for monitor
[      script:monitor] [txAdminClient] Version 4.17.1 starting...
[ citizen-server-impl] Started resource monitor
[                 cmd] Argument count mismatch (passed 5, wanted 2)
[    c-scripting-core] Creating script environments for ox_lib
[ citizen-server-impl] Started resource ox_lib
[    c-scripting-core] Creating script environments for yarn
[ citizen-server-impl] Started resource yarn
[    c-scripting-core] Creating script environments for EasyAdmin
[    script:EasyAdmin] 
[    script:EasyAdmin]  _______ _______ _______ __   __ _______ ______  _______ _____ __   _
[    script:EasyAdmin]  |______ |_____| |______   \_/   |_____| |     \ |  |  |   |   | \  |
[    script:EasyAdmin]  |______ |     | ______|    |    |     | |_____/ |  |  | __|__ |  \_|
[    script:EasyAdmin]                            Version 6.91
[ citizen-server-impl] Started resource EasyAdmin
[    c-scripting-core] Creating script environments for oxmysql
[ citizen-server-impl] Started resource oxmysql
[ citizen-server-impl] Started resource spawnmanager
[    c-scripting-core] Creating script environments for vd_core
[ citizen-server-impl] Started resource vd_core
[    c-scripting-core] Creating script environments for menu
[ citizen-server-impl] Started resource menu
[ citizen-server-impl] Started resource menuv
[    c-scripting-core] Creating script environments for vd-crew
[ citizen-server-impl] Started resource vd-crew
[ citizen-server-impl] Started resource vd_icon
[    c-scripting-core] Creating script environments for PolyZone
[ citizen-server-impl] Started resource PolyZone
[    c-scripting-core] Creating script environments for adminmenu
[ citizen-server-impl] Started resource adminmenu
[ citizen-server-impl] Started resource cmps
[    c-scripting-core] Creating script environments for connectqueue
[ script:connectqueue] QUEUE:  [connectqueue] Disabling hardcap 
[ citizen-server-impl] Started resource connectqueue
[    c-scripting-core] Creating script environments for coords
[ citizen-server-impl] Started resource coords
[ citizen-server-impl] Started resource gif_logo-master
[    c-scripting-core] Creating script environments for illenium-appearance
[ citizen-server-impl] Started resource illenium-appearance
[    c-scripting-core] Creating script environments for ox_target
[ citizen-server-impl] Started resource ox_target
[    c-scripting-core] Creating script environments for topkill
[ citizen-server-impl] Started resource topkill
[    c-scripting-core] Creating script environments for vd-alive
[ citizen-server-impl] Started resource vd-alive
[ citizen-server-impl] Started resource vd-assets
[ citizen-server-impl] Started resource vd-hud
[    c-scripting-core] Creating script environments for vd-inv
[ citizen-server-impl] Started resource vd-inv
[    c-scripting-core] Creating script environments for vd-kf
[ citizen-server-impl] Started resource vd-kf
[ citizen-server-impl] Started resource vd-ld
[ citizen-server-impl] Started resource vd-notif
[    c-scripting-core] Creating script environments for vd-radial
[ citizen-server-impl] Started resource vd-radial
[    c-scripting-core] Creating script environments for vd-rev
[ citizen-server-impl] Started resource vd-rev
[    c-scripting-core] Creating script environments for vd-walk
[ citizen-server-impl] Started resource vd-walk
[ citizen-server-impl] Started resource vd_crosshair
[    c-scripting-core] Creating script environments for vidigg
[ citizen-server-impl] Started resource vidigg
[    c-scripting-core] Creating script environments for zone
[ citizen-server-impl] Started resource zone
[    c-scripting-core] Creating script environments for pma-voice
[ citizen-server-impl] Started resource pma-voice
[ citizen-server-impl] Couldn't find resource sessionmanager.
[    c-scripting-core] Creating script environments for webpack
[ citizen-server-impl] Started resource webpack
[    c-scripting-core] Creating script environments for screenshot-basic
[ citizen-server-impl] Started resource screenshot-basic
[    c-scripting-core] Creating script environments for chat
[ citizen-server-impl] Started resource chat
(node:951) ExperimentalWarning: stream/web is an experimental feature. This feature could change at any time
(Use `FXServer --trace-warnings ...` to show where the warning was created)
[      script:monitor] [txAdminClient] Threads and commands set up. All Ready.
[                 cmd] Access denied for command list_aces.
[      script:oxmysql] Database server connection established!
[      script:oxmysql] An update is available for oxmysql (current version: 2.5.4)
[      script:oxmysql] https://github.com/overextended/oxmysql/releases/tag/v2.6.0
[      script:vd_core] [INFO] ESX Legacy 1.9.2 initialized!
[       script:ox_lib] An update is available for ox_lib (current version: 3.0.0)
[       script:ox_lib] https://github.com/overextended/ox_lib/releases/tag/v3.2.1
[ citizen-server-impl]         fff                          
[ citizen-server-impl]   cccc ff   xx  xx     rr rr    eee  
[ citizen-server-impl] cc     ffff   xx       rrr  r ee   e 
[ citizen-server-impl] cc     ff     xx   ... rr     eeeee  
[ citizen-server-impl]  ccccc ff   xx  xx ... rr      eeeee 
[ citizen-server-impl]                                      
[ citizen-server-impl] Authenticated with cfx.re Nucleus: https://alexandro-hd-5qoga6.users.cfx.re/
[    script:EasyAdmin] 
[    script:EasyAdmin] --------------------------------------------------------------------------
[    script:EasyAdmin] 
[    script:EasyAdmin] EasyAdmin (EasyAdmin) is outdated.
[    script:EasyAdmin] Newest Version: 7.01
[    script:EasyAdmin] Your Version: 6.91
[    script:EasyAdmin] Please update it from https://github.com/Blumlaut/EasyAdmin/releases/tag/7.01
[    script:EasyAdmin] 
[    script:EasyAdmin] --------------------------------------------------------------------------
[ script:connectqueue] QUEUE: Royal-Jordan[steam:1100001487bfdfc] was placed 1/1 in queue
[ script:connectqueue] QUEUE: Royal-Jordan[steam:1100001487bfdfc] is loading into the server
[      script:vd_core] [INFO] Player "Royal-Jordan" has connected to the server. ID: 1
[      script:vd_core] [INFO] Saved 1 player over 0.0 ms
[ script:connectqueue] QUEUE: Ryl - nc4[steam:110000144e17d77] was placed 1/1 in queue
[ script:connectqueue] QUEUE: Ryl - nc4[steam:110000144e17d77] is loading into the server
[ script:connectqueue] QUEUE: RoyaL-Akai[steam:110000116c43c31] was placed 1/1 in queue
[ script:connectqueue] QUEUE: RoyaL-Akai[steam:110000116c43c31] is loading into the server
[       script:vidigg] ranking_crew Database cleared!
[       script:vidigg] ev_leaderboard Database cleared!
[       script:vidigg] crew Database cleared!
[      script:vd_core] [INFO] Player "Ryl - nc4" has connected to the server. ID: 2
[      script:vd_core] [INFO] Player "RoyaL-Akai" has connected to the server. ID: 3
[                 cmd] Access denied for command gas2.
[                 cmd] Access denied for command goto.
[                 cmd] Access denied for command noclip.
[         script:chat] Royal-Jordan: gas2
[                 cmd] Access denied for command tpm.
> txaEvent "adminsUpdated" "[1]"
> txaEvent "adminsUpdated" "[1]"
[    c-scripting-core] InvokeNative: execution failed: Argument at index 0 was null.
[       script:vidigg] SCRIPT ERROR: Execution of native 000000006e31e993 in script host failed: Argument at index 0 was null.
[       script:vidigg] > handler (@vidigg/server/sv_notifkill.lua:55)
[                 cmd] Access denied for command revive.
> txaReportResources
[      script:monitor] [txAdminClient] Sending resources list to txAdmin.
> txaReportResources
[      script:monitor] [txAdminClient] Sending resources list to txAdmin.
[      script:vd_core] [INFO] Saved 3 players over 0.0 ms
[       script:vidigg] SCRIPT ERROR: @vidigg/server/sv_dumpster.lua:11: attempt to index a nil value (local 'item')
[       script:vidigg] SCRIPT ERROR: @vidigg/server/sv_dumpster.lua:11: attempt to index a nil value (local 'item')
[      script:vd_core] [INFO] Saved 3 players over 0.0 ms
[      script:vd_core] [INFO] Saved player "Ryl - nc4"
[      script:vd_core] [INFO] Saved player "RoyaL-Akai"
[      script:vd_core] [INFO] Saved player "Royal-Jordan"

================================================================
======== FXServer Starting - 5/7/2023, 11:31:28 AM              
================================================================
[                 cmd] Argument count mismatch (passed 5, wanted 2)
[    c-scripting-core] Creating script environments for _cfx_internal
[ citizen-server-impl] Scanning resources.
[ citizen-server-impl] Found 38 resources.
[ citizen-server-impl] Some resources have an outdated resource manifest:
[ citizen-server-impl]     - gif_logo-master
[ citizen-server-impl] 
[ citizen-server-impl] Please update these resources.
[          svadhesive] Authenticating server license key...
[          svadhesive] Server license key authentication succeeded. Welcome!
[ citizen-server-impl] Couldn't find resource sessionmanager.
[    c-scripting-core] Creating script environments for monitor
[      script:monitor] [txAdminClient] Version 4.17.1 starting...
[ citizen-server-impl] Started resource monitor
[                 cmd] Argument count mismatch (passed 5, wanted 2)
[    c-scripting-core] Creating script environments for ox_lib
[ citizen-server-impl] Started resource ox_lib
[    c-scripting-core] Creating script environments for yarn
[ citizen-server-impl] Started resource yarn
[    c-scripting-core] Creating script environments for EasyAdmin
[    script:EasyAdmin] 
[    script:EasyAdmin]  _______ _______ _______ __   __ _______ ______  _______ _____ __   _
[    script:EasyAdmin]  |______ |_____| |______   \_/   |_____| |     \ |  |  |   |   | \  |
[    script:EasyAdmin]  |______ |     | ______|    |    |     | |_____/ |  |  | __|__ |  \_|
[    script:EasyAdmin]                            Version 6.91
[ citizen-server-impl] Started resource EasyAdmin
[    c-scripting-core] Creating script environments for oxmysql
[ citizen-server-impl] Started resource oxmysql
[ citizen-server-impl] Started resource spawnmanager
[    c-scripting-core] Creating script environments for vd_core
[ citizen-server-impl] Started resource vd_core
[    c-scripting-core] Creating script environments for menu
[ citizen-server-impl] Started resource menu
[ citizen-server-impl] Started resource menuv
[    c-scripting-core] Creating script environments for vd-crew
[ citizen-server-impl] Started resource vd-crew
[ citizen-server-impl] Started resource vd_icon
[    c-scripting-core] Creating script environments for PolyZone
[ citizen-server-impl] Started resource PolyZone
[    c-scripting-core] Creating script environments for adminmenu
[ citizen-server-impl] Started resource adminmenu
[ citizen-server-impl] Started resource cmps
[    c-scripting-core] Creating script environments for connectqueue
[ script:connectqueue] QUEUE:  [connectqueue] Disabling hardcap 
[ citizen-server-impl] Started resource connectqueue
[    c-scripting-core] Creating script environments for coords
[ citizen-server-impl] Started resource coords
[ citizen-server-impl] Started resource gif_logo-master
[    c-scripting-core] Creating script environments for illenium-appearance
[ citizen-server-impl] Started resource illenium-appearance
[    c-scripting-core] Creating script environments for ox_target
[ citizen-server-impl] Started resource ox_target
[    c-scripting-core] Creating script environments for topkill
[ citizen-server-impl] Started resource topkill
[    c-scripting-core] Creating script environments for vd-alive
[ citizen-server-impl] Started resource vd-alive
[ citizen-server-impl] Started resource vd-assets
[ citizen-server-impl] Started resource vd-hud
[    c-scripting-core] Creating script environments for vd-inv
[ citizen-server-impl] Started resource vd-inv
[    c-scripting-core] Creating script environments for vd-kf
[ citizen-server-impl] Started resource vd-kf
[ citizen-server-impl] Started resource vd-ld
[ citizen-server-impl] Started resource vd-notif
[    c-scripting-core] Creating script environments for vd-radial
[ citizen-server-impl] Started resource vd-radial
[    c-scripting-core] Creating script environments for vd-rev
[ citizen-server-impl] Started resource vd-rev
[    c-scripting-core] Creating script environments for vd-walk
[ citizen-server-impl] Started resource vd-walk
[ citizen-server-impl] Started resource vd_crosshair
[    c-scripting-core] Creating script environments for vidigg
[ citizen-server-impl] Started resource vidigg
[    c-scripting-core] Creating script environments for zone
[ citizen-server-impl] Started resource zone
[    c-scripting-core] Creating script environments for pma-voice
[ citizen-server-impl] Started resource pma-voice
[ citizen-server-impl] Couldn't find resource sessionmanager.
[    c-scripting-core] Creating script environments for webpack
[ citizen-server-impl] Started resource webpack
[    c-scripting-core] Creating script environments for screenshot-basic
[ citizen-server-impl] Started resource screenshot-basic
[    c-scripting-core] Creating script environments for chat
[ citizen-server-impl] Started resource chat
(node:946) ExperimentalWarning: stream/web is an experimental feature. This feature could change at any time
(Use `FXServer --trace-warnings ...` to show where the warning was created)
[      script:monitor] [txAdminClient] Threads and commands set up. All Ready.
[                 cmd] Access denied for command list_aces.
[      script:oxmysql] Database server connection established!
[      script:oxmysql] An update is available for oxmysql (current version: 2.5.4)
[      script:oxmysql] https://github.com/overextended/oxmysql/releases/tag/v2.6.0
[      script:vd_core] [INFO] ESX Legacy 1.9.2 initialized!
[       script:ox_lib] An update is available for ox_lib (current version: 3.0.0)
[       script:ox_lib] https://github.com/overextended/ox_lib/releases/tag/v3.2.1
[ citizen-server-impl]         fff                          
[ citizen-server-impl]   cccc ff   xx  xx     rr rr    eee  
[ citizen-server-impl] cc     ffff   xx       rrr  r ee   e 
[ citizen-server-impl] cc     ff     xx   ... rr     eeeee  
[ citizen-server-impl]  ccccc ff   xx  xx ... rr      eeeee 
[ citizen-server-impl]                                      
[ citizen-server-impl] Authenticated with cfx.re Nucleus: https://alexandro-hd-5qoga6.users.cfx.re/
[    script:EasyAdmin] 
[    script:EasyAdmin] --------------------------------------------------------------------------
[    script:EasyAdmin] 
[    script:EasyAdmin] EasyAdmin (EasyAdmin) is outdated.
[    script:EasyAdmin] Newest Version: 7.01
[    script:EasyAdmin] Your Version: 6.91
[    script:EasyAdmin] Please update it from https://github.com/Blumlaut/EasyAdmin/releases/tag/7.01
[    script:EasyAdmin] 
[    script:EasyAdmin] --------------------------------------------------------------------------
[ script:connectqueue] QUEUE: GHOxPREDATOR - Narchy[steam:110000113950df1] was placed 1/1 in queue
[ script:connectqueue] QUEUE: GHOxPREDATOR - Narchy[steam:110000113950df1] is loading into the server
[ script:connectqueue] QUEUE: RoyaL-Akai[steam:1100001462062ac] was placed 1/1 in queue
[ script:connectqueue] QUEUE: RoyaL-Akai[steam:1100001462062ac] is loading into the server
[      script:vd_core] [INFO] Player "GHOxPREDATOR - Narchy" has connected to the server. ID: 1
[      script:vd_core] [INFO] Player "RoyaL-Akai" has connected to the server. ID: 2
> txaEvent "adminsUpdated" "[1,2]"
> txaEvent "adminsUpdated" "[1,2]"
[ script:connectqueue] QUEUE: Ryl - nc4[steam:110000144e17d77] was placed 1/1 in queue
[ script:connectqueue] QUEUE: Ryl - nc4[steam:110000144e17d77] is loading into the server
[      script:vd_core] [INFO] Player "Ryl - nc4" has connected to the server. ID: 3
> txaEvent "adminsUpdated" "[1,2,3]"
> txaEvent "adminsUpdated" "[1,2,3]"
[                 cmd] Access denied for command skin.
[                 cmd] Access denied for command skin.
[                 cmd] Access denied for command goto.
[                 cmd] Access denied for command goto.
[                 cmd] Access denied for command goto.
[                 cmd] Access denied for command revive.
[                 cmd] Access denied for command revive.
[                 cmd] Access denied for command revive.
[ script:connectqueue] QUEUE: RoyaL - K4LE [steam:11000010d5b13b9] was placed 1/1 in queue
[ script:connectqueue] QUEUE: RoyaL - K4LE [steam:11000010d5b13b9] is loading into the server
[                 cmd] Access denied for command dv.
[      script:vd_core] [INFO] Saved 3 players over 0.0 ms
[                 cmd] Access denied for command dv.
[      script:vd_core] [INFO] Player "RoyaL - K4LE " has connected to the server. ID: 4
[    c-scripting-core] InvokeNative: execution failed: Argument at index 0 was null.
[       script:vidigg] SCRIPT ERROR: Execution of native 000000006e31e993 in script host failed: Argument at index 0 was null.
[       script:vidigg] > handler (@vidigg/server/sv_notifkill.lua:55)
> setgroup 1 superadmin
[      script:vd_core] [WARNING] Superadmin detected, setting group to admin
[      script:vd_core] [INFO] Saved player "GHOxPREDATOR - Narchy"
> txaEvent "playerWarned" "{＂target＂:3,＂author＂:＂royalakai＂,＂reason＂:＂TOLOL LU＂,＂actionId＂:＂ARQA-93MB＂}"
[      script:monitor] [txAdminClient] Warning Ryl - nc4 with reason: TOLOL LU
[                 cmd] Access denied for command revive.
[                 cmd] Access denied for command revive.
[                 cmd] Access denied for command revive.
[    c-scripting-core] InvokeNative: execution failed: Argument at index 0 was null.
[       script:vidigg] SCRIPT ERROR: Execution of native 000000006e31e993 in script host failed: Argument at index 0 was null.
[       script:vidigg] > handler (@vidigg/server/sv_notifkill.lua:55)
[      script:vd_core] [INFO] Saved player "RoyaL - K4LE "
[      script:vd_core] [INFO] Saved 2 players over 0.0 ms
[      script:vd_core] [INFO] Saved player "Ryl - nc4"
[      script:vd_core] [INFO] Saved player "RoyaL-Akai"
