
================================================================
======== Log Rotated - 5/15/2023, 2:33:39 AM                    
================================================================

================================================================
======== FXServer Starting - 5/15/2023, 2:33:43 AM              
================================================================
[    c-scripting-core] Creating script environments for _cfx_internal
[ citizen-server-impl] Scanning resources.
[ citizen-server-impl] Found 44 resources.
[ citizen-server-impl] Some resources have an outdated resource manifest:
[ citizen-server-impl]     - gif_logo-master
[ citizen-server-impl] 
[ citizen-server-impl] Please update these resources.
[          svadhesive] Authenticating server license key...
[          svadhesive] Server license key authentication succeeded. Welcome!
[ citizen-server-impl] Couldn't find resource sessionmanager.
[    c-scripting-core] Creating script environments for monitor
[      script:monitor] [txAdminClient] Version 4.17.1 starting...
[ citizen-server-impl] Started resource monitor
[    c-scripting-core] Creating script environments for ox_lib
[ citizen-server-impl] Started resource ox_lib
[    c-scripting-core] Creating script environments for yarn
[ citizen-server-impl] Started resource yarn
[    c-scripting-core] Creating script environments for EasyAdmin
[    script:EasyAdmin] 
[    script:EasyAdmin]  _______ _______ _______ __   __ _______ ______  _______ _____ __   _
[    script:EasyAdmin]  |______ |_____| |______   \_/   |_____| |     \ |  |  |   |   | \  |
[    script:EasyAdmin]  |______ |     | ______|    |    |     | |_____/ |  |  | __|__ |  \_|
[    script:EasyAdmin]                            Version 6.91
[ citizen-server-impl] Started resource EasyAdmin
[    c-scripting-core] Creating script environments for oxmysql
[ citizen-server-impl] Started resource oxmysql
[ citizen-server-impl] Started resource spawnmanager
[    c-scripting-core] Creating script environments for vd_core
[ citizen-server-impl] Started resource vd_core
[    c-scripting-core] Creating script environments for menu
[ citizen-server-impl] Started resource menu
[ citizen-server-impl] Started resource menuv
[    c-scripting-core] Creating script environments for vd-crew
[ citizen-server-impl] Started resource vd-crew
[ citizen-server-impl] Started resource vd_icon
[    c-scripting-core] Creating script environments for PolyZone
[ citizen-server-impl] Started resource PolyZone
[    c-scripting-core] Creating script environments for adminmenu
[ citizen-server-impl] Started resource adminmenu
[ citizen-server-impl] Started resource cmps
[    c-scripting-core] Creating script environments for connectqueue
[ script:connectqueue] QUEUE:  [connectqueue] Disabling hardcap 
[ citizen-server-impl] Started resource connectqueue
[    c-scripting-core] Creating script environments for coords
[ citizen-server-impl] Started resource coords
[ citizen-server-impl] Started resource gif_logo-master
[    c-scripting-core] Creating script environments for illenium-appearance
[ citizen-server-impl] Started resource illenium-appearance
[    c-scripting-core] Creating script environments for ox_target
[ citizen-server-impl] Started resource ox_target
[    c-scripting-core] Creating script environments for topkill
[ citizen-server-impl] Started resource topkill
[    c-scripting-core] Creating script environments for vd-alive
[ citizen-server-impl] Started resource vd-alive
[ citizen-server-impl] Started resource vd-assets
[ citizen-server-impl] Started resource vd-hud
[    c-scripting-core] Creating script environments for vd-inv
[ citizen-server-impl] Started resource vd-inv
[    c-scripting-core] Creating script environments for vd-kf
[ citizen-server-impl] Started resource vd-kf
[ citizen-server-impl] Started resource vd-ld
[ citizen-server-impl] Started resource vd-notif
[    c-scripting-core] Creating script environments for vd-radial
[ citizen-server-impl] Started resource vd-radial
[    c-scripting-core] Creating script environments for vd-rev
[ citizen-server-impl] Started resource vd-rev
[    c-scripting-core] Creating script environments for vd-walk
[ citizen-server-impl] Started resource vd-walk
[ citizen-server-impl] Started resource vd_crosshair
[    c-scripting-core] Creating script environments for vidigg
[ citizen-server-impl] Started resource vidigg
[    c-scripting-core] Creating script environments for zone
[ citizen-server-impl] Started resource zone
[    c-scripting-core] Creating script environments for pma-voice
[ citizen-server-impl] Started resource pma-voice
[ citizen-server-impl] Couldn't find resource sessionmanager.
[    c-scripting-core] Creating script environments for webpack
[ citizen-server-impl] Started resource webpack
[    c-scripting-core] Creating script environments for screenshot-basic
[ citizen-server-impl] Started resource screenshot-basic
[    c-scripting-core] Creating script environments for chat
[ citizen-server-impl] Started resource chat
[    c-scripting-core] Creating script environments for logs
[ citizen-server-impl] Started resource logs
[ citizen-server-impl] Started resource assets-a
[ citizen-server-impl] Started resource assets-b
[ citizen-server-impl] Started resource assets-c
[ citizen-server-impl] Started resource assets-d
[    c-scripting-core] Creating script environments for guard
[ citizen-server-impl] Started resource guard
(node:1216) ExperimentalWarning: stream/web is an experimental feature. This feature could change at any time
(Use `FXServer --trace-warnings ...` to show where the warning was created)
[ citizen-server-impl] server thread hitch warning: timer interval of 154 milliseconds
[      script:monitor] [txAdminClient] Threads and commands set up. All Ready.
[                 cmd] Access denied for command list_aces.
[      script:oxmysql] Database server connection established!
[      script:vd_core] [INFO] ESX Legacy 1.9.2 initialized!
[      script:oxmysql] An update is available for oxmysql (current version: 2.5.4)
[      script:oxmysql] https://github.com/overextended/oxmysql/releases/tag/v2.6.0
[       script:ox_lib] An update is available for ox_lib (current version: 3.0.0)
[       script:ox_lib] https://github.com/overextended/ox_lib/releases/tag/v3.3.0
[       script:ox_lib] An update is available for ox_target (current version: 1.6.4)
[       script:ox_lib] https://github.com/overextended/ox_target/releases/tag/v1.8.1
[       script:ox_lib] An update is available for illenium-appearance (current version: 4.6.1)
[       script:ox_lib] https://github.com/iLLeniumStudios/illenium-appearance/releases/tag/v5.2.0
[    script:EasyAdmin] 
[    script:EasyAdmin] --------------------------------------------------------------------------
[    script:EasyAdmin] 
[    script:EasyAdmin] EasyAdmin (EasyAdmin) is outdated.
[    script:EasyAdmin] Newest Version: 7.01
[    script:EasyAdmin] Your Version: 6.91
[    script:EasyAdmin] Please update it from https://github.com/Blumlaut/EasyAdmin/releases/tag/7.01
[    script:EasyAdmin] 
[    script:EasyAdmin] --------------------------------------------------------------------------
[ citizen-server-impl]         fff                          
[ citizen-server-impl]   cccc ff   xx  xx     rr rr    eee  
[ citizen-server-impl] cc     ffff   xx       rrr  r ee   e 
[ citizen-server-impl] cc     ff     xx   ... rr     eeeee  
[ citizen-server-impl]  ccccc ff   xx  xx ... rr      eeeee 
[ citizen-server-impl]                                      
[ citizen-server-impl] Authenticated with cfx.re Nucleus: https://pauljoych-d5epmd.users.cfx.re/
