
================================================================
======== Log Rotated - 4/17/2023, 12:00:00 AM                   
================================================================
[ citizen-server-impl] sync thread hitch warning: timer interval of 104 milliseconds
[ citizen-server-impl] sync thread hitch warning: timer interval of 129 milliseconds
[ citizen-server-impl] server thread hitch warning: timer interval of 154 milliseconds
[ citizen-server-impl] sync thread hitch warning: timer interval of 130 milliseconds
[ citizen-server-impl] server thread hitch warning: timer interval of 184 milliseconds
[ citizen-server-impl] sync thread hitch warning: timer interval of 179 milliseconds
[ citizen-server-impl] network thread hitch warning: timer interval of 180 milliseconds
[                 cmd] Access denied for command list_aces.
[    script:EasyAdmin] 
[    script:EasyAdmin] --------------------------------------------------------------------------
[    script:EasyAdmin] 
[    script:EasyAdmin] EasyAdmin (EasyAdmin) is outdated.
[    script:EasyAdmin] Newest Version: 7.0
[    script:EasyAdmin] Your Version: 6.91
[    script:EasyAdmin] Please update it from https://github.com/Blumlaut/EasyAdmin/releases/tag/7.0
[    script:EasyAdmin] 
[    script:EasyAdmin] --------------------------------------------------------------------------
[ citizen-server-impl] server thread hitch warning: timer interval of 188 milliseconds
[ citizen-server-impl] sync thread hitch warning: timer interval of 148 milliseconds
[ citizen-server-impl] network thread hitch warning: timer interval of 152 milliseconds
[ citizen-server-impl] sync thread hitch warning: timer interval of 192 milliseconds
[ citizen-server-impl] server thread hitch warning: timer interval of 211 milliseconds
[ citizen-server-impl] sync thread hitch warning: timer interval of 183 milliseconds
[ citizen-server-impl] network thread hitch warning: timer interval of 183 milliseconds
[ citizen-server-impl] sync thread hitch warning: timer interval of 195 milliseconds
[                 cmd] Access denied for command list_aces.
[    script:EasyAdmin] 
[    script:EasyAdmin] --------------------------------------------------------------------------
[    script:EasyAdmin] 
[    script:EasyAdmin] EasyAdmin (EasyAdmin) is outdated.
[    script:EasyAdmin] Newest Version: 7.0
[    script:EasyAdmin] Your Version: 6.91
[    script:EasyAdmin] Please update it from https://github.com/Blumlaut/EasyAdmin/releases/tag/7.0
[    script:EasyAdmin] 
[    script:EasyAdmin] --------------------------------------------------------------------------
[ citizen-server-impl] sync thread hitch warning: timer interval of 106 milliseconds
[ citizen-server-impl] sync thread hitch warning: timer interval of 177 milliseconds
[ citizen-server-impl] network thread hitch warning: timer interval of 181 milliseconds
[ citizen-server-impl] server thread hitch warning: timer interval of 200 milliseconds
[ citizen-server-impl] server thread hitch warning: timer interval of 207 milliseconds
[ citizen-server-impl] network thread hitch warning: timer interval of 160 milliseconds
[ citizen-server-impl] server thread hitch warning: timer interval of 192 milliseconds
[                 cmd] Access denied for command list_aces.
[    script:EasyAdmin] 
[    script:EasyAdmin] --------------------------------------------------------------------------
[    script:EasyAdmin] 
[    script:EasyAdmin] EasyAdmin (EasyAdmin) is outdated.
[    script:EasyAdmin] Newest Version: 7.0
[    script:EasyAdmin] Your Version: 6.91
[    script:EasyAdmin] Please update it from https://github.com/Blumlaut/EasyAdmin/releases/tag/7.0
[    script:EasyAdmin] 
[    script:EasyAdmin] --------------------------------------------------------------------------
[ citizen-server-impl] sync thread hitch warning: timer interval of 101 milliseconds
[ citizen-server-impl] network thread hitch warning: timer interval of 182 milliseconds
[ citizen-server-impl] sync thread hitch warning: timer interval of 101 milliseconds
[ citizen-server-impl] server thread hitch warning: timer interval of 213 milliseconds
[ citizen-server-impl] server thread hitch warning: timer interval of 232 milliseconds
[ citizen-server-impl] sync thread hitch warning: timer interval of 210 milliseconds
[ citizen-server-impl] server thread hitch warning: timer interval of 155 milliseconds
[ citizen-server-impl] server thread hitch warning: timer interval of 169 milliseconds
[ citizen-server-impl] sync thread hitch warning: timer interval of 102 milliseconds
[ citizen-server-impl] server thread hitch warning: timer interval of 220 milliseconds
[ citizen-server-impl] network thread hitch warning: timer interval of 187 milliseconds
[                 cmd] Access denied for command list_aces.
[    script:EasyAdmin] 
[    script:EasyAdmin] --------------------------------------------------------------------------
[    script:EasyAdmin] 
[    script:EasyAdmin] EasyAdmin (EasyAdmin) is outdated.
[    script:EasyAdmin] Newest Version: 7.0
[    script:EasyAdmin] Your Version: 6.91
[    script:EasyAdmin] Please update it from https://github.com/Blumlaut/EasyAdmin/releases/tag/7.0
[    script:EasyAdmin] 
[    script:EasyAdmin] --------------------------------------------------------------------------
[ citizen-server-impl] sync thread hitch warning: timer interval of 121 milliseconds
[ citizen-server-impl] sync thread hitch warning: timer interval of 120 milliseconds
[ citizen-server-impl] server thread hitch warning: timer interval of 214 milliseconds
[ citizen-server-impl] sync thread hitch warning: timer interval of 111 milliseconds
[ citizen-server-impl] server thread hitch warning: timer interval of 184 milliseconds
[ citizen-server-impl] sync thread hitch warning: timer interval of 171 milliseconds
[ citizen-server-impl] network thread hitch warning: timer interval of 176 milliseconds
[ citizen-server-impl] sync thread hitch warning: timer interval of 155 milliseconds
[ citizen-server-impl] server thread hitch warning: timer interval of 211 milliseconds
[ citizen-server-impl] network thread hitch warning: timer interval of 185 milliseconds
[ citizen-server-impl] sync thread hitch warning: timer interval of 182 milliseconds
[ citizen-server-impl] network thread hitch warning: timer interval of 177 milliseconds
[ citizen-server-impl] server thread hitch warning: timer interval of 178 milliseconds
[ citizen-server-impl] server thread hitch warning: timer interval of 155 milliseconds
[ citizen-server-impl] network thread hitch warning: timer interval of 154 milliseconds
[ citizen-server-impl] sync thread hitch warning: timer interval of 198 milliseconds
[ citizen-server-impl] sync thread hitch warning: timer interval of 178 milliseconds
[ citizen-server-impl] network thread hitch warning: timer interval of 180 milliseconds
[ citizen-server-impl] server thread hitch warning: timer interval of 205 milliseconds
[ citizen-server-impl] server thread hitch warning: timer interval of 220 milliseconds
[ citizen-server-impl] sync thread hitch warning: timer interval of 175 milliseconds
[ citizen-server-impl] network thread hitch warning: timer interval of 182 milliseconds
[                 cmd] Access denied for command list_aces.
[    script:EasyAdmin] 
[    script:EasyAdmin] --------------------------------------------------------------------------
[    script:EasyAdmin] 
[    script:EasyAdmin] EasyAdmin (EasyAdmin) is outdated.
[    script:EasyAdmin] Newest Version: 7.0
[    script:EasyAdmin] Your Version: 6.91
[    script:EasyAdmin] Please update it from https://github.com/Blumlaut/EasyAdmin/releases/tag/7.0
[    script:EasyAdmin] 
[    script:EasyAdmin] --------------------------------------------------------------------------
[ citizen-server-impl] server thread hitch warning: timer interval of 209 milliseconds
[ citizen-server-impl] sync thread hitch warning: timer interval of 164 milliseconds
[ citizen-server-impl] network thread hitch warning: timer interval of 198 milliseconds
[ citizen-server-impl] server thread hitch warning: timer interval of 204 milliseconds
[ citizen-server-impl] sync thread hitch warning: timer interval of 184 milliseconds
[ citizen-server-impl] network thread hitch warning: timer interval of 194 milliseconds
[ citizen-server-impl] server thread hitch warning: timer interval of 164 milliseconds
[ citizen-server-impl] sync thread hitch warning: timer interval of 111 milliseconds
[ citizen-server-impl] server thread hitch warning: timer interval of 220 milliseconds
[ citizen-server-impl] network thread hitch warning: timer interval of 163 milliseconds
[ citizen-server-impl] sync thread hitch warning: timer interval of 133 milliseconds
[ citizen-server-impl] server thread hitch warning: timer interval of 167 milliseconds
[                 cmd] Access denied for command list_aces.
[    script:EasyAdmin] 
[    script:EasyAdmin] --------------------------------------------------------------------------
[    script:EasyAdmin] 
[    script:EasyAdmin] EasyAdmin (EasyAdmin) is outdated.
[    script:EasyAdmin] Newest Version: 7.0
[    script:EasyAdmin] Your Version: 6.91
[    script:EasyAdmin] Please update it from https://github.com/Blumlaut/EasyAdmin/releases/tag/7.0
[    script:EasyAdmin] 
[    script:EasyAdmin] --------------------------------------------------------------------------
[ citizen-server-impl] sync thread hitch warning: timer interval of 129 milliseconds
[ citizen-server-impl] sync thread hitch warning: timer interval of 178 milliseconds
[ citizen-server-impl] network thread hitch warning: timer interval of 181 milliseconds
[ citizen-server-impl] server thread hitch warning: timer interval of 192 milliseconds
[ citizen-server-impl] sync thread hitch warning: timer interval of 103 milliseconds
[ citizen-server-impl] server thread hitch warning: timer interval of 204 milliseconds
[ citizen-server-impl] sync thread hitch warning: timer interval of 136 milliseconds
[ citizen-server-impl] server thread hitch warning: timer interval of 230 milliseconds
[ citizen-server-impl] server thread hitch warning: timer interval of 207 milliseconds
[ citizen-server-impl] network thread hitch warning: timer interval of 175 milliseconds
[                 cmd] Access denied for command list_aces.
[    script:EasyAdmin] 
[    script:EasyAdmin] --------------------------------------------------------------------------
[    script:EasyAdmin] 
[    script:EasyAdmin] EasyAdmin (EasyAdmin) is outdated.
[    script:EasyAdmin] Newest Version: 7.0
[    script:EasyAdmin] Your Version: 6.91
[    script:EasyAdmin] Please update it from https://github.com/Blumlaut/EasyAdmin/releases/tag/7.0
[    script:EasyAdmin] 
[    script:EasyAdmin] --------------------------------------------------------------------------
[ citizen-server-impl] sync thread hitch warning: timer interval of 118 milliseconds
[ citizen-server-impl] sync thread hitch warning: timer interval of 146 milliseconds
[ citizen-server-impl] server thread hitch warning: timer interval of 224 milliseconds
[ citizen-server-impl] sync thread hitch warning: timer interval of 161 milliseconds
[ citizen-server-impl] server thread hitch warning: timer interval of 189 milliseconds
[ citizen-server-impl] sync thread hitch warning: timer interval of 185 milliseconds
[ citizen-server-impl] network thread hitch warning: timer interval of 187 milliseconds
[ citizen-server-impl] server thread hitch warning: timer interval of 188 milliseconds
[ citizen-server-impl] server thread hitch warning: timer interval of 173 milliseconds
[ citizen-server-impl] network thread hitch warning: timer interval of 179 milliseconds
[ citizen-server-impl] sync thread hitch warning: timer interval of 180 milliseconds
[ citizen-server-impl] network thread hitch warning: timer interval of 178 milliseconds
[ citizen-server-impl] sync thread hitch warning: timer interval of 182 milliseconds
[ citizen-server-impl] server thread hitch warning: timer interval of 205 milliseconds
[ citizen-server-impl] sync thread hitch warning: timer interval of 197 milliseconds
[ citizen-server-impl] network thread hitch warning: timer interval of 195 milliseconds
[ citizen-server-impl] server thread hitch warning: timer interval of 203 milliseconds
[ citizen-server-impl] sync thread hitch warning: timer interval of 170 milliseconds
[ citizen-server-impl] network thread hitch warning: timer interval of 171 milliseconds
[ citizen-server-impl] server thread hitch warning: timer interval of 217 milliseconds
[                 cmd] Access denied for command list_aces.
[    script:EasyAdmin] 
[    script:EasyAdmin] --------------------------------------------------------------------------
[    script:EasyAdmin] 
[    script:EasyAdmin] EasyAdmin (EasyAdmin) is outdated.
[    script:EasyAdmin] Newest Version: 7.0
[    script:EasyAdmin] Your Version: 6.91
[    script:EasyAdmin] Please update it from https://github.com/Blumlaut/EasyAdmin/releases/tag/7.0
[    script:EasyAdmin] 
[    script:EasyAdmin] --------------------------------------------------------------------------
[ citizen-server-impl] sync thread hitch warning: timer interval of 193 milliseconds
[ citizen-server-impl] network thread hitch warning: timer interval of 198 milliseconds
[ citizen-server-impl] sync thread hitch warning: timer interval of 163 milliseconds
[ citizen-server-impl] server thread hitch warning: timer interval of 170 milliseconds
[ citizen-server-impl] sync thread hitch warning: timer interval of 187 milliseconds
[ citizen-server-impl] server thread hitch warning: timer interval of 184 milliseconds
[ citizen-server-impl] network thread hitch warning: timer interval of 178 milliseconds
[ citizen-server-impl] sync thread hitch warning: timer interval of 187 milliseconds
[ citizen-server-impl] server thread hitch warning: timer interval of 190 milliseconds
[ citizen-server-impl] sync thread hitch warning: timer interval of 165 milliseconds
[ citizen-server-impl] network thread hitch warning: timer interval of 165 milliseconds
[ citizen-server-impl] sync thread hitch warning: timer interval of 106 milliseconds
[                 cmd] Access denied for command list_aces.
[    script:EasyAdmin] 
[    script:EasyAdmin] --------------------------------------------------------------------------
[    script:EasyAdmin] 
[    script:EasyAdmin] EasyAdmin (EasyAdmin) is outdated.
[    script:EasyAdmin] Newest Version: 7.0
[    script:EasyAdmin] Your Version: 6.91
[    script:EasyAdmin] Please update it from https://github.com/Blumlaut/EasyAdmin/releases/tag/7.0
[    script:EasyAdmin] 
[    script:EasyAdmin] --------------------------------------------------------------------------
[ citizen-server-impl] sync thread hitch warning: timer interval of 173 milliseconds
[ citizen-server-impl] sync thread hitch warning: timer interval of 175 milliseconds
[ citizen-server-impl] server thread hitch warning: timer interval of 172 milliseconds
[ citizen-server-impl] server thread hitch warning: timer interval of 194 milliseconds
[ citizen-server-impl] sync thread hitch warning: timer interval of 150 milliseconds
[ citizen-server-impl] network thread hitch warning: timer interval of 158 milliseconds
[ citizen-server-impl] sync thread hitch warning: timer interval of 146 milliseconds
[ citizen-server-impl] server thread hitch warning: timer interval of 160 milliseconds
[ citizen-server-impl] sync thread hitch warning: timer interval of 157 milliseconds
[ citizen-server-impl] server thread hitch warning: timer interval of 219 milliseconds
[ citizen-server-impl] sync thread hitch warning: timer interval of 166 milliseconds
[ citizen-server-impl] network thread hitch warning: timer interval of 174 milliseconds
[ citizen-server-impl] server thread hitch warning: timer interval of 193 milliseconds
[                 cmd] Access denied for command list_aces.
[    script:EasyAdmin] 
[    script:EasyAdmin] --------------------------------------------------------------------------
[    script:EasyAdmin] 
[    script:EasyAdmin] EasyAdmin (EasyAdmin) is outdated.
[    script:EasyAdmin] Newest Version: 7.0
[    script:EasyAdmin] Your Version: 6.91
[    script:EasyAdmin] Please update it from https://github.com/Blumlaut/EasyAdmin/releases/tag/7.0
[    script:EasyAdmin] 
[    script:EasyAdmin] --------------------------------------------------------------------------
[ citizen-server-impl] server thread hitch warning: timer interval of 156 milliseconds
[ citizen-server-impl] server thread hitch warning: timer interval of 204 milliseconds
[ citizen-server-impl] network thread hitch warning: timer interval of 151 milliseconds
[ citizen-server-impl] sync thread hitch warning: timer interval of 145 milliseconds
[ citizen-server-impl] sync thread hitch warning: timer interval of 101 milliseconds
[ citizen-server-impl] server thread hitch warning: timer interval of 173 milliseconds
[ citizen-server-impl] server thread hitch warning: timer interval of 206 milliseconds
[ citizen-server-impl] sync thread hitch warning: timer interval of 177 milliseconds
[ citizen-server-impl] network thread hitch warning: timer interval of 180 milliseconds
[ citizen-server-impl] server thread hitch warning: timer interval of 218 milliseconds
[ citizen-server-impl] sync thread hitch warning: timer interval of 122 milliseconds
[ citizen-server-impl] sync thread hitch warning: timer interval of 197 milliseconds
[ citizen-server-impl] network thread hitch warning: timer interval of 198 milliseconds
[ citizen-server-impl] server thread hitch warning: timer interval of 208 milliseconds
[ citizen-server-impl] network thread hitch warning: timer interval of 166 milliseconds
[ citizen-server-impl] server thread hitch warning: timer interval of 196 milliseconds
[ citizen-server-impl] sync thread hitch warning: timer interval of 165 milliseconds
[                 cmd] Access denied for command list_aces.
[    script:EasyAdmin] 
[    script:EasyAdmin] --------------------------------------------------------------------------
[    script:EasyAdmin] 
[    script:EasyAdmin] EasyAdmin (EasyAdmin) is outdated.
[    script:EasyAdmin] Newest Version: 7.0
[    script:EasyAdmin] Your Version: 6.91
[    script:EasyAdmin] Please update it from https://github.com/Blumlaut/EasyAdmin/releases/tag/7.0
[    script:EasyAdmin] 
[    script:EasyAdmin] --------------------------------------------------------------------------
[ citizen-server-impl] sync thread hitch warning: timer interval of 161 milliseconds
[ citizen-server-impl] network thread hitch warning: timer interval of 157 milliseconds
[ citizen-server-impl] server thread hitch warning: timer interval of 200 milliseconds
[ citizen-server-impl] sync thread hitch warning: timer interval of 172 milliseconds
[ citizen-server-impl] server thread hitch warning: timer interval of 210 milliseconds
[ citizen-server-impl] network thread hitch warning: timer interval of 171 milliseconds
[ citizen-server-impl] network thread hitch warning: timer interval of 181 milliseconds
[ citizen-server-impl] server thread hitch warning: timer interval of 213 milliseconds
[ citizen-server-impl] sync thread hitch warning: timer interval of 181 milliseconds
> txaEvent "serverShuttingDown" "{＂delay＂:5000,＂author＂:＂PaulJoych＂,＂message＂:＂Server restarting (requested by PaulJoych).＂}"
[      script:monitor] Server shutdown imminent. Kicking all players.

================================================================
======== FXServer Starting - 4/17/2023, 11:14:43 AM             
================================================================
[                 cmd] Argument count mismatch (passed 5, wanted 2)
[    c-scripting-core] Creating script environments for _cfx_internal
[ citizen-server-impl] Scanning resources.
[ citizen-server-impl] Found 37 resources.
[          svadhesive] Authenticating server license key...
[          svadhesive] Server license key authentication succeeded. Welcome!
[ citizen-server-impl] Couldn't find resource sessionmanager.
[    c-scripting-core] Creating script environments for monitor
[      script:monitor] [txAdminClient] Version 4.17.1 starting...
[ citizen-server-impl] Started resource monitor
[                 cmd] Argument count mismatch (passed 5, wanted 2)
[    c-scripting-core] Creating script environments for ox_lib
[ citizen-server-impl] Started resource ox_lib
[    c-scripting-core] Creating script environments for yarn
[ citizen-server-impl] Started resource yarn
[    c-scripting-core] Creating script environments for EasyAdmin
[    script:EasyAdmin] 
[    script:EasyAdmin]  _______ _______ _______ __   __ _______ ______  _______ _____ __   _
[    script:EasyAdmin]  |______ |_____| |______   \_/   |_____| |     \ |  |  |   |   | \  |
[    script:EasyAdmin]  |______ |     | ______|    |    |     | |_____/ |  |  | __|__ |  \_|
[    script:EasyAdmin]                            Version 6.91
[ citizen-server-impl] Started resource EasyAdmin
[    c-scripting-core] Creating script environments for oxmysql
[ citizen-server-impl] Started resource oxmysql
[ citizen-server-impl] Started resource spawnmanager
[    c-scripting-core] Creating script environments for vd_core
[ citizen-server-impl] Started resource vd_core
[    c-scripting-core] Creating script environments for menu
[ citizen-server-impl] Started resource menu
[ citizen-server-impl] Started resource menuv
[    c-scripting-core] Creating script environments for vd-crew
[ citizen-server-impl] Started resource vd-crew
[ citizen-server-impl] Started resource vd_icon
[    c-scripting-core] Creating script environments for PolyZone
[ citizen-server-impl] Started resource PolyZone
[    c-scripting-core] Creating script environments for adminmenu
[ citizen-server-impl] Started resource adminmenu
[ citizen-server-impl] Started resource cmps
[    c-scripting-core] Creating script environments for connectqueue
[ script:connectqueue] QUEUE:  [connectqueue] Disabling hardcap 
[ citizen-server-impl] Started resource connectqueue
[    c-scripting-core] Creating script environments for coords
[ citizen-server-impl] Started resource coords
[    c-scripting-core] Creating script environments for illenium-appearance
[ citizen-server-impl] Started resource illenium-appearance
[    c-scripting-core] Creating script environments for ox_target
[ citizen-server-impl] Started resource ox_target
[    c-scripting-core] Creating script environments for topkill
[ citizen-server-impl] Started resource topkill
[    c-scripting-core] Creating script environments for vd-alive
[ citizen-server-impl] Started resource vd-alive
[ citizen-server-impl] Started resource vd-assets
[ citizen-server-impl] Started resource vd-hud
[    c-scripting-core] Creating script environments for vd-inv
[ citizen-server-impl] Started resource vd-inv
[    c-scripting-core] Creating script environments for vd-kf
[ citizen-server-impl] Started resource vd-kf
[ citizen-server-impl] Started resource vd-loadsc
[ citizen-server-impl] Started resource vd-notif
[    c-scripting-core] Creating script environments for vd-radial
[ citizen-server-impl] Started resource vd-radial
[    c-scripting-core] Creating script environments for vd-rev
[ citizen-server-impl] Started resource vd-rev
[    c-scripting-core] Creating script environments for vd-walk
[ citizen-server-impl] Started resource vd-walk
[ citizen-server-impl] Started resource vd_crosshair
[    c-scripting-core] Creating script environments for vidigg
[       script:vidigg] Error loading script config.lua in resource vidigg: @vidigg/config.lua:8: table index is nil
[       script:vidigg] stack traceback:
[       script:vidigg] 	@vidigg/config.lua:8: in main chunk
[    c-scripting-core] Failed to load script config.lua.
[ citizen-server-impl] Started resource vidigg
[    c-scripting-core] Creating script environments for zone
[ citizen-server-impl] Started resource zone
[    c-scripting-core] Creating script environments for pma-voice
[ citizen-server-impl] Started resource pma-voice
[ citizen-server-impl] Couldn't find resource sessionmanager.
[    c-scripting-core] Creating script environments for webpack
[ citizen-server-impl] Started resource webpack
[    c-scripting-core] Creating script environments for screenshot-basic
[ citizen-server-impl] Started resource screenshot-basic
[    c-scripting-core] Creating script environments for chat
[ citizen-server-impl] Started resource chat
(node:79519) ExperimentalWarning: stream/web is an experimental feature. This feature could change at any time
(Use `FXServer --trace-warnings ...` to show where the warning was created)
[      script:monitor] [txAdminClient] Threads and commands set up. All Ready.
[                 cmd] Access denied for command list_aces.
[      script:oxmysql] Database server connection established!
[      script:vd_core] [INFO] ESX Legacy 1.9.2 initialized!
[       script:ox_lib] An update is available for ox_lib (current version: 3.0.0)
[       script:ox_lib] https://github.com/overextended/ox_lib/releases/tag/v3.1.4
[    script:EasyAdmin] 
[    script:EasyAdmin] --------------------------------------------------------------------------
[    script:EasyAdmin] 
[    script:EasyAdmin] EasyAdmin (EasyAdmin) is outdated.
[    script:EasyAdmin] Newest Version: 7.0
[    script:EasyAdmin] Your Version: 6.91
[    script:EasyAdmin] Please update it from https://github.com/Blumlaut/EasyAdmin/releases/tag/7.0
[    script:EasyAdmin] 
[    script:EasyAdmin] --------------------------------------------------------------------------
[      script:oxmysql] An update is available for oxmysql (current version: 2.5.4)
[      script:oxmysql] https://github.com/overextended/oxmysql/releases/tag/v2.6.0
[ citizen-server-impl]         fff                          
[ citizen-server-impl]   cccc ff   xx  xx     rr rr    eee  
[ citizen-server-impl] cc     ffff   xx       rrr  r ee   e 
[ citizen-server-impl] cc     ff     xx   ... rr     eeeee  
[ citizen-server-impl]  ccccc ff   xx  xx ... rr      eeeee 
[ citizen-server-impl]                                      
[ citizen-server-impl] Authenticated with cfx.re Nucleus: https://alexandro-hd-5qoga6.users.cfx.re/
[ citizen-server-impl] server thread hitch warning: timer interval of 170 milliseconds
> txaEvent "serverShuttingDown" "{＂delay＂:5000,＂author＂:＂PaulJoych＂,＂message＂:＂Server restarting (requested by PaulJoych).＂}"
[      script:monitor] Server shutdown imminent. Kicking all players.

================================================================
======== FXServer Starting - 4/17/2023, 11:22:14 AM             
================================================================
[                 cmd] Argument count mismatch (passed 5, wanted 2)
[    c-scripting-core] Creating script environments for _cfx_internal
[ citizen-server-impl] Scanning resources.
[ citizen-server-impl] Found 37 resources.
[          svadhesive] Authenticating server license key...
[          svadhesive] Server license key authentication succeeded. Welcome!
[ citizen-server-impl] Couldn't find resource sessionmanager.
[    c-scripting-core] Creating script environments for monitor
[      script:monitor] [txAdminClient] Version 4.17.1 starting...
[ citizen-server-impl] Started resource monitor
[                 cmd] Argument count mismatch (passed 5, wanted 2)
[    c-scripting-core] Creating script environments for ox_lib
[ citizen-server-impl] Started resource ox_lib
[    c-scripting-core] Creating script environments for yarn
[ citizen-server-impl] Started resource yarn
[    c-scripting-core] Creating script environments for EasyAdmin
[    script:EasyAdmin] 
[    script:EasyAdmin]  _______ _______ _______ __   __ _______ ______  _______ _____ __   _
[    script:EasyAdmin]  |______ |_____| |______   \_/   |_____| |     \ |  |  |   |   | \  |
[    script:EasyAdmin]  |______ |     | ______|    |    |     | |_____/ |  |  | __|__ |  \_|
[    script:EasyAdmin]                            Version 6.91
[ citizen-server-impl] Started resource EasyAdmin
[    c-scripting-core] Creating script environments for oxmysql
[ citizen-server-impl] Started resource oxmysql
[ citizen-server-impl] Started resource spawnmanager
[    c-scripting-core] Creating script environments for vd_core
[ citizen-server-impl] Started resource vd_core
[    c-scripting-core] Creating script environments for menu
[ citizen-server-impl] Started resource menu
[ citizen-server-impl] Started resource menuv
[    c-scripting-core] Creating script environments for vd-crew
[ citizen-server-impl] Started resource vd-crew
[ citizen-server-impl] Started resource vd_icon
[    c-scripting-core] Creating script environments for PolyZone
[ citizen-server-impl] Started resource PolyZone
[    c-scripting-core] Creating script environments for adminmenu
[ citizen-server-impl] Started resource adminmenu
[ citizen-server-impl] Started resource cmps
[    c-scripting-core] Creating script environments for connectqueue
[ script:connectqueue] QUEUE:  [connectqueue] Disabling hardcap 
[ citizen-server-impl] Started resource connectqueue
[    c-scripting-core] Creating script environments for coords
[ citizen-server-impl] Started resource coords
[    c-scripting-core] Creating script environments for illenium-appearance
[ citizen-server-impl] Started resource illenium-appearance
[    c-scripting-core] Creating script environments for ox_target
[ citizen-server-impl] Started resource ox_target
[    c-scripting-core] Creating script environments for topkill
[ citizen-server-impl] Started resource topkill
[    c-scripting-core] Creating script environments for vd-alive
[ citizen-server-impl] Started resource vd-alive
[ citizen-server-impl] Started resource vd-assets
[ citizen-server-impl] Started resource vd-hud
[    c-scripting-core] Creating script environments for vd-inv
[ citizen-server-impl] Started resource vd-inv
[    c-scripting-core] Creating script environments for vd-kf
[ citizen-server-impl] Started resource vd-kf
[ citizen-server-impl] Started resource vd-loadsc
[ citizen-server-impl] Started resource vd-notif
[    c-scripting-core] Creating script environments for vd-radial
[ citizen-server-impl] Started resource vd-radial
[    c-scripting-core] Creating script environments for vd-rev
[ citizen-server-impl] Started resource vd-rev
[    c-scripting-core] Creating script environments for vd-walk
[ citizen-server-impl] Started resource vd-walk
[ citizen-server-impl] Started resource vd_crosshair
[    c-scripting-core] Creating script environments for vidigg
[       script:vidigg] Error loading script config.lua in resource vidigg: @vidigg/config.lua:8: table index is nil
[       script:vidigg] stack traceback:
[       script:vidigg] 	@vidigg/config.lua:8: in main chunk
[    c-scripting-core] Failed to load script config.lua.
[ citizen-server-impl] Started resource vidigg
[    c-scripting-core] Creating script environments for zone
[ citizen-server-impl] Started resource zone
[    c-scripting-core] Creating script environments for pma-voice
[ citizen-server-impl] Started resource pma-voice
[ citizen-server-impl] Couldn't find resource sessionmanager.
[    c-scripting-core] Creating script environments for webpack
[ citizen-server-impl] Started resource webpack
[    c-scripting-core] Creating script environments for screenshot-basic
[ citizen-server-impl] Started resource screenshot-basic
[    c-scripting-core] Creating script environments for chat
[ citizen-server-impl] Started resource chat
(node:79795) ExperimentalWarning: stream/web is an experimental feature. This feature could change at any time
(Use `FXServer --trace-warnings ...` to show where the warning was created)
[      script:monitor] [txAdminClient] Threads and commands set up. All Ready.
[                 cmd] Access denied for command list_aces.
[ citizen-server-impl] server thread hitch warning: timer interval of 174 milliseconds
[      script:oxmysql] Database server connection established!
[      script:oxmysql] An update is available for oxmysql (current version: 2.5.4)
[      script:oxmysql] https://github.com/overextended/oxmysql/releases/tag/v2.6.0
[       script:ox_lib] An update is available for ox_lib (current version: 3.0.0)
[       script:ox_lib] https://github.com/overextended/ox_lib/releases/tag/v3.1.4
[      script:vd_core] [INFO] ESX Legacy 1.9.2 initialized!
[    script:EasyAdmin] 
[    script:EasyAdmin] --------------------------------------------------------------------------
[    script:EasyAdmin] 
[    script:EasyAdmin] EasyAdmin (EasyAdmin) is outdated.
[    script:EasyAdmin] Newest Version: 7.0
[    script:EasyAdmin] Your Version: 6.91
[    script:EasyAdmin] Please update it from https://github.com/Blumlaut/EasyAdmin/releases/tag/7.0
[    script:EasyAdmin] 
[    script:EasyAdmin] --------------------------------------------------------------------------
[ citizen-server-impl]         fff                          
[ citizen-server-impl]   cccc ff   xx  xx     rr rr    eee  
[ citizen-server-impl] cc     ffff   xx       rrr  r ee   e 
[ citizen-server-impl] cc     ff     xx   ... rr     eeeee  
[ citizen-server-impl]  ccccc ff   xx  xx ... rr      eeeee 
[ citizen-server-impl]                                      
[ citizen-server-impl] Authenticated with cfx.re Nucleus: https://alexandro-hd-5qoga6.users.cfx.re/
> txaEvent "serverShuttingDown" "{＂delay＂:5000,＂author＂:＂PaulJoych＂,＂message＂:＂Server restarting (requested by PaulJoych).＂}"
[      script:monitor] Server shutdown imminent. Kicking all players.

================================================================
======== FXServer Starting - 4/17/2023, 11:25:48 AM             
================================================================
[                 cmd] Argument count mismatch (passed 5, wanted 2)
[    c-scripting-core] Creating script environments for _cfx_internal
[ citizen-server-impl] Scanning resources.
[ citizen-server-impl] Found 37 resources.
[          svadhesive] Authenticating server license key...
[          svadhesive] Server license key authentication succeeded. Welcome!
[ citizen-server-impl] Couldn't find resource sessionmanager.
[    c-scripting-core] Creating script environments for monitor
[      script:monitor] [txAdminClient] Version 4.17.1 starting...
[ citizen-server-impl] Started resource monitor
[                 cmd] Argument count mismatch (passed 5, wanted 2)
[    c-scripting-core] Creating script environments for ox_lib
[ citizen-server-impl] Started resource ox_lib
[    c-scripting-core] Creating script environments for yarn
[ citizen-server-impl] Started resource yarn
[    c-scripting-core] Creating script environments for EasyAdmin
[    script:EasyAdmin] 
[    script:EasyAdmin]  _______ _______ _______ __   __ _______ ______  _______ _____ __   _
[    script:EasyAdmin]  |______ |_____| |______   \_/   |_____| |     \ |  |  |   |   | \  |
[    script:EasyAdmin]  |______ |     | ______|    |    |     | |_____/ |  |  | __|__ |  \_|
[    script:EasyAdmin]                            Version 6.91
[ citizen-server-impl] Started resource EasyAdmin
[    c-scripting-core] Creating script environments for oxmysql
[ citizen-server-impl] Started resource oxmysql
[ citizen-server-impl] Started resource spawnmanager
[    c-scripting-core] Creating script environments for vd_core
[ citizen-server-impl] Started resource vd_core
[    c-scripting-core] Creating script environments for menu
[ citizen-server-impl] Started resource menu
[ citizen-server-impl] Started resource menuv
[    c-scripting-core] Creating script environments for vd-crew
[ citizen-server-impl] Started resource vd-crew
[ citizen-server-impl] Started resource vd_icon
[    c-scripting-core] Creating script environments for PolyZone
[ citizen-server-impl] Started resource PolyZone
[    c-scripting-core] Creating script environments for adminmenu
[ citizen-server-impl] Started resource adminmenu
[ citizen-server-impl] Started resource cmps
[    c-scripting-core] Creating script environments for connectqueue
[ script:connectqueue] QUEUE:  [connectqueue] Disabling hardcap 
[ citizen-server-impl] Started resource connectqueue
[    c-scripting-core] Creating script environments for coords
[ citizen-server-impl] Started resource coords
[    c-scripting-core] Creating script environments for illenium-appearance
[ citizen-server-impl] Started resource illenium-appearance
[    c-scripting-core] Creating script environments for ox_target
[ citizen-server-impl] Started resource ox_target
[    c-scripting-core] Creating script environments for topkill
[ citizen-server-impl] Started resource topkill
[    c-scripting-core] Creating script environments for vd-alive
[ citizen-server-impl] Started resource vd-alive
[ citizen-server-impl] Started resource vd-assets
[ citizen-server-impl] Started resource vd-hud
[    c-scripting-core] Creating script environments for vd-inv
[ citizen-server-impl] Started resource vd-inv
[    c-scripting-core] Creating script environments for vd-kf
[ citizen-server-impl] Started resource vd-kf
[ citizen-server-impl] Started resource vd-loadsc
[ citizen-server-impl] Started resource vd-notif
[    c-scripting-core] Creating script environments for vd-radial
[ citizen-server-impl] Started resource vd-radial
[    c-scripting-core] Creating script environments for vd-rev
[ citizen-server-impl] Started resource vd-rev
[    c-scripting-core] Creating script environments for vd-walk
[ citizen-server-impl] Started resource vd-walk
[ citizen-server-impl] Started resource vd_crosshair
[    c-scripting-core] Creating script environments for vidigg
[ citizen-server-impl] Started resource vidigg
[    c-scripting-core] Creating script environments for zone
[ citizen-server-impl] Started resource zone
[    c-scripting-core] Creating script environments for pma-voice
[ citizen-server-impl] Started resource pma-voice
[ citizen-server-impl] Couldn't find resource sessionmanager.
[    c-scripting-core] Creating script environments for webpack
[ citizen-server-impl] Started resource webpack
[    c-scripting-core] Creating script environments for screenshot-basic
[ citizen-server-impl] Started resource screenshot-basic
[    c-scripting-core] Creating script environments for chat
[ citizen-server-impl] Started resource chat
(node:79986) ExperimentalWarning: stream/web is an experimental feature. This feature could change at any time
(Use `FXServer --trace-warnings ...` to show where the warning was created)
[      script:monitor] [txAdminClient] Threads and commands set up. All Ready.
[                 cmd] Access denied for command list_aces.
[      script:oxmysql] Database server connection established!
[       script:ox_lib] An update is available for ox_lib (current version: 3.0.0)
[       script:ox_lib] https://github.com/overextended/ox_lib/releases/tag/v3.1.4
[      script:vd_core] [INFO] ESX Legacy 1.9.2 initialized!
[      script:oxmysql] An update is available for oxmysql (current version: 2.5.4)
[      script:oxmysql] https://github.com/overextended/oxmysql/releases/tag/v2.6.0
[    script:EasyAdmin] 
[    script:EasyAdmin] --------------------------------------------------------------------------
[    script:EasyAdmin] 
[    script:EasyAdmin] EasyAdmin (EasyAdmin) is outdated.
[    script:EasyAdmin] Newest Version: 7.0
[    script:EasyAdmin] Your Version: 6.91
[    script:EasyAdmin] Please update it from https://github.com/Blumlaut/EasyAdmin/releases/tag/7.0
[    script:EasyAdmin] 
[    script:EasyAdmin] --------------------------------------------------------------------------
[ citizen-server-impl]         fff                          
[ citizen-server-impl]   cccc ff   xx  xx     rr rr    eee  
[ citizen-server-impl] cc     ffff   xx       rrr  r ee   e 
[ citizen-server-impl] cc     ff     xx   ... rr     eeeee  
[ citizen-server-impl]  ccccc ff   xx  xx ... rr      eeeee 
[ citizen-server-impl]                                      
[ citizen-server-impl] Authenticated with cfx.re Nucleus: https://alexandro-hd-5qoga6.users.cfx.re/
[       script:ox_lib] An update is available for illenium-appearance (current version: 4.6.1)
[       script:ox_lib] https://github.com/iLLeniumStudios/illenium-appearance/releases/tag/v5.0.1

================================================================
======== FXServer Starting - 4/17/2023, 11:26:43 AM             
================================================================
[                 cmd] Argument count mismatch (passed 5, wanted 2)
[    c-scripting-core] Creating script environments for _cfx_internal
[ citizen-server-impl] Scanning resources.
[ citizen-server-impl] Found 37 resources.
[          svadhesive] Authenticating server license key...
[          svadhesive] Server license key authentication succeeded. Welcome!
[ citizen-server-impl] Couldn't find resource sessionmanager.
[    c-scripting-core] Creating script environments for monitor
[      script:monitor] [txAdminClient] Version 4.17.1 starting...
[ citizen-server-impl] Started resource monitor
[                 cmd] Argument count mismatch (passed 5, wanted 2)
[    c-scripting-core] Creating script environments for ox_lib
[ citizen-server-impl] Started resource ox_lib
[    c-scripting-core] Creating script environments for yarn
[ citizen-server-impl] Started resource yarn
[    c-scripting-core] Creating script environments for EasyAdmin
[    script:EasyAdmin] 
[    script:EasyAdmin]  _______ _______ _______ __   __ _______ ______  _______ _____ __   _
[    script:EasyAdmin]  |______ |_____| |______   \_/   |_____| |     \ |  |  |   |   | \  |
[    script:EasyAdmin]  |______ |     | ______|    |    |     | |_____/ |  |  | __|__ |  \_|
[    script:EasyAdmin]                            Version 6.91
[ citizen-server-impl] Started resource EasyAdmin
[    c-scripting-core] Creating script environments for oxmysql
[ citizen-server-impl] Started resource oxmysql
[ citizen-server-impl] Started resource spawnmanager
[    c-scripting-core] Creating script environments for vd_core
[ citizen-server-impl] Started resource vd_core
[    c-scripting-core] Creating script environments for menu
[ citizen-server-impl] Started resource menu
[ citizen-server-impl] Started resource menuv
[    c-scripting-core] Creating script environments for vd-crew
[ citizen-server-impl] Started resource vd-crew
[ citizen-server-impl] Started resource vd_icon
[    c-scripting-core] Creating script environments for PolyZone
[ citizen-server-impl] Started resource PolyZone
[    c-scripting-core] Creating script environments for adminmenu
[ citizen-server-impl] Started resource adminmenu
[ citizen-server-impl] Started resource cmps
[    c-scripting-core] Creating script environments for connectqueue
[ script:connectqueue] QUEUE:  [connectqueue] Disabling hardcap 
[ citizen-server-impl] Started resource connectqueue
[    c-scripting-core] Creating script environments for coords
[ citizen-server-impl] Started resource coords
[    c-scripting-core] Creating script environments for illenium-appearance
[ citizen-server-impl] Started resource illenium-appearance
[    c-scripting-core] Creating script environments for ox_target
[ citizen-server-impl] Started resource ox_target
[    c-scripting-core] Creating script environments for topkill
[ citizen-server-impl] Started resource topkill
[    c-scripting-core] Creating script environments for vd-alive
[ citizen-server-impl] Started resource vd-alive
[ citizen-server-impl] Started resource vd-assets
[ citizen-server-impl] Started resource vd-hud
[    c-scripting-core] Creating script environments for vd-inv
[ citizen-server-impl] Started resource vd-inv
[    c-scripting-core] Creating script environments for vd-kf
[ citizen-server-impl] Started resource vd-kf
[ citizen-server-impl] Started resource vd-loadsc
[ citizen-server-impl] Started resource vd-notif
[    c-scripting-core] Creating script environments for vd-radial
[ citizen-server-impl] Started resource vd-radial
[    c-scripting-core] Creating script environments for vd-rev
[ citizen-server-impl] Started resource vd-rev
[    c-scripting-core] Creating script environments for vd-walk
[ citizen-server-impl] Started resource vd-walk
[ citizen-server-impl] Started resource vd_crosshair
[    c-scripting-core] Creating script environments for vidigg
[ citizen-server-impl] Started resource vidigg
[    c-scripting-core] Creating script environments for zone
[ citizen-server-impl] Started resource zone
[    c-scripting-core] Creating script environments for pma-voice
[ citizen-server-impl] Started resource pma-voice
[ citizen-server-impl] Couldn't find resource sessionmanager.
[    c-scripting-core] Creating script environments for webpack
[ citizen-server-impl] Started resource webpack
[    c-scripting-core] Creating script environments for screenshot-basic
[ citizen-server-impl] Started resource screenshot-basic
[    c-scripting-core] Creating script environments for chat
[ citizen-server-impl] Started resource chat
(node:80164) ExperimentalWarning: stream/web is an experimental feature. This feature could change at any time
(Use `FXServer --trace-warnings ...` to show where the warning was created)
[      script:monitor] [txAdminClient] Threads and commands set up. All Ready.
[                 cmd] Access denied for command list_aces.
[      script:oxmysql] Database server connection established!
[      script:vd_core] [INFO] ESX Legacy 1.9.2 initialized!
[      script:oxmysql] An update is available for oxmysql (current version: 2.5.4)
[      script:oxmysql] https://github.com/overextended/oxmysql/releases/tag/v2.6.0
[ citizen-server-impl]         fff                          
[ citizen-server-impl]   cccc ff   xx  xx     rr rr    eee  
[ citizen-server-impl] cc     ffff   xx       rrr  r ee   e 
[ citizen-server-impl] cc     ff     xx   ... rr     eeeee  
[ citizen-server-impl]  ccccc ff   xx  xx ... rr      eeeee 
[ citizen-server-impl]                                      
[ citizen-server-impl] Authenticated with cfx.re Nucleus: https://alexandro-hd-5qoga6.users.cfx.re/
[       script:ox_lib] An update is available for ox_lib (current version: 3.0.0)
[       script:ox_lib] https://github.com/overextended/ox_lib/releases/tag/v3.1.4
[       script:ox_lib] An update is available for illenium-appearance (current version: 4.6.1)
[       script:ox_lib] https://github.com/iLLeniumStudios/illenium-appearance/releases/tag/v5.0.1
[       script:ox_lib] An update is available for ox_target (current version: 1.6.4)
[       script:ox_lib] https://github.com/overextended/ox_target/releases/tag/v1.7.2
[ citizen-server-impl] network thread hitch warning: timer interval of 183 milliseconds
[ citizen-server-impl] sync thread hitch warning: timer interval of 118 milliseconds
[ citizen-server-impl] server thread hitch warning: timer interval of 201 milliseconds
[ citizen-server-impl] network thread hitch warning: timer interval of 176 milliseconds
[ citizen-server-impl] sync thread hitch warning: timer interval of 193 milliseconds
[ citizen-server-impl] server thread hitch warning: timer interval of 197 milliseconds
[ citizen-server-impl] sync thread hitch warning: timer interval of 144 milliseconds
[ citizen-server-impl] server thread hitch warning: timer interval of 188 milliseconds
[ citizen-server-impl] network thread hitch warning: timer interval of 173 milliseconds
[ citizen-server-impl] sync thread hitch warning: timer interval of 119 milliseconds
[ citizen-server-impl] server thread hitch warning: timer interval of 190 milliseconds
[ citizen-server-impl] network thread hitch warning: timer interval of 183 milliseconds
[ citizen-server-impl] sync thread hitch warning: timer interval of 139 milliseconds
[ citizen-server-impl] sync thread hitch warning: timer interval of 164 milliseconds
[ citizen-server-impl] network thread hitch warning: timer interval of 167 milliseconds
[ citizen-server-impl] server thread hitch warning: timer interval of 191 milliseconds
[ citizen-server-impl] sync thread hitch warning: timer interval of 118 milliseconds
[ citizen-server-impl] server thread hitch warning: timer interval of 197 milliseconds
[ citizen-server-impl] sync thread hitch warning: timer interval of 174 milliseconds
[ citizen-server-impl] server thread hitch warning: timer interval of 175 milliseconds
[                 cmd] Access denied for command list_aces.
[    script:EasyAdmin] 
[    script:EasyAdmin] --------------------------------------------------------------------------
[    script:EasyAdmin] 
[    script:EasyAdmin] EasyAdmin (EasyAdmin) is outdated.
[    script:EasyAdmin] Newest Version: 7.0
[    script:EasyAdmin] Your Version: 6.91
[    script:EasyAdmin] Please update it from https://github.com/Blumlaut/EasyAdmin/releases/tag/7.0
[    script:EasyAdmin] 
[    script:EasyAdmin] --------------------------------------------------------------------------
[ citizen-server-impl] sync thread hitch warning: timer interval of 157 milliseconds
[ citizen-server-impl] network thread hitch warning: timer interval of 157 milliseconds
[ citizen-server-impl] server thread hitch warning: timer interval of 220 milliseconds
[ citizen-server-impl] sync thread hitch warning: timer interval of 168 milliseconds
[ citizen-server-impl] network thread hitch warning: timer interval of 166 milliseconds
[ citizen-server-impl] server thread hitch warning: timer interval of 177 milliseconds
[ citizen-server-impl] sync thread hitch warning: timer interval of 185 milliseconds
[ citizen-server-impl] network thread hitch warning: timer interval of 184 milliseconds
[ citizen-server-impl] server thread hitch warning: timer interval of 230 milliseconds
[ citizen-server-impl] network thread hitch warning: timer interval of 151 milliseconds
[ citizen-server-impl] sync thread hitch warning: timer interval of 151 milliseconds
[ citizen-server-impl] server thread hitch warning: timer interval of 183 milliseconds
[ citizen-server-impl] sync thread hitch warning: timer interval of 143 milliseconds
[ citizen-server-impl] server thread hitch warning: timer interval of 187 milliseconds
[ citizen-server-impl] network thread hitch warning: timer interval of 170 milliseconds
[ citizen-server-impl] sync thread hitch warning: timer interval of 171 milliseconds
[ citizen-server-impl] network thread hitch warning: timer interval of 169 milliseconds
[ citizen-server-impl] server thread hitch warning: timer interval of 170 milliseconds
[ citizen-server-impl] server thread hitch warning: timer interval of 164 milliseconds
[ citizen-server-impl] network thread hitch warning: timer interval of 163 milliseconds
> txaEvent "serverShuttingDown" "{＂delay＂:5000,＂author＂:＂PaulJoych＂,＂message＂:＂Server restarting (requested by PaulJoych).＂}"
[      script:monitor] Server shutdown imminent. Kicking all players.

================================================================
======== FXServer Starting - 4/17/2023, 1:07:37 PM              
================================================================
[                 cmd] Argument count mismatch (passed 5, wanted 2)
[    c-scripting-core] Creating script environments for _cfx_internal
[ citizen-server-impl] Scanning resources.
[ citizen-server-impl] Found 37 resources.
[          svadhesive] Authenticating server license key...
[          svadhesive] Server license key authentication succeeded. Welcome!
[ citizen-server-impl] Couldn't find resource sessionmanager.
[    c-scripting-core] Creating script environments for monitor
[      script:monitor] [txAdminClient] Version 4.17.1 starting...
[ citizen-server-impl] Started resource monitor
[                 cmd] Argument count mismatch (passed 5, wanted 2)
[    c-scripting-core] Creating script environments for ox_lib
[ citizen-server-impl] Started resource ox_lib
[    c-scripting-core] Creating script environments for yarn
[ citizen-server-impl] Started resource yarn
[    c-scripting-core] Creating script environments for EasyAdmin
[    script:EasyAdmin] 
[    script:EasyAdmin]  _______ _______ _______ __   __ _______ ______  _______ _____ __   _
[    script:EasyAdmin]  |______ |_____| |______   \_/   |_____| |     \ |  |  |   |   | \  |
[    script:EasyAdmin]  |______ |     | ______|    |    |     | |_____/ |  |  | __|__ |  \_|
[    script:EasyAdmin]                            Version 6.91
[ citizen-server-impl] Started resource EasyAdmin
[    c-scripting-core] Creating script environments for oxmysql
[ citizen-server-impl] Started resource oxmysql
[ citizen-server-impl] Started resource spawnmanager
[    c-scripting-core] Creating script environments for vd_core
[ citizen-server-impl] Started resource vd_core
[    c-scripting-core] Creating script environments for menu
[ citizen-server-impl] Started resource menu
[ citizen-server-impl] Started resource menuv
[    c-scripting-core] Creating script environments for vd-crew
[ citizen-server-impl] Started resource vd-crew
[ citizen-server-impl] Started resource vd_icon
[    c-scripting-core] Creating script environments for PolyZone
[ citizen-server-impl] Started resource PolyZone
[    c-scripting-core] Creating script environments for adminmenu
[ citizen-server-impl] Started resource adminmenu
[ citizen-server-impl] Started resource cmps
[    c-scripting-core] Creating script environments for connectqueue
[ script:connectqueue] QUEUE:  [connectqueue] Disabling hardcap 
[ citizen-server-impl] Started resource connectqueue
[    c-scripting-core] Creating script environments for coords
[ citizen-server-impl] Started resource coords
[    c-scripting-core] Creating script environments for illenium-appearance
[ citizen-server-impl] Started resource illenium-appearance
[    c-scripting-core] Creating script environments for ox_target
[ citizen-server-impl] Started resource ox_target
[    c-scripting-core] Creating script environments for topkill
[ citizen-server-impl] Started resource topkill
[    c-scripting-core] Creating script environments for vd-alive
[ citizen-server-impl] Started resource vd-alive
[ citizen-server-impl] Started resource vd-assets
[ citizen-server-impl] Started resource vd-hud
[    c-scripting-core] Creating script environments for vd-inv
[ citizen-server-impl] Started resource vd-inv
[    c-scripting-core] Creating script environments for vd-kf
[ citizen-server-impl] Started resource vd-kf
[ citizen-server-impl] Started resource vd-ld
[ citizen-server-impl] Started resource vd-notif
[    c-scripting-core] Creating script environments for vd-radial
[ citizen-server-impl] Started resource vd-radial
[    c-scripting-core] Creating script environments for vd-rev
[ citizen-server-impl] Started resource vd-rev
[    c-scripting-core] Creating script environments for vd-walk
[ citizen-server-impl] Started resource vd-walk
[ citizen-server-impl] Started resource vd_crosshair
[    c-scripting-core] Creating script environments for vidigg
[ citizen-server-impl] Started resource vidigg
[    c-scripting-core] Creating script environments for zone
[ citizen-server-impl] Started resource zone
[    c-scripting-core] Creating script environments for pma-voice
[ citizen-server-impl] Started resource pma-voice
[ citizen-server-impl] Couldn't find resource sessionmanager.
[    c-scripting-core] Creating script environments for webpack
[ citizen-server-impl] Started resource webpack
[    c-scripting-core] Creating script environments for screenshot-basic
[ citizen-server-impl] Started resource screenshot-basic
[    c-scripting-core] Creating script environments for chat
[ citizen-server-impl] Started resource chat
(node:81441) ExperimentalWarning: stream/web is an experimental feature. This feature could change at any time
(Use `FXServer --trace-warnings ...` to show where the warning was created)
[      script:monitor] [txAdminClient] Threads and commands set up. All Ready.
[                 cmd] Access denied for command list_aces.
[      script:oxmysql] Database server connection established!
[      script:oxmysql] An update is available for oxmysql (current version: 2.5.4)
[      script:oxmysql] https://github.com/overextended/oxmysql/releases/tag/v2.6.0
[       script:ox_lib] An update is available for ox_lib (current version: 3.0.0)
[       script:ox_lib] https://github.com/overextended/ox_lib/releases/tag/v3.1.4
[      script:vd_core] [INFO] ESX Legacy 1.9.2 initialized!
[ citizen-server-impl]         fff                          
[ citizen-server-impl]   cccc ff   xx  xx     rr rr    eee  
[ citizen-server-impl] cc     ffff   xx       rrr  r ee   e 
[ citizen-server-impl] cc     ff     xx   ... rr     eeeee  
[ citizen-server-impl]  ccccc ff   xx  xx ... rr      eeeee 
[ citizen-server-impl]                                      
[ citizen-server-impl] Authenticated with cfx.re Nucleus: https://alexandro-hd-5qoga6.users.cfx.re/
[       script:ox_lib] An update is available for illenium-appearance (current version: 4.6.1)
[       script:ox_lib] https://github.com/iLLeniumStudios/illenium-appearance/releases/tag/v5.0.1
[ script:connectqueue] QUEUE: GHOxPREDATOR - Narchy[steam:11000011804239c] was placed 1/1 in queue
[ script:connectqueue] QUEUE: GHOxPREDATOR - Narchy[steam:11000011804239c] is loading into the server
[      script:vd_core] [INFO] Player "GHOxPREDATOR - Narchy" has connected to the server. ID: 1
[      script:vd_core] [INFO] Saved player "GHOxPREDATOR - Narchy"
[ script:connectqueue] QUEUE: GHOxPREDATOR - Narchy[steam:11000011804239c] was placed 1/1 in queue
[ script:connectqueue] QUEUE: GHOxPREDATOR - Narchy[steam:11000011804239c] is loading into the server
[      script:vd_core] [INFO] Player "GHOxPREDATOR - Narchy" has connected to the server. ID: 2
[ citizen-server-impl] server thread hitch warning: timer interval of 161 milliseconds
[      script:vd_core] [INFO] Saved player "GHOxPREDATOR - Narchy"
> txaEvent "serverShuttingDown" "{＂delay＂:5000,＂author＂:＂PaulJoych＂,＂message＂:＂Server restarting (requested by PaulJoych).＂}"
[      script:monitor] Server shutdown imminent. Kicking all players.

================================================================
======== FXServer Starting - 4/17/2023, 1:12:26 PM              
================================================================
[                 cmd] Argument count mismatch (passed 5, wanted 2)
[    c-scripting-core] Creating script environments for _cfx_internal
[ citizen-server-impl] Scanning resources.
[ citizen-server-impl] Found 37 resources.
[          svadhesive] Authenticating server license key...
[          svadhesive] Server license key authentication succeeded. Welcome!
[ citizen-server-impl] Couldn't find resource sessionmanager.
[    c-scripting-core] Creating script environments for monitor
[      script:monitor] [txAdminClient] Version 4.17.1 starting...
[ citizen-server-impl] Started resource monitor
[                 cmd] Argument count mismatch (passed 5, wanted 2)
[    c-scripting-core] Creating script environments for ox_lib
[ citizen-server-impl] Started resource ox_lib
[    c-scripting-core] Creating script environments for yarn
[ citizen-server-impl] Started resource yarn
[    c-scripting-core] Creating script environments for EasyAdmin
[    script:EasyAdmin] 
[    script:EasyAdmin]  _______ _______ _______ __   __ _______ ______  _______ _____ __   _
[    script:EasyAdmin]  |______ |_____| |______   \_/   |_____| |     \ |  |  |   |   | \  |
[    script:EasyAdmin]  |______ |     | ______|    |    |     | |_____/ |  |  | __|__ |  \_|
[    script:EasyAdmin]                            Version 6.91
[ citizen-server-impl] Started resource EasyAdmin
[    c-scripting-core] Creating script environments for oxmysql
[ citizen-server-impl] Started resource oxmysql
[ citizen-server-impl] Started resource spawnmanager
[    c-scripting-core] Creating script environments for vd_core
[ citizen-server-impl] Started resource vd_core
[    c-scripting-core] Creating script environments for menu
[ citizen-server-impl] Started resource menu
[ citizen-server-impl] Started resource menuv
[    c-scripting-core] Creating script environments for vd-crew
[ citizen-server-impl] Started resource vd-crew
[    c-scripting-core] Creating script environments for PolyZone
[ citizen-server-impl] Started resource PolyZone
[    c-scripting-core] Creating script environments for adminmenu
[ citizen-server-impl] Started resource adminmenu
[ citizen-server-impl] Started resource cmps
[    c-scripting-core] Creating script environments for connectqueue
[ script:connectqueue] QUEUE:  [connectqueue] Disabling hardcap 
[ citizen-server-impl] Started resource connectqueue
[    c-scripting-core] Creating script environments for coords
[ citizen-server-impl] Started resource coords
[    c-scripting-core] Creating script environments for illenium-appearance
[ citizen-server-impl] Started resource illenium-appearance
[    c-scripting-core] Creating script environments for ox_target
[ citizen-server-impl] Started resource ox_target
[    c-scripting-core] Creating script environments for topkill
[ citizen-server-impl] Started resource topkill
[    c-scripting-core] Creating script environments for vd-alive
[ citizen-server-impl] Started resource vd-alive
[ citizen-server-impl] Started resource vd-assets
[ citizen-server-impl] Started resource vd-hud
[    c-scripting-core] Creating script environments for vd-inv
[ citizen-server-impl] Started resource vd-inv
[    c-scripting-core] Creating script environments for vd-kf
[ citizen-server-impl] Started resource vd-kf
[ citizen-server-impl] Started resource vd-ld
[ citizen-server-impl] Started resource vd-notif
[    c-scripting-core] Creating script environments for vd-radial
[ citizen-server-impl] Started resource vd-radial
[    c-scripting-core] Creating script environments for vd-rev
[ citizen-server-impl] Started resource vd-rev
[    c-scripting-core] Creating script environments for vd-walk
[ citizen-server-impl] Started resource vd-walk
[ citizen-server-impl] Started resource vd_crosshair
[    c-scripting-core] Creating script environments for vidigg
[ citizen-server-impl] Started resource vidigg
[    c-scripting-core] Creating script environments for zone
[ citizen-server-impl] Started resource zone
[    c-scripting-core] Creating script environments for pma-voice
[ citizen-server-impl] Started resource pma-voice
[ citizen-server-impl] Couldn't find resource sessionmanager.
[    c-scripting-core] Creating script environments for webpack
[ citizen-server-impl] Started resource webpack
[    c-scripting-core] Creating script environments for screenshot-basic
[ citizen-server-impl] Started resource screenshot-basic
[    c-scripting-core] Creating script environments for chat
[ citizen-server-impl] Started resource chat
(node:81733) ExperimentalWarning: stream/web is an experimental feature. This feature could change at any time
(Use `FXServer --trace-warnings ...` to show where the warning was created)
[      script:monitor] [txAdminClient] Threads and commands set up. All Ready.
[                 cmd] Access denied for command list_aces.
[      script:oxmysql] Database server connection established!
[      script:vd_core] [INFO] ESX Legacy 1.9.2 initialized!
[      script:oxmysql] An update is available for oxmysql (current version: 2.5.4)
[      script:oxmysql] https://github.com/overextended/oxmysql/releases/tag/v2.6.0
[ citizen-server-impl]         fff                          
[ citizen-server-impl]   cccc ff   xx  xx     rr rr    eee  
[ citizen-server-impl] cc     ffff   xx       rrr  r ee   e 
[ citizen-server-impl] cc     ff     xx   ... rr     eeeee  
[ citizen-server-impl]  ccccc ff   xx  xx ... rr      eeeee 
[ citizen-server-impl]                                      
[ citizen-server-impl] Authenticated with cfx.re Nucleus: https://alexandro-hd-5qoga6.users.cfx.re/
[       script:ox_lib] An update is available for ox_lib (current version: 3.0.0)
[       script:ox_lib] https://github.com/overextended/ox_lib/releases/tag/v3.1.4
[    script:EasyAdmin] 
[    script:EasyAdmin] --------------------------------------------------------------------------
[    script:EasyAdmin] 
[    script:EasyAdmin] EasyAdmin (EasyAdmin) is outdated.
[    script:EasyAdmin] Newest Version: 7.0
[    script:EasyAdmin] Your Version: 6.91
[    script:EasyAdmin] Please update it from https://github.com/Blumlaut/EasyAdmin/releases/tag/7.0
[    script:EasyAdmin] 
[    script:EasyAdmin] --------------------------------------------------------------------------
[ script:connectqueue] QUEUE: GHOxPREDATOR - Narchy[steam:110000113950df1] was placed 1/1 in queue
[ script:connectqueue] QUEUE: GHOxPREDATOR - Narchy[steam:110000113950df1] is loading into the server
[      script:vd_core] [INFO] Player "GHOxPREDATOR - Narchy" has connected to the server. ID: 1
[      script:vd_core] [INFO] Saved player "GHOxPREDATOR - Narchy"
[ citizen-server-impl] sync thread hitch warning: timer interval of 182 milliseconds
[ citizen-server-impl] network thread hitch warning: timer interval of 185 milliseconds
[ citizen-server-impl] server thread hitch warning: timer interval of 224 milliseconds
[ citizen-server-impl] network thread hitch warning: timer interval of 181 milliseconds
[ citizen-server-impl] server thread hitch warning: timer interval of 226 milliseconds
[ citizen-server-impl] sync thread hitch warning: timer interval of 182 milliseconds
[ citizen-server-impl] server thread hitch warning: timer interval of 211 milliseconds
[ citizen-server-impl] server thread hitch warning: timer interval of 183 milliseconds
[ citizen-server-impl] network thread hitch warning: timer interval of 176 milliseconds
[ citizen-server-impl] server thread hitch warning: timer interval of 185 milliseconds
[ citizen-server-impl] sync thread hitch warning: timer interval of 148 milliseconds
[ citizen-server-impl] server thread hitch warning: timer interval of 167 milliseconds
[ citizen-server-impl] server thread hitch warning: timer interval of 214 milliseconds
[ citizen-server-impl] sync thread hitch warning: timer interval of 195 milliseconds
[ citizen-server-impl] network thread hitch warning: timer interval of 196 milliseconds
[ citizen-server-impl] sync thread hitch warning: timer interval of 103 milliseconds
[ citizen-server-impl] network thread hitch warning: timer interval of 197 milliseconds
[ citizen-server-impl] sync thread hitch warning: timer interval of 107 milliseconds
[ citizen-server-impl] server thread hitch warning: timer interval of 183 milliseconds
[ citizen-server-impl] network thread hitch warning: timer interval of 156 milliseconds
[ citizen-server-impl] sync thread hitch warning: timer interval of 167 milliseconds
[ citizen-server-impl] network thread hitch warning: timer interval of 184 milliseconds
[ citizen-server-impl] server thread hitch warning: timer interval of 156 milliseconds
[                 cmd] Access denied for command list_aces.
[    script:EasyAdmin] 
[    script:EasyAdmin] --------------------------------------------------------------------------
[    script:EasyAdmin] 
[    script:EasyAdmin] EasyAdmin (EasyAdmin) is outdated.
[    script:EasyAdmin] Newest Version: 7.0
[    script:EasyAdmin] Your Version: 6.91
[    script:EasyAdmin] Please update it from https://github.com/Blumlaut/EasyAdmin/releases/tag/7.0
[    script:EasyAdmin] 
[    script:EasyAdmin] --------------------------------------------------------------------------
[ citizen-server-impl] sync thread hitch warning: timer interval of 187 milliseconds
[ citizen-server-impl] network thread hitch warning: timer interval of 169 milliseconds
[ citizen-server-impl] sync thread hitch warning: timer interval of 130 milliseconds
[ citizen-server-impl] server thread hitch warning: timer interval of 228 milliseconds
[ citizen-server-impl] server thread hitch warning: timer interval of 157 milliseconds
[ citizen-server-impl] sync thread hitch warning: timer interval of 137 milliseconds
[ citizen-server-impl] sync thread hitch warning: timer interval of 175 milliseconds
[ citizen-server-impl] server thread hitch warning: timer interval of 199 milliseconds
[ citizen-server-impl] network thread hitch warning: timer interval of 182 milliseconds
[ citizen-server-impl] sync thread hitch warning: timer interval of 160 milliseconds
[ citizen-server-impl] server thread hitch warning: timer interval of 200 milliseconds
[ citizen-server-impl] sync thread hitch warning: timer interval of 121 milliseconds
[ citizen-server-impl] server thread hitch warning: timer interval of 222 milliseconds
[                 cmd] Access denied for command list_aces.
[    script:EasyAdmin] 
[    script:EasyAdmin] --------------------------------------------------------------------------
[    script:EasyAdmin] 
[    script:EasyAdmin] EasyAdmin (EasyAdmin) is outdated.
[    script:EasyAdmin] Newest Version: 7.0
[    script:EasyAdmin] Your Version: 6.91
[    script:EasyAdmin] Please update it from https://github.com/Blumlaut/EasyAdmin/releases/tag/7.0
[    script:EasyAdmin] 
[    script:EasyAdmin] --------------------------------------------------------------------------
[ citizen-server-impl] sync thread hitch warning: timer interval of 175 milliseconds
[ citizen-server-impl] server thread hitch warning: timer interval of 173 milliseconds
[ citizen-server-impl] sync thread hitch warning: timer interval of 105 milliseconds
[ citizen-server-impl] server thread hitch warning: timer interval of 166 milliseconds
[ citizen-server-impl] sync thread hitch warning: timer interval of 102 milliseconds
[ citizen-server-impl] server thread hitch warning: timer interval of 216 milliseconds
[ citizen-server-impl] sync thread hitch warning: timer interval of 168 milliseconds
[ citizen-server-impl] network thread hitch warning: timer interval of 205 milliseconds
[ citizen-server-impl] server thread hitch warning: timer interval of 234 milliseconds
[ citizen-server-impl] server thread hitch warning: timer interval of 189 milliseconds
[ citizen-server-impl] server thread hitch warning: timer interval of 176 milliseconds
[ citizen-server-impl] sync thread hitch warning: timer interval of 152 milliseconds
[ citizen-server-impl] server thread hitch warning: timer interval of 216 milliseconds
[ citizen-server-impl] sync thread hitch warning: timer interval of 118 milliseconds
[ citizen-server-impl] sync thread hitch warning: timer interval of 167 milliseconds
[ citizen-server-impl] server thread hitch warning: timer interval of 174 milliseconds
[ citizen-server-impl] network thread hitch warning: timer interval of 188 milliseconds
[ citizen-server-impl] server thread hitch warning: timer interval of 241 milliseconds
[ citizen-server-impl] sync thread hitch warning: timer interval of 175 milliseconds
[                 cmd] Access denied for command list_aces.
[    script:EasyAdmin] 
[    script:EasyAdmin] --------------------------------------------------------------------------
[    script:EasyAdmin] 
[    script:EasyAdmin] EasyAdmin (EasyAdmin) is outdated.
[    script:EasyAdmin] Newest Version: 7.0
[    script:EasyAdmin] Your Version: 6.91
[    script:EasyAdmin] Please update it from https://github.com/Blumlaut/EasyAdmin/releases/tag/7.0
[    script:EasyAdmin] 
[    script:EasyAdmin] --------------------------------------------------------------------------
[ citizen-server-impl] network thread hitch warning: timer interval of 170 milliseconds
[ citizen-server-impl] server thread hitch warning: timer interval of 213 milliseconds
[ citizen-server-impl] sync thread hitch warning: timer interval of 172 milliseconds
[ script:connectqueue] QUEUE: GHOxPREDATOR-Narchy#MERAHPUTIHRP[steam:110000113950df1] was placed 1/1 in queue
[ script:connectqueue] QUEUE: GHOxPREDATOR-Narchy#MERAHPUTIHRP[steam:110000113950df1] is loading into the server
[      script:vd_core] [INFO] Player "GHOxPREDATOR-Narchy#MERAHPUTIHRP" has connected to the server. ID: 2
[      script:vd_core] [INFO] Saved player "GHOxPREDATOR-Narchy#MERAHPUTIHRP"
[ citizen-server-impl] sync thread hitch warning: timer interval of 159 milliseconds
[ citizen-server-impl] network thread hitch warning: timer interval of 163 milliseconds
[ citizen-server-impl] server thread hitch warning: timer interval of 159 milliseconds
[ script:connectqueue] QUEUE: GHOxPREDATOR-Narchy#MERAHPUTIHRP[steam:110000113950df1] was placed 1/1 in queue
[ script:connectqueue] QUEUE: GHOxPREDATOR-Narchy#MERAHPUTIHRP[steam:110000113950df1] is loading into the server
[      script:vd_core] [INFO] Player "GHOxPREDATOR-Narchy#MERAHPUTIHRP" has connected to the server. ID: 3
[      script:vd_core] [INFO] Saved player "GHOxPREDATOR-Narchy#MERAHPUTIHRP"
[ citizen-server-impl] sync thread hitch warning: timer interval of 102 milliseconds
[ citizen-server-impl] network thread hitch warning: timer interval of 154 milliseconds
[ citizen-server-impl] sync thread hitch warning: timer interval of 169 milliseconds
[ citizen-server-impl] sync thread hitch warning: timer interval of 109 milliseconds
[ citizen-server-impl] server thread hitch warning: timer interval of 203 milliseconds
[ citizen-server-impl] sync thread hitch warning: timer interval of 145 milliseconds
[ citizen-server-impl] sync thread hitch warning: timer interval of 121 milliseconds
[ citizen-server-impl] server thread hitch warning: timer interval of 187 milliseconds
[                 cmd] Access denied for command list_aces.
[    script:EasyAdmin] 
[    script:EasyAdmin] --------------------------------------------------------------------------
[    script:EasyAdmin] 
[    script:EasyAdmin] EasyAdmin (EasyAdmin) is outdated.
[    script:EasyAdmin] Newest Version: 7.0
[    script:EasyAdmin] Your Version: 6.91
[    script:EasyAdmin] Please update it from https://github.com/Blumlaut/EasyAdmin/releases/tag/7.0
[    script:EasyAdmin] 
[    script:EasyAdmin] --------------------------------------------------------------------------
[ citizen-server-impl] sync thread hitch warning: timer interval of 181 milliseconds
[ citizen-server-impl] network thread hitch warning: timer interval of 190 milliseconds
[ citizen-server-impl] server thread hitch warning: timer interval of 221 milliseconds
[ citizen-server-impl] server thread hitch warning: timer interval of 189 milliseconds
[ citizen-server-impl] sync thread hitch warning: timer interval of 151 milliseconds
[ citizen-server-impl] network thread hitch warning: timer interval of 166 milliseconds
[ citizen-server-impl] server thread hitch warning: timer interval of 198 milliseconds
[ citizen-server-impl] sync thread hitch warning: timer interval of 189 milliseconds
[ citizen-server-impl] network thread hitch warning: timer interval of 192 milliseconds
[ citizen-server-impl] server thread hitch warning: timer interval of 205 milliseconds
[ citizen-server-impl] server thread hitch warning: timer interval of 161 milliseconds
[ citizen-server-impl] sync thread hitch warning: timer interval of 162 milliseconds
[ citizen-server-impl] sync thread hitch warning: timer interval of 174 milliseconds
[ citizen-server-impl] server thread hitch warning: timer interval of 215 milliseconds
[ citizen-server-impl] network thread hitch warning: timer interval of 185 milliseconds
[ citizen-server-impl] server thread hitch warning: timer interval of 217 milliseconds
[                 cmd] Access denied for command list_aces.
[    script:EasyAdmin] 
[    script:EasyAdmin] --------------------------------------------------------------------------
[    script:EasyAdmin] 
[    script:EasyAdmin] EasyAdmin (EasyAdmin) is outdated.
[    script:EasyAdmin] Newest Version: 7.0
[    script:EasyAdmin] Your Version: 6.91
[    script:EasyAdmin] Please update it from https://github.com/Blumlaut/EasyAdmin/releases/tag/7.0
[    script:EasyAdmin] 
[    script:EasyAdmin] --------------------------------------------------------------------------
[ citizen-server-impl] sync thread hitch warning: timer interval of 196 milliseconds
[ citizen-server-impl] network thread hitch warning: timer interval of 195 milliseconds
[ citizen-server-impl] server thread hitch warning: timer interval of 225 milliseconds
[ citizen-server-impl] sync thread hitch warning: timer interval of 176 milliseconds
[ citizen-server-impl] network thread hitch warning: timer interval of 180 milliseconds
[ citizen-server-impl] server thread hitch warning: timer interval of 164 milliseconds
[ citizen-server-impl] network thread hitch warning: timer interval of 154 milliseconds
[ citizen-server-impl] sync thread hitch warning: timer interval of 186 milliseconds
[ citizen-server-impl] server thread hitch warning: timer interval of 210 milliseconds
[ citizen-server-impl] sync thread hitch warning: timer interval of 116 milliseconds
[ citizen-server-impl] server thread hitch warning: timer interval of 194 milliseconds
[ citizen-server-impl] network thread hitch warning: timer interval of 155 milliseconds
[ citizen-server-impl] sync thread hitch warning: timer interval of 117 milliseconds
[ citizen-server-impl] network thread hitch warning: timer interval of 186 milliseconds
[ citizen-server-impl] server thread hitch warning: timer interval of 223 milliseconds
[ citizen-server-impl] sync thread hitch warning: timer interval of 165 milliseconds
[ citizen-server-impl] server thread hitch warning: timer interval of 179 milliseconds
[ citizen-server-impl] network thread hitch warning: timer interval of 165 milliseconds
[ citizen-server-impl] sync thread hitch warning: timer interval of 186 milliseconds
[ citizen-server-impl] network thread hitch warning: timer interval of 185 milliseconds
[ citizen-server-impl] server thread hitch warning: timer interval of 206 milliseconds
[ citizen-server-impl] server thread hitch warning: timer interval of 197 milliseconds
[ citizen-server-impl] sync thread hitch warning: timer interval of 203 milliseconds
[ citizen-server-impl] network thread hitch warning: timer interval of 203 milliseconds
[                 cmd] Access denied for command list_aces.
[    script:EasyAdmin] 
[    script:EasyAdmin] --------------------------------------------------------------------------
[    script:EasyAdmin] 
[    script:EasyAdmin] EasyAdmin (EasyAdmin) is outdated.
[    script:EasyAdmin] Newest Version: 7.0
[    script:EasyAdmin] Your Version: 6.91
[    script:EasyAdmin] Please update it from https://github.com/Blumlaut/EasyAdmin/releases/tag/7.0
[    script:EasyAdmin] 
[    script:EasyAdmin] --------------------------------------------------------------------------
[ citizen-server-impl] sync thread hitch warning: timer interval of 117 milliseconds
[ citizen-server-impl] sync thread hitch warning: timer interval of 147 milliseconds
[ citizen-server-impl] server thread hitch warning: timer interval of 165 milliseconds
[ citizen-server-impl] sync thread hitch warning: timer interval of 152 milliseconds
[ citizen-server-impl] network thread hitch warning: timer interval of 161 milliseconds
[ citizen-server-impl] server thread hitch warning: timer interval of 190 milliseconds
[ citizen-server-impl] sync thread hitch warning: timer interval of 149 milliseconds
[ citizen-server-impl] server thread hitch warning: timer interval of 189 milliseconds
[ citizen-server-impl] sync thread hitch warning: timer interval of 147 milliseconds
[ citizen-server-impl] server thread hitch warning: timer interval of 172 milliseconds
[ citizen-server-impl] sync thread hitch warning: timer interval of 149 milliseconds
[ citizen-server-impl] sync thread hitch warning: timer interval of 190 milliseconds
[ citizen-server-impl] server thread hitch warning: timer interval of 209 milliseconds
[ citizen-server-impl] sync thread hitch warning: timer interval of 101 milliseconds
[ citizen-server-impl] server thread hitch warning: timer interval of 206 milliseconds
[ citizen-server-impl] sync thread hitch warning: timer interval of 173 milliseconds
[ citizen-server-impl] network thread hitch warning: timer interval of 173 milliseconds
[                 cmd] Access denied for command list_aces.
[    script:EasyAdmin] 
[    script:EasyAdmin] --------------------------------------------------------------------------
[    script:EasyAdmin] 
[    script:EasyAdmin] EasyAdmin (EasyAdmin) is outdated.
[    script:EasyAdmin] Newest Version: 7.0
[    script:EasyAdmin] Your Version: 6.91
[    script:EasyAdmin] Please update it from https://github.com/Blumlaut/EasyAdmin/releases/tag/7.0
[    script:EasyAdmin] 
[    script:EasyAdmin] --------------------------------------------------------------------------
[ citizen-server-impl] sync thread hitch warning: timer interval of 173 milliseconds
[ citizen-server-impl] network thread hitch warning: timer interval of 179 milliseconds
[ citizen-server-impl] server thread hitch warning: timer interval of 182 milliseconds
[ citizen-server-impl] network thread hitch warning: timer interval of 166 milliseconds
[ citizen-server-impl] server thread hitch warning: timer interval of 167 milliseconds
[ citizen-server-impl] sync thread hitch warning: timer interval of 163 milliseconds
[ citizen-server-impl] server thread hitch warning: timer interval of 194 milliseconds
[ citizen-server-impl] network thread hitch warning: timer interval of 153 milliseconds
[ citizen-server-impl] sync thread hitch warning: timer interval of 159 milliseconds
[ citizen-server-impl] server thread hitch warning: timer interval of 205 milliseconds
[ citizen-server-impl] sync thread hitch warning: timer interval of 175 milliseconds
[ citizen-server-impl] network thread hitch warning: timer interval of 176 milliseconds
[ citizen-server-impl] sync thread hitch warning: timer interval of 208 milliseconds
[ citizen-server-impl] server thread hitch warning: timer interval of 209 milliseconds
[                 cmd] Access denied for command list_aces.
[    script:EasyAdmin] 
[    script:EasyAdmin] --------------------------------------------------------------------------
[    script:EasyAdmin] 
[    script:EasyAdmin] EasyAdmin (EasyAdmin) is outdated.
[    script:EasyAdmin] Newest Version: 7.0
[    script:EasyAdmin] Your Version: 6.91
[    script:EasyAdmin] Please update it from https://github.com/Blumlaut/EasyAdmin/releases/tag/7.0
[    script:EasyAdmin] 
[    script:EasyAdmin] --------------------------------------------------------------------------
[ citizen-server-impl] network thread hitch warning: timer interval of 160 milliseconds
[ citizen-server-impl] sync thread hitch warning: timer interval of 206 milliseconds
[ citizen-server-impl] server thread hitch warning: timer interval of 206 milliseconds
[ citizen-server-impl] sync thread hitch warning: timer interval of 202 milliseconds
[ citizen-server-impl] network thread hitch warning: timer interval of 202 milliseconds
[ citizen-server-impl] sync thread hitch warning: timer interval of 153 milliseconds
[ citizen-server-impl] network thread hitch warning: timer interval of 155 milliseconds
[ citizen-server-impl] server thread hitch warning: timer interval of 232 milliseconds
[ citizen-server-impl] sync thread hitch warning: timer interval of 186 milliseconds
[ citizen-server-impl] network thread hitch warning: timer interval of 178 milliseconds
[ citizen-server-impl] sync thread hitch warning: timer interval of 178 milliseconds
[ citizen-server-impl] server thread hitch warning: timer interval of 194 milliseconds
[                 cmd] Access denied for command list_aces.
[    script:EasyAdmin] 
[    script:EasyAdmin] --------------------------------------------------------------------------
[    script:EasyAdmin] 
[    script:EasyAdmin] EasyAdmin (EasyAdmin) is outdated.
[    script:EasyAdmin] Newest Version: 7.0
[    script:EasyAdmin] Your Version: 6.91
[    script:EasyAdmin] Please update it from https://github.com/Blumlaut/EasyAdmin/releases/tag/7.0
[    script:EasyAdmin] 
[    script:EasyAdmin] --------------------------------------------------------------------------
[ citizen-server-impl] server thread hitch warning: timer interval of 266 milliseconds
[ citizen-server-impl] network thread hitch warning: timer interval of 186 milliseconds
[ citizen-server-impl] sync thread hitch warning: timer interval of 178 milliseconds
[ citizen-server-impl] sync thread hitch warning: timer interval of 132 milliseconds
[ citizen-server-impl] server thread hitch warning: timer interval of 238 milliseconds
[ citizen-server-impl] sync thread hitch warning: timer interval of 124 milliseconds
[ citizen-server-impl] server thread hitch warning: timer interval of 213 milliseconds
[                 cmd] Access denied for command list_aces.
[    script:EasyAdmin] 
[    script:EasyAdmin] --------------------------------------------------------------------------
[    script:EasyAdmin] 
[    script:EasyAdmin] EasyAdmin (EasyAdmin) is outdated.
[    script:EasyAdmin] Newest Version: 7.0
[    script:EasyAdmin] Your Version: 6.91
[    script:EasyAdmin] Please update it from https://github.com/Blumlaut/EasyAdmin/releases/tag/7.0
[    script:EasyAdmin] 
[    script:EasyAdmin] --------------------------------------------------------------------------
[ citizen-server-impl] sync thread hitch warning: timer interval of 189 milliseconds
[ citizen-server-impl] network thread hitch warning: timer interval of 195 milliseconds
[ citizen-server-impl] sync thread hitch warning: timer interval of 149 milliseconds
[ citizen-server-impl] network thread hitch warning: timer interval of 156 milliseconds
[ citizen-server-impl] sync thread hitch warning: timer interval of 188 milliseconds
[ citizen-server-impl] network thread hitch warning: timer interval of 188 milliseconds
[ citizen-server-impl] server thread hitch warning: timer interval of 187 milliseconds
[ citizen-server-impl] server thread hitch warning: timer interval of 205 milliseconds
[ citizen-server-impl] sync thread hitch warning: timer interval of 201 milliseconds
[ citizen-server-impl] network thread hitch warning: timer interval of 201 milliseconds
