
================================================================
======== Log Rotated - 5/9/2023, 9:03:26 AM                     
================================================================

================================================================
======== FXServer Starting - 5/9/2023, 9:03:30 AM               
================================================================
[                 cmd] Argument count mismatch (passed 5, wanted 2)
[    c-scripting-core] Creating script environments for _cfx_internal
[ citizen-server-impl] Scanning resources.
[ citizen-server-impl] Found 38 resources.
[ citizen-server-impl] Some resources have an outdated resource manifest:
[ citizen-server-impl]     - gif_logo-master
[ citizen-server-impl] 
[ citizen-server-impl] Please update these resources.
[          svadhesive] Authenticating server license key...
[          svadhesive] Server license key authentication succeeded. Welcome!
[ citizen-server-impl] Couldn't find resource sessionmanager.
[    c-scripting-core] Creating script environments for monitor
[      script:monitor] [txAdminClient] Version 4.17.1 starting...
[ citizen-server-impl] Started resource monitor
[                 cmd] Argument count mismatch (passed 5, wanted 2)
[    c-scripting-core] Creating script environments for ox_lib
[ citizen-server-impl] Started resource ox_lib
[    c-scripting-core] Creating script environments for yarn
[ citizen-server-impl] Started resource yarn
[    c-scripting-core] Creating script environments for EasyAdmin
[    script:EasyAdmin] 
[    script:EasyAdmin]  _______ _______ _______ __   __ _______ ______  _______ _____ __   _
[    script:EasyAdmin]  |______ |_____| |______   \_/   |_____| |     \ |  |  |   |   | \  |
[    script:EasyAdmin]  |______ |     | ______|    |    |     | |_____/ |  |  | __|__ |  \_|
[    script:EasyAdmin]                            Version 6.91
[ citizen-server-impl] Started resource EasyAdmin
[    c-scripting-core] Creating script environments for oxmysql
[ citizen-server-impl] Started resource oxmysql
[ citizen-server-impl] Started resource spawnmanager
[    c-scripting-core] Creating script environments for vd_core
[ citizen-server-impl] Started resource vd_core
[    c-scripting-core] Creating script environments for menu
[ citizen-server-impl] Started resource menu
[ citizen-server-impl] Started resource menuv
[    c-scripting-core] Creating script environments for vd-crew
[ citizen-server-impl] Started resource vd-crew
[ citizen-server-impl] Started resource vd_icon
[    c-scripting-core] Creating script environments for PolyZone
[ citizen-server-impl] Started resource PolyZone
[    c-scripting-core] Creating script environments for adminmenu
[ citizen-server-impl] Started resource adminmenu
[ citizen-server-impl] Started resource cmps
[    c-scripting-core] Creating script environments for connectqueue
[ script:connectqueue] QUEUE:  [connectqueue] Disabling hardcap 
[ citizen-server-impl] Started resource connectqueue
[    c-scripting-core] Creating script environments for coords
[ citizen-server-impl] Started resource coords
[ citizen-server-impl] Started resource gif_logo-master
[    c-scripting-core] Creating script environments for illenium-appearance
[ citizen-server-impl] Started resource illenium-appearance
[    c-scripting-core] Creating script environments for ox_target
[ citizen-server-impl] Started resource ox_target
[    c-scripting-core] Creating script environments for topkill
[ citizen-server-impl] Started resource topkill
[    c-scripting-core] Creating script environments for vd-alive
[ citizen-server-impl] Started resource vd-alive
[ citizen-server-impl] Started resource vd-assets
[ citizen-server-impl] Started resource vd-hud
[    c-scripting-core] Creating script environments for vd-inv
[ citizen-server-impl] Started resource vd-inv
[    c-scripting-core] Creating script environments for vd-kf
[ citizen-server-impl] Started resource vd-kf
[ citizen-server-impl] Started resource vd-ld
[ citizen-server-impl] Started resource vd-notif
[    c-scripting-core] Creating script environments for vd-radial
[ citizen-server-impl] Started resource vd-radial
[    c-scripting-core] Creating script environments for vd-rev
[ citizen-server-impl] Started resource vd-rev
[    c-scripting-core] Creating script environments for vd-walk
[ citizen-server-impl] Started resource vd-walk
[ citizen-server-impl] Started resource vd_crosshair
[    c-scripting-core] Creating script environments for vidigg
[ citizen-server-impl] Started resource vidigg
[    c-scripting-core] Creating script environments for zone
[ citizen-server-impl] Started resource zone
[    c-scripting-core] Creating script environments for pma-voice
[ citizen-server-impl] Started resource pma-voice
[ citizen-server-impl] Couldn't find resource sessionmanager.
[    c-scripting-core] Creating script environments for webpack
[ citizen-server-impl] Started resource webpack
[    c-scripting-core] Creating script environments for screenshot-basic
[ citizen-server-impl] Started resource screenshot-basic
[    c-scripting-core] Creating script environments for chat
[ citizen-server-impl] Started resource chat
(node:941) ExperimentalWarning: stream/web is an experimental feature. This feature could change at any time
(Use `FXServer --trace-warnings ...` to show where the warning was created)
[      script:monitor] [txAdminClient] Threads and commands set up. All Ready.
[                 cmd] Access denied for command list_aces.
[      script:oxmysql] Database server connection established!
[      script:vd_core] [INFO] ESX Legacy 1.9.2 initialized!
[ citizen-server-impl]         fff                          
[ citizen-server-impl]   cccc ff   xx  xx     rr rr    eee  
[ citizen-server-impl] cc     ffff   xx       rrr  r ee   e 
[ citizen-server-impl] cc     ff     xx   ... rr     eeeee  
[ citizen-server-impl]  ccccc ff   xx  xx ... rr      eeeee 
[ citizen-server-impl]                                      
[ citizen-server-impl] Authenticated with cfx.re Nucleus: https://alexandro-hd-5qoga6.users.cfx.re/
[       script:ox_lib] An update is available for ox_lib (current version: 3.0.0)
[       script:ox_lib] https://github.com/overextended/ox_lib/releases/tag/v3.3.0
[      script:oxmysql] An update is available for oxmysql (current version: 2.5.4)
[      script:oxmysql] https://github.com/overextended/oxmysql/releases/tag/v2.6.0
[ script:connectqueue] QUEUE: GHOxPREDATOR - Narchy[steam:110000113950df1] was placed 1/1 in queue
[ script:connectqueue] QUEUE: GHOxPREDATOR - Narchy[steam:110000113950df1] is loading into the server
[      script:vd_core] [INFO] Player "GHOxPREDATOR - Narchy" has connected to the server. ID: 1
[ script:connectqueue] QUEUE: wasgehtabman11[steam:11000015b0c7bf4] was placed 1/1 in queue
[ script:connectqueue] QUEUE: wasgehtabman11[steam:11000015b0c7bf4] is loading into the server
[      script:vd_core] [INFO] Player "wasgehtabman11" has connected to the server. ID: 2
[      script:vd_core] [INFO] Saved 2 players over 0.0 ms
[       script:vidigg] SCRIPT ERROR: @vidigg/server/sv_dumpster.lua:11: attempt to index a nil value (local 'item')
[         script:chat] wasgehtabman11: hi
[         script:chat] GHOxPREDATOR - Narchy: spa ?
[         script:chat] wasgehtabman11: how can start battleroyal
[         script:chat] wasgehtabman11: from germany brother
[         script:chat] GHOxPREDATOR - Narchy: owhhh
[    c-scripting-core] InvokeNative: execution failed: Argument at index 0 was null.
[       script:vidigg] SCRIPT ERROR: Execution of native 000000006e31e993 in script host failed: Argument at index 0 was null.
[       script:vidigg] > handler (@vidigg/server/sv_notifkill.lua:55)
[                 cmd] Access denied for command kill.
[         script:chat] GHOxPREDATOR - Narchy: 
[         script:chat] This new server hasn't been launched yet
[      script:vd_core] [INFO] Saved player "wasgehtabman11"
[    c-scripting-core] InvokeNative: execution failed: Argument at index 0 was null.
[       script:vidigg] SCRIPT ERROR: Execution of native 000000006e31e993 in script host failed: Argument at index 0 was null.
[       script:vidigg] > handler (@vidigg/server/sv_notifkill.lua:55)
[      script:vd_core] [INFO] Saved 1 player over 0.0 ms
[    c-scripting-core] InvokeNative: execution failed: Argument at index 0 was null.
[       script:vidigg] SCRIPT ERROR: Execution of native 000000006e31e993 in script host failed: Argument at index 0 was null.
[       script:vidigg] > handler (@vidigg/server/sv_notifkill.lua:55)
[      script:vd_core] [INFO] Saved 1 player over 0.0 ms
[       script:vidigg] ev_leaderboard Database cleared!
[       script:vidigg] ranking_crew Database cleared!
[       script:vidigg] crew Database cleared!
> removedbc
[       script:vidigg] ev_leaderboard Database cleared!
[       script:vidigg] crew Database cleared!
[       script:vidigg] ranking_crew Database cleared!

================================================================
======== FXServer Starting - 5/9/2023, 9:45:32 AM               
================================================================
[                 cmd] Argument count mismatch (passed 5, wanted 2)
[    c-scripting-core] Creating script environments for _cfx_internal
[ citizen-server-impl] Scanning resources.
[ citizen-server-impl] Found 38 resources.
[ citizen-server-impl] Some resources have an outdated resource manifest:
[ citizen-server-impl]     - gif_logo-master
[ citizen-server-impl] 
[ citizen-server-impl] Please update these resources.
[          svadhesive] Authenticating server license key...
[          svadhesive] Server license key authentication succeeded. Welcome!
[ citizen-server-impl] Couldn't find resource sessionmanager.
[    c-scripting-core] Creating script environments for monitor
[      script:monitor] [txAdminClient] Version 4.17.1 starting...
[ citizen-server-impl] Started resource monitor
[                 cmd] Argument count mismatch (passed 5, wanted 2)
[    c-scripting-core] Creating script environments for ox_lib
[ citizen-server-impl] Started resource ox_lib
[    c-scripting-core] Creating script environments for yarn
[ citizen-server-impl] Started resource yarn
[    c-scripting-core] Creating script environments for EasyAdmin
[    script:EasyAdmin] 
[    script:EasyAdmin]  _______ _______ _______ __   __ _______ ______  _______ _____ __   _
[    script:EasyAdmin]  |______ |_____| |______   \_/   |_____| |     \ |  |  |   |   | \  |
[    script:EasyAdmin]  |______ |     | ______|    |    |     | |_____/ |  |  | __|__ |  \_|
[    script:EasyAdmin]                            Version 6.91
[ citizen-server-impl] Started resource EasyAdmin
[    c-scripting-core] Creating script environments for oxmysql
[ citizen-server-impl] Started resource oxmysql
[ citizen-server-impl] Started resource spawnmanager
[    c-scripting-core] Creating script environments for vd_core
[ citizen-server-impl] Started resource vd_core
[    c-scripting-core] Creating script environments for menu
[ citizen-server-impl] Started resource menu
[ citizen-server-impl] Started resource menuv
[    c-scripting-core] Creating script environments for vd-crew
[ citizen-server-impl] Started resource vd-crew
[ citizen-server-impl] Started resource vd_icon
[    c-scripting-core] Creating script environments for PolyZone
[ citizen-server-impl] Started resource PolyZone
[    c-scripting-core] Creating script environments for adminmenu
[ citizen-server-impl] Started resource adminmenu
[ citizen-server-impl] Started resource cmps
[    c-scripting-core] Creating script environments for connectqueue
[ script:connectqueue] QUEUE:  [connectqueue] Disabling hardcap 
[ citizen-server-impl] Started resource connectqueue
[    c-scripting-core] Creating script environments for coords
[ citizen-server-impl] Started resource coords
[ citizen-server-impl] Started resource gif_logo-master
[    c-scripting-core] Creating script environments for illenium-appearance
[ citizen-server-impl] Started resource illenium-appearance
[    c-scripting-core] Creating script environments for ox_target
[ citizen-server-impl] Started resource ox_target
[    c-scripting-core] Creating script environments for topkill
[ citizen-server-impl] Started resource topkill
[    c-scripting-core] Creating script environments for vd-alive
[ citizen-server-impl] Started resource vd-alive
[ citizen-server-impl] Started resource vd-assets
[ citizen-server-impl] Started resource vd-hud
[    c-scripting-core] Creating script environments for vd-inv
[ citizen-server-impl] Started resource vd-inv
[    c-scripting-core] Creating script environments for vd-kf
[ citizen-server-impl] Started resource vd-kf
[ citizen-server-impl] Started resource vd-ld
[ citizen-server-impl] Started resource vd-notif
[    c-scripting-core] Creating script environments for vd-radial
[ citizen-server-impl] Started resource vd-radial
[    c-scripting-core] Creating script environments for vd-rev
[ citizen-server-impl] Started resource vd-rev
[    c-scripting-core] Creating script environments for vd-walk
[ citizen-server-impl] Started resource vd-walk
[ citizen-server-impl] Started resource vd_crosshair
[    c-scripting-core] Creating script environments for vidigg
[ citizen-server-impl] Started resource vidigg
[    c-scripting-core] Creating script environments for zone
[ citizen-server-impl] Started resource zone
[    c-scripting-core] Creating script environments for pma-voice
[ citizen-server-impl] Started resource pma-voice
[ citizen-server-impl] Couldn't find resource sessionmanager.
[    c-scripting-core] Creating script environments for webpack
[ citizen-server-impl] Started resource webpack
[    c-scripting-core] Creating script environments for screenshot-basic
[ citizen-server-impl] Started resource screenshot-basic
[    c-scripting-core] Creating script environments for chat
[ citizen-server-impl] Started resource chat
(node:934) ExperimentalWarning: stream/web is an experimental feature. This feature could change at any time
(Use `FXServer --trace-warnings ...` to show where the warning was created)
[      script:monitor] [txAdminClient] Threads and commands set up. All Ready.
[                 cmd] Access denied for command list_aces.
[      script:oxmysql] Database server connection established!
[      script:vd_core] [INFO] ESX Legacy 1.9.2 initialized!
[      script:oxmysql] An update is available for oxmysql (current version: 2.5.4)
[      script:oxmysql] https://github.com/overextended/oxmysql/releases/tag/v2.6.0
[       script:ox_lib] An update is available for illenium-appearance (current version: 4.6.1)
[       script:ox_lib] https://github.com/iLLeniumStudios/illenium-appearance/releases/tag/v5.2.0
[       script:ox_lib] An update is available for ox_lib (current version: 3.0.0)
[       script:ox_lib] https://github.com/overextended/ox_lib/releases/tag/v3.3.0
[       script:ox_lib] An update is available for ox_target (current version: 1.6.4)
[       script:ox_lib] https://github.com/overextended/ox_target/releases/tag/v1.8.0
[ citizen-server-impl]         fff                          
[ citizen-server-impl]   cccc ff   xx  xx     rr rr    eee  
[ citizen-server-impl] cc     ffff   xx       rrr  r ee   e 
[ citizen-server-impl] cc     ff     xx   ... rr     eeeee  
[ citizen-server-impl]  ccccc ff   xx  xx ... rr      eeeee 
[ citizen-server-impl]                                      
[ citizen-server-impl] Authenticated with cfx.re Nucleus: https://alexandro-hd-5qoga6.users.cfx.re/

================================================================
======== FXServer Starting - 5/9/2023, 10:01:06 AM              
================================================================
[                 cmd] Argument count mismatch (passed 5, wanted 2)
[    c-scripting-core] Creating script environments for _cfx_internal
[ citizen-server-impl] Scanning resources.
[ citizen-server-impl] Found 38 resources.
[ citizen-server-impl] Some resources have an outdated resource manifest:
[ citizen-server-impl]     - gif_logo-master
[ citizen-server-impl] 
[ citizen-server-impl] Please update these resources.
[          svadhesive] Authenticating server license key...
[          svadhesive] Server license key authentication succeeded. Welcome!
[ citizen-server-impl] Couldn't find resource sessionmanager.
[    c-scripting-core] Creating script environments for monitor
[      script:monitor] [txAdminClient] Version 4.17.1 starting...
[ citizen-server-impl] Started resource monitor
[                 cmd] Argument count mismatch (passed 5, wanted 2)
[    c-scripting-core] Creating script environments for ox_lib
[ citizen-server-impl] Started resource ox_lib
[    c-scripting-core] Creating script environments for yarn
[ citizen-server-impl] Started resource yarn
[    c-scripting-core] Creating script environments for EasyAdmin
[    script:EasyAdmin] 
[    script:EasyAdmin]  _______ _______ _______ __   __ _______ ______  _______ _____ __   _
[    script:EasyAdmin]  |______ |_____| |______   \_/   |_____| |     \ |  |  |   |   | \  |
[    script:EasyAdmin]  |______ |     | ______|    |    |     | |_____/ |  |  | __|__ |  \_|
[    script:EasyAdmin]                            Version 6.91
[ citizen-server-impl] Started resource EasyAdmin
[    c-scripting-core] Creating script environments for oxmysql
[ citizen-server-impl] Started resource oxmysql
[ citizen-server-impl] Started resource spawnmanager
[    c-scripting-core] Creating script environments for vd_core
[ citizen-server-impl] Started resource vd_core
[    c-scripting-core] Creating script environments for menu
[ citizen-server-impl] Started resource menu
[ citizen-server-impl] Started resource menuv
[    c-scripting-core] Creating script environments for vd-crew
[ citizen-server-impl] Started resource vd-crew
[ citizen-server-impl] Started resource vd_icon
[    c-scripting-core] Creating script environments for PolyZone
[ citizen-server-impl] Started resource PolyZone
[    c-scripting-core] Creating script environments for adminmenu
[ citizen-server-impl] Started resource adminmenu
[ citizen-server-impl] Started resource cmps
[    c-scripting-core] Creating script environments for connectqueue
[ script:connectqueue] QUEUE:  [connectqueue] Disabling hardcap 
[ citizen-server-impl] Started resource connectqueue
[    c-scripting-core] Creating script environments for coords
[ citizen-server-impl] Started resource coords
[ citizen-server-impl] Started resource gif_logo-master
[    c-scripting-core] Creating script environments for illenium-appearance
[ citizen-server-impl] Started resource illenium-appearance
[    c-scripting-core] Creating script environments for ox_target
[ citizen-server-impl] Started resource ox_target
[    c-scripting-core] Creating script environments for topkill
[ citizen-server-impl] Started resource topkill
[    c-scripting-core] Creating script environments for vd-alive
[ citizen-server-impl] Started resource vd-alive
[ citizen-server-impl] Started resource vd-assets
[ citizen-server-impl] Started resource vd-hud
[    c-scripting-core] Creating script environments for vd-inv
[ citizen-server-impl] Started resource vd-inv
[    c-scripting-core] Creating script environments for vd-kf
[ citizen-server-impl] Started resource vd-kf
[ citizen-server-impl] Started resource vd-ld
[ citizen-server-impl] Started resource vd-notif
[    c-scripting-core] Creating script environments for vd-radial
[ citizen-server-impl] Started resource vd-radial
[    c-scripting-core] Creating script environments for vd-rev
[ citizen-server-impl] Started resource vd-rev
[    c-scripting-core] Creating script environments for vd-walk
[ citizen-server-impl] Started resource vd-walk
[ citizen-server-impl] Started resource vd_crosshair
[    c-scripting-core] Creating script environments for vidigg
[ citizen-server-impl] Started resource vidigg
[    c-scripting-core] Creating script environments for zone
[ citizen-server-impl] Started resource zone
[    c-scripting-core] Creating script environments for pma-voice
[ citizen-server-impl] Started resource pma-voice
[ citizen-server-impl] Couldn't find resource sessionmanager.
[    c-scripting-core] Creating script environments for webpack
[ citizen-server-impl] Started resource webpack
[    c-scripting-core] Creating script environments for screenshot-basic
[ citizen-server-impl] Started resource screenshot-basic
[    c-scripting-core] Creating script environments for chat
[ citizen-server-impl] Started resource chat
(node:1066) ExperimentalWarning: stream/web is an experimental feature. This feature could change at any time
(Use `FXServer --trace-warnings ...` to show where the warning was created)
[      script:monitor] [txAdminClient] Threads and commands set up. All Ready.
[                 cmd] Access denied for command list_aces.
[      script:oxmysql] Database server connection established!
[      script:vd_core] [INFO] ESX Legacy 1.9.2 initialized!
[       script:ox_lib] An update is available for ox_lib (current version: 3.0.0)
[       script:ox_lib] https://github.com/overextended/ox_lib/releases/tag/v3.3.0
[ citizen-server-impl]         fff                          
[ citizen-server-impl]   cccc ff   xx  xx     rr rr    eee  
[ citizen-server-impl] cc     ffff   xx       rrr  r ee   e 
[ citizen-server-impl] cc     ff     xx   ... rr     eeeee  
[ citizen-server-impl]  ccccc ff   xx  xx ... rr      eeeee 
[ citizen-server-impl]                                      
[ citizen-server-impl] Authenticated with cfx.re Nucleus: https://alexandro-hd-5qoga6.users.cfx.re/
[      script:oxmysql] An update is available for oxmysql (current version: 2.5.4)
[      script:oxmysql] https://github.com/overextended/oxmysql/releases/tag/v2.6.0
[    script:EasyAdmin] 
[    script:EasyAdmin] --------------------------------------------------------------------------
[    script:EasyAdmin] 
[    script:EasyAdmin] EasyAdmin (EasyAdmin) is outdated.
[    script:EasyAdmin] Newest Version: 7.01
[    script:EasyAdmin] Your Version: 6.91
[    script:EasyAdmin] Please update it from https://github.com/Blumlaut/EasyAdmin/releases/tag/7.01
[    script:EasyAdmin] 
[    script:EasyAdmin] --------------------------------------------------------------------------

================================================================
======== FXServer Starting - 5/9/2023, 10:14:51 AM              
================================================================
[                 cmd] Argument count mismatch (passed 5, wanted 2)
[    c-scripting-core] Creating script environments for _cfx_internal
[ citizen-server-impl] Scanning resources.
[ citizen-server-impl] Found 38 resources.
[ citizen-server-impl] Some resources have an outdated resource manifest:
[ citizen-server-impl]     - gif_logo-master
[ citizen-server-impl] 
[ citizen-server-impl] Please update these resources.
[          svadhesive] Authenticating server license key...
[          svadhesive] Server license key authentication succeeded. Welcome!
[ citizen-server-impl] Couldn't find resource sessionmanager.
[    c-scripting-core] Creating script environments for monitor
[      script:monitor] [txAdminClient] Version 4.17.1 starting...
[ citizen-server-impl] Started resource monitor
[                 cmd] Argument count mismatch (passed 5, wanted 2)
[    c-scripting-core] Creating script environments for ox_lib
[ citizen-server-impl] Started resource ox_lib
[    c-scripting-core] Creating script environments for yarn
[ citizen-server-impl] Started resource yarn
[    c-scripting-core] Creating script environments for EasyAdmin
[    script:EasyAdmin] 
[    script:EasyAdmin]  _______ _______ _______ __   __ _______ ______  _______ _____ __   _
[    script:EasyAdmin]  |______ |_____| |______   \_/   |_____| |     \ |  |  |   |   | \  |
[    script:EasyAdmin]  |______ |     | ______|    |    |     | |_____/ |  |  | __|__ |  \_|
[    script:EasyAdmin]                            Version 6.91
[ citizen-server-impl] Started resource EasyAdmin
[    c-scripting-core] Creating script environments for oxmysql
[ citizen-server-impl] Started resource oxmysql
[ citizen-server-impl] Started resource spawnmanager
[    c-scripting-core] Creating script environments for vd_core
[ citizen-server-impl] Started resource vd_core
[    c-scripting-core] Creating script environments for menu
[ citizen-server-impl] Started resource menu
[ citizen-server-impl] Started resource menuv
[    c-scripting-core] Creating script environments for vd-crew
[ citizen-server-impl] Started resource vd-crew
[ citizen-server-impl] Started resource vd_icon
[    c-scripting-core] Creating script environments for PolyZone
[ citizen-server-impl] Started resource PolyZone
[    c-scripting-core] Creating script environments for adminmenu
[ citizen-server-impl] Started resource adminmenu
[ citizen-server-impl] Started resource cmps
[    c-scripting-core] Creating script environments for connectqueue
[ script:connectqueue] QUEUE:  [connectqueue] Disabling hardcap 
[ citizen-server-impl] Started resource connectqueue
[    c-scripting-core] Creating script environments for coords
[ citizen-server-impl] Started resource coords
[ citizen-server-impl] Started resource gif_logo-master
[    c-scripting-core] Creating script environments for illenium-appearance
[ citizen-server-impl] Started resource illenium-appearance
[    c-scripting-core] Creating script environments for ox_target
[ citizen-server-impl] Started resource ox_target
[    c-scripting-core] Creating script environments for topkill
[ citizen-server-impl] Started resource topkill
[    c-scripting-core] Creating script environments for vd-alive
[ citizen-server-impl] Started resource vd-alive
[ citizen-server-impl] Started resource vd-assets
[ citizen-server-impl] Started resource vd-hud
[    c-scripting-core] Creating script environments for vd-inv
[ citizen-server-impl] Started resource vd-inv
[    c-scripting-core] Creating script environments for vd-kf
[ citizen-server-impl] Started resource vd-kf
[ citizen-server-impl] Started resource vd-ld
[ citizen-server-impl] Started resource vd-notif
[    c-scripting-core] Creating script environments for vd-radial
[ citizen-server-impl] Started resource vd-radial
[    c-scripting-core] Creating script environments for vd-rev
[ citizen-server-impl] Started resource vd-rev
[    c-scripting-core] Creating script environments for vd-walk
[ citizen-server-impl] Started resource vd-walk
[ citizen-server-impl] Started resource vd_crosshair
[    c-scripting-core] Creating script environments for vidigg
[ citizen-server-impl] Started resource vidigg
[    c-scripting-core] Creating script environments for zone
[ citizen-server-impl] Started resource zone
[    c-scripting-core] Creating script environments for pma-voice
[ citizen-server-impl] Started resource pma-voice
[ citizen-server-impl] Couldn't find resource sessionmanager.
[    c-scripting-core] Creating script environments for webpack
[ citizen-server-impl] Started resource webpack
[    c-scripting-core] Creating script environments for screenshot-basic
[ citizen-server-impl] Started resource screenshot-basic
[    c-scripting-core] Creating script environments for chat
[ citizen-server-impl] Started resource chat
(node:919) ExperimentalWarning: stream/web is an experimental feature. This feature could change at any time
(Use `FXServer --trace-warnings ...` to show where the warning was created)
[      script:monitor] [txAdminClient] Threads and commands set up. All Ready.
[                 cmd] Access denied for command list_aces.
[      script:oxmysql] Database server connection established!
[      script:oxmysql] An update is available for oxmysql (current version: 2.5.4)
[      script:oxmysql] https://github.com/overextended/oxmysql/releases/tag/v2.6.0
[      script:vd_core] [INFO] ESX Legacy 1.9.2 initialized!
[       script:ox_lib] An update is available for ox_lib (current version: 3.0.0)
[       script:ox_lib] https://github.com/overextended/ox_lib/releases/tag/v3.3.0
[ citizen-server-impl]         fff                          
[ citizen-server-impl]   cccc ff   xx  xx     rr rr    eee  
[ citizen-server-impl] cc     ffff   xx       rrr  r ee   e 
[ citizen-server-impl] cc     ff     xx   ... rr     eeeee  
[ citizen-server-impl]  ccccc ff   xx  xx ... rr      eeeee 
[ citizen-server-impl]                                      
[ citizen-server-impl] Authenticated with cfx.re Nucleus: https://pauljoych-d5epmd.users.cfx.re/
[       script:ox_lib] An update is available for ox_target (current version: 1.6.4)
[       script:ox_lib] https://github.com/overextended/ox_target/releases/tag/v1.8.0
[    script:EasyAdmin] 
[    script:EasyAdmin] --------------------------------------------------------------------------
[    script:EasyAdmin] 
[    script:EasyAdmin] EasyAdmin (EasyAdmin) is outdated.
[    script:EasyAdmin] Newest Version: 7.01
[    script:EasyAdmin] Your Version: 6.91
[    script:EasyAdmin] Please update it from https://github.com/Blumlaut/EasyAdmin/releases/tag/7.01
[    script:EasyAdmin] 
[    script:EasyAdmin] --------------------------------------------------------------------------
[       script:ox_lib] An update is available for illenium-appearance (current version: 4.6.1)
[       script:ox_lib] https://github.com/iLLeniumStudios/illenium-appearance/releases/tag/v5.2.0
> txaEvent "serverShuttingDown" "{＂delay＂:5000,＂author＂:＂PaulJoych＂,＂message＂:＂Server restarting (requested by PaulJoych).＂}"
[      script:monitor] Server shutdown imminent. Kicking all players.

================================================================
======== FXServer Starting - 5/9/2023, 10:23:13 AM              
================================================================
[                 cmd] Argument count mismatch (passed 5, wanted 2)
[    c-scripting-core] Creating script environments for _cfx_internal
[ citizen-server-impl] Scanning resources.
[ citizen-server-impl] Found 39 resources.
[ citizen-server-impl] Some resources have an outdated resource manifest:
[ citizen-server-impl]     - gif_logo-master
[ citizen-server-impl] 
[ citizen-server-impl] Please update these resources.
[          svadhesive] Authenticating server license key...
[          svadhesive] Server license key authentication succeeded. Welcome!
[ citizen-server-impl] Couldn't find resource sessionmanager.
[    c-scripting-core] Creating script environments for monitor
[      script:monitor] [txAdminClient] Version 4.17.1 starting...
[ citizen-server-impl] Started resource monitor
[                 cmd] Argument count mismatch (passed 5, wanted 2)
[    c-scripting-core] Creating script environments for ox_lib
[ citizen-server-impl] Started resource ox_lib
[    c-scripting-core] Creating script environments for yarn
[ citizen-server-impl] Started resource yarn
[    c-scripting-core] Creating script environments for EasyAdmin
[    script:EasyAdmin] 
[    script:EasyAdmin]  _______ _______ _______ __   __ _______ ______  _______ _____ __   _
[    script:EasyAdmin]  |______ |_____| |______   \_/   |_____| |     \ |  |  |   |   | \  |
[    script:EasyAdmin]  |______ |     | ______|    |    |     | |_____/ |  |  | __|__ |  \_|
[    script:EasyAdmin]                            Version 6.91
[ citizen-server-impl] Started resource EasyAdmin
[    c-scripting-core] Creating script environments for oxmysql
[ citizen-server-impl] Started resource oxmysql
[ citizen-server-impl] Started resource spawnmanager
[    c-scripting-core] Creating script environments for vd_core
[ citizen-server-impl] Started resource vd_core
[    c-scripting-core] Creating script environments for menu
[ citizen-server-impl] Started resource menu
[ citizen-server-impl] Started resource menuv
[    c-scripting-core] Creating script environments for vd-crew
[ citizen-server-impl] Started resource vd-crew
[ citizen-server-impl] Started resource vd_icon
[    c-scripting-core] Creating script environments for PolyZone
[ citizen-server-impl] Started resource PolyZone
[    c-scripting-core] Creating script environments for adminmenu
[ citizen-server-impl] Started resource adminmenu
[ citizen-server-impl] Started resource cmps
[    c-scripting-core] Creating script environments for connectqueue
[ script:connectqueue] QUEUE:  [connectqueue] Disabling hardcap 
[ citizen-server-impl] Started resource connectqueue
[    c-scripting-core] Creating script environments for coords
[ citizen-server-impl] Started resource coords
[ citizen-server-impl] Started resource gif_logo-master
[    c-scripting-core] Creating script environments for illenium-appearance
[ citizen-server-impl] Started resource illenium-appearance
[    c-scripting-core] Creating script environments for ox_target
[ citizen-server-impl] Started resource ox_target
[    c-scripting-core] Creating script environments for topkill
[ citizen-server-impl] Started resource topkill
[    c-scripting-core] Creating script environments for vd-alive
[ citizen-server-impl] Started resource vd-alive
[ citizen-server-impl] Started resource vd-assets
[ citizen-server-impl] Started resource vd-hud
[    c-scripting-core] Creating script environments for vd-inv
[ citizen-server-impl] Started resource vd-inv
[    c-scripting-core] Creating script environments for vd-kf
[ citizen-server-impl] Started resource vd-kf
[ citizen-server-impl] Started resource vd-ld
[ citizen-server-impl] Started resource vd-notif
[    c-scripting-core] Creating script environments for vd-radial
[ citizen-server-impl] Started resource vd-radial
[    c-scripting-core] Creating script environments for vd-rev
[ citizen-server-impl] Started resource vd-rev
[    c-scripting-core] Creating script environments for vd-walk
[ citizen-server-impl] Started resource vd-walk
[ citizen-server-impl] Started resource vd_crosshair
[    c-scripting-core] Creating script environments for vidigg
[ citizen-server-impl] Started resource vidigg
[    c-scripting-core] Creating script environments for zone
[ citizen-server-impl] Started resource zone
[    c-scripting-core] Creating script environments for pma-voice
[ citizen-server-impl] Started resource pma-voice
[ citizen-server-impl] Couldn't find resource sessionmanager.
[    c-scripting-core] Creating script environments for webpack
[ citizen-server-impl] Started resource webpack
[    c-scripting-core] Creating script environments for screenshot-basic
[ citizen-server-impl] Started resource screenshot-basic
[    c-scripting-core] Creating script environments for chat
[ citizen-server-impl] Started resource chat
[    c-scripting-core] Creating script environments for log
[ citizen-server-impl] Started resource log
(node:1845) ExperimentalWarning: stream/web is an experimental feature. This feature could change at any time
(Use `FXServer --trace-warnings ...` to show where the warning was created)
[      script:monitor] [txAdminClient] Threads and commands set up. All Ready.
[                 cmd] Access denied for command list_aces.
[      script:oxmysql] Database server connection established!
[      script:vd_core] [INFO] ESX Legacy 1.9.2 initialized!
[       script:ox_lib] An update is available for ox_lib (current version: 3.0.0)
[       script:ox_lib] https://github.com/overextended/ox_lib/releases/tag/v3.3.0
[ citizen-server-impl]         fff                          
[ citizen-server-impl]   cccc ff   xx  xx     rr rr    eee  
[ citizen-server-impl] cc     ffff   xx       rrr  r ee   e 
[ citizen-server-impl] cc     ff     xx   ... rr     eeeee  
[ citizen-server-impl]  ccccc ff   xx  xx ... rr      eeeee 
[ citizen-server-impl]                                      
[ citizen-server-impl] Authenticated with cfx.re Nucleus: https://pauljoych-d5epmd.users.cfx.re/
[      script:oxmysql] An update is available for oxmysql (current version: 2.5.4)
[      script:oxmysql] https://github.com/overextended/oxmysql/releases/tag/v2.6.0
[       script:ox_lib] An update is available for illenium-appearance (current version: 4.6.1)
[       script:ox_lib] https://github.com/iLLeniumStudios/illenium-appearance/releases/tag/v5.2.0
[                 cmd] Access denied for command list_aces.
[    script:EasyAdmin] 
[    script:EasyAdmin] --------------------------------------------------------------------------
[    script:EasyAdmin] 
[    script:EasyAdmin] EasyAdmin (EasyAdmin) is outdated.
[    script:EasyAdmin] Newest Version: 7.01
[    script:EasyAdmin] Your Version: 6.91
[    script:EasyAdmin] Please update it from https://github.com/Blumlaut/EasyAdmin/releases/tag/7.01
[    script:EasyAdmin] 
[    script:EasyAdmin] --------------------------------------------------------------------------
[                 cmd] Access denied for command list_aces.
[    script:EasyAdmin] 
[    script:EasyAdmin] --------------------------------------------------------------------------
[    script:EasyAdmin] 
[    script:EasyAdmin] EasyAdmin (EasyAdmin) is outdated.
[    script:EasyAdmin] Newest Version: 7.01
[    script:EasyAdmin] Your Version: 6.91
[    script:EasyAdmin] Please update it from https://github.com/Blumlaut/EasyAdmin/releases/tag/7.01
[    script:EasyAdmin] 
[    script:EasyAdmin] --------------------------------------------------------------------------
[                 cmd] Access denied for command list_aces.
[    script:EasyAdmin] 
[    script:EasyAdmin] --------------------------------------------------------------------------
[    script:EasyAdmin] 
[    script:EasyAdmin] EasyAdmin (EasyAdmin) is outdated.
[    script:EasyAdmin] Newest Version: 7.01
[    script:EasyAdmin] Your Version: 6.91
[    script:EasyAdmin] Please update it from https://github.com/Blumlaut/EasyAdmin/releases/tag/7.01
[    script:EasyAdmin] 
[    script:EasyAdmin] --------------------------------------------------------------------------
[                 cmd] Access denied for command list_aces.
[    script:EasyAdmin] 
[    script:EasyAdmin] --------------------------------------------------------------------------
[    script:EasyAdmin] 
[    script:EasyAdmin] EasyAdmin (EasyAdmin) is outdated.
[    script:EasyAdmin] Newest Version: 7.01
[    script:EasyAdmin] Your Version: 6.91
[    script:EasyAdmin] Please update it from https://github.com/Blumlaut/EasyAdmin/releases/tag/7.01
[    script:EasyAdmin] 
[    script:EasyAdmin] --------------------------------------------------------------------------

================================================================
======== FXServer Starting - 5/9/2023, 3:39:59 PM               
================================================================
[                 cmd] Argument count mismatch (passed 5, wanted 2)
[    c-scripting-core] Creating script environments for _cfx_internal
[ citizen-server-impl] Scanning resources.
[ citizen-server-impl] Found 39 resources.
[ citizen-server-impl] Some resources have an outdated resource manifest:
[ citizen-server-impl]     - gif_logo-master
[ citizen-server-impl] 
[ citizen-server-impl] Please update these resources.
[          svadhesive] Authenticating server license key...
[          svadhesive] Server license key authentication succeeded. Welcome!
[ citizen-server-impl] Couldn't find resource sessionmanager.
[    c-scripting-core] Creating script environments for monitor
[      script:monitor] [txAdminClient] Version 4.17.1 starting...
[ citizen-server-impl] Started resource monitor
[                 cmd] Argument count mismatch (passed 5, wanted 2)
[    c-scripting-core] Creating script environments for ox_lib
[ citizen-server-impl] Started resource ox_lib
[    c-scripting-core] Creating script environments for yarn
[ citizen-server-impl] Started resource yarn
[    c-scripting-core] Creating script environments for EasyAdmin
[    script:EasyAdmin] 
[    script:EasyAdmin]  _______ _______ _______ __   __ _______ ______  _______ _____ __   _
[    script:EasyAdmin]  |______ |_____| |______   \_/   |_____| |     \ |  |  |   |   | \  |
[    script:EasyAdmin]  |______ |     | ______|    |    |     | |_____/ |  |  | __|__ |  \_|
[    script:EasyAdmin]                            Version 6.91
[ citizen-server-impl] Started resource EasyAdmin
[    c-scripting-core] Creating script environments for oxmysql
[ citizen-server-impl] Started resource oxmysql
[ citizen-server-impl] Started resource spawnmanager
[    c-scripting-core] Creating script environments for vd_core
[ citizen-server-impl] Started resource vd_core
[    c-scripting-core] Creating script environments for menu
[ citizen-server-impl] Started resource menu
[ citizen-server-impl] Started resource menuv
[    c-scripting-core] Creating script environments for vd-crew
[ citizen-server-impl] Started resource vd-crew
[ citizen-server-impl] Started resource vd_icon
[    c-scripting-core] Creating script environments for PolyZone
[ citizen-server-impl] Started resource PolyZone
[    c-scripting-core] Creating script environments for adminmenu
[ citizen-server-impl] Started resource adminmenu
[ citizen-server-impl] Started resource cmps
[    c-scripting-core] Creating script environments for connectqueue
[ script:connectqueue] QUEUE:  [connectqueue] Disabling hardcap 
[ citizen-server-impl] Started resource connectqueue
[    c-scripting-core] Creating script environments for coords
[ citizen-server-impl] Started resource coords
[ citizen-server-impl] Started resource gif_logo-master
[    c-scripting-core] Creating script environments for illenium-appearance
[ citizen-server-impl] Started resource illenium-appearance
[    c-scripting-core] Creating script environments for ox_target
[ citizen-server-impl] Started resource ox_target
[    c-scripting-core] Creating script environments for topkill
[ citizen-server-impl] Started resource topkill
[    c-scripting-core] Creating script environments for vd-alive
[ citizen-server-impl] Started resource vd-alive
[ citizen-server-impl] Started resource vd-assets
[ citizen-server-impl] Started resource vd-hud
[    c-scripting-core] Creating script environments for vd-inv
[ citizen-server-impl] Started resource vd-inv
[    c-scripting-core] Creating script environments for vd-kf
[ citizen-server-impl] Started resource vd-kf
[ citizen-server-impl] Started resource vd-ld
[ citizen-server-impl] Started resource vd-notif
[    c-scripting-core] Creating script environments for vd-radial
[ citizen-server-impl] Started resource vd-radial
[    c-scripting-core] Creating script environments for vd-rev
[ citizen-server-impl] Started resource vd-rev
[    c-scripting-core] Creating script environments for vd-walk
[ citizen-server-impl] Started resource vd-walk
[ citizen-server-impl] Started resource vd_crosshair
[    c-scripting-core] Creating script environments for vidigg
[ citizen-server-impl] Started resource vidigg
[    c-scripting-core] Creating script environments for zone
[ citizen-server-impl] Started resource zone
[    c-scripting-core] Creating script environments for pma-voice
[ citizen-server-impl] Started resource pma-voice
[ citizen-server-impl] Couldn't find resource sessionmanager.
[    c-scripting-core] Creating script environments for webpack
[ citizen-server-impl] Started resource webpack
[    c-scripting-core] Creating script environments for screenshot-basic
[ citizen-server-impl] Started resource screenshot-basic
[    c-scripting-core] Creating script environments for chat
[ citizen-server-impl] Started resource chat
[ citizen-server-impl] Couldn't find resource log.
(node:942) ExperimentalWarning: stream/web is an experimental feature. This feature could change at any time
(Use `FXServer --trace-warnings ...` to show where the warning was created)
[      script:monitor] [txAdminClient] Threads and commands set up. All Ready.
[                 cmd] Access denied for command list_aces.
[      script:oxmysql] Database server connection established!
[      script:oxmysql] An update is available for oxmysql (current version: 2.5.4)
[      script:oxmysql] https://github.com/overextended/oxmysql/releases/tag/v2.6.0
[      script:vd_core] [INFO] ESX Legacy 1.9.2 initialized!
[       script:ox_lib] An update is available for ox_lib (current version: 3.0.0)
[       script:ox_lib] https://github.com/overextended/ox_lib/releases/tag/v3.3.0
[       script:ox_lib] An update is available for illenium-appearance (current version: 4.6.1)
[       script:ox_lib] https://github.com/iLLeniumStudios/illenium-appearance/releases/tag/v5.2.0
[       script:ox_lib] An update is available for ox_target (current version: 1.6.4)
[       script:ox_lib] https://github.com/overextended/ox_target/releases/tag/v1.8.0
[ citizen-server-impl]         fff                          
[ citizen-server-impl]   cccc ff   xx  xx     rr rr    eee  
[ citizen-server-impl] cc     ffff   xx       rrr  r ee   e 
[ citizen-server-impl] cc     ff     xx   ... rr     eeeee  
[ citizen-server-impl]  ccccc ff   xx  xx ... rr      eeeee 
[ citizen-server-impl]                                      
[ citizen-server-impl] Authenticated with cfx.re Nucleus: https://pauljoych-d5epmd.users.cfx.re/
[       script:vidigg] Start ANTIAI

================================================================
======== FXServer Starting - 5/9/2023, 4:41:01 PM               
================================================================
[                 cmd] Argument count mismatch (passed 5, wanted 2)
[    c-scripting-core] Creating script environments for _cfx_internal
[ citizen-server-impl] Scanning resources.
[ citizen-server-impl] Found 39 resources.
[ citizen-server-impl] Some resources have an outdated resource manifest:
[ citizen-server-impl]     - gif_logo-master
[ citizen-server-impl] 
[ citizen-server-impl] Please update these resources.
[          svadhesive] Authenticating server license key...
[          svadhesive] Server license key authentication succeeded. Welcome!
[ citizen-server-impl] Couldn't find resource sessionmanager.
[    c-scripting-core] Creating script environments for monitor
[      script:monitor] [txAdminClient] Version 4.17.1 starting...
[ citizen-server-impl] Started resource monitor
[                 cmd] Argument count mismatch (passed 5, wanted 2)
[    c-scripting-core] Creating script environments for ox_lib
[ citizen-server-impl] Started resource ox_lib
[    c-scripting-core] Creating script environments for yarn
[ citizen-server-impl] Started resource yarn
[    c-scripting-core] Creating script environments for EasyAdmin
[    script:EasyAdmin] 
[    script:EasyAdmin]  _______ _______ _______ __   __ _______ ______  _______ _____ __   _
[    script:EasyAdmin]  |______ |_____| |______   \_/   |_____| |     \ |  |  |   |   | \  |
[    script:EasyAdmin]  |______ |     | ______|    |    |     | |_____/ |  |  | __|__ |  \_|
[    script:EasyAdmin]                            Version 6.91
[ citizen-server-impl] Started resource EasyAdmin
[    c-scripting-core] Creating script environments for oxmysql
[ citizen-server-impl] Started resource oxmysql
[ citizen-server-impl] Started resource spawnmanager
[    c-scripting-core] Creating script environments for vd_core
[ citizen-server-impl] Started resource vd_core
[    c-scripting-core] Creating script environments for menu
[ citizen-server-impl] Started resource menu
[ citizen-server-impl] Started resource menuv
[    c-scripting-core] Creating script environments for vd-crew
[ citizen-server-impl] Started resource vd-crew
[ citizen-server-impl] Started resource vd_icon
[    c-scripting-core] Creating script environments for PolyZone
[ citizen-server-impl] Started resource PolyZone
[    c-scripting-core] Creating script environments for adminmenu
[ citizen-server-impl] Started resource adminmenu
[ citizen-server-impl] Started resource cmps
[    c-scripting-core] Creating script environments for connectqueue
[ script:connectqueue] QUEUE:  [connectqueue] Disabling hardcap 
[ citizen-server-impl] Started resource connectqueue
[    c-scripting-core] Creating script environments for coords
[ citizen-server-impl] Started resource coords
[ citizen-server-impl] Started resource gif_logo-master
[    c-scripting-core] Creating script environments for illenium-appearance
[ citizen-server-impl] Started resource illenium-appearance
[    c-scripting-core] Creating script environments for ox_target
[ citizen-server-impl] Started resource ox_target
[    c-scripting-core] Creating script environments for topkill
[ citizen-server-impl] Started resource topkill
[    c-scripting-core] Creating script environments for vd-alive
[ citizen-server-impl] Started resource vd-alive
[ citizen-server-impl] Started resource vd-assets
[ citizen-server-impl] Started resource vd-hud
[    c-scripting-core] Creating script environments for vd-inv
[ citizen-server-impl] Started resource vd-inv
[    c-scripting-core] Creating script environments for vd-kf
[ citizen-server-impl] Started resource vd-kf
[ citizen-server-impl] Started resource vd-ld
[ citizen-server-impl] Started resource vd-notif
[    c-scripting-core] Creating script environments for vd-radial
[ citizen-server-impl] Started resource vd-radial
[    c-scripting-core] Creating script environments for vd-rev
[ citizen-server-impl] Started resource vd-rev
[    c-scripting-core] Creating script environments for vd-walk
[ citizen-server-impl] Started resource vd-walk
[ citizen-server-impl] Started resource vd_crosshair
[    c-scripting-core] Creating script environments for vidigg
[ citizen-server-impl] Started resource vidigg
[    c-scripting-core] Creating script environments for zone
[ citizen-server-impl] Started resource zone
[    c-scripting-core] Creating script environments for pma-voice
[ citizen-server-impl] Started resource pma-voice
[ citizen-server-impl] Couldn't find resource sessionmanager.
[    c-scripting-core] Creating script environments for webpack
[ citizen-server-impl] Started resource webpack
[    c-scripting-core] Creating script environments for screenshot-basic
[ citizen-server-impl] Started resource screenshot-basic
[    c-scripting-core] Creating script environments for chat
[ citizen-server-impl] Started resource chat
[ citizen-server-impl] Couldn't find resource log.
(node:939) ExperimentalWarning: stream/web is an experimental feature. This feature could change at any time
(Use `FXServer --trace-warnings ...` to show where the warning was created)
[      script:monitor] [txAdminClient] Threads and commands set up. All Ready.
[                 cmd] Access denied for command list_aces.
[      script:oxmysql] Database server connection established!
[      script:oxmysql] An update is available for oxmysql (current version: 2.5.4)
[      script:oxmysql] https://github.com/overextended/oxmysql/releases/tag/v2.6.0
[      script:vd_core] [INFO] ESX Legacy 1.9.2 initialized!
[       script:ox_lib] An update is available for ox_lib (current version: 3.0.0)
[       script:ox_lib] https://github.com/overextended/ox_lib/releases/tag/v3.3.0
[       script:ox_lib] An update is available for illenium-appearance (current version: 4.6.1)
[       script:ox_lib] https://github.com/iLLeniumStudios/illenium-appearance/releases/tag/v5.2.0
[ citizen-server-impl]         fff                          
[ citizen-server-impl]   cccc ff   xx  xx     rr rr    eee  
[ citizen-server-impl] cc     ffff   xx       rrr  r ee   e 
[ citizen-server-impl] cc     ff     xx   ... rr     eeeee  
[ citizen-server-impl]  ccccc ff   xx  xx ... rr      eeeee 
[ citizen-server-impl]                                      
[ citizen-server-impl] Authenticated with cfx.re Nucleus: https://pauljoych-d5epmd.users.cfx.re/
[    script:EasyAdmin] 
[    script:EasyAdmin] --------------------------------------------------------------------------
[    script:EasyAdmin] 
[    script:EasyAdmin] EasyAdmin (EasyAdmin) is outdated.
[    script:EasyAdmin] Newest Version: 7.01
[    script:EasyAdmin] Your Version: 6.91
[    script:EasyAdmin] Please update it from https://github.com/Blumlaut/EasyAdmin/releases/tag/7.01
[    script:EasyAdmin] 
[    script:EasyAdmin] --------------------------------------------------------------------------
[       script:ox_lib] An update is available for ox_target (current version: 1.6.4)
[       script:ox_lib] https://github.com/overextended/ox_target/releases/tag/v1.8.0
> ensure zones
[ citizen-server-impl] Couldn't find resource zones.
> ensure zones
[ citizen-server-impl] Couldn't find resource zones.
> ensure zone
[ citizen-server-impl] Stopping resource zone
[    c-scripting-core] Creating script environments for zone
[      script:vd_core] [WARNING] Command "mz" already registered, overriding command
[      script:vd_core] [WARNING] Command "mz2" already registered, overriding command
[      script:vd_core] [WARNING] Command "mz3" already registered, overriding command
[      script:vd_core] [WARNING] Command "mz4" already registered, overriding command
[ citizen-server-impl] Started resource zone
> ensure zones
[ citizen-server-impl] Couldn't find resource zones.
> ensure zone
[ citizen-server-impl] Stopping resource zone
[    c-scripting-core] Creating script environments for zone
[      script:vd_core] [WARNING] Command "mz" already registered, overriding command
[      script:vd_core] [WARNING] Command "mz2" already registered, overriding command
[      script:vd_core] [WARNING] Command "mz3" already registered, overriding command
[      script:vd_core] [WARNING] Command "mz4" already registered, overriding command
[      script:vd_core] [WARNING] Command "mz5" already registered, overriding command
[      script:vd_core] [WARNING] Command "mz6" already registered, overriding command
[      script:vd_core] [WARNING] Command "mz7" already registered, overriding command
[ citizen-server-impl] Started resource zone
[ script:connectqueue] QUEUE: Ryl - nc4[steam:110000144e17d77] was placed 1/1 in queue
[ script:connectqueue] QUEUE: Ryl - nc4[steam:110000144e17d77] is loading into the server

================================================================
======== FXServer Starting - 5/9/2023, 5:53:39 PM               
================================================================
[                 cmd] Argument count mismatch (passed 5, wanted 2)
[    c-scripting-core] Creating script environments for _cfx_internal
[ citizen-server-impl] Scanning resources.
[ citizen-server-impl] Found 39 resources.
[ citizen-server-impl] Some resources have an outdated resource manifest:
[ citizen-server-impl]     - gif_logo-master
[ citizen-server-impl] 
[ citizen-server-impl] Please update these resources.
[          svadhesive] Authenticating server license key...
[          svadhesive] Server license key authentication succeeded. Welcome!
[ citizen-server-impl] Couldn't find resource sessionmanager.
[    c-scripting-core] Creating script environments for monitor
[      script:monitor] [txAdminClient] Version 4.17.1 starting...
[ citizen-server-impl] Started resource monitor
[                 cmd] Argument count mismatch (passed 5, wanted 2)
[    c-scripting-core] Creating script environments for ox_lib
[ citizen-server-impl] Started resource ox_lib
[    c-scripting-core] Creating script environments for yarn
[ citizen-server-impl] Started resource yarn
[    c-scripting-core] Creating script environments for EasyAdmin
[    script:EasyAdmin] 
[    script:EasyAdmin]  _______ _______ _______ __   __ _______ ______  _______ _____ __   _
[    script:EasyAdmin]  |______ |_____| |______   \_/   |_____| |     \ |  |  |   |   | \  |
[    script:EasyAdmin]  |______ |     | ______|    |    |     | |_____/ |  |  | __|__ |  \_|
[    script:EasyAdmin]                            Version 6.91
[ citizen-server-impl] Started resource EasyAdmin
[    c-scripting-core] Creating script environments for oxmysql
[ citizen-server-impl] Started resource oxmysql
[ citizen-server-impl] Started resource spawnmanager
[    c-scripting-core] Creating script environments for vd_core
[ citizen-server-impl] Started resource vd_core
[    c-scripting-core] Creating script environments for menu
[ citizen-server-impl] Started resource menu
[ citizen-server-impl] Started resource menuv
[    c-scripting-core] Creating script environments for vd-crew
[ citizen-server-impl] Started resource vd-crew
[ citizen-server-impl] Started resource vd_icon
[    c-scripting-core] Creating script environments for PolyZone
[ citizen-server-impl] Started resource PolyZone
[    c-scripting-core] Creating script environments for adminmenu
[ citizen-server-impl] Started resource adminmenu
[ citizen-server-impl] Started resource cmps
[    c-scripting-core] Creating script environments for connectqueue
[ script:connectqueue] QUEUE:  [connectqueue] Disabling hardcap 
[ citizen-server-impl] Started resource connectqueue
[    c-scripting-core] Creating script environments for coords
[ citizen-server-impl] Started resource coords
[ citizen-server-impl] Started resource gif_logo-master
[    c-scripting-core] Creating script environments for illenium-appearance
[ citizen-server-impl] Started resource illenium-appearance
[    c-scripting-core] Creating script environments for ox_target
[ citizen-server-impl] Started resource ox_target
[    c-scripting-core] Creating script environments for topkill
[ citizen-server-impl] Started resource topkill
[    c-scripting-core] Creating script environments for vd-alive
[ citizen-server-impl] Started resource vd-alive
[ citizen-server-impl] Started resource vd-assets
[ citizen-server-impl] Started resource vd-hud
[    c-scripting-core] Creating script environments for vd-inv
[ citizen-server-impl] Started resource vd-inv
[    c-scripting-core] Creating script environments for vd-kf
[ citizen-server-impl] Started resource vd-kf
[ citizen-server-impl] Started resource vd-ld
[ citizen-server-impl] Started resource vd-notif
[    c-scripting-core] Creating script environments for vd-radial
[ citizen-server-impl] Started resource vd-radial
[    c-scripting-core] Creating script environments for vd-rev
[ citizen-server-impl] Started resource vd-rev
[    c-scripting-core] Creating script environments for vd-walk
[ citizen-server-impl] Started resource vd-walk
[ citizen-server-impl] Started resource vd_crosshair
[    c-scripting-core] Creating script environments for vidigg
[ citizen-server-impl] Started resource vidigg
[    c-scripting-core] Creating script environments for zone
[ citizen-server-impl] Started resource zone
[    c-scripting-core] Creating script environments for pma-voice
[ citizen-server-impl] Started resource pma-voice
[ citizen-server-impl] Couldn't find resource sessionmanager.
[    c-scripting-core] Creating script environments for webpack
[ citizen-server-impl] Started resource webpack
[    c-scripting-core] Creating script environments for screenshot-basic
[ citizen-server-impl] Started resource screenshot-basic
[    c-scripting-core] Creating script environments for chat
[ citizen-server-impl] Started resource chat
[ citizen-server-impl] Couldn't find resource log.
(node:941) ExperimentalWarning: stream/web is an experimental feature. This feature could change at any time
(Use `FXServer --trace-warnings ...` to show where the warning was created)
[      script:monitor] [txAdminClient] Threads and commands set up. All Ready.
[                 cmd] Access denied for command list_aces.
[      script:oxmysql] Database server connection established!
[      script:oxmysql] An update is available for oxmysql (current version: 2.5.4)
[      script:oxmysql] https://github.com/overextended/oxmysql/releases/tag/v2.6.0
[      script:vd_core] [INFO] ESX Legacy 1.9.2 initialized!
[       script:ox_lib] An update is available for ox_lib (current version: 3.0.0)
[       script:ox_lib] https://github.com/overextended/ox_lib/releases/tag/v3.3.0
[ citizen-server-impl]         fff                          
[ citizen-server-impl]   cccc ff   xx  xx     rr rr    eee  
[ citizen-server-impl] cc     ffff   xx       rrr  r ee   e 
[ citizen-server-impl] cc     ff     xx   ... rr     eeeee  
[ citizen-server-impl]  ccccc ff   xx  xx ... rr      eeeee 
[ citizen-server-impl]                                      
[ citizen-server-impl] Authenticated with cfx.re Nucleus: https://pauljoych-d5epmd.users.cfx.re/
[       script:ox_lib] An update is available for illenium-appearance (current version: 4.6.1)
[       script:ox_lib] https://github.com/iLLeniumStudios/illenium-appearance/releases/tag/v5.2.0
[    script:EasyAdmin] 
[    script:EasyAdmin] --------------------------------------------------------------------------
[    script:EasyAdmin] 
[    script:EasyAdmin] EasyAdmin (EasyAdmin) is outdated.
[    script:EasyAdmin] Newest Version: 7.01
[    script:EasyAdmin] Your Version: 6.91
[    script:EasyAdmin] Please update it from https://github.com/Blumlaut/EasyAdmin/releases/tag/7.01
[    script:EasyAdmin] 
[    script:EasyAdmin] --------------------------------------------------------------------------
[ script:connectqueue] QUEUE: GHOxPREDATOR - Narchy[steam:110000113950df1] was placed 1/1 in queue
[ script:connectqueue] QUEUE: GHOxPREDATOR - Narchy[steam:110000113950df1] is loading into the server
[      script:vd_core] [INFO] Player "GHOxPREDATOR - Narchy" has connected to the server. ID: 1
[    c-scripting-core] InvokeNative: execution failed: Argument at index 0 was null.
[       script:vidigg] SCRIPT ERROR: Execution of native 000000006e31e993 in script host failed: Argument at index 0 was null.
[       script:vidigg] > handler (@vidigg/server/sv_notifkill.lua:55)
[      script:vd_core] [INFO] Saved 1 player over 0.0 ms
[      script:vd_core] [INFO] Saved 1 player over 0.0 ms
[    c-scripting-core] InvokeNative: execution failed: Argument at index 0 was null.
[       script:vidigg] SCRIPT ERROR: Execution of native 000000006e31e993 in script host failed: Argument at index 0 was null.
[       script:vidigg] > handler (@vidigg/server/sv_notifkill.lua:55)
[      script:vd_core] [INFO] Saved 1 player over 0.0 ms
> txaEvent "serverShuttingDown" "{＂delay＂:5000,＂author＂:＂Narchy＂,＂message＂:＂Server restarting (requested by Narchy).＂}"
[      script:monitor] Server shutdown imminent. Kicking all players.
[      script:vd_core] [INFO] Saved 1 player over 0.0 ms
[      script:vd_core] [INFO] Saved player "GHOxPREDATOR - Narchy"

================================================================
======== FXServer Starting - 5/9/2023, 6:26:26 PM               
================================================================
[                 cmd] Argument count mismatch (passed 5, wanted 2)
[    c-scripting-core] Creating script environments for _cfx_internal
[ citizen-server-impl] Scanning resources.
[ citizen-server-impl] Found 39 resources.
[ citizen-server-impl] Some resources have an outdated resource manifest:
[ citizen-server-impl]     - gif_logo-master
[ citizen-server-impl] 
[ citizen-server-impl] Please update these resources.
[          svadhesive] Authenticating server license key...
[          svadhesive] Server license key authentication succeeded. Welcome!
[ citizen-server-impl] Couldn't find resource sessionmanager.
[    c-scripting-core] Creating script environments for monitor
[      script:monitor] [txAdminClient] Version 4.17.1 starting...
[ citizen-server-impl] Started resource monitor
[                 cmd] Argument count mismatch (passed 5, wanted 2)
[    c-scripting-core] Creating script environments for ox_lib
[ citizen-server-impl] Started resource ox_lib
[    c-scripting-core] Creating script environments for yarn
[ citizen-server-impl] Started resource yarn
[    c-scripting-core] Creating script environments for EasyAdmin
[    script:EasyAdmin] 
[    script:EasyAdmin]  _______ _______ _______ __   __ _______ ______  _______ _____ __   _
[    script:EasyAdmin]  |______ |_____| |______   \_/   |_____| |     \ |  |  |   |   | \  |
[    script:EasyAdmin]  |______ |     | ______|    |    |     | |_____/ |  |  | __|__ |  \_|
[    script:EasyAdmin]                            Version 6.91
[ citizen-server-impl] Started resource EasyAdmin
[    c-scripting-core] Creating script environments for oxmysql
[ citizen-server-impl] Started resource oxmysql
[ citizen-server-impl] Started resource spawnmanager
[    c-scripting-core] Creating script environments for vd_core
[ citizen-server-impl] Started resource vd_core
[    c-scripting-core] Creating script environments for menu
[ citizen-server-impl] Started resource menu
[ citizen-server-impl] Started resource menuv
[    c-scripting-core] Creating script environments for vd-crew
[ citizen-server-impl] Started resource vd-crew
[ citizen-server-impl] Started resource vd_icon
[    c-scripting-core] Creating script environments for PolyZone
[ citizen-server-impl] Started resource PolyZone
[    c-scripting-core] Creating script environments for adminmenu
[ citizen-server-impl] Started resource adminmenu
[ citizen-server-impl] Started resource cmps
[    c-scripting-core] Creating script environments for connectqueue
[ script:connectqueue] QUEUE:  [connectqueue] Disabling hardcap 
[ citizen-server-impl] Started resource connectqueue
[    c-scripting-core] Creating script environments for coords
[ citizen-server-impl] Started resource coords
[ citizen-server-impl] Started resource gif_logo-master
[    c-scripting-core] Creating script environments for illenium-appearance
[ citizen-server-impl] Started resource illenium-appearance
[    c-scripting-core] Creating script environments for ox_target
[ citizen-server-impl] Started resource ox_target
[    c-scripting-core] Creating script environments for topkill
[ citizen-server-impl] Started resource topkill
[    c-scripting-core] Creating script environments for vd-alive
[ citizen-server-impl] Started resource vd-alive
[ citizen-server-impl] Started resource vd-assets
[ citizen-server-impl] Started resource vd-hud
[    c-scripting-core] Creating script environments for vd-inv
[ citizen-server-impl] Started resource vd-inv
[    c-scripting-core] Creating script environments for vd-kf
[ citizen-server-impl] Started resource vd-kf
[ citizen-server-impl] Started resource vd-ld
[ citizen-server-impl] Started resource vd-notif
[    c-scripting-core] Creating script environments for vd-radial
[ citizen-server-impl] Started resource vd-radial
[    c-scripting-core] Creating script environments for vd-rev
[ citizen-server-impl] Started resource vd-rev
[    c-scripting-core] Creating script environments for vd-walk
[ citizen-server-impl] Started resource vd-walk
[ citizen-server-impl] Started resource vd_crosshair
[    c-scripting-core] Creating script environments for vidigg
[ citizen-server-impl] Started resource vidigg
[    c-scripting-core] Creating script environments for zone
[ citizen-server-impl] Started resource zone
[    c-scripting-core] Creating script environments for pma-voice
[ citizen-server-impl] Started resource pma-voice
[ citizen-server-impl] Couldn't find resource sessionmanager.
[    c-scripting-core] Creating script environments for webpack
[ citizen-server-impl] Started resource webpack
[    c-scripting-core] Creating script environments for screenshot-basic
[ citizen-server-impl] Started resource screenshot-basic
[    c-scripting-core] Creating script environments for chat
[ citizen-server-impl] Started resource chat
[ citizen-server-impl] Couldn't find resource log.
(node:1222) ExperimentalWarning: stream/web is an experimental feature. This feature could change at any time
(Use `FXServer --trace-warnings ...` to show where the warning was created)
[      script:monitor] [txAdminClient] Threads and commands set up. All Ready.
[                 cmd] Access denied for command list_aces.
[      script:oxmysql] Database server connection established!
[      script:vd_core] [INFO] ESX Legacy 1.9.2 initialized!
[       script:ox_lib] An update is available for ox_lib (current version: 3.0.0)
[       script:ox_lib] https://github.com/overextended/ox_lib/releases/tag/v3.3.0
[      script:oxmysql] An update is available for oxmysql (current version: 2.5.4)
[      script:oxmysql] https://github.com/overextended/oxmysql/releases/tag/v2.6.0
[ citizen-server-impl]         fff                          
[ citizen-server-impl]   cccc ff   xx  xx     rr rr    eee  
[ citizen-server-impl] cc     ffff   xx       rrr  r ee   e 
[ citizen-server-impl] cc     ff     xx   ... rr     eeeee  
[ citizen-server-impl]  ccccc ff   xx  xx ... rr      eeeee 
[ citizen-server-impl]                                      
[ citizen-server-impl] Authenticated with cfx.re Nucleus: https://pauljoych-d5epmd.users.cfx.re/
[    script:EasyAdmin] 
[    script:EasyAdmin] --------------------------------------------------------------------------
[    script:EasyAdmin] 
[    script:EasyAdmin] EasyAdmin (EasyAdmin) is outdated.
[    script:EasyAdmin] Newest Version: 7.01
[    script:EasyAdmin] Your Version: 6.91
[    script:EasyAdmin] Please update it from https://github.com/Blumlaut/EasyAdmin/releases/tag/7.01
[    script:EasyAdmin] 
[    script:EasyAdmin] --------------------------------------------------------------------------
[       script:ox_lib] An update is available for illenium-appearance (current version: 4.6.1)
[       script:ox_lib] https://github.com/iLLeniumStudios/illenium-appearance/releases/tag/v5.2.0
[ script:connectqueue] QUEUE: GHOxPREDATOR - Narchy[steam:110000113950df1] was placed 1/1 in queue
[ script:connectqueue] QUEUE: GHOxPREDATOR - Narchy[steam:110000113950df1] is loading into the server
[      script:vd_core] [INFO] Player "GHOxPREDATOR - Narchy" has connected to the server. ID: 1
[      script:vd_core] [INFO] Saved 1 player over 0.0 ms
[      script:vd_core] [INFO] Saved 1 player over 0.0 ms
[ script:connectqueue] QUEUE: Ryl - nc4[steam:110000144e17d77] was placed 1/1 in queue
[ script:connectqueue] QUEUE: Ryl - nc4[steam:110000144e17d77] is loading into the server
[      script:vd_core] [INFO] Player "Ryl - nc4" has connected to the server. ID: 2
[      script:vd_core] [INFO] Saved 2 players over 0.0 ms
[ script:connectqueue] QUEUE: ROYAL- SuperB0yz[steam:11000014386afd0] was placed 1/1 in queue
[ script:connectqueue] QUEUE: ROYAL- SuperB0yz[steam:11000014386afd0] is loading into the server
[      script:vd_core] [INFO] Player "ROYAL- SuperB0yz" has connected to the server. ID: 3
[      script:vd_core] [INFO] Saved player "Ryl - nc4"
[    c-scripting-core] InvokeNative: execution failed: Argument at index 0 was null.
[       script:vidigg] SCRIPT ERROR: Execution of native 000000006e31e993 in script host failed: Argument at index 0 was null.
[       script:vidigg] > handler (@vidigg/server/sv_notifkill.lua:55)
[         script:chat] GHOxPREDATOR - Narchy: tx\
[    c-scripting-core] InvokeNative: execution failed: Argument at index 0 was null.
[       script:vidigg] SCRIPT ERROR: Execution of native 000000006e31e993 in script host failed: Argument at index 0 was null.
[       script:vidigg] > handler (@vidigg/server/sv_notifkill.lua:55)
[    c-scripting-core] InvokeNative: execution failed: Argument at index 0 was null.
[       script:vidigg] SCRIPT ERROR: Execution of native 000000006e31e993 in script host failed: Argument at index 0 was null.
[       script:vidigg] > handler (@vidigg/server/sv_notifkill.lua:55)
> txaEvent "adminsUpdated" "[1,3]"
> txaEvent "adminsUpdated" "[1,3]"
[      script:vd_core] [INFO] Saved 2 players over 0.0 ms
[    c-scripting-core] InvokeNative: execution failed: Argument at index 0 was null.
[       script:vidigg] SCRIPT ERROR: Execution of native 000000006e31e993 in script host failed: Argument at index 0 was null.
[       script:vidigg] > handler (@vidigg/server/sv_notifkill.lua:55)
> txaEvent "serverShuttingDown" "{＂delay＂:5000,＂author＂:＂Narchy＂,＂message＂:＂Server restarting (requested by Narchy).＂}"
[      script:monitor] Server shutdown imminent. Kicking all players.
[      script:vd_core] [INFO] Saved player "ROYAL- SuperB0yz"
[      script:vd_core] [INFO] Saved 2 players over 0.0 ms
[      script:vd_core] [INFO] Saved player "GHOxPREDATOR - Narchy"

================================================================
======== FXServer Starting - 5/9/2023, 7:09:41 PM               
================================================================
[                 cmd] Argument count mismatch (passed 5, wanted 2)
[    c-scripting-core] Creating script environments for _cfx_internal
[ citizen-server-impl] Scanning resources.
[ citizen-server-impl] Found 39 resources.
[ citizen-server-impl] Some resources have an outdated resource manifest:
[ citizen-server-impl]     - gif_logo-master
[ citizen-server-impl] 
[ citizen-server-impl] Please update these resources.
[          svadhesive] Authenticating server license key...
[          svadhesive] Server license key authentication succeeded. Welcome!
[ citizen-server-impl] Couldn't find resource sessionmanager.
[    c-scripting-core] Creating script environments for monitor
[      script:monitor] [txAdminClient] Version 4.17.1 starting...
[ citizen-server-impl] Started resource monitor
[                 cmd] Argument count mismatch (passed 5, wanted 2)
[    c-scripting-core] Creating script environments for ox_lib
[ citizen-server-impl] Started resource ox_lib
[    c-scripting-core] Creating script environments for yarn
[ citizen-server-impl] Started resource yarn
[    c-scripting-core] Creating script environments for EasyAdmin
[    script:EasyAdmin] 
[    script:EasyAdmin]  _______ _______ _______ __   __ _______ ______  _______ _____ __   _
[    script:EasyAdmin]  |______ |_____| |______   \_/   |_____| |     \ |  |  |   |   | \  |
[    script:EasyAdmin]  |______ |     | ______|    |    |     | |_____/ |  |  | __|__ |  \_|
[    script:EasyAdmin]                            Version 6.91
[ citizen-server-impl] Started resource EasyAdmin
[    c-scripting-core] Creating script environments for oxmysql
[ citizen-server-impl] Started resource oxmysql
[ citizen-server-impl] Started resource spawnmanager
[    c-scripting-core] Creating script environments for vd_core
[ citizen-server-impl] Started resource vd_core
[    c-scripting-core] Creating script environments for menu
[ citizen-server-impl] Started resource menu
[ citizen-server-impl] Started resource menuv
[    c-scripting-core] Creating script environments for vd-crew
[ citizen-server-impl] Started resource vd-crew
[ citizen-server-impl] Started resource vd_icon
[    c-scripting-core] Creating script environments for PolyZone
[ citizen-server-impl] Started resource PolyZone
[    c-scripting-core] Creating script environments for adminmenu
[ citizen-server-impl] Started resource adminmenu
[ citizen-server-impl] Started resource cmps
[    c-scripting-core] Creating script environments for connectqueue
[ script:connectqueue] QUEUE:  [connectqueue] Disabling hardcap 
[ citizen-server-impl] Started resource connectqueue
[    c-scripting-core] Creating script environments for coords
[ citizen-server-impl] Started resource coords
[ citizen-server-impl] Started resource gif_logo-master
[    c-scripting-core] Creating script environments for illenium-appearance
[ citizen-server-impl] Started resource illenium-appearance
[    c-scripting-core] Creating script environments for ox_target
[ citizen-server-impl] Started resource ox_target
[    c-scripting-core] Creating script environments for topkill
[ citizen-server-impl] Started resource topkill
[    c-scripting-core] Creating script environments for vd-alive
[ citizen-server-impl] Started resource vd-alive
[ citizen-server-impl] Started resource vd-assets
[ citizen-server-impl] Started resource vd-hud
[    c-scripting-core] Creating script environments for vd-inv
[ citizen-server-impl] Started resource vd-inv
[    c-scripting-core] Creating script environments for vd-kf
[ citizen-server-impl] Started resource vd-kf
[ citizen-server-impl] Started resource vd-ld
[ citizen-server-impl] Started resource vd-notif
[    c-scripting-core] Creating script environments for vd-radial
[ citizen-server-impl] Started resource vd-radial
[    c-scripting-core] Creating script environments for vd-rev
[ citizen-server-impl] Started resource vd-rev
[    c-scripting-core] Creating script environments for vd-walk
[ citizen-server-impl] Started resource vd-walk
[ citizen-server-impl] Started resource vd_crosshair
[    c-scripting-core] Creating script environments for vidigg
[ citizen-server-impl] Started resource vidigg
[    c-scripting-core] Creating script environments for zone
[ citizen-server-impl] Started resource zone
[    c-scripting-core] Creating script environments for pma-voice
[ citizen-server-impl] Started resource pma-voice
[ citizen-server-impl] Couldn't find resource sessionmanager.
[    c-scripting-core] Creating script environments for webpack
[ citizen-server-impl] Started resource webpack
[    c-scripting-core] Creating script environments for screenshot-basic
[ citizen-server-impl] Started resource screenshot-basic
[    c-scripting-core] Creating script environments for chat
[ citizen-server-impl] Started resource chat
[ citizen-server-impl] Couldn't find resource log.
(node:1663) ExperimentalWarning: stream/web is an experimental feature. This feature could change at any time
(Use `FXServer --trace-warnings ...` to show where the warning was created)
[      script:monitor] [txAdminClient] Threads and commands set up. All Ready.
[                 cmd] Access denied for command list_aces.
[      script:oxmysql] Database server connection established!
[      script:vd_core] [INFO] ESX Legacy 1.9.2 initialized!
[ citizen-server-impl]         fff                          
[ citizen-server-impl]   cccc ff   xx  xx     rr rr    eee  
[ citizen-server-impl] cc     ffff   xx       rrr  r ee   e 
[ citizen-server-impl] cc     ff     xx   ... rr     eeeee  
[ citizen-server-impl]  ccccc ff   xx  xx ... rr      eeeee 
[ citizen-server-impl]                                      
[ citizen-server-impl] Authenticated with cfx.re Nucleus: https://pauljoych-d5epmd.users.cfx.re/
[       script:ox_lib] An update is available for ox_lib (current version: 3.0.0)
[       script:ox_lib] https://github.com/overextended/ox_lib/releases/tag/v3.3.0
[      script:oxmysql] An update is available for oxmysql (current version: 2.5.4)
[      script:oxmysql] https://github.com/overextended/oxmysql/releases/tag/v2.6.0
[       script:ox_lib] An update is available for illenium-appearance (current version: 4.6.1)
[       script:ox_lib] https://github.com/iLLeniumStudios/illenium-appearance/releases/tag/v5.2.0
[ script:connectqueue] QUEUE: ROYAL- SuperB0yz[steam:11000014386afd0] was placed 1/1 in queue
[ script:connectqueue] QUEUE: ROYAL- SuperB0yz[steam:11000014386afd0] is loading into the server
[      script:vd_core] [INFO] Player "ROYAL- SuperB0yz" has connected to the server. ID: 1
[ script:connectqueue] QUEUE: GHOxPREDATOR - Narchy[steam:110000113950df1] was placed 1/1 in queue
[ script:connectqueue] QUEUE: GHOxPREDATOR - Narchy[steam:110000113950df1] is loading into the server
[      script:vd_core] [INFO] Player "GHOxPREDATOR - Narchy" has connected to the server. ID: 2
[      script:vd_core] [INFO] Saved 2 players over 0.0 ms
[      script:vd_core] [INFO] Saved 2 players over 0.0 ms
[      script:vd_core] [INFO] Saved player "ROYAL- SuperB0yz"
> txaEvent "serverShuttingDown" "{＂delay＂:5000,＂author＂:＂Narchy＂,＂message＂:＂Server restarting (requested by Narchy).＂}"
[      script:monitor] Server shutdown imminent. Kicking all players.
[      script:vd_core] [INFO] Saved 1 player over 0.0 ms
[      script:vd_core] [INFO] Saved player "GHOxPREDATOR - Narchy"

================================================================
======== FXServer Starting - 5/9/2023, 7:31:31 PM               
================================================================
[                 cmd] Argument count mismatch (passed 5, wanted 2)
[    c-scripting-core] Creating script environments for _cfx_internal
[ citizen-server-impl] Scanning resources.
[ citizen-server-impl] Found 39 resources.
[ citizen-server-impl] Some resources have an outdated resource manifest:
[ citizen-server-impl]     - gif_logo-master
[ citizen-server-impl] 
[ citizen-server-impl] Please update these resources.
[          svadhesive] Authenticating server license key...
[          svadhesive] Server license key authentication succeeded. Welcome!
[ citizen-server-impl] Couldn't find resource sessionmanager.
[    c-scripting-core] Creating script environments for monitor
[      script:monitor] [txAdminClient] Version 4.17.1 starting...
[ citizen-server-impl] Started resource monitor
[                 cmd] Argument count mismatch (passed 5, wanted 2)
[    c-scripting-core] Creating script environments for ox_lib
[ citizen-server-impl] Started resource ox_lib
[    c-scripting-core] Creating script environments for yarn
[ citizen-server-impl] Started resource yarn
[    c-scripting-core] Creating script environments for EasyAdmin
[    script:EasyAdmin] 
[    script:EasyAdmin]  _______ _______ _______ __   __ _______ ______  _______ _____ __   _
[    script:EasyAdmin]  |______ |_____| |______   \_/   |_____| |     \ |  |  |   |   | \  |
[    script:EasyAdmin]  |______ |     | ______|    |    |     | |_____/ |  |  | __|__ |  \_|
[    script:EasyAdmin]                            Version 6.91
[ citizen-server-impl] Started resource EasyAdmin
[    c-scripting-core] Creating script environments for oxmysql
[ citizen-server-impl] Started resource oxmysql
[ citizen-server-impl] Started resource spawnmanager
[    c-scripting-core] Creating script environments for vd_core
[ citizen-server-impl] Started resource vd_core
[    c-scripting-core] Creating script environments for menu
[ citizen-server-impl] Started resource menu
[ citizen-server-impl] Started resource menuv
[    c-scripting-core] Creating script environments for vd-crew
[ citizen-server-impl] Started resource vd-crew
[ citizen-server-impl] Started resource vd_icon
[    c-scripting-core] Creating script environments for PolyZone
[ citizen-server-impl] Started resource PolyZone
[    c-scripting-core] Creating script environments for adminmenu
[ citizen-server-impl] Started resource adminmenu
[ citizen-server-impl] Started resource cmps
[    c-scripting-core] Creating script environments for connectqueue
[ script:connectqueue] QUEUE:  [connectqueue] Disabling hardcap 
[ citizen-server-impl] Started resource connectqueue
[    c-scripting-core] Creating script environments for coords
[ citizen-server-impl] Started resource coords
[ citizen-server-impl] Started resource gif_logo-master
[    c-scripting-core] Creating script environments for illenium-appearance
[ citizen-server-impl] Started resource illenium-appearance
[    c-scripting-core] Creating script environments for ox_target
[ citizen-server-impl] Started resource ox_target
[    c-scripting-core] Creating script environments for topkill
[ citizen-server-impl] Started resource topkill
[    c-scripting-core] Creating script environments for vd-alive
[ citizen-server-impl] Started resource vd-alive
[ citizen-server-impl] Started resource vd-assets
[ citizen-server-impl] Started resource vd-hud
[    c-scripting-core] Creating script environments for vd-inv
[ citizen-server-impl] Started resource vd-inv
[    c-scripting-core] Creating script environments for vd-kf
[ citizen-server-impl] Started resource vd-kf
[ citizen-server-impl] Started resource vd-ld
[ citizen-server-impl] Started resource vd-notif
[    c-scripting-core] Creating script environments for vd-radial
[ citizen-server-impl] Started resource vd-radial
[    c-scripting-core] Creating script environments for vd-rev
[ citizen-server-impl] Started resource vd-rev
[    c-scripting-core] Creating script environments for vd-walk
[ citizen-server-impl] Started resource vd-walk
[ citizen-server-impl] Started resource vd_crosshair
[    c-scripting-core] Creating script environments for vidigg
[ citizen-server-impl] Started resource vidigg
[    c-scripting-core] Creating script environments for zone
[ citizen-server-impl] Started resource zone
[    c-scripting-core] Creating script environments for pma-voice
[ citizen-server-impl] Started resource pma-voice
[ citizen-server-impl] Couldn't find resource sessionmanager.
[    c-scripting-core] Creating script environments for webpack
[ citizen-server-impl] Started resource webpack
[    c-scripting-core] Creating script environments for screenshot-basic
[ citizen-server-impl] Started resource screenshot-basic
[    c-scripting-core] Creating script environments for chat
[ citizen-server-impl] Started resource chat
[ citizen-server-impl] Couldn't find resource log.
(node:1912) ExperimentalWarning: stream/web is an experimental feature. This feature could change at any time
(Use `FXServer --trace-warnings ...` to show where the warning was created)
[      script:monitor] [txAdminClient] Threads and commands set up. All Ready.
[                 cmd] Access denied for command list_aces.
[      script:oxmysql] Database server connection established!
[      script:vd_core] [INFO] ESX Legacy 1.9.2 initialized!
[       script:ox_lib] An update is available for ox_lib (current version: 3.0.0)
[       script:ox_lib] https://github.com/overextended/ox_lib/releases/tag/v3.3.0
[    script:EasyAdmin] 
[    script:EasyAdmin] --------------------------------------------------------------------------
[    script:EasyAdmin] 
[    script:EasyAdmin] EasyAdmin (EasyAdmin) is outdated.
[    script:EasyAdmin] Newest Version: 7.01
[    script:EasyAdmin] Your Version: 6.91
[    script:EasyAdmin] Please update it from https://github.com/Blumlaut/EasyAdmin/releases/tag/7.01
[    script:EasyAdmin] 
[    script:EasyAdmin] --------------------------------------------------------------------------
[      script:oxmysql] An update is available for oxmysql (current version: 2.5.4)
[      script:oxmysql] https://github.com/overextended/oxmysql/releases/tag/v2.6.0
[ citizen-server-impl]         fff                          
[ citizen-server-impl]   cccc ff   xx  xx     rr rr    eee  
[ citizen-server-impl] cc     ffff   xx       rrr  r ee   e 
[ citizen-server-impl] cc     ff     xx   ... rr     eeeee  
[ citizen-server-impl]  ccccc ff   xx  xx ... rr      eeeee 
[ citizen-server-impl]                                      
[ citizen-server-impl] Authenticated with cfx.re Nucleus: https://pauljoych-d5epmd.users.cfx.re/
[       script:ox_lib] An update is available for illenium-appearance (current version: 4.6.1)
[       script:ox_lib] https://github.com/iLLeniumStudios/illenium-appearance/releases/tag/v5.2.0
