
================================================================
======== Log Rotated - 4/16/2023, 12:00:00 AM                   
================================================================
[11:40:27 AM] [QNG34#3] GHOxPREDATOR - Narchy: joined with identifiers [steam:110000113950df1; license:b92bb04cff0ae78f14e7dde6f51e5793ffa2cfcd; discord:839488708917985330; fivem:382231; license2:d8ea53d889e29a3820cfc3c6f3914dfe37d7dfdb]
[11:54:33 AM] [QNG34#4] ROYAL- superB0yz: joined with identifiers [steam:11000014386afd0; license:f917eec7accdcbc6c78ac77f63fc19dc63ec8968; xbl:2535461584927721; live:844426135222472; discord:708571810765078569; license2:f917eec7accdcbc6c78ac77f63fc19dc63ec8968]
[11:55:08 AM] [QNG34#5] RoyaL-Ackaiii#MUKNET: joined with identifiers [steam:1100001462062ac; license:ef18433b27f5f0c3e232e10fd655bf5c7a017e91; discord:811521173753561088; license2:ef18433b27f5f0c3e232e10fd655bf5c7a017e91]
[11:55:32 AM] [QNG34#6] Royal-Jordan: joined with identifiers [steam:1100001487bfdfc; license:4f847ccf0b702c9c69fa55ac45c65cce9bce6df1; discord:436166467038347264; license2:33c7c3ba671d54f191dfa7b2aeb6f6471cb04291]
[11:55:56 AM] [QNG34#7] RoyaL - Ncaa.: joined with identifiers [steam:110000144e17d77; license:5cac138ec2b42163dcd45aaee90a9795b845558b; discord:980368383084224534; fivem:6547816; license2:5cac138ec2b42163dcd45aaee90a9795b845558b]
[11:56:03 AM] [QNG34#8] ING - dnarteB #ROYAL: joined with identifiers [steam:11000013441b8f1; license:b498e51ada223e8ade484bd11ddb86be6abdd786; discord:572459344344383508; license2:b498e51ada223e8ade484bd11ddb86be6abdd786]
[11:56:10 AM] [QNG34#4] ROYAL- superB0yz: died from suicide
[11:56:24 AM] [QNG34#9] RoyaL - K4LE : joined with identifiers [steam:11000010d5b13b9; license:da42e5c11686f714ca530257dd675ac7307a1466; discord:452676758420848690; license2:d5405c3b809dff0d425a944ee53299de3584a3fa]
[11:56:37 AM] [QNG34#8] ING - dnarteB #ROYAL: disconnected (Game crashed: Invalid pgRawStreamer call - !entryList.)
[11:57:01 AM] [QNG34#3] GHOxPREDATOR - Narchy: said "dah semua ?"
[11:57:09 AM] [QNG34#4] ROYAL- superB0yz: said "udah bg"
[11:57:10 AM] [QNG34#9] RoyaL - K4LE : said "/propfix"
[11:57:10 AM] [QNG34#9] RoyaL - K4LE : said "/propstuck"
[11:57:17 AM] [QNG34#3] GHOxPREDATOR - Narchy: said "turun d redzone ya"
[11:57:33 AM] [QNG34#7] RoyaL - Ncaa.: said "ulang"
[11:57:39 AM] [QNG34#10] ING - dnarteB #ROYAL: joined with identifiers [steam:11000013441b8f1; license:b498e51ada223e8ade484bd11ddb86be6abdd786; discord:572459344344383508; license2:b498e51ada223e8ade484bd11ddb86be6abdd786]
[11:58:23 AM] [QNG34#9] RoyaL - K4LE : said "/propfix"
[11:58:24 AM] [QNG34#9] RoyaL - K4LE : said "/propfix"
[11:58:30 AM] [QNG34#4] ROYAL- superB0yz: died from suicide (Falling)
[11:58:38 AM] [QNG34#7] RoyaL - Ncaa.: died from suicide
[11:58:39 AM] [QNG34#7] RoyaL - Ncaa.: said "/e rabbit"
[11:58:41 AM] [QNG34#7] RoyaL - Ncaa.: said "/e rabbit"
[11:58:43 AM] [QNG34#7] RoyaL - Ncaa.: said "/e rabbit"
[11:58:43 AM] [QNG34#5] RoyaL-Ackaiii#MUKNET: died from Revolver Mk2 by Royal-Jordan
[11:58:45 AM] [QNG34#7] RoyaL - Ncaa.: said "/e rabbit"
[11:58:46 AM] [QNG34#3] GHOxPREDATOR - Narchy: said "coba yg mati tungguin sampe dc"
[11:58:47 AM] [QNG34#3] GHOxPREDATOR - Narchy: died from Revolver Mk2 by Royal-Jordan
[11:58:52 AM] [QNG34#7] RoyaL - Ncaa.: said "/e rabbit"
[11:58:53 AM] [QNG34#7] RoyaL - Ncaa.: said "/e rabbit"
[11:58:53 AM] [QNG34#7] RoyaL - Ncaa.: said "/e rabbit"
[11:58:53 AM] [QNG34#7] RoyaL - Ncaa.: said "/e rabbit"
[11:58:53 AM] [QNG34#7] RoyaL - Ncaa.: said "/e rabbit"
[11:58:53 AM] [QNG34#7] RoyaL - Ncaa.: said "/e rabbit"
[11:58:56 AM] [QNG34#7] RoyaL - Ncaa.: said "/e rabbit"
[11:58:58 AM] [QNG34#3] GHOxPREDATOR - Narchy: said "/heal me"
[11:59:01 AM] [QNG34#7] RoyaL - Ncaa.: said "/e rabbit"
[11:59:01 AM] [QNG34#3] GHOxPREDATOR - Narchy: said "/heal"
[11:59:08 AM] [QNG34#6] Royal-Jordan: died from Revolver Mk2 by RoyaL - K4LE 
[11:59:08 AM] [QNG34#7] RoyaL - Ncaa.: said "/e rabbit"
[11:59:10 AM] [QNG34#7] RoyaL - Ncaa.: said "/e rabbit"
[11:59:12 AM] [QNG34#5] RoyaL-Ackaiii#MUKNET: died from Revolver Mk2 by RoyaL - K4LE 
[11:59:14 AM] [QNG34#7] RoyaL - Ncaa.: said "/e rabbit"
[11:59:15 AM] [QNG34#7] RoyaL - Ncaa.: said "/e rabbit"
[11:59:16 AM] [QNG34#7] RoyaL - Ncaa.: said "/e rabbit"
[11:59:18 AM] [QNG34#7] RoyaL - Ncaa.: said "/e rabbit"
[11:59:20 AM] [QNG34#7] RoyaL - Ncaa.: said "/e rabbit"
[11:59:21 AM] [QNG34#7] RoyaL - Ncaa.: said "/e rabbit"
[11:59:21 AM] [QNG34#4] ROYAL- superB0yz: died from Revolver Mk2 by RoyaL - K4LE 
[11:59:23 AM] [QNG34#7] RoyaL - Ncaa.: said "/e rabbit"
[11:59:24 AM] [QNG34#7] RoyaL - Ncaa.: said "/e rabbit"
[11:59:26 AM] [QNG34#7] RoyaL - Ncaa.: said "/e rabbit"
[11:59:44 AM] [QNG34#9] RoyaL - K4LE : said "/e cop"
[11:59:48 AM] [QNG34#9] RoyaL - K4LE : said "/e cop"
[11:59:48 AM] [QNG34#9] RoyaL - K4LE : said "/e cop"
[12:00:04 PM] [QNG34#6] Royal-Jordan: disconnected (Exiting)
[12:00:14 PM] [QNG34#10] ING - dnarteB #ROYAL: died from Pistol .50 by ROYAL- superB0yz
[12:00:26 PM] [QNG34#9] RoyaL - K4LE : said "/propfix"
[12:00:26 PM] [QNG34#9] RoyaL - K4LE : said "/propfix"
[12:00:36 PM] [QNG34#11] Royal-Jordan: joined with identifiers [steam:1100001487bfdfc; license:4f847ccf0b702c9c69fa55ac45c65cce9bce6df1; discord:436166467038347264; license2:33c7c3ba671d54f191dfa7b2aeb6f6471cb04291]
[12:00:48 PM] [QNG34#10] ING - dnarteB #ROYAL: died from Revolver Mk2 by ROYAL- superB0yz
[12:01:03 PM] [QNG34#7] RoyaL - Ncaa.: said "/e rabbit"
[12:01:04 PM] [QNG34#7] RoyaL - Ncaa.: said "/e rabbit"
[12:01:04 PM] [QNG34#7] RoyaL - Ncaa.: said "/e rabbit"
[12:01:14 PM] [QNG34#7] RoyaL - Ncaa.: said "/e rabbit"
[12:01:40 PM] [QNG34#9] RoyaL - K4LE : died from Pistol .50 by ROYAL- superB0yz
[12:01:44 PM] [QNG34#12] Sloouxy: joined with identifiers [steam:110000141340320; license:dab32d75f5e834f98a613368a6fa204cbd6aaaf0; live:1055519719247392; discord:400493129167536141; fivem:1226528; license2:dab32d75f5e834f98a613368a6fa204cbd6aaaf0]
[12:01:47 PM] [QNG34#7] RoyaL - Ncaa.: said "/e rabbit"
[12:01:48 PM] [QNG34#7] RoyaL - Ncaa.: said "/e rabbit"
[12:01:48 PM] [QNG34#7] RoyaL - Ncaa.: said "/e rabbit"
[12:01:48 PM] [QNG34#7] RoyaL - Ncaa.: said "/e rabbit"
[12:01:48 PM] [QNG34#7] RoyaL - Ncaa.: said "/e rabbit"
[12:01:49 PM] [QNG34#7] RoyaL - Ncaa.: said "/e rabbit"
[12:01:49 PM] [QNG34#7] RoyaL - Ncaa.: said "/e rabbit"
[12:01:49 PM] [QNG34#7] RoyaL - Ncaa.: said "/e rabbit"
[12:01:49 PM] [QNG34#7] RoyaL - Ncaa.: said "/e rabbit"
[12:01:50 PM] [QNG34#7] RoyaL - Ncaa.: said "/e rabbit"
[12:01:50 PM] [QNG34#7] RoyaL - Ncaa.: said "/e rabbit"
[12:01:52 PM] [QNG34#7] RoyaL - Ncaa.: said "/e rabbit"
[12:01:52 PM] [QNG34#7] RoyaL - Ncaa.: said "/e rabbit"
[12:01:53 PM] [QNG34#7] RoyaL - Ncaa.: said "/e rabbit"
[12:01:58 PM] [QNG34#7] RoyaL - Ncaa.: said "/e rabbit"
[12:01:59 PM] [QNG34#7] RoyaL - Ncaa.: said "/e rabbit"
[12:02:01 PM] [QNG34#10] ING - dnarteB #ROYAL: died from suicide
[12:02:02 PM] [QNG34#7] RoyaL - Ncaa.: said "/e rabbit"
[12:02:07 PM] [QNG34#9] RoyaL - K4LE : died from Revolver Mk2 by ROYAL- superB0yz
[12:02:08 PM] [QNG34#7] RoyaL - Ncaa.: said "/e twerk"
[12:02:10 PM] [QNG34#7] RoyaL - Ncaa.: said "/e twerk"
[12:02:15 PM] [QNG34#7] RoyaL - Ncaa.: said "/e twerk"
[12:02:16 PM] [QNG34#7] RoyaL - Ncaa.: said "/e twerk"
[12:02:17 PM] [QNG34#7] RoyaL - Ncaa.: said "/e twerk"
[12:02:18 PM] [QNG34#7] RoyaL - Ncaa.: said "/e twerk"
[12:02:19 PM] [QNG34#7] RoyaL - Ncaa.: said "/e twerk"
[12:02:20 PM] [QNG34#7] RoyaL - Ncaa.: said "/e twerk"
[12:02:20 PM] [QNG34#11] Royal-Jordan: said "/iya bisa sih kalau yg keluar kota ngurangin alivenya "
[12:02:26 PM] [QNG34#3] GHOxPREDATOR - Narchy: said "/ooc ngurang kan?"
[12:02:26 PM] [QNG34#11] Royal-Jordan: said "/ooc iya bisa sih kalau yg keluar kota ngurangin alivenya "
[12:02:27 PM] [QNG34#7] RoyaL - Ncaa.: said "/e twerk"
[12:02:28 PM] [QNG34#7] RoyaL - Ncaa.: said "/e twerk"
[12:02:29 PM] [QNG34#3] GHOxPREDATOR - Narchy: said "ngurang kan ?"
[12:02:33 PM] [QNG34#4] ROYAL- superB0yz: said "iya"
[12:02:35 PM] [QNG34#4] ROYAL- superB0yz: said "ngurang"
[12:02:39 PM] [QNG34#11] Royal-Jordan: said "ngurang kalau keluar kota"
[12:02:49 PM] [QNG34#3] GHOxPREDATOR - Narchy: said "memang gitu jor"
[12:03:18 PM] [QNG34#3] GHOxPREDATOR - Narchy: died from suicide
[12:03:43 PM] [QNG34#3] GHOxPREDATOR - Narchy: died from suicide (Explosion)
[12:03:43 PM] [QNG34#7] RoyaL - Ncaa.: died from suicide
[12:03:44 PM] [QNG34#7] RoyaL - Ncaa.: said "/e rabbit"
[12:03:45 PM] [QNG34#7] RoyaL - Ncaa.: said "/e rabbit"
[12:03:47 PM] [QNG34#7] RoyaL - Ncaa.: said "/e rabbit"
[12:03:48 PM] [QNG34#11] Royal-Jordan: said "ok"
[12:03:48 PM] [QNG34#3] GHOxPREDATOR - Narchy: died from suicide (Explosion)
[12:03:57 PM] [QNG34#7] RoyaL - Ncaa.: said "/e rabbit"
[12:03:59 PM] [QNG34#7] RoyaL - Ncaa.: said "/e rabbit"
[12:03:59 PM] [QNG34#7] RoyaL - Ncaa.: said "/e rabbit"
[12:04:01 PM] [QNG34#7] RoyaL - Ncaa.: said "/e rabbit"
[12:04:02 PM] [QNG34#7] RoyaL - Ncaa.: said "/e rabbit"
[12:04:02 PM] [QNG34#7] RoyaL - Ncaa.: said "/e rabbit"
[12:04:03 PM] [QNG34#7] RoyaL - Ncaa.: said "/e rabbit"
[12:04:04 PM] [QNG34#7] RoyaL - Ncaa.: said "/e rabbit"
[12:04:05 PM] [QNG34#7] RoyaL - Ncaa.: said "/e rabbit"
[12:04:07 PM] [QNG34#7] RoyaL - Ncaa.: said "/e rabbit"
[12:04:16 PM] [QNG34#5] RoyaL-Ackaiii#MUKNET: disconnected (KEHABISAN WAKTU REVIVE)
[12:04:16 PM] [QNG34#7] RoyaL - Ncaa.: died from Pistol .50 by GHOxPREDATOR - Narchy
[12:04:30 PM] [QNG34#3] GHOxPREDATOR - Narchy: died from Pistol .50 by Sloouxy
[12:04:31 PM] [QNG34#11] Royal-Jordan: said "/pingsan masih bisa looting di samping mayat "
[12:04:53 PM] [QNG34#7] RoyaL - Ncaa.: died from Pistol .50 by GHOxPREDATOR - Narchy
[12:04:56 PM] [QNG34#7] RoyaL - Ncaa.: said "/e rabbit"
[12:04:56 PM] [QNG34#7] RoyaL - Ncaa.: said "/e rabbit"
[12:04:57 PM] [QNG34#7] RoyaL - Ncaa.: said "/e rabbit"
[12:04:57 PM] [QNG34#7] RoyaL - Ncaa.: said "/e rabbit"
[12:04:57 PM] [QNG34#7] RoyaL - Ncaa.: said "/e rabbit"
[12:04:57 PM] [QNG34#7] RoyaL - Ncaa.: said "/e rabbit"
[12:04:58 PM] [QNG34#7] RoyaL - Ncaa.: said "/e rabbit"
[12:04:58 PM] [QNG34#7] RoyaL - Ncaa.: said "/e rabbit"
[12:05:01 PM] [QNG34#7] RoyaL - Ncaa.: said "/e rabbit"
[12:05:14 PM] [QNG34#4] ROYAL- superB0yz: said "/kil 9"
[12:05:17 PM] [QNG34#9] RoyaL - K4LE : died from suicide
[12:05:26 PM] [QNG34#13] RoyaL-Ackaiii#MUKNET: joined with identifiers [steam:1100001462062ac; license:ef18433b27f5f0c3e232e10fd655bf5c7a017e91; discord:811521173753561088; license2:ef18433b27f5f0c3e232e10fd655bf5c7a017e91]
[12:05:49 PM] [QNG34#4] ROYAL- superB0yz: said "/spwn bf400"
[12:05:53 PM] [QNG34#11] Royal-Jordan: died from Pistol .50 by RoyaL - Ncaa.
[12:06:20 PM] [QNG34#12] Sloouxy: died from Pistol .50 by GHOxPREDATOR - Narchy
[12:06:47 PM] [QNG34#3] GHOxPREDATOR - Narchy: died from Revolver Mk2 by Sloouxy
[12:06:50 PM] [QNG34#9] RoyaL - K4LE : died from suicide
[12:06:57 PM] [QNG34#3] GHOxPREDATOR - Narchy: died from suicide
[12:07:07 PM] [QNG34#9] RoyaL - K4LE : said "/propfix"
[12:07:34 PM] [QNG34#10] ING - dnarteB #ROYAL: died from suicide (Explosion)
[12:07:36 PM] [QNG34#3] GHOxPREDATOR - Narchy: died from Revolver Mk2 by Sloouxy
[12:07:51 PM] [QNG34#13] RoyaL-Ackaiii#MUKNET: died from Pistol .50 by ROYAL- superB0yz
[12:07:52 PM] [QNG34#12] Sloouxy: died from Pistol .50 by GHOxPREDATOR - Narchy
[12:08:19 PM] [QNG34#13] RoyaL-Ackaiii#MUKNET: died from Revolver Mk2 by ROYAL- superB0yz
[12:08:34 PM] [QNG34#4] ROYAL- superB0yz: died from Pistol .50 by RoyaL-Ackaiii#MUKNET
[12:08:53 PM] [QNG34#4] ROYAL- superB0yz: died from Pistol .50 by RoyaL-Ackaiii#MUKNET
[12:09:01 PM] [QNG34#13] RoyaL-Ackaiii#MUKNET: died from Pistol .50 by ROYAL- superB0yz
[12:09:04 PM] [QNG34#12] Sloouxy: died from Pistol .50 by GHOxPREDATOR - Narchy
[12:09:25 PM] [QNG34#12] Sloouxy: died from Pistol .50 by GHOxPREDATOR - Narchy
[12:09:28 PM] [QNG34#4] ROYAL- superB0yz: died from Revolver Mk2 by Royal-Jordan
[12:09:37 PM] [QNG34#11] Royal-Jordan: died from Revolver Mk2 by RoyaL-Ackaiii#MUKNET
[12:09:39 PM] [QNG34#13] RoyaL-Ackaiii#MUKNET: died from Revolver Mk2 by ROYAL- superB0yz
[12:09:54 PM] [QNG34#11] Royal-Jordan: said "/reviveme"
[12:10:16 PM] [QNG34#9] RoyaL - K4LE : said "/propfix"
[12:10:16 PM] [QNG34#9] RoyaL - K4LE : said "/propstuck"
[12:10:17 PM] [QNG34#9] RoyaL - K4LE : said "/propfix"
[12:10:17 PM] [QNG34#9] RoyaL - K4LE : said "/propstuck"
[12:10:17 PM] [QNG34#9] RoyaL - K4LE : said "/propfix"
[12:10:17 PM] [QNG34#9] RoyaL - K4LE : said "/propstuck"
[12:10:18 PM] [QNG34#9] RoyaL - K4LE : said "/propfix"
[12:10:18 PM] [QNG34#9] RoyaL - K4LE : said "/propstuck"
[12:10:19 PM] [QNG34#13] RoyaL-Ackaiii#MUKNET: caused an explosion (GRENADE)
[12:10:23 PM] [QNG34#13] RoyaL-Ackaiii#MUKNET: caused an explosion (GRENADE)
[12:10:25 PM] [QNG34#11] Royal-Jordan: died from Revolver Mk2 by ROYAL- superB0yz
[12:10:33 PM] [QNG34#4] ROYAL- superB0yz: died from Double Action Revolver by RoyaL-Ackaiii#MUKNET
[12:10:37 PM] [QNG34#9] RoyaL - K4LE : said "/propfix"
[12:10:37 PM] [QNG34#9] RoyaL - K4LE : said "/propstuck"
[12:10:52 PM] [QNG34#4] ROYAL- superB0yz: died from Double Action Revolver by RoyaL-Ackaiii#MUKNET
[12:10:57 PM] [QNG34#13] RoyaL-Ackaiii#MUKNET: died from Revolver Mk2 by Royal-Jordan
[12:10:58 PM] [QNG34#3] GHOxPREDATOR - Narchy: died from Pistol .50 by Sloouxy
[12:11:01 PM] [QNG34#3] GHOxPREDATOR - Narchy: said "/b"
[12:11:11 PM] [QNG34#3] GHOxPREDATOR - Narchy: said "/ball"
[12:11:13 PM] [QNG34#4] ROYAL- superB0yz: died from Revolver Mk2 by Royal-Jordan
[12:11:24 PM] [QNG34#7] RoyaL - Ncaa.: died from Pistol .50 by ROYAL- superB0yz
[12:11:25 PM] [QNG34#7] RoyaL - Ncaa.: said "/e rabbit"
[12:11:31 PM] [QNG34#7] RoyaL - Ncaa.: said "/e rabbit"
[12:11:32 PM] [QNG34#7] RoyaL - Ncaa.: said "/e rabbit"
[12:11:32 PM] [QNG34#11] Royal-Jordan: died from Molotov by RoyaL-Ackaiii#MUKNET
[12:11:39 PM] [QNG34#7] RoyaL - Ncaa.: said "/e rabbit"
[12:11:39 PM] [QNG34#7] RoyaL - Ncaa.: said "/e rabbit"
[12:11:39 PM] [QNG34#3] GHOxPREDATOR - Narchy: said "/heal me"
[12:11:39 PM] [QNG34#7] RoyaL - Ncaa.: said "/e rabbit"
[12:11:40 PM] [QNG34#7] RoyaL - Ncaa.: said "/e rabbit"
[12:11:55 PM] [QNG34#3] GHOxPREDATOR - Narchy: caused an explosion (GRENADE)
[12:11:58 PM] [QNG34#4] ROYAL- superB0yz: said "/heal 4"
[12:12:08 PM] [QNG34#7] RoyaL - Ncaa.: died from Double Action Revolver by RoyaL-Ackaiii#MUKNET
[12:12:09 PM] [QNG34#3] GHOxPREDATOR - Narchy: caused an explosion (GRENADE)
[12:12:09 PM] [QNG34#7] RoyaL - Ncaa.: said "/e rabbit"
[12:12:09 PM] [QNG34#4] ROYAL- superB0yz: died from Grenade by GHOxPREDATOR - Narchy
[12:12:12 PM] [QNG34#3] GHOxPREDATOR - Narchy: caused an explosion (GRENADE)
[12:12:14 PM] [QNG34#3] GHOxPREDATOR - Narchy: caused an explosion (GRENADE)
[12:12:59 PM] [QNG34#10] ING - dnarteB #ROYAL: died from Pistol .50 by Sloouxy
[12:13:04 PM] [QNG34#7] RoyaL - Ncaa.: said "/e rabbit"
[12:13:05 PM] [QNG34#7] RoyaL - Ncaa.: said "/e rabbit"
[12:13:06 PM] [QNG34#7] RoyaL - Ncaa.: said "/e rabbit"
[12:13:06 PM] [QNG34#7] RoyaL - Ncaa.: said "/e rabbit"
[12:13:06 PM] [QNG34#7] RoyaL - Ncaa.: said "/e rabbit"
[12:13:07 PM] [QNG34#7] RoyaL - Ncaa.: said "/e rabbit"
[12:13:09 PM] [QNG34#7] RoyaL - Ncaa.: said "/e rabbit"
[12:13:09 PM] [QNG34#7] RoyaL - Ncaa.: said "/e rabbit"
[12:13:10 PM] [QNG34#7] RoyaL - Ncaa.: said "/e rabbit"
[12:13:10 PM] [QNG34#7] RoyaL - Ncaa.: said "/e rabbit"
[12:13:10 PM] [QNG34#7] RoyaL - Ncaa.: said "/e rabbit"
[12:13:10 PM] [QNG34#7] RoyaL - Ncaa.: said "/e rabbit"
[12:13:11 PM] [QNG34#7] RoyaL - Ncaa.: said "/e rabbit"
[12:13:11 PM] [QNG34#7] RoyaL - Ncaa.: said "/e rabbit"
[12:13:11 PM] [QNG34#7] RoyaL - Ncaa.: said "/e rabbit"
[12:13:41 PM] [QNG34#9] RoyaL - K4LE : died from Revolver Mk2 by RoyaL - Ncaa.
[12:14:09 PM] [QNG34#4] ROYAL- superB0yz: died from Double Action Revolver by RoyaL-Ackaiii#MUKNET
[12:14:20 PM] [QNG34#13] RoyaL-Ackaiii#MUKNET: died from Revolver Mk2 by Royal-Jordan
[12:14:36 PM] [QNG34#11] Royal-Jordan: died from Double Action Revolver by RoyaL - K4LE 
[12:14:40 PM] [QNG34#13] RoyaL-Ackaiii#MUKNET: said "/reviveme"
[12:14:56 PM] [QNG34#7] RoyaL - Ncaa.: died from Double Action Revolver by RoyaL - K4LE 
[12:14:57 PM] [QNG34#7] RoyaL - Ncaa.: said "/e rabbit"
[12:14:59 PM] [QNG34#7] RoyaL - Ncaa.: said "/e rabbit"
[12:15:03 PM] [QNG34#7] RoyaL - Ncaa.: said "/e rabbit"
[12:15:09 PM] [QNG34#7] RoyaL - Ncaa.: said "/e rabbit"
[12:15:31 PM] [QNG34#12] Sloouxy: died from Double Action Revolver by RoyaL - K4LE 
[12:16:03 PM] [QNG34#9] RoyaL - K4LE : disconnected (Exiting)
[12:16:21 PM] [QNG34#13] RoyaL-Ackaiii#MUKNET: died from Pistol .50 by Royal-Jordan
[12:16:59 PM] [QNG34#12] Sloouxy: spawned a vehicle (model: jet)
[12:17:23 PM] [QNG34#12] Sloouxy: cleared an area with 11m radius
[12:17:25 PM] [QNG34#12] Sloouxy: cleared an area with 111m radius
[12:17:29 PM] [QNG34#12] Sloouxy: cleared an area with 111m radius
[12:17:35 PM] [QNG34#11] Royal-Jordan: said "/spawn kuruma"
[12:18:01 PM] [QNG34#12] Sloouxy: teleported to a waypoint
[12:18:03 PM] [QNG34#10] ING - dnarteB #ROYAL: disconnected (KEHABISAN WAKTU REVIVE)
[12:18:35 PM] [QNG34#12] Sloouxy: spawned a vehicle (model: strikeforce)
[12:18:56 PM] [QNG34#3] GHOxPREDATOR - Narchy: died from Revolver Mk2 by RoyaL - Ncaa.
[12:19:37 PM] [QNG34#13] RoyaL-Ackaiii#MUKNET: said "/spawn"
[12:19:40 PM] [QNG34#12] Sloouxy: caused an explosion (ROGUE_CANNON)
[12:19:40 PM] [QNG34#7] RoyaL - Ncaa.: caused an explosion (PLANE)
[12:19:40 PM] [QNG34#7] RoyaL - Ncaa.: caused an explosion (PLANE)
[12:19:40 PM] [QNG34#7] RoyaL - Ncaa.: caused an explosion (PLANE)
[12:19:40 PM] [QNG34#7] RoyaL - Ncaa.: caused an explosion (PLANE)
[12:19:40 PM] [QNG34#7] RoyaL - Ncaa.: caused an explosion (PLANE)
[12:19:40 PM] [QNG34#7] RoyaL - Ncaa.: caused an explosion (PLANE)
[12:19:40 PM] [QNG34#12] Sloouxy: caused an explosion (ROGUE_CANNON)
[12:19:41 PM] [QNG34#12] Sloouxy: caused an explosion (ROGUE_CANNON)
[12:19:41 PM] [QNG34#7] RoyaL - Ncaa.: died from suicide
[12:19:41 PM] [QNG34#12] Sloouxy: caused an explosion (ROGUE_CANNON)
[12:19:41 PM] [QNG34#12] Sloouxy: caused an explosion (ROGUE_CANNON)
[12:19:41 PM] [QNG34#11] Royal-Jordan: died from Explosion by Sloouxy
[12:19:41 PM] [QNG34#12] Sloouxy: caused an explosion (ROGUE_CANNON)
[12:19:41 PM] [QNG34#12] Sloouxy: caused an explosion (ROGUE_CANNON)
[12:19:41 PM] [QNG34#12] Sloouxy: caused an explosion (ROGUE_CANNON)
[12:19:41 PM] [QNG34#12] Sloouxy: caused an explosion (ROGUE_CANNON)
[12:19:41 PM] [QNG34#7] RoyaL - Ncaa.: said "/e rabbit"
[12:19:41 PM] [QNG34#12] Sloouxy: caused an explosion (ROGUE_CANNON)
[12:19:41 PM] [QNG34#12] Sloouxy: caused an explosion (ROGUE_CANNON)
[12:19:42 PM] [QNG34#12] Sloouxy: caused an explosion (ROGUE_CANNON)
[12:19:42 PM] [QNG34#12] Sloouxy: caused an explosion (ROGUE_CANNON)
[12:19:42 PM] [QNG34#7] RoyaL - Ncaa.: said "/e rabbit"
[12:19:43 PM] [QNG34#7] RoyaL - Ncaa.: said "/e rabbit"
[12:19:43 PM] [QNG34#7] RoyaL - Ncaa.: said "/e rabbit"
[12:19:44 PM] [QNG34#7] RoyaL - Ncaa.: said "/e rabbit"
[12:19:45 PM] [QNG34#7] RoyaL - Ncaa.: said "/e rabbit"
[12:19:45 PM] [QNG34#7] RoyaL - Ncaa.: said "/e rabbit"
[12:19:45 PM] [QNG34#7] RoyaL - Ncaa.: said "/e rabbit"
[12:19:45 PM] [QNG34#13] RoyaL-Ackaiii#MUKNET: died from Fist by RoyaL - Ncaa.
[12:19:46 PM] [QNG34#7] RoyaL - Ncaa.: said "/e rabbit"
[12:19:47 PM] [QNG34#7] RoyaL - Ncaa.: said "/e rabbit"
[12:19:48 PM] [QNG34#7] RoyaL - Ncaa.: said "/e rabbit"
[12:19:49 PM] [QNG34#7] RoyaL - Ncaa.: said "/e rabbit"
[12:19:49 PM] [QNG34#7] RoyaL - Ncaa.: said "/e rabbit"
[12:19:51 PM] [QNG34#7] RoyaL - Ncaa.: said "/e rabbit"
[12:19:52 PM] [QNG34#11] Royal-Jordan: said "/reviveall"
[12:19:52 PM] [QNG34#7] RoyaL - Ncaa.: said "/e rabbit"
[12:19:56 PM] [QNG34#11] Royal-Jordan: said "/reviveme"
[12:19:56 PM] [QNG34#7] RoyaL - Ncaa.: said "/e rabbit"
[12:19:56 PM] [QNG34#12] Sloouxy: caused an explosion (ROGUE_CANNON)
[12:19:56 PM] [QNG34#12] Sloouxy: caused an explosion (ROGUE_CANNON)
[12:19:56 PM] [QNG34#7] RoyaL - Ncaa.: said "/e rabbit"
[12:19:56 PM] [QNG34#12] Sloouxy: caused an explosion (ROGUE_CANNON)
[12:19:57 PM] [QNG34#12] Sloouxy: caused an explosion (ROGUE_CANNON)
[12:19:57 PM] [QNG34#7] RoyaL - Ncaa.: said "/e rabbit"
[12:19:57 PM] [QNG34#12] Sloouxy: caused an explosion (ROGUE_CANNON)
[12:19:57 PM] [QNG34#12] Sloouxy: caused an explosion (ROGUE_CANNON)
[12:19:57 PM] [QNG34#7] RoyaL - Ncaa.: said "/e rabbit"
[12:19:57 PM] [QNG34#12] Sloouxy: caused an explosion (ROGUE_CANNON)
[12:19:57 PM] [QNG34#12] Sloouxy: caused an explosion (ROGUE_CANNON)
[12:19:57 PM] [QNG34#7] RoyaL - Ncaa.: said "/e rabbit"
[12:19:57 PM] [QNG34#12] Sloouxy: caused an explosion (ROGUE_CANNON)
[12:19:57 PM] [QNG34#12] Sloouxy: caused an explosion (ROGUE_CANNON)
[12:19:57 PM] [QNG34#7] RoyaL - Ncaa.: said "/e rabbit"
[12:19:57 PM] [QNG34#12] Sloouxy: caused an explosion (ROGUE_CANNON)
[12:19:58 PM] [QNG34#12] Sloouxy: caused an explosion (ROGUE_CANNON)
[12:19:58 PM] [QNG34#7] RoyaL - Ncaa.: said "/e rabbit"
[12:19:58 PM] [QNG34#7] RoyaL - Ncaa.: said "/e rabbit"
[12:19:58 PM] [QNG34#7] RoyaL - Ncaa.: said "/e rabbit"
[12:19:58 PM] [QNG34#7] RoyaL - Ncaa.: said "/e rabbit"
[12:19:59 PM] [QNG34#7] RoyaL - Ncaa.: said "/e rabbit"
[12:19:59 PM] [QNG34#7] RoyaL - Ncaa.: said "/e rabbit"
[12:19:59 PM] [QNG34#7] RoyaL - Ncaa.: said "/e rabbit"
[12:19:59 PM] [QNG34#7] RoyaL - Ncaa.: said "/e rabbit"
[12:19:59 PM] [QNG34#7] RoyaL - Ncaa.: said "/e rabbit"
[12:20:00 PM] [QNG34#7] RoyaL - Ncaa.: said "/e rabbit"
[12:20:00 PM] [QNG34#7] RoyaL - Ncaa.: said "/e rabbit"
[12:20:00 PM] [QNG34#7] RoyaL - Ncaa.: said "/e rabbit"
[12:20:00 PM] [QNG34#7] RoyaL - Ncaa.: said "/e rabbit"
[12:20:17 PM] [QNG34#12] Sloouxy: caused an explosion (ROGUE_CANNON)
[12:20:23 PM] [QNG34#7] RoyaL - Ncaa.: said "/e rabbit"
[12:20:25 PM] [QNG34#7] RoyaL - Ncaa.: said "/e rabbit"
[12:20:28 PM] [QNG34#12] Sloouxy: caused an explosion (ROGUE_CANNON)
[12:20:28 PM] [QNG34#12] Sloouxy: caused an explosion (ROGUE_CANNON)
[12:20:28 PM] [QNG34#12] Sloouxy: caused an explosion (ROGUE_CANNON)
[12:20:28 PM] [QNG34#12] Sloouxy: caused an explosion (ROGUE_CANNON)
[12:20:28 PM] [QNG34#12] Sloouxy: caused an explosion (ROGUE_CANNON)
[12:20:28 PM] [QNG34#12] Sloouxy: caused an explosion (ROGUE_CANNON)
[12:20:28 PM] [QNG34#12] Sloouxy: caused an explosion (ROGUE_CANNON)
[12:20:28 PM] [QNG34#12] Sloouxy: caused an explosion (ROGUE_CANNON)
[12:20:29 PM] [QNG34#12] Sloouxy: caused an explosion (ROGUE_CANNON)
[12:20:30 PM] [QNG34#7] RoyaL - Ncaa.: said "/e rabbit"
[12:20:31 PM] [QNG34#7] RoyaL - Ncaa.: said "/e rabbit"
[12:20:31 PM] [QNG34#7] RoyaL - Ncaa.: said "/e rabbit"
[12:20:31 PM] [QNG34#7] RoyaL - Ncaa.: said "/e rabbit"
[12:20:31 PM] [QNG34#7] RoyaL - Ncaa.: said "/e rabbit"
[12:20:32 PM] [QNG34#7] RoyaL - Ncaa.: said "/e rabbit"
[12:20:32 PM] [QNG34#7] RoyaL - Ncaa.: said "/e rabbit"
[12:20:32 PM] [QNG34#7] RoyaL - Ncaa.: said "/e rabbit"
[12:20:32 PM] [QNG34#7] RoyaL - Ncaa.: said "/e rabbit"
[12:20:32 PM] [QNG34#7] RoyaL - Ncaa.: said "/e rabbit"
[12:20:33 PM] [QNG34#7] RoyaL - Ncaa.: said "/e rabbit"
[12:20:33 PM] [QNG34#7] RoyaL - Ncaa.: said "/e rabbit"
[12:20:33 PM] [QNG34#7] RoyaL - Ncaa.: said "/e rabbit"
[12:20:34 PM] [QNG34#7] RoyaL - Ncaa.: said "/e rabbit"
[12:20:34 PM] [QNG34#7] RoyaL - Ncaa.: said "/e rabbit"
[12:20:34 PM] [QNG34#7] RoyaL - Ncaa.: said "/e rabbit"
[12:20:34 PM] [QNG34#7] RoyaL - Ncaa.: said "/e rabbit"
[12:20:35 PM] [QNG34#7] RoyaL - Ncaa.: said "/e rabbit"
[12:20:35 PM] [QNG34#7] RoyaL - Ncaa.: said "/e rabbit"
[12:20:35 PM] [QNG34#7] RoyaL - Ncaa.: said "/e rabbit"
[12:20:35 PM] [QNG34#7] RoyaL - Ncaa.: said "/e rabbit"
[12:20:35 PM] [QNG34#7] RoyaL - Ncaa.: said "/e rabbit"
[12:20:36 PM] [QNG34#7] RoyaL - Ncaa.: said "/e rabbit"
[12:20:36 PM] [QNG34#7] RoyaL - Ncaa.: said "/e rabbit"
[12:20:36 PM] [QNG34#7] RoyaL - Ncaa.: said "/e rabbit"
[12:20:36 PM] [QNG34#7] RoyaL - Ncaa.: said "/e rabbit"
[12:20:37 PM] [QNG34#7] RoyaL - Ncaa.: said "/e rabbit"
[12:20:37 PM] [QNG34#7] RoyaL - Ncaa.: said "/e rabbit"
[12:20:38 PM] [QNG34#7] RoyaL - Ncaa.: said "/e rabbit"
[12:20:38 PM] [QNG34#7] RoyaL - Ncaa.: said "/e rabbit"
[12:20:38 PM] [QNG34#7] RoyaL - Ncaa.: said "/e rabbit"
[12:20:39 PM] [QNG34#7] RoyaL - Ncaa.: said "/e rabbit"
[12:20:39 PM] [QNG34#7] RoyaL - Ncaa.: said "/e rabbit"
[12:20:39 PM] [QNG34#7] RoyaL - Ncaa.: said "/e rabbit"
[12:20:39 PM] [QNG34#7] RoyaL - Ncaa.: said "/e rabbit"
[12:20:42 PM] [QNG34#7] RoyaL - Ncaa.: disconnected (Exiting)
[12:20:54 PM] [QNG34#12] Sloouxy: turned show player IDs on
[12:21:09 PM] [QNG34#12] Sloouxy: caused an explosion (ROGUE_CANNON)
[12:21:09 PM] [QNG34#12] Sloouxy: caused an explosion (ROGUE_CANNON)
[12:21:09 PM] [QNG34#12] Sloouxy: caused an explosion (ROGUE_CANNON)
[12:21:18 PM] [QNG34#12] Sloouxy: caused an explosion (PLANE)
[12:21:19 PM] [QNG34#12] Sloouxy: died from suicide (Explosion)
[12:21:21 PM] [QNG34#4] ROYAL- superB0yz: died from Revolver Mk2 by RoyaL-Ackaiii#MUKNET
[12:21:26 PM] [QNG34#12] Sloouxy: healed themself
[12:21:32 PM] [QNG34#11] Royal-Jordan: said "/coba zona belum"
[12:21:35 PM] [QNG34#12] Sloouxy: died from suicide
[12:21:46 PM] [QNG34#4] ROYAL- superB0yz: said "/hud"
[12:22:53 PM] [QNG34#12] Sloouxy: cleared an area with 111m radius
[12:22:57 PM] [QNG34#11] Royal-Jordan: died from Pistol .50 by GHOxPREDATOR - Narchy
[12:23:03 PM] [QNG34#13] RoyaL-Ackaiii#MUKNET: died from Fist by ROYAL- superB0yz
[12:23:04 PM] [QNG34#12] Sloouxy: teleported to player [??] unknown (x=345.046, y=-1558.720, z=29.280)
[12:23:18 PM] [QNG34#4] ROYAL- superB0yz: died from Double Action Revolver by RoyaL-Ackaiii#MUKNET
[12:24:25 PM] [QNG34#3] GHOxPREDATOR - Narchy: died from suicide
[12:24:29 PM] [QNG34#12] Sloouxy: spawned a vehicle (model: hydra)
[12:24:50 PM] [QNG34#4] ROYAL- superB0yz: died from Double Action Revolver by RoyaL-Ackaiii#MUKNET
[12:25:00 PM] [QNG34#13] RoyaL-Ackaiii#MUKNET: said "/spawnvehicle"
[12:25:03 PM] [QNG34#13] RoyaL-Ackaiii#MUKNET: said "/spawnvehicle kuruma"
[12:25:04 PM] [QNG34#11] Royal-Jordan: said "/spawn vehicle kuruma"
[12:25:07 PM] [QNG34#12] Sloouxy: caused an explosion (GRENADE)
[12:25:07 PM] [QNG34#12] Sloouxy: caused an explosion (GRENADE)
[12:25:07 PM] [QNG34#12] Sloouxy: caused an explosion (GRENADE)
[12:25:07 PM] [QNG34#12] Sloouxy: caused an explosion (GRENADE)
[12:25:08 PM] [QNG34#12] Sloouxy: caused an explosion (GRENADE)
[12:25:08 PM] [QNG34#12] Sloouxy: caused an explosion (GRENADE)
[12:25:08 PM] [QNG34#12] Sloouxy: caused an explosion (GRENADE)
[12:25:08 PM] [QNG34#12] Sloouxy: caused an explosion (GRENADE)
[12:25:08 PM] [QNG34#12] Sloouxy: caused an explosion (GRENADE)
[12:25:08 PM] [QNG34#12] Sloouxy: caused an explosion (GRENADE)
[12:25:08 PM] [QNG34#12] Sloouxy: caused an explosion (GRENADE)
[12:25:08 PM] [QNG34#12] Sloouxy: caused an explosion (GRENADE)
[12:25:08 PM] [QNG34#12] Sloouxy: caused an explosion (GRENADE)
[12:25:08 PM] [QNG34#12] Sloouxy: caused an explosion (GRENADE)
[12:25:08 PM] [QNG34#12] Sloouxy: caused an explosion (GRENADE)
[12:25:08 PM] [QNG34#12] Sloouxy: caused an explosion (GRENADE)
[12:25:08 PM] [QNG34#12] Sloouxy: caused an explosion (GRENADE)
[12:25:08 PM] [QNG34#12] Sloouxy: caused an explosion (GRENADE)
[12:25:08 PM] [QNG34#12] Sloouxy: caused an explosion (GRENADE)
[12:25:08 PM] [QNG34#12] Sloouxy: caused an explosion (GRENADE)
[12:25:08 PM] [QNG34#12] Sloouxy: caused an explosion (GRENADE)
[12:25:08 PM] [QNG34#12] Sloouxy: caused an explosion (GRENADE)
[12:25:08 PM] [QNG34#12] Sloouxy: caused an explosion (GRENADE)
[12:25:08 PM] [QNG34#12] Sloouxy: caused an explosion (GRENADE)
[12:25:08 PM] [QNG34#12] Sloouxy: caused an explosion (GRENADE)
[12:25:08 PM] [QNG34#12] Sloouxy: caused an explosion (GRENADE)
[12:25:08 PM] [QNG34#12] Sloouxy: caused an explosion (GRENADE)
[12:25:08 PM] [QNG34#12] Sloouxy: caused an explosion (GRENADE)
[12:25:09 PM] [QNG34#12] Sloouxy: caused an explosion (GRENADE)
[12:25:09 PM] [QNG34#12] Sloouxy: caused an explosion (GRENADE)
[12:25:09 PM] [QNG34#12] Sloouxy: caused an explosion (GRENADE)
[12:25:09 PM] [QNG34#12] Sloouxy: caused an explosion (GRENADE)
[12:25:09 PM] [QNG34#12] Sloouxy: caused an explosion (GRENADE)
[12:25:09 PM] [QNG34#12] Sloouxy: caused an explosion (GRENADE)
[12:25:09 PM] [QNG34#12] Sloouxy: caused an explosion (GRENADE)
[12:25:09 PM] [QNG34#12] Sloouxy: caused an explosion (GRENADE)
[12:25:09 PM] [QNG34#12] Sloouxy: caused an explosion (GRENADE)
[12:25:09 PM] [QNG34#12] Sloouxy: caused an explosion (GRENADE)
[12:25:09 PM] [QNG34#12] Sloouxy: caused an explosion (GRENADE)
[12:25:09 PM] [QNG34#12] Sloouxy: caused an explosion (GRENADE)
[12:25:09 PM] [QNG34#12] Sloouxy: caused an explosion (GRENADE)
[12:25:09 PM] [QNG34#12] Sloouxy: caused an explosion (GRENADE)
[12:25:09 PM] [QNG34#12] Sloouxy: caused an explosion (GRENADE)
[12:25:09 PM] [QNG34#12] Sloouxy: caused an explosion (GRENADE)
[12:25:09 PM] [QNG34#12] Sloouxy: caused an explosion (GRENADE)
[12:25:09 PM] [QNG34#12] Sloouxy: caused an explosion (GRENADE)
[12:25:09 PM] [QNG34#12] Sloouxy: caused an explosion (GRENADE)
[12:25:09 PM] [QNG34#12] Sloouxy: caused an explosion (GRENADE)
[12:25:09 PM] [QNG34#12] Sloouxy: caused an explosion (GRENADE)
[12:25:09 PM] [QNG34#12] Sloouxy: caused an explosion (GRENADE)
[12:25:09 PM] [QNG34#12] Sloouxy: caused an explosion (GRENADE)
[12:25:09 PM] [QNG34#12] Sloouxy: caused an explosion (GRENADE)
[12:25:09 PM] [QNG34#12] Sloouxy: caused an explosion (GRENADE)
[12:25:09 PM] [QNG34#12] Sloouxy: caused an explosion (GRENADE)
[12:25:09 PM] [QNG34#12] Sloouxy: caused an explosion (GRENADE)
[12:25:09 PM] [QNG34#12] Sloouxy: caused an explosion (GRENADE)
[12:25:10 PM] [QNG34#12] Sloouxy: caused an explosion (GRENADE)
[12:25:10 PM] [QNG34#11] Royal-Jordan: died from suicide
[12:25:10 PM] [QNG34#12] Sloouxy: caused an explosion (GRENADE)
[12:25:10 PM] [QNG34#12] Sloouxy: caused an explosion (GRENADE)
[12:25:10 PM] [QNG34#12] Sloouxy: caused an explosion (GRENADE)
[12:25:10 PM] [QNG34#12] Sloouxy: caused an explosion (GRENADE)
[12:25:10 PM] [QNG34#12] Sloouxy: caused an explosion (GRENADE)
[12:25:10 PM] [QNG34#12] Sloouxy: caused an explosion (GRENADE)
[12:25:10 PM] [QNG34#12] Sloouxy: caused an explosion (GRENADE)
[12:25:10 PM] [QNG34#12] Sloouxy: caused an explosion (GRENADE)
[12:25:10 PM] [QNG34#12] Sloouxy: caused an explosion (GRENADE)
[12:25:10 PM] [QNG34#12] Sloouxy: caused an explosion (GRENADE)
[12:25:10 PM] [QNG34#12] Sloouxy: caused an explosion (GRENADE)
[12:25:10 PM] [QNG34#12] Sloouxy: caused an explosion (GRENADE)
[12:25:10 PM] [QNG34#12] Sloouxy: caused an explosion (GRENADE)
[12:25:10 PM] [QNG34#12] Sloouxy: caused an explosion (GRENADE)
[12:25:10 PM] [QNG34#12] Sloouxy: caused an explosion (GRENADE)
[12:25:10 PM] [QNG34#12] Sloouxy: caused an explosion (GRENADE)
[12:25:10 PM] [QNG34#12] Sloouxy: caused an explosion (GRENADE)
[12:25:10 PM] [QNG34#12] Sloouxy: caused an explosion (GRENADE)
[12:25:10 PM] [QNG34#12] Sloouxy: caused an explosion (GRENADE)
[12:25:10 PM] [QNG34#12] Sloouxy: caused an explosion (GRENADE)
[12:25:11 PM] [QNG34#11] Royal-Jordan: said "/spawn vehicle kurma"
[12:25:26 PM] [QNG34#12] Sloouxy: caused an explosion (GRENADE)
[12:25:26 PM] [QNG34#12] Sloouxy: caused an explosion (GRENADE)
[12:25:26 PM] [QNG34#12] Sloouxy: caused an explosion (GRENADE)
[12:25:26 PM] [QNG34#12] Sloouxy: caused an explosion (GRENADE)
[12:25:26 PM] [QNG34#12] Sloouxy: caused an explosion (GRENADE)
[12:25:26 PM] [QNG34#12] Sloouxy: caused an explosion (GRENADE)
[12:25:26 PM] [QNG34#12] Sloouxy: caused an explosion (GRENADE)
[12:25:26 PM] [QNG34#12] Sloouxy: caused an explosion (GRENADE)
[12:25:26 PM] [QNG34#12] Sloouxy: caused an explosion (GRENADE)
[12:25:26 PM] [QNG34#12] Sloouxy: caused an explosion (GRENADE)
[12:25:26 PM] [QNG34#12] Sloouxy: caused an explosion (GRENADE)
[12:25:26 PM] [QNG34#12] Sloouxy: caused an explosion (GRENADE)
[12:25:26 PM] [QNG34#12] Sloouxy: caused an explosion (GRENADE)
[12:25:26 PM] [QNG34#12] Sloouxy: caused an explosion (GRENADE)
[12:25:26 PM] [QNG34#12] Sloouxy: caused an explosion (GRENADE)
[12:25:26 PM] [QNG34#12] Sloouxy: caused an explosion (GRENADE)
[12:25:26 PM] [QNG34#12] Sloouxy: caused an explosion (GRENADE)
[12:25:26 PM] [QNG34#12] Sloouxy: caused an explosion (GRENADE)
[12:25:28 PM] [QNG34#12] Sloouxy: caused an explosion (GRENADE)
[12:25:28 PM] [QNG34#12] Sloouxy: caused an explosion (GRENADE)
[12:25:28 PM] [QNG34#12] Sloouxy: caused an explosion (GRENADE)
[12:25:28 PM] [QNG34#12] Sloouxy: caused an explosion (GRENADE)
[12:25:28 PM] [QNG34#12] Sloouxy: caused an explosion (GRENADE)
[12:25:28 PM] [QNG34#12] Sloouxy: caused an explosion (GRENADE)
[12:25:28 PM] [QNG34#12] Sloouxy: caused an explosion (GRENADE)
[12:25:28 PM] [QNG34#12] Sloouxy: caused an explosion (GRENADE)
[12:25:28 PM] [QNG34#12] Sloouxy: caused an explosion (GRENADE)
[12:25:28 PM] [QNG34#12] Sloouxy: caused an explosion (GRENADE)
[12:25:28 PM] [QNG34#12] Sloouxy: caused an explosion (GRENADE)
[12:25:28 PM] [QNG34#12] Sloouxy: caused an explosion (GRENADE)
[12:25:28 PM] [QNG34#12] Sloouxy: caused an explosion (GRENADE)
[12:25:28 PM] [QNG34#12] Sloouxy: caused an explosion (GRENADE)
[12:25:28 PM] [QNG34#12] Sloouxy: caused an explosion (GRENADE)
[12:25:30 PM] [QNG34#4] ROYAL- superB0yz: said "/e prone"
[12:25:33 PM] [QNG34#12] Sloouxy: caused an explosion (GRENADE)
[12:25:34 PM] [QNG34#12] Sloouxy: caused an explosion (GRENADE)
[12:25:34 PM] [QNG34#12] Sloouxy: caused an explosion (GRENADE)
[12:25:34 PM] [QNG34#12] Sloouxy: caused an explosion (GRENADE)
[12:25:34 PM] [QNG34#12] Sloouxy: caused an explosion (GRENADE)
[12:25:34 PM] [QNG34#12] Sloouxy: caused an explosion (GRENADE)
[12:25:34 PM] [QNG34#12] Sloouxy: caused an explosion (GRENADE)
[12:25:34 PM] [QNG34#12] Sloouxy: caused an explosion (GRENADE)
[12:25:34 PM] [QNG34#12] Sloouxy: caused an explosion (GRENADE)
[12:25:34 PM] [QNG34#12] Sloouxy: caused an explosion (GRENADE)
[12:25:34 PM] [QNG34#12] Sloouxy: caused an explosion (GRENADE)
[12:25:34 PM] [QNG34#12] Sloouxy: caused an explosion (GRENADE)
[12:25:34 PM] [QNG34#12] Sloouxy: caused an explosion (GRENADE)
[12:25:34 PM] [QNG34#12] Sloouxy: caused an explosion (GRENADE)
[12:25:34 PM] [QNG34#12] Sloouxy: caused an explosion (GRENADE)
[12:25:34 PM] [QNG34#12] Sloouxy: caused an explosion (GRENADE)
[12:25:34 PM] [QNG34#12] Sloouxy: caused an explosion (GRENADE)
[12:25:34 PM] [QNG34#12] Sloouxy: caused an explosion (GRENADE)
[12:25:34 PM] [QNG34#12] Sloouxy: caused an explosion (GRENADE)
[12:25:34 PM] [QNG34#12] Sloouxy: caused an explosion (GRENADE)
[12:25:35 PM] [QNG34#12] Sloouxy: caused an explosion (GRENADE)
[12:25:35 PM] [QNG34#12] Sloouxy: caused an explosion (GRENADE)
[12:25:54 PM] [QNG34#12] Sloouxy: caused an explosion (GRENADE)
[12:25:55 PM] [QNG34#12] Sloouxy: caused an explosion (GRENADE)
[12:25:55 PM] [QNG34#12] Sloouxy: caused an explosion (GRENADE)
[12:25:55 PM] [QNG34#12] Sloouxy: caused an explosion (GRENADE)
[12:25:55 PM] [QNG34#12] Sloouxy: caused an explosion (GRENADE)
[12:25:55 PM] [QNG34#12] Sloouxy: caused an explosion (GRENADE)
[12:25:55 PM] [QNG34#12] Sloouxy: caused an explosion (GRENADE)
[12:25:55 PM] [QNG34#12] Sloouxy: caused an explosion (GRENADE)
[12:25:55 PM] [QNG34#12] Sloouxy: caused an explosion (GRENADE)
[12:25:55 PM] [QNG34#12] Sloouxy: caused an explosion (GRENADE)
[12:25:55 PM] [QNG34#12] Sloouxy: caused an explosion (GRENADE)
[12:25:55 PM] [QNG34#12] Sloouxy: caused an explosion (GRENADE)
[12:25:55 PM] [QNG34#12] Sloouxy: caused an explosion (GRENADE)
[12:25:55 PM] [QNG34#12] Sloouxy: caused an explosion (GRENADE)
[12:25:55 PM] [QNG34#12] Sloouxy: caused an explosion (GRENADE)
[12:25:55 PM] [QNG34#12] Sloouxy: caused an explosion (GRENADE)
[12:25:55 PM] [QNG34#12] Sloouxy: caused an explosion (GRENADE)
[12:25:56 PM] [QNG34#12] Sloouxy: caused an explosion (GRENADE)
[12:25:56 PM] [QNG34#12] Sloouxy: caused an explosion (GRENADE)
[12:25:56 PM] [QNG34#12] Sloouxy: caused an explosion (GRENADE)
[12:25:56 PM] [QNG34#12] Sloouxy: caused an explosion (GRENADE)
[12:25:56 PM] [QNG34#12] Sloouxy: caused an explosion (GRENADE)
[12:25:56 PM] [QNG34#12] Sloouxy: caused an explosion (GRENADE)
[12:25:56 PM] [QNG34#12] Sloouxy: caused an explosion (GRENADE)
[12:25:56 PM] [QNG34#12] Sloouxy: caused an explosion (GRENADE)
[12:25:56 PM] [QNG34#12] Sloouxy: caused an explosion (GRENADE)
[12:25:56 PM] [QNG34#12] Sloouxy: caused an explosion (GRENADE)
[12:25:56 PM] [QNG34#12] Sloouxy: caused an explosion (GRENADE)
[12:25:56 PM] [QNG34#12] Sloouxy: caused an explosion (GRENADE)
[12:25:56 PM] [QNG34#12] Sloouxy: caused an explosion (GRENADE)
[12:25:56 PM] [QNG34#12] Sloouxy: caused an explosion (GRENADE)
[12:25:56 PM] [QNG34#12] Sloouxy: caused an explosion (GRENADE)
[12:25:56 PM] [QNG34#12] Sloouxy: caused an explosion (GRENADE)
[12:25:56 PM] [QNG34#12] Sloouxy: caused an explosion (GRENADE)
[12:25:56 PM] [QNG34#12] Sloouxy: caused an explosion (GRENADE)
[12:25:56 PM] [QNG34#12] Sloouxy: caused an explosion (GRENADE)
[12:25:56 PM] [QNG34#12] Sloouxy: caused an explosion (GRENADE)
[12:25:56 PM] [QNG34#12] Sloouxy: caused an explosion (GRENADE)
[12:25:56 PM] [QNG34#12] Sloouxy: caused an explosion (GRENADE)
[12:25:56 PM] [QNG34#12] Sloouxy: caused an explosion (GRENADE)
[12:25:56 PM] [QNG34#12] Sloouxy: caused an explosion (GRENADE)
[12:25:56 PM] [QNG34#12] Sloouxy: caused an explosion (GRENADE)
[12:25:56 PM] [QNG34#12] Sloouxy: caused an explosion (GRENADE)
[12:25:56 PM] [QNG34#12] Sloouxy: caused an explosion (GRENADE)
[12:25:56 PM] [QNG34#12] Sloouxy: caused an explosion (GRENADE)
[12:25:56 PM] [QNG34#12] Sloouxy: caused an explosion (GRENADE)
[12:25:56 PM] [QNG34#12] Sloouxy: caused an explosion (GRENADE)
[12:25:57 PM] [QNG34#12] Sloouxy: caused an explosion (GRENADE)
[12:25:57 PM] [QNG34#12] Sloouxy: caused an explosion (GRENADE)
[12:25:57 PM] [QNG34#12] Sloouxy: caused an explosion (GRENADE)
[12:25:57 PM] [QNG34#12] Sloouxy: caused an explosion (GRENADE)
[12:26:05 PM] [QNG34#12] Sloouxy: caused an explosion (GRENADE)
[12:26:05 PM] [QNG34#12] Sloouxy: caused an explosion (GRENADE)
[12:26:06 PM] [QNG34#12] Sloouxy: caused an explosion (GRENADE)
[12:26:06 PM] [QNG34#12] Sloouxy: caused an explosion (GRENADE)
[12:26:06 PM] [QNG34#12] Sloouxy: caused an explosion (GRENADE)
[12:26:06 PM] [QNG34#12] Sloouxy: caused an explosion (GRENADE)
[12:26:06 PM] [QNG34#12] Sloouxy: caused an explosion (GRENADE)
[12:26:06 PM] [QNG34#12] Sloouxy: caused an explosion (GRENADE)
[12:26:06 PM] [QNG34#12] Sloouxy: caused an explosion (GRENADE)
[12:26:06 PM] [QNG34#12] Sloouxy: caused an explosion (GRENADE)
[12:26:06 PM] [QNG34#12] Sloouxy: caused an explosion (GRENADE)
[12:26:06 PM] [QNG34#12] Sloouxy: caused an explosion (GRENADE)
[12:26:06 PM] [QNG34#12] Sloouxy: caused an explosion (GRENADE)
[12:26:06 PM] [QNG34#12] Sloouxy: caused an explosion (GRENADE)
[12:26:06 PM] [QNG34#12] Sloouxy: caused an explosion (GRENADE)
[12:26:06 PM] [QNG34#12] Sloouxy: caused an explosion (GRENADE)
[12:26:06 PM] [QNG34#12] Sloouxy: caused an explosion (GRENADE)
[12:26:06 PM] [QNG34#12] Sloouxy: caused an explosion (GRENADE)
[12:26:06 PM] [QNG34#12] Sloouxy: caused an explosion (GRENADE)
[12:26:06 PM] [QNG34#12] Sloouxy: caused an explosion (GRENADE)
[12:26:06 PM] [QNG34#12] Sloouxy: caused an explosion (GRENADE)
[12:27:34 PM] [QNG34#12] Sloouxy: caused an explosion (GRENADE)
[12:27:34 PM] [QNG34#12] Sloouxy: caused an explosion (GRENADE)
[12:27:34 PM] [QNG34#12] Sloouxy: caused an explosion (GRENADE)
[12:27:34 PM] [QNG34#12] Sloouxy: caused an explosion (GRENADE)
[12:28:57 PM] [QNG34#12] Sloouxy: caused an explosion (GRENADE)
[12:28:57 PM] [QNG34#12] Sloouxy: caused an explosion (GRENADE)
[12:28:57 PM] [QNG34#12] Sloouxy: caused an explosion (GRENADE)
[12:28:57 PM] [QNG34#12] Sloouxy: caused an explosion (GRENADE)
[12:29:18 PM] [QNG34#12] Sloouxy: caused an explosion (PLANE)
[12:29:21 PM] [QNG34#12] Sloouxy: died from suicide (Falling)
[12:29:43 PM] [QNG34#12] Sloouxy: teleported to player [??] unknown (x=-2066.808, y=-444.646, z=11.672)
[12:30:25 PM] [QNG34#12] Sloouxy: spawned a vehicle (model: tailgater2)
[12:30:50 PM] [QNG34#11] Royal-Jordan: died from suicide
[12:30:54 PM] [QNG34#11] Royal-Jordan: said "/spawn vehicle bf 400"
[12:30:57 PM] [QNG34#11] Royal-Jordan: said "/BUMSLEEP"
[12:30:57 PM] [QNG34#11] Royal-Jordan: said "/bumsleep"
[12:30:57 PM] [QNG34#11] Royal-Jordan: said "/e bumsleep"
[12:32:01 PM] [QNG34#3] GHOxPREDATOR - Narchy: died from suicide (Falling)
[12:32:06 PM] [QNG34#12] Sloouxy: spawned a vehicle (model: tula)
[12:32:21 PM] [QNG34#12] Sloouxy: died from suicide
[12:32:51 PM] [QNG34#12] Sloouxy: repaired their vehicle
[12:33:11 PM] [QNG34#11] Royal-Jordan: said "/healme"
[12:33:12 PM] [QNG34#12] Sloouxy: caused an explosion (PLANE)
[12:33:12 PM] [QNG34#12] Sloouxy: caused an explosion (PLANE)
[12:33:13 PM] [QNG34#11] Royal-Jordan: died from Explosion by Sloouxy
[12:33:13 PM] [QNG34#3] GHOxPREDATOR - Narchy: died from Explosion by Sloouxy
[12:33:13 PM] [QNG34#12] Sloouxy: died from suicide (Explosion)
[12:33:15 PM] [QNG34#11] Royal-Jordan: said "/heal"
[12:33:39 PM] [QNG34#12] Sloouxy: spawned a vehicle (model: openwheel2)
[12:33:46 PM] [QNG34#4] ROYAL- superB0yz: died from suicide (Drowned)
[12:33:54 PM] [QNG34#12] Sloouxy: spawned a vehicle (model: avenger)
[12:35:02 PM] [QNG34#12] Sloouxy: spawned a vehicle (model: tula)
[12:35:11 PM] [QNG34#12] Sloouxy: died from suicide
[12:35:20 PM] [QNG34#11] Royal-Jordan: died from suicide
[12:35:22 PM] [QNG34#12] Sloouxy: enabled god mode
[12:35:57 PM] [QNG34#4] ROYAL- superB0yz: disconnected (Exiting)
[12:36:14 PM] [QNG34#13] RoyaL-Ackaiii#MUKNET: disconnected (Exiting)
[12:36:15 PM] [QNG34#11] Royal-Jordan: said "/heal me"
[12:36:15 PM] [QNG34#14] ROYAL- superB0yz: joined with identifiers [steam:11000014386afd0; license:f917eec7accdcbc6c78ac77f63fc19dc63ec8968; xbl:2535461584927721; live:844426135222472; discord:708571810765078569; license2:f917eec7accdcbc6c78ac77f63fc19dc63ec8968]
[12:36:17 PM] [QNG34#11] Royal-Jordan: said "/heal"
[12:36:48 PM] [QNG34#15] RoyaL-Ackaiii#MUKNET: joined with identifiers [steam:1100001462062ac; license:ef18433b27f5f0c3e232e10fd655bf5c7a017e91; discord:811521173753561088; license2:ef18433b27f5f0c3e232e10fd655bf5c7a017e91]
[12:38:27 PM] [QNG34#3] GHOxPREDATOR - Narchy: said "/gas\"
[12:38:42 PM] [QNG34#12] Sloouxy: caused an explosion (PLANE)
[12:38:42 PM] [QNG34#12] Sloouxy: caused an explosion (PLANE)
[12:38:42 PM] [QNG34#11] Royal-Jordan: died from Explosion by Sloouxy
[12:40:27 PM] [QNG34#15] RoyaL-Ackaiii#MUKNET: died from Revolver Mk2 by ROYAL- superB0yz
[12:40:31 PM] [QNG34#15] RoyaL-Ackaiii#MUKNET: said "/reviveme"
[12:40:35 PM] [QNG34#11] Royal-Jordan: died from Fist by GHOxPREDATOR - Narchy
[12:40:38 PM] [QNG34#14] ROYAL- superB0yz: died from Revolver Mk2 by RoyaL-Ackaiii#MUKNET
[12:40:40 PM] [QNG34#3] GHOxPREDATOR - Narchy: said "/e stumble"
[12:41:02 PM] [QNG34#11] Royal-Jordan: died from Revolver Mk2 by RoyaL-Ackaiii#MUKNET
[12:41:30 PM] [QNG34#14] ROYAL- superB0yz: died from Pistol .50 by RoyaL-Ackaiii#MUKNET
[12:41:36 PM] [QNG34#15] RoyaL-Ackaiii#MUKNET: said "/e chinup"
[12:41:36 PM] [QNG34#15] RoyaL-Ackaiii#MUKNET: said "/e guard"
[12:41:36 PM] [QNG34#15] RoyaL-Ackaiii#MUKNET: died from suicide
[12:42:12 PM] [QNG34#15] RoyaL-Ackaiii#MUKNET: died from Revolver Mk2 by ROYAL- superB0yz
[12:44:20 PM] [QNG34#15] RoyaL-Ackaiii#MUKNET: disconnected (Exiting)
[12:45:42 PM] [QNG34#11] Royal-Jordan: said "terlau lama nar ngurangnya"
[12:45:49 PM] [QNG34#3] GHOxPREDATOR - Narchy: said "record coba"
[12:45:50 PM] [QNG34#11] Royal-Jordan: said "ga ngurang malah ini "
[12:45:52 PM] [QNG34#12] Sloouxy: died from suicide
[12:45:57 PM] [QNG34#3] GHOxPREDATOR - Narchy: said "ni upi mati"
[12:46:53 PM] [QNG34#11] Royal-Jordan: said "goto 3"
[12:47:01 PM] [QNG34#11] Royal-Jordan: said "go to 3"
[12:47:02 PM] [QNG34#12] Sloouxy: died from suicide
[12:48:12 PM] [QNG34#12] Sloouxy: died from suicide
[12:49:32 PM] [QNG34#12] Sloouxy: died from suicide
[12:51:31 PM] [QNG34#14] ROYAL- superB0yz: disconnected ([txAdmin] Server restarting (requested by PaulJoych).)
[12:51:31 PM] [QNG34#12] Sloouxy: disconnected ([txAdmin] Server restarting (requested by PaulJoych).)
[12:51:31 PM] [QNG34#11] Royal-Jordan: disconnected ([txAdmin] Server restarting (requested by PaulJoych).)
[12:51:31 PM] [QNG34#3] GHOxPREDATOR - Narchy: disconnected ([txAdmin] Server restarting (requested by PaulJoych).)
[12:52:30 PM] txAdmin: Logger started
[12:53:06 PM] [NkHFf#1] ROYAL- superB0yz: joined with identifiers [steam:11000014386afd0; license:f917eec7accdcbc6c78ac77f63fc19dc63ec8968; xbl:2535461584927721; live:844426135222472; discord:708571810765078569; license2:f917eec7accdcbc6c78ac77f63fc19dc63ec8968]
[12:53:46 PM] [NkHFf#2] RoyaL-Ackaiii#MUKNET: joined with identifiers [steam:1100001462062ac; license:ef18433b27f5f0c3e232e10fd655bf5c7a017e91; discord:811521173753561088; license2:ef18433b27f5f0c3e232e10fd655bf5c7a017e91]
[1:01:00 PM] [NkHFf#2] RoyaL-Ackaiii#MUKNET: disconnected (Exiting)
[1:02:51 PM] [NkHFf#1] ROYAL- superB0yz: disconnected (Exiting)
[3:37:43 PM] [NkHFf#3] Royal-Jordan: joined with identifiers [steam:1100001487bfdfc; license:4f847ccf0b702c9c69fa55ac45c65cce9bce6df1; discord:436166467038347264; license2:33c7c3ba671d54f191dfa7b2aeb6f6471cb04291]
[3:37:48 PM] [NkHFf#3] Royal-Jordan: disconnected (Exiting)
