
================================================================
======== txAdmin Starting - 5/9/2023, 9:03:26 AM                
================================================================

================================================================
======== Log Rotated - 5/9/2023, 9:03:26 AM                     
================================================================
[9:03:35 AM] txAdmin: Logger started
[9:04:04 AM] [QYPR8#1] GHOxPREDATOR - Narchy: joined with identifiers [steam:110000113950df1; license:b92bb04cff0ae78f14e7dde6f51e5793ffa2cfcd; discord:839488708917985330; fivem:382231; license2:d8ea53d889e29a3820cfc3c6f3914dfe37d7dfdb]
[9:10:40 AM] [QYPR8#1] GHOxPREDATOR - Narchy: said "/tpm,"
[9:12:36 AM] [QYPR8#2] wasgehtabman11: joined with identifiers [steam:11000015b0c7bf4; license:287b01a96d655272ea5e2495375e17b2989da86f; discord:1086386132343848973; fivem:9903777; license2:34a07c1950332a473cab802aa584ce8f25726dce]
[9:16:53 AM] [QYPR8#1] GHOxPREDATOR - Narchy: teleported to player [??] unknown (x=-1262.546, y=-3365.854, z=13.930)
[9:18:21 AM] [QYPR8#2] wasgehtabman11: said "hi"
[9:18:25 AM] [QYPR8#1] GHOxPREDATOR - Narchy: said "spa ?"
[9:18:29 AM] [QYPR8#2] wasgehtabman11: said "how can start battleroyal"
[9:18:33 AM] [QYPR8#2] wasgehtabman11: said "from germany brother"
[9:18:38 AM] [QYPR8#1] GHOxPREDATOR - Narchy: said "owhhh"
[9:19:00 AM] [QYPR8#1] GHOxPREDATOR - Narchy: died from suicide
[9:19:09 AM] [QYPR8#1] GHOxPREDATOR - Narchy: said "	This new server hasn't been launched yet"
[9:19:38 AM] [QYPR8#1] GHOxPREDATOR - Narchy: turned show player IDs on
[9:19:49 AM] [QYPR8#2] wasgehtabman11: said "/disconnec"
[9:19:49 AM] [QYPR8#2] wasgehtabman11: disconnected (Disconnected.)
[9:20:50 AM] [QYPR8#1] GHOxPREDATOR - Narchy: died from suicide
[9:25:50 AM] [QYPR8#1] GHOxPREDATOR - Narchy: caused an explosion (PETROL_PUMP)
[9:25:50 AM] [QYPR8#1] GHOxPREDATOR - Narchy: caused an explosion (BIKE)
[9:25:50 AM] [QYPR8#1] GHOxPREDATOR - Narchy: caused an explosion (PETROL_PUMP)
[9:25:50 AM] [QYPR8#1] GHOxPREDATOR - Narchy: died from suicide (Explosion)
[9:32:48 AM] [QYPR8#1] GHOxPREDATOR - Narchy: said "/emote bumsleep"
[9:35:51 AM] [QYPR8#1] GHOxPREDATOR - Narchy: said "/t"
[9:36:29 AM] [QYPR8#1] GHOxPREDATOR - Narchy: said "/rx"

================================================================
======== txAdmin Starting - 5/9/2023, 9:45:29 AM                
================================================================
[9:45:37 AM] txAdmin: Logger started

================================================================
======== txAdmin Starting - 5/9/2023, 10:01:02 AM               
================================================================
[10:01:18 AM] txAdmin: Logger started

================================================================
======== txAdmin Starting - 5/9/2023, 10:14:49 AM               
================================================================
[10:14:58 AM] txAdmin: Logger started
[10:23:17 AM] txAdmin: Logger started

================================================================
======== txAdmin Starting - 5/9/2023, 3:39:55 PM                
================================================================
[3:40:05 PM] txAdmin: Logger started

================================================================
======== txAdmin Starting - 5/9/2023, 4:40:58 PM                
================================================================
[4:41:06 PM] txAdmin: Logger started

================================================================
======== txAdmin Starting - 5/9/2023, 5:53:34 PM                
================================================================
[5:53:44 PM] txAdmin: Logger started
[5:54:12 PM] [mx3C3#1] GHOxPREDATOR - Narchy: joined with identifiers [steam:110000113950df1; license:b92bb04cff0ae78f14e7dde6f51e5793ffa2cfcd; discord:839488708917985330; fivem:382231; license2:d8ea53d889e29a3820cfc3c6f3914dfe37d7dfdb]
[5:56:07 PM] [mx3C3#1] GHOxPREDATOR - Narchy: died from suicide (Falling)
[6:19:29 PM] [mx3C3#1] GHOxPREDATOR - Narchy: died from suicide
[6:23:33 PM] [mx3C3#1] GHOxPREDATOR - Narchy: enabled noclip
[6:23:50 PM] [mx3C3#1] GHOxPREDATOR - Narchy: became mortal (standard mode)
[6:26:20 PM] [mx3C3#1] GHOxPREDATOR - Narchy: disconnected ([txAdmin] Server restarting (requested by Narchy).)
[6:26:30 PM] txAdmin: Logger started
[6:27:06 PM] [KnN7E#1] GHOxPREDATOR - Narchy: joined with identifiers [steam:110000113950df1; license:b92bb04cff0ae78f14e7dde6f51e5793ffa2cfcd; discord:839488708917985330; fivem:382231; license2:d8ea53d889e29a3820cfc3c6f3914dfe37d7dfdb]
[6:46:14 PM] [KnN7E#1] GHOxPREDATOR - Narchy: said "/emote bumsleep"
[6:54:18 PM] [KnN7E#2] Ryl - nc4: joined with identifiers [steam:110000144e17d77; license:5cac138ec2b42163dcd45aaee90a9795b845558b; live:985154758948947; discord:980368383084224534; fivem:6547816; license2:5cac138ec2b42163dcd45aaee90a9795b845558b]
[6:55:07 PM] [KnN7E#1] GHOxPREDATOR - Narchy: enabled noclip
[6:56:16 PM] [KnN7E#2] Ryl - nc4: enabled noclip
[6:56:21 PM] [KnN7E#2] Ryl - nc4: became mortal (standard mode)
[6:56:32 PM] [KnN7E#2] Ryl - nc4: teleported to a waypoint
[6:56:37 PM] [KnN7E#3] ROYAL- SuperB0yz: joined with identifiers [steam:11000014386afd0; license:f917eec7accdcbc6c78ac77f63fc19dc63ec8968; xbl:2535461584927721; live:844426135222472; discord:708571810765078569; license2:f917eec7accdcbc6c78ac77f63fc19dc63ec8968]
[6:57:51 PM] [KnN7E#2] Ryl - nc4: disconnected (Server->client connection timed out. Last seen 57409 msec ago.)
[7:01:53 PM] [KnN7E#3] ROYAL- SuperB0yz: died from suicide
[7:01:55 PM] [KnN7E#1] GHOxPREDATOR - Narchy: said "tx\"
[7:02:02 PM] [KnN7E#3] ROYAL- SuperB0yz: said "/revive2"
[7:02:04 PM] [KnN7E#3] ROYAL- SuperB0yz: said "/revive2"
[7:02:13 PM] [KnN7E#1] GHOxPREDATOR - Narchy: summoned player [#3] ROYAL- SuperB0yz
[7:02:26 PM] [KnN7E#1] GHOxPREDATOR - Narchy: summoned player [#3] ROYAL- SuperB0yz
[7:02:32 PM] [KnN7E#1] GHOxPREDATOR - Narchy: turned show player IDs on
[7:02:38 PM] [KnN7E#3] ROYAL- SuperB0yz: died from suicide (Falling)
[7:02:43 PM] [KnN7E#1] GHOxPREDATOR - Narchy: became mortal (standard mode)
[7:02:50 PM] [KnN7E#1] GHOxPREDATOR - Narchy: teleported to player [??] unknown (x=-705.666, y=-36.672, z=37.704)
[7:03:12 PM] [KnN7E#3] ROYAL- SuperB0yz: said "/kill2"
[7:03:15 PM] [KnN7E#3] ROYAL- SuperB0yz: said "/kill3"
[7:03:16 PM] [KnN7E#1] GHOxPREDATOR - Narchy: said "/carry"
[7:03:32 PM] [KnN7E#1] GHOxPREDATOR - Narchy: said "/heal me"
[7:03:34 PM] [KnN7E#1] GHOxPREDATOR - Narchy: died from suicide
[7:04:01 PM] [KnN7E#1] GHOxPREDATOR - Narchy: enabled noclip
[7:04:19 PM] [KnN7E#1] GHOxPREDATOR - Narchy: said "/txd"
[7:04:24 PM] [KnN7E#1] GHOxPREDATOR - Narchy: became mortal (standard mode)
[7:05:08 PM] [KnN7E#3] ROYAL- SuperB0yz: teleported to a waypoint
[7:07:48 PM] [KnN7E#3] ROYAL- SuperB0yz: died from suicide
[7:08:17 PM] [KnN7E#1] GHOxPREDATOR - Narchy: said "/CarryPeople"
[7:08:19 PM] [KnN7E#1] GHOxPREDATOR - Narchy: said "/CarryPeople"
[7:08:34 PM] [KnN7E#1] GHOxPREDATOR - Narchy: said "/CarryPeople"
[7:09:36 PM] [KnN7E#3] ROYAL- SuperB0yz: disconnected ([txAdmin] Server restarting (requested by Narchy).)
[7:09:36 PM] [KnN7E#1] GHOxPREDATOR - Narchy: disconnected ([txAdmin] Server restarting (requested by Narchy).)
[7:09:45 PM] txAdmin: Logger started
[7:10:14 PM] [YpbPL#1] ROYAL- SuperB0yz: joined with identifiers [steam:11000014386afd0; license:f917eec7accdcbc6c78ac77f63fc19dc63ec8968; xbl:2535461584927721; live:844426135222472; discord:708571810765078569; license2:f917eec7accdcbc6c78ac77f63fc19dc63ec8968]
[7:12:23 PM] [YpbPL#2] GHOxPREDATOR - Narchy: joined with identifiers [steam:110000113950df1; license:b92bb04cff0ae78f14e7dde6f51e5793ffa2cfcd; discord:839488708917985330; fivem:382231; license2:d8ea53d889e29a3820cfc3c6f3914dfe37d7dfdb]
[7:16:38 PM] [YpbPL#2] GHOxPREDATOR - Narchy: said "/tpm\"
[7:17:03 PM] [YpbPL#1] ROYAL- SuperB0yz: said "/e prone"
[7:31:09 PM] [YpbPL#1] ROYAL- SuperB0yz: disconnected (Exiting)
[7:31:25 PM] [YpbPL#2] GHOxPREDATOR - Narchy: disconnected ([txAdmin] Server restarting (requested by Narchy).)
[7:31:34 PM] txAdmin: Logger started
