
================================================================
======== txAdmin Starting - 5/7/2023, 7:32:05 AM                
================================================================

================================================================
======== Log Rotated - 5/7/2023, 7:32:05 AM                     
================================================================
[7:32:14 AM] txAdmin: Logger started
[7:33:41 AM] [tgGRe#1] Royal-Jordan: joined with identifiers [steam:1100001487bfdfc; license:4f847ccf0b702c9c69fa55ac45c65cce9bce6df1; discord:436166467038347264; license2:33c7c3ba671d54f191dfa7b2aeb6f6471cb04291]
[7:45:39 AM] [tgGRe#2] Ryl - nc4: joined with identifiers [steam:110000144e17d77; license:5cac138ec2b42163dcd45aaee90a9795b845558b; live:985154758948947; discord:980368383084224534; fivem:6547816; license2:5cac138ec2b42163dcd45aaee90a9795b845558b]
[7:46:02 AM] [tgGRe#3] RoyaL-Akai: joined with identifiers [steam:110000116c43c31; license:ef18433b27f5f0c3e232e10fd655bf5c7a017e91; discord:811521173753561088; license2:ef18433b27f5f0c3e232e10fd655bf5c7a017e91]
[7:48:29 AM] [tgGRe#3] RoyaL-Akai: said "/gass2"
[7:48:58 AM] [tgGRe#1] Royal-Jordan: said "gas2"
[7:50:46 AM] [tgGRe#2] Ryl - nc4: died from Revolver Mk2 by RoyaL-Akai
[7:50:54 AM] [tgGRe#3] RoyaL-Akai: died from suicide (Falling)
[7:51:03 AM] [tgGRe#1] Royal-Jordan: healed player [#2] Ryl - nc4
[7:51:12 AM] [tgGRe#1] Royal-Jordan: healed player [#3] RoyaL-Akai
[7:51:35 AM] [tgGRe#2] Ryl - nc4: died from Revolver Mk2 by RoyaL-Akai
[7:52:43 AM] [tgGRe#2] Ryl - nc4: died from Pistol .50 by RoyaL-Akai
[7:53:23 AM] [tgGRe#3] RoyaL-Akai: died from Pistol .50 by Ryl - nc4
[7:55:11 AM] [tgGRe#2] Ryl - nc4: died from Pistol .50 by RoyaL-Akai
[7:57:06 AM] [tgGRe#3] RoyaL-Akai: died from Double Action Revolver by Ryl - nc4
[7:57:34 AM] [tgGRe#1] Royal-Jordan: spawned a vehicle (model: kuruma)
[7:57:43 AM] [tgGRe#1] Royal-Jordan: spawned a vehicle (model: kuruma)
[7:58:42 AM] [tgGRe#1] Royal-Jordan: died from Pistol .50 by RoyaL-Akai
[7:59:34 AM] [tgGRe#2] Ryl - nc4: died from Double Action Revolver by RoyaL-Akai
[7:59:40 AM] [tgGRe#3] RoyaL-Akai: died from Double Action Revolver by Royal-Jordan
[8:00:12 AM] [tgGRe#3] RoyaL-Akai: died from Double Action Revolver by Royal-Jordan
[8:00:36 AM] [tgGRe#1] Royal-Jordan: died from Double Action Revolver by RoyaL-Akai
[8:00:40 AM] [tgGRe#3] RoyaL-Akai: died from Double Action Revolver by Ryl - nc4
[8:00:52 AM] [tgGRe#3] RoyaL-Akai: died from Double Action Revolver by Ryl - nc4
[8:00:58 AM] [tgGRe#1] Royal-Jordan: died from Double Action Revolver by Ryl - nc4
[8:01:18 AM] [tgGRe#3] RoyaL-Akai: died from Double Action Revolver by Ryl - nc4
[8:01:41 AM] [tgGRe#2] Ryl - nc4: died from Double Action Revolver by Royal-Jordan
[8:01:46 AM] [tgGRe#3] RoyaL-Akai: died from Double Action Revolver by Royal-Jordan
[8:02:21 AM] [tgGRe#1] Royal-Jordan: died from Double Action Revolver by Ryl - nc4
[8:02:58 AM] [tgGRe#1] Royal-Jordan: died from Double Action Revolver by Ryl - nc4
[8:02:59 AM] [tgGRe#2] Ryl - nc4: disconnected (Exiting)
[8:03:03 AM] [tgGRe#3] RoyaL-Akai: disconnected (Exiting)
[8:03:35 AM] [tgGRe#1] Royal-Jordan: disconnected (Exiting)

================================================================
======== txAdmin Starting - 5/7/2023, 11:31:25 AM               
================================================================
[11:31:34 AM] txAdmin: Logger started
[11:32:01 AM] [pj3nz#1] GHOxPREDATOR - Narchy: joined with identifiers [steam:110000113950df1; license:b92bb04cff0ae78f14e7dde6f51e5793ffa2cfcd; discord:839488708917985330; fivem:382231; license2:d8ea53d889e29a3820cfc3c6f3914dfe37d7dfdb]
[11:32:09 AM] [pj3nz#2] RoyaL-Akai: joined with identifiers [steam:1100001462062ac; license:ef18433b27f5f0c3e232e10fd655bf5c7a017e91; discord:811521173753561088; license2:ef18433b27f5f0c3e232e10fd655bf5c7a017e91]
[11:38:03 AM] [pj3nz#3] Ryl - nc4: joined with identifiers [steam:110000144e17d77; license:5cac138ec2b42163dcd45aaee90a9795b845558b; live:985154758948947; discord:980368383084224534; fivem:6547816; license2:5cac138ec2b42163dcd45aaee90a9795b845558b]
[11:38:21 AM] [pj3nz#1] GHOxPREDATOR - Narchy: became mortal (standard mode)
[11:38:25 AM] [pj3nz#2] RoyaL-Akai: enabled noclip
[11:38:25 AM] [pj3nz#2] RoyaL-Akai: became mortal (standard mode)
[11:38:26 AM] [pj3nz#2] RoyaL-Akai: enabled noclip
[11:38:27 AM] [pj3nz#2] RoyaL-Akai: became mortal (standard mode)
[11:38:48 AM] [pj3nz#3] Ryl - nc4: enabled noclip
[11:38:53 AM] [pj3nz#3] Ryl - nc4: became mortal (standard mode)
[11:39:14 AM] [pj3nz#3] Ryl - nc4: enabled god mode
[11:39:18 AM] [pj3nz#2] RoyaL-Akai: died from Revolver Mk2 by Ryl - nc4
[11:39:48 AM] [pj3nz#2] RoyaL-Akai: turned show player IDs on
[11:39:56 AM] [pj3nz#2] RoyaL-Akai: died from Revolver Mk2 by Ryl - nc4
[11:40:39 AM] [pj3nz#4] RoyaL - K4LE : joined with identifiers [steam:11000010d5b13b9; license:da42e5c11686f714ca530257dd675ac7307a1466; discord:452676758420848690; license2:d5405c3b809dff0d425a944ee53299de3584a3fa]
[11:40:52 AM] [pj3nz#3] Ryl - nc4: turned show player IDs on
[11:41:01 AM] [pj3nz#3] Ryl - nc4: said "/tx\"
[11:41:03 AM] [pj3nz#3] Ryl - nc4: said "/tx\"
[11:41:11 AM] [pj3nz#3] Ryl - nc4: spawned a vehicle (model: issi5)
[11:41:28 AM] [pj3nz#3] Ryl - nc4: deleted a vehicle
[11:41:33 AM] [pj3nz#3] Ryl - nc4: spawned a vehicle (model: buzzard)
[11:41:46 AM] [pj3nz#3] Ryl - nc4: deleted a vehicle
[11:42:05 AM] [pj3nz#3] Ryl - nc4: teleported to a waypoint
[11:42:19 AM] [pj3nz#2] RoyaL-Akai: enabled noclip
[11:42:24 AM] [pj3nz#2] RoyaL-Akai: became mortal (standard mode)
[11:42:38 AM] [pj3nz#2] RoyaL-Akai: healed themself
[11:42:39 AM] [pj3nz#2] RoyaL-Akai: healed themself
[11:42:48 AM] [pj3nz#3] Ryl - nc4: healed themself
[11:42:59 AM] [pj3nz#3] Ryl - nc4: enabled noclip
[11:43:07 AM] [pj3nz#3] Ryl - nc4: became mortal (standard mode)
[11:43:08 AM] [pj3nz#3] Ryl - nc4: enabled noclip
[11:43:09 AM] [pj3nz#3] Ryl - nc4: became mortal (standard mode)
[11:43:28 AM] [pj3nz#2] RoyaL-Akai: said "/heal"
[11:43:33 AM] [pj3nz#2] RoyaL-Akai: healed themself
[11:43:35 AM] [pj3nz#3] Ryl - nc4: turned show player IDs off
[11:43:35 AM] [pj3nz#3] Ryl - nc4: turned show player IDs on
[11:43:37 AM] [pj3nz#3] Ryl - nc4: turned show player IDs off
[11:43:37 AM] [pj3nz#3] Ryl - nc4: turned show player IDs on
[11:43:38 AM] [pj3nz#3] Ryl - nc4: turned show player IDs off
[11:43:39 AM] [pj3nz#3] Ryl - nc4: turned show player IDs on
[11:43:43 AM] [pj3nz#3] Ryl - nc4: turned show player IDs off
[11:44:06 AM] [pj3nz#3] Ryl - nc4: said "/spawn"
[11:44:18 AM] [pj3nz#2] RoyaL-Akai: became mortal (standard mode)
[11:44:19 AM] [pj3nz#2] RoyaL-Akai: became mortal (standard mode)
[11:44:19 AM] [pj3nz#2] RoyaL-Akai: became mortal (standard mode)
[11:44:19 AM] [pj3nz#2] RoyaL-Akai: became mortal (standard mode)
[11:44:19 AM] [pj3nz#2] RoyaL-Akai: died from suicide
[11:44:21 AM] [pj3nz#2] RoyaL-Akai: became mortal (standard mode)
[11:44:56 AM] [pj3nz#3] Ryl - nc4: enabled noclip
[11:46:21 AM] [pj3nz#3] Ryl - nc4: said "/txplayer"
[11:46:40 AM] [pj3nz#1] GHOxPREDATOR - Narchy: disconnected (Exiting)
[11:46:49 AM] [pj3nz#2] RoyaL-Akai: triggered drunk effect on [#3] Ryl - nc4
[11:46:54 AM] [pj3nz#2] RoyaL-Akai: set [#3] Ryl - nc4 on fire
[11:46:56 AM] [pj3nz#2] RoyaL-Akai: teleported to player [??] unknown (x=320.518, y=-344.940, z=63.586)
[11:47:09 AM] [pj3nz#3] Ryl - nc4: teleported to player [??] unknown (x=327.402, y=-348.830, z=46.180)
[11:47:13 AM] [pj3nz#2] RoyaL-Akai: summoned player [#4] RoyaL - K4LE 
[11:47:17 AM] [pj3nz#3] Ryl - nc4: became mortal (standard mode)
[11:47:27 AM] [pj3nz#4] RoyaL - K4LE : died from Pistol .50 by Ryl - nc4
[11:47:28 AM] [pj3nz#2] RoyaL-Akai: triggered wild attack on [#4] RoyaL - K4LE 
[11:47:52 AM] [pj3nz#2] RoyaL-Akai: said "/heal me"
[11:47:55 AM] [pj3nz#2] RoyaL-Akai: healed themself
[11:47:57 AM] [pj3nz#2] RoyaL-Akai: healed all players!
[11:48:33 AM] [pj3nz#2] RoyaL-Akai: summoned player [#4] RoyaL - K4LE 
[11:48:50 AM] [pj3nz#3] Ryl - nc4: died from Revolver Mk2 by RoyaL-Akai
[11:49:04 AM] [pj3nz#2] RoyaL-Akai: healed themself
[11:49:05 AM] [pj3nz#3] Ryl - nc4: healed player [#3] Ryl - nc4
[11:49:18 AM] [pj3nz#3] Ryl - nc4: died from Revolver Mk2 by RoyaL-Akai
[11:49:25 AM] [pj3nz#3] Ryl - nc4: said "/revive3"
[11:49:31 AM] [pj3nz#2] RoyaL-Akai: died from Revolver Mk2 by Ryl - nc4
[11:49:34 AM] [pj3nz#3] Ryl - nc4: said "/revive2"
[11:49:55 AM] [pj3nz#2] RoyaL-Akai: died from suicide (Falling)
[11:50:25 AM] [pj3nz#3] Ryl - nc4: toggled freeze on player [#2] RoyaL-Akai
[11:50:28 AM] [pj3nz#3] Ryl - nc4: enabled noclip
[11:50:29 AM] [pj3nz#3] Ryl - nc4: became mortal (standard mode)
[11:50:39 AM] [pj3nz#3] Ryl - nc4: toggled freeze on player [#2] RoyaL-Akai
[11:51:12 AM] [pj3nz#4] RoyaL - K4LE : disconnected (Exiting)
[11:51:33 AM] [pj3nz#3] Ryl - nc4: made a server-wide announcement: TEST
[11:51:43 AM] [pj3nz#3] Ryl - nc4: died from Revolver Mk2 by RoyaL-Akai
[11:51:49 AM] [pj3nz#3] Ryl - nc4: made a server-wide announcement: 10 menit lagi baru mulai yak
[11:52:04 AM] [pj3nz#2] RoyaL-Akai: healed themself
[11:52:33 AM] [pj3nz#2] RoyaL-Akai: died from Revolver Mk2 by Ryl - nc4
[11:52:35 AM] [pj3nz#3] Ryl - nc4: disconnected (Exiting)
[11:52:37 AM] [pj3nz#2] RoyaL-Akai: healed themself
[11:52:46 AM] [pj3nz#2] RoyaL-Akai: disconnected (Exiting)
