
================================================================
======== txAdmin Starting - 4/15/2023, 5:46:33 PM               
================================================================
[5:48:51 PM] txAdmin: Logger started
[5:50:25 PM] txAdmin: Logger started
[5:51:33 PM] txAdmin: Logger started
[5:54:16 PM] txAdmin: Logger started
[5:55:05 PM] txAdmin: Logger started
[5:57:05 PM] [cG3n4#1] Royal-Jordan: joined with identifiers [steam:1100001487bfdfc; license:4f847ccf0b702c9c69fa55ac45c65cce9bce6df1; discord:436166467038347264; license2:33c7c3ba671d54f191dfa7b2aeb6f6471cb04291]
[5:58:36 PM] [cG3n4#1] Royal-Jordan: said "/jump"
[6:04:10 PM] [cG3n4#2] ING- superB0yz: joined with identifiers [steam:11000014386afd0; license:f917eec7accdcbc6c78ac77f63fc19dc63ec8968; xbl:2535461584927721; live:844426135222472; discord:708571810765078569; license2:f917eec7accdcbc6c78ac77f63fc19dc63ec8968]
[6:07:10 PM] [cG3n4#2] ING- superB0yz: died from Double Action Revolver by Royal-Jordan
[6:08:05 PM] [cG3n4#1] Royal-Jordan: died from Pistol .50 by ING- superB0yz
[6:09:26 PM] [cG3n4#1] Royal-Jordan: caused an explosion (GRENADE)
[6:09:28 PM] [cG3n4#1] Royal-Jordan: caused an explosion (GRENADE)
[6:09:28 PM] [cG3n4#1] Royal-Jordan: died from suicide
[6:09:28 PM] [cG3n4#2] ING- superB0yz: died from Molotov by Royal-Jordan
[6:13:46 PM] [cG3n4#2] ING- superB0yz: caused an explosion (GRENADE)
[6:13:55 PM] [cG3n4#2] ING- superB0yz: caused an explosion (GRENADE)
[6:13:56 PM] [cG3n4#1] Royal-Jordan: died from suicide
[6:14:42 PM] txAdmin: ((Broadcast) PaulJoych): said "Test 1 2 3 4"
[6:16:36 PM] [cG3n4#2] ING- superB0yz: disconnected ([txAdmin] Server restarting (requested by PaulJoych).)
[6:16:36 PM] [cG3n4#1] Royal-Jordan: disconnected ([txAdmin] Server restarting (requested by PaulJoych).)
[6:16:46 PM] txAdmin: Logger started
[6:27:49 PM] [Y96Qq#1] Royal-Jordan: joined with identifiers [steam:1100001487bfdfc; license:4f847ccf0b702c9c69fa55ac45c65cce9bce6df1; discord:436166467038347264; license2:33c7c3ba671d54f191dfa7b2aeb6f6471cb04291]
[6:29:28 PM] [Y96Qq#2] ING- superB0yz: joined with identifiers [steam:11000014386afd0; license:f917eec7accdcbc6c78ac77f63fc19dc63ec8968; xbl:2535461584927721; live:844426135222472; discord:708571810765078569; license2:f917eec7accdcbc6c78ac77f63fc19dc63ec8968]
[6:34:58 PM] [Y96Qq#3] RoyaL-Ackaiii#MUKNET: joined with identifiers [steam:1100001462062ac; license:ef18433b27f5f0c3e232e10fd655bf5c7a017e91; discord:811521173753561088; license2:ef18433b27f5f0c3e232e10fd655bf5c7a017e91]
[6:36:57 PM] [Y96Qq#4] ROYAL - Rex🎌#MUKNET: joined with identifiers [steam:110000114d6e001; license:5204472363ae730804c40d7396d8f34c8c6819c6; discord:321882047687950339; fivem:1427353; license2:5af33559cfe30c5a5bf27aea36391a027eca7ddf]
[6:37:53 PM] [Y96Qq#3] RoyaL-Ackaiii#MUKNET: said "/e chinup"
[6:37:53 PM] [Y96Qq#3] RoyaL-Ackaiii#MUKNET: said "/e guard"
[6:40:09 PM] [Y96Qq#3] RoyaL-Ackaiii#MUKNET: said "/e chinup"
[6:40:09 PM] [Y96Qq#3] RoyaL-Ackaiii#MUKNET: said "/e guard"
[6:40:09 PM] [Y96Qq#3] RoyaL-Ackaiii#MUKNET: said "/e chinup"
[6:40:09 PM] [Y96Qq#3] RoyaL-Ackaiii#MUKNET: said "/e guard"
[6:40:10 PM] [Y96Qq#3] RoyaL-Ackaiii#MUKNET: said "/e chinup"
[6:40:10 PM] [Y96Qq#3] RoyaL-Ackaiii#MUKNET: said "/e guard"
[6:41:05 PM] [Y96Qq#1] Royal-Jordan: said "/GASSIN"
[6:41:12 PM] [Y96Qq#2] ING- superB0yz: said "/qui"
[6:41:13 PM] [Y96Qq#2] ING- superB0yz: disconnected (Exiting)
[6:41:16 PM] [Y96Qq#1] Royal-Jordan: said "/GASIN"
[6:41:27 PM] [Y96Qq#5] ING- superB0yz: joined with identifiers [steam:11000014386afd0; license:f917eec7accdcbc6c78ac77f63fc19dc63ec8968; xbl:2535461584927721; live:844426135222472; discord:708571810765078569; license2:f917eec7accdcbc6c78ac77f63fc19dc63ec8968]
[6:42:29 PM] [Y96Qq#3] RoyaL-Ackaiii#MUKNET: said "/e sleep7"
[6:43:03 PM] [Y96Qq#3] RoyaL-Ackaiii#MUKNET: caused an explosion (GRENADE)
[6:45:05 PM] [Y96Qq#1] Royal-Jordan: said "/GOTO2"
[6:45:10 PM] [Y96Qq#1] Royal-Jordan: said "/GO TO2"
[6:46:13 PM] txAdmin: ((Broadcast) PaulJoych): said "Restart bentar yak"
[6:46:21 PM] [Y96Qq#5] ING- superB0yz: disconnected ([txAdmin] Server restarting (requested by PaulJoych).)
[6:46:21 PM] [Y96Qq#4] ROYAL - Rex🎌#MUKNET: disconnected ([txAdmin] Server restarting (requested by PaulJoych).)
[6:46:21 PM] [Y96Qq#3] RoyaL-Ackaiii#MUKNET: disconnected ([txAdmin] Server restarting (requested by PaulJoych).)
[6:46:21 PM] [Y96Qq#1] Royal-Jordan: disconnected ([txAdmin] Server restarting (requested by PaulJoych).)
[6:46:30 PM] txAdmin: Logger started
[6:47:54 PM] [ae4mx#1] ING- superB0yz: joined with identifiers [steam:11000014386afd0; license:f917eec7accdcbc6c78ac77f63fc19dc63ec8968; xbl:2535461584927721; live:844426135222472; discord:708571810765078569; license2:f917eec7accdcbc6c78ac77f63fc19dc63ec8968]
[6:48:28 PM] [ae4mx#2] Royal-Jordan: joined with identifiers [steam:1100001487bfdfc; license:4f847ccf0b702c9c69fa55ac45c65cce9bce6df1; discord:436166467038347264; license2:33c7c3ba671d54f191dfa7b2aeb6f6471cb04291]
[6:48:31 PM] [ae4mx#3] RoyaL-Ackaiii#MUKNET: joined with identifiers [steam:1100001462062ac; license:ef18433b27f5f0c3e232e10fd655bf5c7a017e91; discord:811521173753561088; license2:ef18433b27f5f0c3e232e10fd655bf5c7a017e91]
[6:50:27 PM] [ae4mx#2] Royal-Jordan: said "/GASIN"
[6:51:47 PM] [ae4mx#4] ROYAL - Rex🎌#MUKNET: joined with identifiers [steam:110000114d6e001; license:5204472363ae730804c40d7396d8f34c8c6819c6; discord:321882047687950339; fivem:1427353; license2:5af33559cfe30c5a5bf27aea36391a027eca7ddf]
[6:52:18 PM] [ae4mx#4] ROYAL - Rex🎌#MUKNET: said "/ooc bang terbang"
[6:52:21 PM] [ae4mx#4] ROYAL - Rex🎌#MUKNET: said "terbang"
[6:52:31 PM] [ae4mx#3] RoyaL-Ackaiii#MUKNET: died from suicide (Falling)
[6:52:58 PM] [ae4mx#2] Royal-Jordan: said "/BUMSLEEP"
[6:52:58 PM] [ae4mx#2] Royal-Jordan: said "/bumsleep"
[6:52:58 PM] [ae4mx#2] Royal-Jordan: said "/e bumsleep"
[6:53:11 PM] [ae4mx#3] RoyaL-Ackaiii#MUKNET: died from Pistol .50 by ROYAL - Rex🎌#MUKNET
[6:53:22 PM] [ae4mx#1] ING- superB0yz: died from Pistol .50 by ROYAL - Rex🎌#MUKNET
[6:53:51 PM] [ae4mx#4] ROYAL - Rex🎌#MUKNET: died from Pistol .50 by RoyaL-Ackaiii#MUKNET
[6:55:22 PM] [ae4mx#2] Royal-Jordan: said "/ADMIN"
[6:55:25 PM] [ae4mx#1] ING- superB0yz: died from Pistol .50 by RoyaL-Ackaiii#MUKNET
[6:55:43 PM] [ae4mx#3] RoyaL-Ackaiii#MUKNET: died from Pistol .50 by ING- superB0yz
[6:58:01 PM] [ae4mx#3] RoyaL-Ackaiii#MUKNET: caused an explosion (GRENADE)
[6:58:16 PM] [ae4mx#5] Sloouxy: joined with identifiers [steam:110000141340320; license:dab32d75f5e834f98a613368a6fa204cbd6aaaf0; live:1055519719247392; discord:400493129167536141; fivem:1226528; license2:dab32d75f5e834f98a613368a6fa204cbd6aaaf0]
[6:59:02 PM] [ae4mx#4] ROYAL - Rex🎌#MUKNET: died from Revolver Mk2 by RoyaL-Ackaiii#MUKNET
[6:59:53 PM] [ae4mx#3] RoyaL-Ackaiii#MUKNET: died from Revolver Mk2 by ROYAL - Rex🎌#MUKNET
[7:00:22 PM] [ae4mx#4] ROYAL - Rex🎌#MUKNET: died from Revolver Mk2 by RoyaL-Ackaiii#MUKNET
[7:01:19 PM] [ae4mx#3] RoyaL-Ackaiii#MUKNET: died from Revolver Mk2 by ROYAL - Rex🎌#MUKNET
[7:01:50 PM] [ae4mx#4] ROYAL - Rex🎌#MUKNET: died from Revolver Mk2 by ING- superB0yz
[7:02:29 PM] [ae4mx#4] ROYAL - Rex🎌#MUKNET: died from Revolver Mk2 by ING- superB0yz
[7:02:42 PM] [ae4mx#1] ING- superB0yz: died from Revolver Mk2 by RoyaL-Ackaiii#MUKNET
[7:04:00 PM] [ae4mx#3] RoyaL-Ackaiii#MUKNET: died from Revolver Mk2 by ROYAL - Rex🎌#MUKNET
[7:05:10 PM] [ae4mx#3] RoyaL-Ackaiii#MUKNET: died from Molotov by ING- superB0yz
[7:05:32 PM] [ae4mx#4] ROYAL - Rex🎌#MUKNET: died from Double Action Revolver by ING- superB0yz
[7:06:08 PM] [ae4mx#4] ROYAL - Rex🎌#MUKNET: died from Double Action Revolver by ING- superB0yz
[7:06:44 PM] [ae4mx#4] ROYAL - Rex🎌#MUKNET: caused an explosion (GRENADE)
[7:06:44 PM] [ae4mx#1] ING- superB0yz: died from Grenade by ROYAL - Rex🎌#MUKNET
[7:08:13 PM] [ae4mx#4] ROYAL - Rex🎌#MUKNET: died from Revolver Mk2 by ING- superB0yz
[7:08:14 PM] [ae4mx#1] ING- superB0yz: died from Revolver Mk2 by RoyaL-Ackaiii#MUKNET
[7:10:10 PM] [ae4mx#4] ROYAL - Rex🎌#MUKNET: died from Double Action Revolver by ING- superB0yz
[7:10:29 PM] [ae4mx#3] RoyaL-Ackaiii#MUKNET: died from Double Action Revolver by ING- superB0yz
[7:11:23 PM] [ae4mx#2] Royal-Jordan: said "/zona"
[7:11:28 PM] [ae4mx#1] ING- superB0yz: died from Pistol .50 by ROYAL - Rex🎌#MUKNET
[7:11:47 PM] [ae4mx#4] ROYAL - Rex🎌#MUKNET: died from Revolver Mk2 by RoyaL-Ackaiii#MUKNET
[7:12:14 PM] [ae4mx#3] RoyaL-Ackaiii#MUKNET: died from Double Action Revolver by ING- superB0yz
[7:14:17 PM] [ae4mx#3] RoyaL-Ackaiii#MUKNET: died from Pistol .50 by ROYAL - Rex🎌#MUKNET
[7:14:26 PM] [ae4mx#1] ING- superB0yz: died from Pistol .50 by ROYAL - Rex🎌#MUKNET
[7:15:45 PM] [ae4mx#3] RoyaL-Ackaiii#MUKNET: died from Double Action Revolver by ING- superB0yz
[7:16:29 PM] [ae4mx#1] ING- superB0yz: died from Revolver Mk2 by RoyaL-Ackaiii#MUKNET
[7:16:33 PM] [ae4mx#3] RoyaL-Ackaiii#MUKNET: died from Double Action Revolver by Royal-Jordan
[7:16:41 PM] [ae4mx#2] Royal-Jordan: died from Pistol .50 by ROYAL - Rex🎌#MUKNET
[7:17:59 PM] [ae4mx#1] ING- superB0yz: died from Double Action Revolver by Royal-Jordan
[7:18:22 PM] [ae4mx#2] Royal-Jordan: said "/BUMSLEEP"
[7:18:22 PM] [ae4mx#2] Royal-Jordan: said "/bumsleep"
[7:18:22 PM] [ae4mx#2] Royal-Jordan: said "/e bumsleep"
[7:18:23 PM] [ae4mx#2] Royal-Jordan: died from suicide (Falling)
[7:19:02 PM] [ae4mx#3] RoyaL-Ackaiii#MUKNET: said "/e chinup"
[7:19:02 PM] [ae4mx#3] RoyaL-Ackaiii#MUKNET: said "/e guard"
[7:19:24 PM] [ae4mx#1] ING- superB0yz: said "/e prone"
[7:19:24 PM] [ae4mx#1] ING- superB0yz: said "/e prone"
[7:21:09 PM] [ae4mx#4] ROYAL - Rex🎌#MUKNET: disconnected ([txAdmin] Server restarting (requested by PaulJoych).)
[7:21:09 PM] [ae4mx#3] RoyaL-Ackaiii#MUKNET: disconnected ([txAdmin] Server restarting (requested by PaulJoych).)
[7:21:09 PM] [ae4mx#2] Royal-Jordan: disconnected ([txAdmin] Server restarting (requested by PaulJoych).)
[7:21:09 PM] [ae4mx#5] Sloouxy: disconnected ([txAdmin] Server restarting (requested by PaulJoych).)
[7:21:09 PM] [ae4mx#1] ING- superB0yz: disconnected ([txAdmin] Server restarting (requested by PaulJoych).)
[7:21:20 PM] txAdmin: Logger started
[7:21:49 PM] [jjfcq#1] ROYAL - Rex🎌#MUKNET: joined with identifiers [steam:110000114d6e001; license:5204472363ae730804c40d7396d8f34c8c6819c6; discord:321882047687950339; fivem:1427353; license2:5af33559cfe30c5a5bf27aea36391a027eca7ddf]
[7:21:50 PM] [jjfcq#2] ING- superB0yz: joined with identifiers [steam:11000014386afd0; license:f917eec7accdcbc6c78ac77f63fc19dc63ec8968; xbl:2535461584927721; live:844426135222472; discord:708571810765078569; license2:f917eec7accdcbc6c78ac77f63fc19dc63ec8968]
[7:21:55 PM] [jjfcq#3] Royal-Jordan: joined with identifiers [steam:1100001487bfdfc; license:4f847ccf0b702c9c69fa55ac45c65cce9bce6df1; discord:436166467038347264; license2:33c7c3ba671d54f191dfa7b2aeb6f6471cb04291]
[7:22:06 PM] [jjfcq#4] RoyaL-Ackaiii#MUKNET: joined with identifiers [steam:1100001462062ac; license:ef18433b27f5f0c3e232e10fd655bf5c7a017e91; discord:811521173753561088; license2:ef18433b27f5f0c3e232e10fd655bf5c7a017e91]
[7:26:39 PM] [jjfcq#3] Royal-Jordan: said "/BUMSLEEP"
[7:26:39 PM] [jjfcq#3] Royal-Jordan: said "/bumsleep"
[7:26:39 PM] [jjfcq#3] Royal-Jordan: said "/e bumsleep"
[7:26:55 PM] [jjfcq#1] ROYAL - Rex🎌#MUKNET: died from Pistol .50 by RoyaL-Ackaiii#MUKNET
[7:27:09 PM] [jjfcq#3] Royal-Jordan: said "/BUMSLEEP"
[7:27:09 PM] [jjfcq#3] Royal-Jordan: said "/bumsleep"
[7:27:09 PM] [jjfcq#3] Royal-Jordan: said "/e bumsleep"
[7:27:10 PM] [jjfcq#3] Royal-Jordan: said "/BUMSLEEP"
[7:27:10 PM] [jjfcq#3] Royal-Jordan: said "/bumsleep"
[7:27:10 PM] [jjfcq#3] Royal-Jordan: said "/e bumsleep"
[7:27:14 PM] [jjfcq#2] ING- superB0yz: died from Pistol .50 by RoyaL-Ackaiii#MUKNET
[7:27:30 PM] [jjfcq#3] Royal-Jordan: said "/zonec"
[7:28:34 PM] [jjfcq#3] Royal-Jordan: said "/BUMSLEEP"
[7:28:34 PM] [jjfcq#3] Royal-Jordan: said "/bumsleep"
[7:28:34 PM] [jjfcq#3] Royal-Jordan: said "/e bumsleep"
[7:29:02 PM] [jjfcq#1] ROYAL - Rex🎌#MUKNET: died from Double Action Revolver by ING- superB0yz
[7:35:12 PM] [jjfcq#2] ING- superB0yz: caused an explosion (CAR)
[7:35:13 PM] [jjfcq#1] ROYAL - Rex🎌#MUKNET: caused an explosion (CAR)
[7:35:26 PM] [jjfcq#4] RoyaL-Ackaiii#MUKNET: said "/e chinup"
[7:35:26 PM] [jjfcq#4] RoyaL-Ackaiii#MUKNET: said "/e guard"
[7:35:45 PM] [jjfcq#4] RoyaL-Ackaiii#MUKNET: said "/e chinup"
[7:35:45 PM] [jjfcq#4] RoyaL-Ackaiii#MUKNET: said "/e guard"
[7:37:04 PM] [jjfcq#4] RoyaL-Ackaiii#MUKNET: died from Pistol .50 by ROYAL - Rex🎌#MUKNET
[7:37:17 PM] [jjfcq#1] ROYAL - Rex🎌#MUKNET: died from Double Action Revolver by ING- superB0yz
[7:38:01 PM] [jjfcq#1] ROYAL - Rex🎌#MUKNET: disconnected (Exiting)
[7:43:38 PM] [jjfcq#4] RoyaL-Ackaiii#MUKNET: died from Double Action Revolver by ING- superB0yz
[7:44:03 PM] [jjfcq#2] ING- superB0yz: died from Double Action Revolver by RoyaL-Ackaiii#MUKNET
[7:44:05 PM] txAdmin: ((Broadcast) PaulJoych): said "Restart bentar buat menu admin bisa langsung masuk"
[7:44:12 PM] [jjfcq#4] RoyaL-Ackaiii#MUKNET: disconnected ([txAdmin] Server restarting (requested by PaulJoych).)
[7:44:12 PM] [jjfcq#3] Royal-Jordan: disconnected ([txAdmin] Server restarting (requested by PaulJoych).)
[7:44:12 PM] [jjfcq#2] ING- superB0yz: disconnected ([txAdmin] Server restarting (requested by PaulJoych).)
[7:44:22 PM] txAdmin: Logger started
[7:44:59 PM] [DzhQq#1] RoyaL-Ackaiii#MUKNET: joined with identifiers [steam:1100001462062ac; license:ef18433b27f5f0c3e232e10fd655bf5c7a017e91; discord:811521173753561088; license2:ef18433b27f5f0c3e232e10fd655bf5c7a017e91]
[7:45:21 PM] [DzhQq#2] ROYAL - Rex🎌#MUKNET: joined with identifiers [steam:110000114d6e001; license:5204472363ae730804c40d7396d8f34c8c6819c6; discord:321882047687950339; fivem:1427353; license2:5af33559cfe30c5a5bf27aea36391a027eca7ddf]
[7:45:36 PM] [DzhQq#3] ING- superB0yz: joined with identifiers [steam:11000014386afd0; license:f917eec7accdcbc6c78ac77f63fc19dc63ec8968; xbl:2535461584927721; live:844426135222472; discord:708571810765078569; license2:f917eec7accdcbc6c78ac77f63fc19dc63ec8968]
[7:46:01 PM] [DzhQq#1] RoyaL-Ackaiii#MUKNET: said "/goto2"
[7:46:56 PM] [DzhQq#3] ING- superB0yz: died from suicide
[7:47:04 PM] [DzhQq#2] ROYAL - Rex🎌#MUKNET: said "/revive3"
[7:47:34 PM] [DzhQq#3] ING- superB0yz: said "/goto2"
[7:47:43 PM] [DzhQq#1] RoyaL-Ackaiii#MUKNET: said "/e chinup"
[7:47:43 PM] [DzhQq#1] RoyaL-Ackaiii#MUKNET: said "/e guard"
[7:47:58 PM] [DzhQq#2] ROYAL - Rex🎌#MUKNET: died from suicide
[7:48:03 PM] [DzhQq#3] ING- superB0yz: died from suicide
[7:49:20 PM] [DzhQq#3] ING- superB0yz: died from suicide
[7:49:22 PM] [DzhQq#2] ROYAL - Rex🎌#MUKNET: died from suicide
[7:49:50 PM] [DzhQq#2] ROYAL - Rex🎌#MUKNET: died from Pistol .50 by RoyaL-Ackaiii#MUKNET
[7:50:24 PM] [DzhQq#3] ING- superB0yz: died from suicide
[7:50:26 PM] [DzhQq#3] ING- superB0yz: said "/revive3"
[7:51:18 PM] [DzhQq#2] ROYAL - Rex🎌#MUKNET: died from Pistol .50 by RoyaL-Ackaiii#MUKNET
[7:51:25 PM] [DzhQq#3] ING- superB0yz: died from Pistol .50 by RoyaL-Ackaiii#MUKNET
[7:51:33 PM] [DzhQq#1] RoyaL-Ackaiii#MUKNET: said "/spectate2"
[7:51:45 PM] [DzhQq#1] RoyaL-Ackaiii#MUKNET: died from Pistol .50 by ROYAL - Rex🎌#MUKNET
[7:52:33 PM] [DzhQq#3] ING- superB0yz: disconnected (Exiting)
[7:52:42 PM] [DzhQq#2] ROYAL - Rex🎌#MUKNET: died from Revolver Mk2 by RoyaL-Ackaiii#MUKNET
[7:52:53 PM] [DzhQq#4] ING- superB0yz: joined with identifiers [steam:11000014386afd0; license:f917eec7accdcbc6c78ac77f63fc19dc63ec8968; xbl:2535461584927721; live:844426135222472; discord:708571810765078569; license2:f917eec7accdcbc6c78ac77f63fc19dc63ec8968]
[7:53:00 PM] [DzhQq#2] ROYAL - Rex🎌#MUKNET: died from Revolver Mk2 by RoyaL-Ackaiii#MUKNET
[7:53:03 PM] [DzhQq#1] RoyaL-Ackaiii#MUKNET: said "t"
[7:53:26 PM] [DzhQq#1] RoyaL-Ackaiii#MUKNET: said "/e chinup"
[7:53:26 PM] [DzhQq#1] RoyaL-Ackaiii#MUKNET: said "/e guard"
[7:53:58 PM] [DzhQq#4] ING- superB0yz: died from suicide (Falling)
[7:54:10 PM] [DzhQq#1] RoyaL-Ackaiii#MUKNET: said "/e chinup"
[7:54:10 PM] [DzhQq#1] RoyaL-Ackaiii#MUKNET: said "/e guard"
[7:55:44 PM] [DzhQq#1] RoyaL-Ackaiii#MUKNET: said "/e chinup"
[7:55:44 PM] [DzhQq#1] RoyaL-Ackaiii#MUKNET: said "/e guard"
[7:55:45 PM] [DzhQq#1] RoyaL-Ackaiii#MUKNET: said "/e chinup"
[7:55:45 PM] [DzhQq#1] RoyaL-Ackaiii#MUKNET: said "/e guard"
[7:56:03 PM] [DzhQq#2] ROYAL - Rex🎌#MUKNET: died from suicide (Falling)
[7:56:13 PM] [DzhQq#1] RoyaL-Ackaiii#MUKNET: died from suicide (Falling)
[7:56:22 PM] [DzhQq#2] ROYAL - Rex🎌#MUKNET: said "/setzone"
[7:57:05 PM] [DzhQq#1] RoyaL-Ackaiii#MUKNET: said "/e chinup"
[7:57:05 PM] [DzhQq#1] RoyaL-Ackaiii#MUKNET: said "/e guard"
[7:57:14 PM] [DzhQq#1] RoyaL-Ackaiii#MUKNET: said "/e chinup"
[7:57:14 PM] [DzhQq#1] RoyaL-Ackaiii#MUKNET: said "/e guard"
[7:57:14 PM] [DzhQq#2] ROYAL - Rex🎌#MUKNET: died from suicide
[7:57:16 PM] [DzhQq#1] RoyaL-Ackaiii#MUKNET: said "/e chinup"
[7:57:16 PM] [DzhQq#1] RoyaL-Ackaiii#MUKNET: said "/e guard"
[7:57:17 PM] [DzhQq#1] RoyaL-Ackaiii#MUKNET: said "/e chinup"
[7:57:17 PM] [DzhQq#1] RoyaL-Ackaiii#MUKNET: said "/e guard"
[7:57:17 PM] [DzhQq#1] RoyaL-Ackaiii#MUKNET: said "/e chinup"
[7:57:17 PM] [DzhQq#1] RoyaL-Ackaiii#MUKNET: said "/e guard"
[7:57:19 PM] [DzhQq#1] RoyaL-Ackaiii#MUKNET: said "/e chinup"
[7:57:19 PM] [DzhQq#1] RoyaL-Ackaiii#MUKNET: said "/e guard"
[7:57:23 PM] [DzhQq#1] RoyaL-Ackaiii#MUKNET: said "/e chinup"
[7:57:23 PM] [DzhQq#1] RoyaL-Ackaiii#MUKNET: said "/e guard"
[7:57:36 PM] [DzhQq#1] RoyaL-Ackaiii#MUKNET: said "/e chinup"
[7:57:36 PM] [DzhQq#1] RoyaL-Ackaiii#MUKNET: said "/e guard"
[7:57:39 PM] [DzhQq#1] RoyaL-Ackaiii#MUKNET: said "r"
[7:58:38 PM] [DzhQq#1] RoyaL-Ackaiii#MUKNET: said "/e chinup"
[7:58:38 PM] [DzhQq#1] RoyaL-Ackaiii#MUKNET: said "/e guard"
[7:58:46 PM] [DzhQq#1] RoyaL-Ackaiii#MUKNET: said "/e chinup"
[7:58:46 PM] [DzhQq#1] RoyaL-Ackaiii#MUKNET: said "/e guard"
[7:59:09 PM] [DzhQq#1] RoyaL-Ackaiii#MUKNET: said "/e chinup"
[7:59:09 PM] [DzhQq#1] RoyaL-Ackaiii#MUKNET: said "/e guard"
[7:59:36 PM] [DzhQq#1] RoyaL-Ackaiii#MUKNET: said "/e chinup"
[7:59:36 PM] [DzhQq#1] RoyaL-Ackaiii#MUKNET: said "/e guard"
[7:59:51 PM] [DzhQq#2] ROYAL - Rex🎌#MUKNET: died from suicide
[7:59:53 PM] [DzhQq#1] RoyaL-Ackaiii#MUKNET: said "/e chinup"
[7:59:53 PM] [DzhQq#1] RoyaL-Ackaiii#MUKNET: said "/e guard"
[8:00:17 PM] [DzhQq#2] ROYAL - Rex🎌#MUKNET: died from suicide
[8:00:18 PM] [DzhQq#1] RoyaL-Ackaiii#MUKNET: died from Falling by ING- superB0yz
[8:00:32 PM] [DzhQq#1] RoyaL-Ackaiii#MUKNET: died from suicide (Falling)
[8:00:38 PM] [DzhQq#4] ING- superB0yz: died from Falling by RoyaL-Ackaiii#MUKNET
[8:00:50 PM] [DzhQq#2] ROYAL - Rex🎌#MUKNET: died from Revolver Mk2 by RoyaL-Ackaiii#MUKNET
[8:00:58 PM] [DzhQq#4] ING- superB0yz: died from Revolver Mk2 by RoyaL-Ackaiii#MUKNET
[8:01:03 PM] [DzhQq#2] ROYAL - Rex🎌#MUKNET: said "/revive2"
[8:01:32 PM] [DzhQq#1] RoyaL-Ackaiii#MUKNET: said "/e chinup"
[8:01:32 PM] [DzhQq#1] RoyaL-Ackaiii#MUKNET: said "/e guard"
[8:01:33 PM] [DzhQq#1] RoyaL-Ackaiii#MUKNET: said "/e chinup"
[8:01:33 PM] [DzhQq#1] RoyaL-Ackaiii#MUKNET: said "/e guard"
[8:01:35 PM] [DzhQq#1] RoyaL-Ackaiii#MUKNET: said "/e chinup"
[8:01:35 PM] [DzhQq#1] RoyaL-Ackaiii#MUKNET: said "/e guard"
[8:01:37 PM] [DzhQq#1] RoyaL-Ackaiii#MUKNET: died from Revolver Mk2 by ROYAL - Rex🎌#MUKNET
[8:01:43 PM] [DzhQq#1] RoyaL-Ackaiii#MUKNET: died from Revolver Mk2 by ROYAL - Rex🎌#MUKNET
[8:01:48 PM] [DzhQq#1] RoyaL-Ackaiii#MUKNET: died from Revolver Mk2 by ROYAL - Rex🎌#MUKNET
[8:02:13 PM] [DzhQq#1] RoyaL-Ackaiii#MUKNET: died from Revolver Mk2 by ROYAL - Rex🎌#MUKNET
[8:02:23 PM] [DzhQq#1] RoyaL-Ackaiii#MUKNET: died from Revolver Mk2 by ROYAL - Rex🎌#MUKNET
[8:02:35 PM] [DzhQq#1] RoyaL-Ackaiii#MUKNET: died from Revolver Mk2 by ROYAL - Rex🎌#MUKNET
[8:02:35 PM] [DzhQq#2] ROYAL - Rex🎌#MUKNET: died from suicide
[8:02:43 PM] [DzhQq#2] ROYAL - Rex🎌#MUKNET: died from Revolver Mk2 by RoyaL-Ackaiii#MUKNET
[8:02:45 PM] [DzhQq#4] ING- superB0yz: died from Revolver Mk2 by RoyaL-Ackaiii#MUKNET
[8:03:00 PM] [DzhQq#2] ROYAL - Rex🎌#MUKNET: died from Revolver Mk2 by RoyaL-Ackaiii#MUKNET
[8:03:16 PM] [DzhQq#1] RoyaL-Ackaiii#MUKNET: died from Revolver Mk2 by ROYAL - Rex🎌#MUKNET
[8:03:24 PM] [DzhQq#2] ROYAL - Rex🎌#MUKNET: disconnected (Exiting)
[8:04:19 PM] [DzhQq#1] RoyaL-Ackaiii#MUKNET: died from Pistol .50 by ING- superB0yz
[8:04:52 PM] [DzhQq#1] RoyaL-Ackaiii#MUKNET: said "/e chinup"
[8:04:52 PM] [DzhQq#1] RoyaL-Ackaiii#MUKNET: said "/e guard"
[8:04:56 PM] [DzhQq#1] RoyaL-Ackaiii#MUKNET: said "/e chinup"
[8:04:56 PM] [DzhQq#1] RoyaL-Ackaiii#MUKNET: said "/e guard"
[8:05:01 PM] [DzhQq#1] RoyaL-Ackaiii#MUKNET: died from Pistol .50 by ING- superB0yz
[8:05:27 PM] [DzhQq#1] RoyaL-Ackaiii#MUKNET: died from Pistol .50 by ING- superB0yz
[8:05:44 PM] [DzhQq#1] RoyaL-Ackaiii#MUKNET: disconnected (Exiting)
[8:06:24 PM] [DzhQq#4] ING- superB0yz: said "/spwn bf400"
[8:09:13 PM] [DzhQq#5] RoyaL-Ackaiii#MUKNET: joined with identifiers [steam:1100001462062ac; license:ef18433b27f5f0c3e232e10fd655bf5c7a017e91; discord:811521173753561088; license2:ef18433b27f5f0c3e232e10fd655bf5c7a017e91]
[8:10:36 PM] [DzhQq#5] RoyaL-Ackaiii#MUKNET: said "/e chinup"
[8:10:36 PM] [DzhQq#5] RoyaL-Ackaiii#MUKNET: said "/e guard"
[8:11:05 PM] [DzhQq#4] ING- superB0yz: died from Pistol .50 by RoyaL-Ackaiii#MUKNET
[8:11:07 PM] [DzhQq#5] RoyaL-Ackaiii#MUKNET: disconnected (Exiting)
[8:12:07 PM] [DzhQq#4] ING- superB0yz: disconnected ([txAdmin] Server restarting (requested by PaulJoych).)
[10:36:47 PM] txAdmin: Logger started
[11:00:08 PM] txAdmin: Logger started
[11:01:49 PM] [QNG34#1] GHOxPREDATOR - Narchy: joined with identifiers [steam:110000113950df1; license:b92bb04cff0ae78f14e7dde6f51e5793ffa2cfcd; discord:839488708917985330; fivem:382231; license2:d8ea53d889e29a3820cfc3c6f3914dfe37d7dfdb]
[11:03:14 PM] [QNG34#1] GHOxPREDATOR - Narchy: said "/rz"
[11:08:16 PM] [QNG34#1] GHOxPREDATOR - Narchy: disconnected (Exiting)
[11:08:37 PM] [QNG34#2] GHOxPREDATOR - Narchy: joined with identifiers [steam:110000113950df1; license:b92bb04cff0ae78f14e7dde6f51e5793ffa2cfcd; discord:839488708917985330; fivem:382231; license2:d8ea53d889e29a3820cfc3c6f3914dfe37d7dfdb]
[11:10:18 PM] [QNG34#2] GHOxPREDATOR - Narchy: said "/redzone"
[11:13:10 PM] [QNG34#2] GHOxPREDATOR - Narchy: said "/tpm\"
[11:14:59 PM] [QNG34#2] GHOxPREDATOR - Narchy: said "/redzone"
[11:17:56 PM] [QNG34#2] GHOxPREDATOR - Narchy: died from suicide (Falling)
[11:27:34 PM] [QNG34#2] GHOxPREDATOR - Narchy: died from suicide
[11:29:23 PM] [QNG34#2] GHOxPREDATOR - Narchy: disconnected (Exiting)
